2023-01-19 21:02:46.687 [info] Log level: Info
2023-01-19 21:02:46.687 [info] Validating found git in: "git"
2023-01-19 21:02:46.687 [info] Using git "2.17.1" from "git"
2023-01-19 21:02:46.687 [info] > git rev-parse --show-toplevel [96ms]
2023-01-19 21:02:46.696 [info] > git rev-parse --git-dir --git-common-dir [15ms]
2023-01-19 21:02:46.696 [info] Open repository: /home/thomasxucpa
2023-01-19 21:02:46.696 [info] > git rev-parse --show-toplevel [17ms]
2023-01-19 21:02:46.696 [info] > git config --get commit.template [21ms]
2023-01-19 21:02:46.696 [info] > git rev-parse --show-toplevel [24ms]
2023-01-19 21:02:46.696 [info] > git rev-parse --show-toplevel [52ms]
2023-01-19 21:02:46.696 [info] > git for-each-ref --format=%(refname)%00%(upstream:short)%00%(objectname)%00%(upstream:track)%00%(upstream:remotename)%00%(upstream:remoteref) refs/heads/master refs/remotes/master [81ms]
2023-01-19 21:02:46.696 [info] > git for-each-ref --sort -committerdate --format %(refname) %(objectname) %(*objectname) [3ms]
2023-01-19 21:02:46.696 [info] > git rev-parse --show-toplevel [34ms]
2023-01-19 21:02:46.696 [info] > git rev-parse --show-toplevel [13ms]
2023-01-19 21:02:46.696 [info] > git rev-parse --show-toplevel [57ms]
2023-01-19 21:02:46.696 [info] > git check-ignore -v -z --stdin [344ms]
2023-01-19 21:02:46.862 [info] > git show --textconv :go/src/around/handler/user.go [208ms]
2023-01-19 21:02:46.862 [info] > git ls-files --stage -- /home/thomasxucpa/go/src/around/handler/user.go [181ms]
2023-01-19 21:02:46.909 [info] > git cat-file -s 96793d936c2b72d3026999d251f0df591679b921 [18ms]
2023-01-19 21:02:47.974 [info] > git config --local branch.master.github-pr-owner-number [41ms]
2023-01-19 21:02:49.109 [info] > git status -z -uall [3318ms]
2023-01-19 21:02:49.155 [info] > git config --get commit.template [14ms]
2023-01-19 21:02:49.160 [info] > git for-each-ref --format=%(refname)%00%(upstream:short)%00%(objectname)%00%(upstream:track)%00%(upstream:remotename)%00%(upstream:remoteref) refs/heads/master refs/remotes/master [6ms]
2023-01-19 21:02:49.206 [info] > git for-each-ref --sort -committerdate --format %(refname) %(objectname) %(*objectname) [21ms]
2023-01-19 21:02:50.686 [info] > git status -z -uall [1517ms]
2023-01-19 21:03:00.825 [info] > git config --get commit.template [19ms]
2023-01-19 21:03:00.838 [info] > git for-each-ref --format=%(refname)%00%(upstream:short)%00%(objectname)%00%(upstream:track)%00%(upstream:remotename)%00%(upstream:remoteref) refs/heads/master refs/remotes/master [23ms]
2023-01-19 21:03:00.858 [info] > git for-each-ref --sort -committerdate --format %(refname) %(objectname) %(*objectname) [3ms]
2023-01-19 21:03:02.159 [info] > git status -z -uall [1312ms]
2023-01-19 21:22:45.708 [info] > git config --get commit.template [19ms]
2023-01-19 21:22:45.711 [info] > git for-each-ref --format=%(refname)%00%(upstream:short)%00%(objectname)%00%(upstream:track)%00%(upstream:remotename)%00%(upstream:remoteref) refs/heads/master refs/remotes/master [12ms]
2023-01-19 21:22:45.729 [info] > git for-each-ref --sort -committerdate --format %(refname) %(objectname) %(*objectname) [4ms]
