2023-01-24 00:24:05.370 [info] Log level: Info
2023-01-24 00:24:05.370 [info] Validating found git in: "git"
2023-01-24 00:24:05.370 [info] Using git "2.17.1" from "git"
2023-01-24 00:24:05.370 [info] > git rev-parse --show-toplevel [180ms]
2023-01-24 00:24:05.370 [info] > git rev-parse --git-dir --git-common-dir [3ms]
2023-01-24 00:24:05.370 [info] Open repository: /home/thomasxucpa
2023-01-24 00:24:05.371 [info] > git rev-parse --show-toplevel [19ms]
2023-01-24 00:24:05.371 [info] > git rev-parse --show-toplevel [3ms]
2023-01-24 00:24:05.371 [info] > git config --get commit.template [20ms]
2023-01-24 00:24:05.371 [info] > git rev-parse --show-toplevel [4ms]
2023-01-24 00:24:05.371 [info] > git rev-parse --show-toplevel [12ms]
2023-01-24 00:24:05.371 [info] > git rev-parse --show-toplevel [6ms]
2023-01-24 00:24:05.371 [info] > git for-each-ref --format=%(refname)%00%(upstream:short)%00%(objectname)%00%(upstream:track)%00%(upstream:remotename)%00%(upstream:remoteref) refs/heads/master refs/remotes/master [33ms]
2023-01-24 00:24:05.371 [info] > git rev-parse --show-toplevel [177ms]
2023-01-24 00:24:05.371 [info] > git for-each-ref --sort -committerdate --format %(refname) %(objectname) %(*objectname) [155ms]
2023-01-24 00:24:05.828 [info] > git show --textconv :go/src/around/handler/user.go [77ms]
2023-01-24 00:24:05.828 [info] > git ls-files --stage -- /home/thomasxucpa/go/src/around/handler/user.go [64ms]
2023-01-24 00:24:06.026 [info] > git cat-file -s 96793d936c2b72d3026999d251f0df591679b921 [177ms]
2023-01-24 00:24:06.032 [info] > git check-ignore -v -z --stdin [219ms]
2023-01-24 00:24:06.373 [info] > git config --local branch.master.github-pr-owner-number [30ms]
2023-01-24 00:24:07.651 [info] > git status -z -uall [2645ms]
2023-01-24 00:24:07.716 [info] > git config --get commit.template [20ms]
2023-01-24 00:24:07.720 [info] > git for-each-ref --format=%(refname)%00%(upstream:short)%00%(objectname)%00%(upstream:track)%00%(upstream:remotename)%00%(upstream:remoteref) refs/heads/master refs/remotes/master [6ms]
2023-01-24 00:24:07.909 [info] > git for-each-ref --sort -committerdate --format %(refname) %(objectname) %(*objectname) [161ms]
2023-01-24 00:24:09.266 [info] > git check-ignore -v -z --stdin [57ms]
2023-01-24 00:24:09.297 [info] > git status -z -uall [1567ms]
2023-01-24 00:24:10.863 [info] > git config --get commit.template [22ms]
2023-01-24 00:24:10.867 [info] > git for-each-ref --format=%(refname)%00%(upstream:short)%00%(objectname)%00%(upstream:track)%00%(upstream:remotename)%00%(upstream:remoteref) refs/heads/master refs/remotes/master [11ms]
2023-01-24 00:24:10.924 [info] > git for-each-ref --sort -committerdate --format %(refname) %(objectname) %(*objectname) [3ms]
2023-01-24 00:24:14.249 [info] > git status -z -uall [3344ms]
2023-01-24 00:24:19.267 [info] > git config --get commit.template [1ms]
2023-01-24 00:24:19.277 [info] > git for-each-ref --format=%(refname)%00%(upstream:short)%00%(objectname)%00%(upstream:track)%00%(upstream:remotename)%00%(upstream:remoteref) refs/heads/master refs/remotes/master [1ms]
2023-01-24 00:24:19.301 [info] > git for-each-ref --sort -committerdate --format %(refname) %(objectname) %(*objectname) [4ms]
2023-01-24 00:24:19.963 [info] > git status -z -uall [675ms]
2023-01-24 00:24:24.980 [info] > git config --get commit.template [1ms]
2023-01-24 00:24:24.989 [info] > git for-each-ref --format=%(refname)%00%(upstream:short)%00%(objectname)%00%(upstream:track)%00%(upstream:remotename)%00%(upstream:remoteref) refs/heads/master refs/remotes/master [1ms]
2023-01-24 00:24:25.011 [info] > git for-each-ref --sort -committerdate --format %(refname) %(objectname) %(*objectname) [2ms]
2023-01-24 00:24:25.654 [info] > git status -z -uall [653ms]
2023-01-24 00:24:30.670 [info] > git config --get commit.template [1ms]
2023-01-24 00:24:30.679 [info] > git for-each-ref --format=%(refname)%00%(upstream:short)%00%(objectname)%00%(upstream:track)%00%(upstream:remotename)%00%(upstream:remoteref) refs/heads/master refs/remotes/master [1ms]
2023-01-24 00:24:30.700 [info] > git for-each-ref --sort -committerdate --format %(refname) %(objectname) %(*objectname) [3ms]
2023-01-24 00:24:31.344 [info] > git status -z -uall [656ms]
