2023-01-24 03:03:38.377 [info] Log level: Info
2023-01-24 03:03:38.377 [info] Validating found git in: "git"
2023-01-24 03:03:38.377 [info] Using git "2.17.1" from "git"
2023-01-24 03:03:38.378 [info] > git rev-parse --show-toplevel [17ms]
2023-01-24 03:03:38.378 [info] > git rev-parse --git-dir --git-common-dir [13ms]
2023-01-24 03:03:38.378 [info] Open repository: /home/thomasxucpa
2023-01-24 03:03:38.378 [info] > git config --get commit.template [86ms]
2023-01-24 03:03:38.378 [info] > git rev-parse --show-toplevel [109ms]
2023-01-24 03:03:38.378 [info] > git rev-parse --show-toplevel [12ms]
2023-01-24 03:03:38.379 [info] > git rev-parse --show-toplevel [29ms]
2023-01-24 03:03:38.379 [info] > git for-each-ref --format=%(refname)%00%(upstream:short)%00%(objectname)%00%(upstream:track)%00%(upstream:remotename)%00%(upstream:remoteref) refs/heads/master refs/remotes/master [20ms]
2023-01-24 03:03:38.379 [info] > git rev-parse --show-toplevel [62ms]
2023-01-24 03:03:38.379 [info] > git for-each-ref --sort -committerdate --format %(refname) %(objectname) %(*objectname) [20ms]
2023-01-24 03:03:38.379 [info] > git rev-parse --show-toplevel [111ms]
2023-01-24 03:03:38.379 [info] > git rev-parse --show-toplevel [53ms]
2023-01-24 03:03:38.714 [info] > git check-ignore -v -z --stdin [419ms]
2023-01-24 03:03:38.717 [info] > git show --textconv :go/src/around/handler/user.go [377ms]
2023-01-24 03:03:38.718 [info] > git ls-files --stage -- /home/thomasxucpa/go/src/around/handler/user.go [342ms]
2023-01-24 03:03:38.749 [info] > git cat-file -s 96793d936c2b72d3026999d251f0df591679b921 [18ms]
2023-01-24 03:03:39.477 [info] > git status -z -uall [2146ms]
2023-01-24 03:03:39.525 [info] > git config --get commit.template [13ms]
2023-01-24 03:03:39.569 [info] > git config --local branch.master.github-pr-owner-number [18ms]
2023-01-24 03:03:39.575 [info] > git for-each-ref --format=%(refname)%00%(upstream:short)%00%(objectname)%00%(upstream:track)%00%(upstream:remotename)%00%(upstream:remoteref) refs/heads/master refs/remotes/master [11ms]
2023-01-24 03:03:39.803 [info] > git for-each-ref --sort -committerdate --format %(refname) %(objectname) %(*objectname) [199ms]
2023-01-24 03:03:41.202 [info] > git status -z -uall [1617ms]
2023-01-24 03:03:42.973 [info] > git config --get commit.template [17ms]
2023-01-24 03:03:42.977 [info] > git for-each-ref --format=%(refname)%00%(upstream:short)%00%(objectname)%00%(upstream:track)%00%(upstream:remotename)%00%(upstream:remoteref) refs/heads/master refs/remotes/master [7ms]
2023-01-24 03:03:43.014 [info] > git for-each-ref --sort -committerdate --format %(refname) %(objectname) %(*objectname) [11ms]
2023-01-24 03:03:44.494 [info] > git status -z -uall [1508ms]
2023-01-24 03:03:49.521 [info] > git config --get commit.template [10ms]
2023-01-24 03:03:49.524 [info] > git for-each-ref --format=%(refname)%00%(upstream:short)%00%(objectname)%00%(upstream:track)%00%(upstream:remotename)%00%(upstream:remoteref) refs/heads/master refs/remotes/master [3ms]
2023-01-24 03:03:49.549 [info] > git for-each-ref --sort -committerdate --format %(refname) %(objectname) %(*objectname) [5ms]
2023-01-24 03:03:50.580 [info] > git status -z -uall [1044ms]
2023-01-24 03:03:55.597 [info] > git config --get commit.template [1ms]
2023-01-24 03:03:55.608 [info] > git for-each-ref --format=%(refname)%00%(upstream:short)%00%(objectname)%00%(upstream:track)%00%(upstream:remotename)%00%(upstream:remoteref) refs/heads/master refs/remotes/master [1ms]
2023-01-24 03:03:55.630 [info] > git for-each-ref --sort -committerdate --format %(refname) %(objectname) %(*objectname) [4ms]
2023-01-24 03:03:56.288 [info] > git status -z -uall [672ms]
2023-01-24 03:04:01.305 [info] > git config --get commit.template [2ms]
2023-01-24 03:04:01.314 [info] > git for-each-ref --format=%(refname)%00%(upstream:short)%00%(objectname)%00%(upstream:track)%00%(upstream:remotename)%00%(upstream:remoteref) refs/heads/master refs/remotes/master [2ms]
2023-01-24 03:04:01.340 [info] > git for-each-ref --sort -committerdate --format %(refname) %(objectname) %(*objectname) [4ms]
2023-01-24 03:04:01.987 [info] > git status -z -uall [659ms]
2023-01-24 03:12:26.942 [info] > git config --get commit.template [18ms]
2023-01-24 03:12:26.950 [info] > git for-each-ref --format=%(refname)%00%(upstream:short)%00%(objectname)%00%(upstream:track)%00%(upstream:remotename)%00%(upstream:remoteref) refs/heads/master refs/remotes/master [13ms]
2023-01-24 03:12:26.968 [info] > git for-each-ref --sort -committerdate --format %(refname) %(objectname) %(*objectname) [4ms]
2023-01-24 03:12:28.433 [info] > git status -z -uall [1476ms]
2023-01-24 03:12:35.136 [info] > git config --get commit.template [2ms]
2023-01-24 03:12:35.144 [info] > git for-each-ref --format=%(refname)%00%(upstream:short)%00%(objectname)%00%(upstream:track)%00%(upstream:remotename)%00%(upstream:remoteref) refs/heads/master refs/remotes/master [1ms]
2023-01-24 03:12:35.161 [info] > git for-each-ref --sort -committerdate --format %(refname) %(objectname) %(*objectname) [3ms]
2023-01-24 03:12:35.840 [info] > git status -z -uall [688ms]
2023-01-24 03:15:14.300 [info] > git config --get commit.template [1ms]
2023-01-24 03:15:14.309 [info] > git for-each-ref --format=%(refname)%00%(upstream:short)%00%(objectname)%00%(upstream:track)%00%(upstream:remotename)%00%(upstream:remoteref) refs/heads/master refs/remotes/master [1ms]
2023-01-24 03:15:14.333 [info] > git for-each-ref --sort -committerdate --format %(refname) %(objectname) %(*objectname) [4ms]
2023-01-24 03:15:14.990 [info] > git status -z -uall [669ms]
2023-01-24 03:15:20.008 [info] > git config --get commit.template [1ms]
2023-01-24 03:15:20.018 [info] > git for-each-ref --format=%(refname)%00%(upstream:short)%00%(objectname)%00%(upstream:track)%00%(upstream:remotename)%00%(upstream:remoteref) refs/heads/master refs/remotes/master [1ms]
2023-01-24 03:15:20.037 [info] > git for-each-ref --sort -committerdate --format %(refname) %(objectname) %(*objectname) [4ms]
2023-01-24 03:15:20.682 [info] > git status -z -uall [658ms]
2023-01-24 03:22:50.813 [info] > git for-each-ref --format=%(refname)%00%(upstream:short)%00%(objectname)%00%(upstream:track)%00%(upstream:remotename)%00%(upstream:remoteref) refs/heads/master refs/remotes/master [1ms]
2023-01-24 03:22:50.813 [info] > git config --get commit.template [10ms]
2023-01-24 03:22:50.832 [info] > git for-each-ref --sort -committerdate --format %(refname) %(objectname) %(*objectname) [4ms]
2023-01-24 03:22:51.490 [info] > git status -z -uall [670ms]
