2023-01-28 22:10:34.691 [info] Extension host with pid 22433 started
2023-01-28 22:10:34.772 [info] Lock '/home/thomasxucpa/.vscode-server/data/User/workspaceStorage/c8a2f7af4ed4849c864bf32c5ebe341b/vscode.lock': Lock acquired.
2023-01-28 22:10:35.024 [info] ExtensionService#_doActivateExtension golang.go, startup: false, activationEvent: 'onLanguage:go'
2023-01-28 22:10:35.026 [info] ExtensionService#_doActivateExtension vscode.git-base, startup: true, activationEvent: '*', root cause: vscode.git
2023-01-28 22:10:35.626 [info] ExtensionService#_doActivateExtension vscode.git, startup: true, activationEvent: '*'
2023-01-28 22:10:35.628 [info] ExtensionService#_doActivateExtension vscode.github, startup: true, activationEvent: '*'
2023-01-28 22:10:37.150 [info] ExtensionService#_doActivateExtension vscode.debug-auto-launch, startup: false, activationEvent: 'onStartupFinished'
2023-01-28 22:10:37.151 [info] ExtensionService#_doActivateExtension vscode.emmet, startup: false, activationEvent: 'onStartupFinished'
2023-01-28 22:10:37.152 [info] ExtensionService#_doActivateExtension vscode.merge-conflict, startup: false, activationEvent: 'onStartupFinished'
2023-01-28 22:10:37.153 [info] Eager extensions activated
2023-01-28 22:10:37.737 [info] ExtensionService#_doActivateExtension GitHub.vscode-pull-request-github, startup: false, activationEvent: 'onStartupFinished'
2023-01-28 22:10:38.954 [warning] [Decorations] CAPPING events from decorations provider vscode.git 1475
2023-01-28 22:10:40.453 [error] [golang.go] provider FAILED
2023-01-28 22:10:40.480 [error] Error: context canceled
	at handleResponse (/home/thomasxucpa/.vscode-server/extensions/golang.go-0.37.1/dist/goMain.js:4470:40)
	at processMessageQueue (/home/thomasxucpa/.vscode-server/extensions/golang.go-0.37.1/dist/goMain.js:4293:13)
	at Immediate.<anonymous> (/home/thomasxucpa/.vscode-server/extensions/golang.go-0.37.1/dist/goMain.js:4279:11)
	at processImmediate (node:internal/timers:466:21)
2023-01-28 22:10:41.560 [warning] [Decorations] CAPPING events from decorations provider vscode.git 1475
2023-01-28 22:10:47.311 [warning] [Decorations] CAPPING events from decorations provider vscode.git 1494
2023-01-28 22:10:53.049 [warning] [Decorations] CAPPING events from decorations provider vscode.git 1494
2023-01-28 22:10:58.777 [warning] [Decorations] CAPPING events from decorations provider vscode.git 1494
2023-01-28 22:11:04.498 [warning] [Decorations] CAPPING events from decorations provider vscode.git 1494
2023-01-28 22:11:10.629 [warning] [Decorations] CAPPING events from decorations provider vscode.git 1494
2023-01-28 22:11:17.415 [warning] [Decorations] CAPPING events from decorations provider vscode.git 1494
2023-01-28 22:11:23.156 [warning] [Decorations] CAPPING events from decorations provider vscode.git 1494
2023-01-28 22:11:28.879 [warning] [Decorations] CAPPING events from decorations provider vscode.git 1494
2023-01-28 22:11:34.596 [warning] [Decorations] CAPPING events from decorations provider vscode.git 1494
2023-01-28 22:11:40.317 [warning] [Decorations] CAPPING events from decorations provider vscode.git 1494
2023-01-28 22:11:46.048 [warning] [Decorations] CAPPING events from decorations provider vscode.git 1494
2023-01-28 22:11:51.785 [warning] [Decorations] CAPPING events from decorations provider vscode.git 1494
2023-01-28 22:11:57.504 [warning] [Decorations] CAPPING events from decorations provider vscode.git 1494
2023-01-28 22:12:03.270 [warning] [Decorations] CAPPING events from decorations provider vscode.git 1494
2023-01-28 22:12:08.991 [warning] [Decorations] CAPPING events from decorations provider vscode.git 1494
2023-01-28 22:12:14.811 [warning] [Decorations] CAPPING events from decorations provider vscode.git 1494
2023-01-28 22:12:20.529 [warning] [Decorations] CAPPING events from decorations provider vscode.git 1494
2023-01-28 22:12:26.252 [warning] [Decorations] CAPPING events from decorations provider vscode.git 1494
2023-01-28 22:12:31.983 [warning] [Decorations] CAPPING events from decorations provider vscode.git 1494
2023-01-28 22:12:37.704 [warning] [Decorations] CAPPING events from decorations provider vscode.git 1494
2023-01-28 22:12:43.423 [warning] [Decorations] CAPPING events from decorations provider vscode.git 1494
2023-01-28 22:12:49.215 [warning] [Decorations] CAPPING events from decorations provider vscode.git 1494
2023-01-28 22:12:54.930 [warning] [Decorations] CAPPING events from decorations provider vscode.git 1494
2023-01-28 22:13:00.657 [warning] [Decorations] CAPPING events from decorations provider vscode.git 1494
2023-01-28 22:13:06.392 [warning] [Decorations] CAPPING events from decorations provider vscode.git 1494
2023-01-28 22:13:12.127 [warning] [Decorations] CAPPING events from decorations provider vscode.git 1494
2023-01-28 22:13:17.866 [warning] [Decorations] CAPPING events from decorations provider vscode.git 1494
2023-01-28 22:13:23.581 [warning] [Decorations] CAPPING events from decorations provider vscode.git 1494
2023-01-28 22:13:29.310 [warning] [Decorations] CAPPING events from decorations provider vscode.git 1494
2023-01-28 22:13:35.023 [warning] [Decorations] CAPPING events from decorations provider vscode.git 1494
2023-01-28 22:13:40.752 [warning] [Decorations] CAPPING events from decorations provider vscode.git 1494
2023-01-28 22:13:46.541 [warning] [Decorations] CAPPING events from decorations provider vscode.git 1494
2023-01-28 22:13:52.267 [warning] [Decorations] CAPPING events from decorations provider vscode.git 1494
2023-01-28 22:13:57.983 [warning] [Decorations] CAPPING events from decorations provider vscode.git 1494
2023-01-28 22:14:03.704 [warning] [Decorations] CAPPING events from decorations provider vscode.git 1494
2023-01-28 22:14:09.418 [warning] [Decorations] CAPPING events from decorations provider vscode.git 1494
2023-01-28 22:14:15.146 [warning] [Decorations] CAPPING events from decorations provider vscode.git 1494
2023-01-28 22:14:20.870 [warning] [Decorations] CAPPING events from decorations provider vscode.git 1494
2023-01-28 22:14:26.594 [warning] [Decorations] CAPPING events from decorations provider vscode.git 1494
2023-01-28 22:14:32.316 [warning] [Decorations] CAPPING events from decorations provider vscode.git 1494
2023-01-28 22:14:38.059 [warning] [Decorations] CAPPING events from decorations provider vscode.git 1494
2023-01-28 22:14:43.775 [warning] [Decorations] CAPPING events from decorations provider vscode.git 1494
2023-01-28 22:14:49.498 [warning] [Decorations] CAPPING events from decorations provider vscode.git 1494
2023-01-28 22:14:55.299 [warning] [Decorations] CAPPING events from decorations provider vscode.git 1494
2023-01-28 22:15:01.012 [warning] [Decorations] CAPPING events from decorations provider vscode.git 1494
2023-01-28 22:15:06.794 [warning] [Decorations] CAPPING events from decorations provider vscode.git 1494
2023-01-28 22:15:12.533 [warning] [Decorations] CAPPING events from decorations provider vscode.git 1494
2023-01-28 22:15:18.248 [warning] [Decorations] CAPPING events from decorations provider vscode.git 1494
2023-01-28 22:15:23.973 [warning] [Decorations] CAPPING events from decorations provider vscode.git 1494
2023-01-28 22:15:29.778 [warning] [Decorations] CAPPING events from decorations provider vscode.git 1494
2023-01-28 22:15:35.494 [warning] [Decorations] CAPPING events from decorations provider vscode.git 1494
2023-01-28 22:15:41.230 [warning] [Decorations] CAPPING events from decorations provider vscode.git 1494
2023-01-28 22:15:46.948 [warning] [Decorations] CAPPING events from decorations provider vscode.git 1494
2023-01-28 22:15:52.665 [warning] [Decorations] CAPPING events from decorations provider vscode.git 1494
2023-01-28 22:15:58.391 [warning] [Decorations] CAPPING events from decorations provider vscode.git 1494
2023-01-28 22:16:04.174 [warning] [Decorations] CAPPING events from decorations provider vscode.git 1494
2023-01-28 22:16:09.892 [warning] [Decorations] CAPPING events from decorations provider vscode.git 1494
2023-01-28 22:16:15.613 [warning] [Decorations] CAPPING events from decorations provider vscode.git 1494
2023-01-28 22:16:21.338 [warning] [Decorations] CAPPING events from decorations provider vscode.git 1494
2023-01-28 22:16:27.059 [warning] [Decorations] CAPPING events from decorations provider vscode.git 1494
2023-01-28 22:16:32.779 [warning] [Decorations] CAPPING events from decorations provider vscode.git 1494
2023-01-28 22:16:38.492 [warning] [Decorations] CAPPING events from decorations provider vscode.git 1494
2023-01-28 22:16:44.221 [warning] [Decorations] CAPPING events from decorations provider vscode.git 1494
2023-01-28 22:16:49.938 [warning] [Decorations] CAPPING events from decorations provider vscode.git 1494
2023-01-28 22:16:55.667 [warning] [Decorations] CAPPING events from decorations provider vscode.git 1494
2023-01-28 22:17:01.481 [warning] [Decorations] CAPPING events from decorations provider vscode.git 1494
2023-01-28 22:17:07.207 [warning] [Decorations] CAPPING events from decorations provider vscode.git 1494
2023-01-28 22:17:12.923 [warning] [Decorations] CAPPING events from decorations provider vscode.git 1494
2023-01-28 22:26:14.894 [warning] [Decorations] CAPPING events from decorations provider vscode.git 1494
2023-01-28 22:26:20.637 [warning] [Decorations] CAPPING events from decorations provider vscode.git 1494
2023-01-28 22:26:26.378 [warning] [Decorations] CAPPING events from decorations provider vscode.git 1494
2023-01-28 22:26:32.114 [warning] [Decorations] CAPPING events from decorations provider vscode.git 1494
2023-01-28 22:26:37.843 [warning] [Decorations] CAPPING events from decorations provider vscode.git 1494
2023-01-28 22:26:43.593 [warning] [Decorations] CAPPING events from decorations provider vscode.git 1494
2023-01-28 22:26:49.398 [warning] [Decorations] CAPPING events from decorations provider vscode.git 1494
2023-01-28 22:27:46.629 [warning] [Decorations] CAPPING events from decorations provider vscode.git 1494
2023-01-28 22:27:52.355 [warning] [Decorations] CAPPING events from decorations provider vscode.git 1494
2023-01-28 22:27:58.075 [warning] [Decorations] CAPPING events from decorations provider vscode.git 1494
2023-01-28 22:28:03.790 [warning] [Decorations] CAPPING events from decorations provider vscode.git 1494
2023-01-28 22:28:09.514 [warning] [Decorations] CAPPING events from decorations provider vscode.git 1494
2023-01-28 22:28:15.243 [warning] [Decorations] CAPPING events from decorations provider vscode.git 1494
2023-01-28 22:28:20.954 [warning] [Decorations] CAPPING events from decorations provider vscode.git 1494
2023-01-28 22:28:26.681 [warning] [Decorations] CAPPING events from decorations provider vscode.git 1494
2023-01-28 22:28:32.408 [warning] [Decorations] CAPPING events from decorations provider vscode.git 1494
2023-01-28 22:28:38.144 [warning] [Decorations] CAPPING events from decorations provider vscode.git 1494
2023-01-28 22:28:43.863 [warning] [Decorations] CAPPING events from decorations provider vscode.git 1494
2023-01-28 22:28:49.583 [warning] [Decorations] CAPPING events from decorations provider vscode.git 1494
2023-01-28 22:28:55.302 [warning] [Decorations] CAPPING events from decorations provider vscode.git 1494
2023-01-28 22:29:01.022 [warning] [Decorations] CAPPING events from decorations provider vscode.git 1494
2023-01-28 22:29:06.737 [warning] [Decorations] CAPPING events from decorations provider vscode.git 1494
2023-01-28 22:29:12.452 [warning] [Decorations] CAPPING events from decorations provider vscode.git 1494
2023-01-28 22:29:18.168 [warning] [Decorations] CAPPING events from decorations provider vscode.git 1494
2023-01-28 22:29:23.885 [warning] [Decorations] CAPPING events from decorations provider vscode.git 1494
2023-01-28 22:29:29.691 [warning] [Decorations] CAPPING events from decorations provider vscode.git 1494
2023-01-28 22:29:35.412 [warning] [Decorations] CAPPING events from decorations provider vscode.git 1494
2023-01-28 22:29:41.131 [warning] [Decorations] CAPPING events from decorations provider vscode.git 1494
2023-01-28 22:29:46.853 [warning] [Decorations] CAPPING events from decorations provider vscode.git 1494
2023-01-28 22:29:52.565 [warning] [Decorations] CAPPING events from decorations provider vscode.git 1494
2023-01-28 22:29:58.293 [warning] [Decorations] CAPPING events from decorations provider vscode.git 1494
2023-01-28 22:30:04.085 [warning] [Decorations] CAPPING events from decorations provider vscode.git 1494
2023-01-28 22:30:09.818 [warning] [Decorations] CAPPING events from decorations provider vscode.git 1494
2023-01-28 22:30:15.529 [warning] [Decorations] CAPPING events from decorations provider vscode.git 1494
2023-01-28 22:30:21.254 [warning] [Decorations] CAPPING events from decorations provider vscode.git 1494
2023-01-28 22:30:26.975 [warning] [Decorations] CAPPING events from decorations provider vscode.git 1494
2023-01-28 22:30:32.694 [warning] [Decorations] CAPPING events from decorations provider vscode.git 1494
2023-01-28 22:30:38.407 [warning] [Decorations] CAPPING events from decorations provider vscode.git 1494
2023-01-28 22:30:44.124 [warning] [Decorations] CAPPING events from decorations provider vscode.git 1494
2023-01-28 22:30:49.850 [warning] [Decorations] CAPPING events from decorations provider vscode.git 1494
2023-01-28 22:30:55.574 [warning] [Decorations] CAPPING events from decorations provider vscode.git 1494
2023-01-28 22:31:01.290 [warning] [Decorations] CAPPING events from decorations provider vscode.git 1494
2023-01-28 22:31:07.009 [warning] [Decorations] CAPPING events from decorations provider vscode.git 1494
2023-01-28 22:31:12.785 [warning] [Decorations] CAPPING events from decorations provider vscode.git 1494
2023-01-28 22:31:18.519 [warning] [Decorations] CAPPING events from decorations provider vscode.git 1494
2023-01-28 22:31:24.233 [warning] [Decorations] CAPPING events from decorations provider vscode.git 1494
2023-01-28 22:31:29.952 [warning] [Decorations] CAPPING events from decorations provider vscode.git 1494
2023-01-28 22:31:35.667 [warning] [Decorations] CAPPING events from decorations provider vscode.git 1494
2023-01-28 22:31:41.396 [warning] [Decorations] CAPPING events from decorations provider vscode.git 1494
2023-01-28 22:31:47.105 [warning] [Decorations] CAPPING events from decorations provider vscode.git 1494
2023-01-28 22:31:52.833 [warning] [Decorations] CAPPING events from decorations provider vscode.git 1494
2023-01-28 22:31:58.613 [warning] [Decorations] CAPPING events from decorations provider vscode.git 1494
2023-01-28 22:32:04.336 [warning] [Decorations] CAPPING events from decorations provider vscode.git 1494
2023-01-28 22:32:10.056 [warning] [Decorations] CAPPING events from decorations provider vscode.git 1494
2023-01-28 22:32:15.788 [warning] [Decorations] CAPPING events from decorations provider vscode.git 1495
2023-01-28 22:32:21.536 [warning] [Decorations] CAPPING events from decorations provider vscode.git 1495
2023-01-28 22:32:35.692 [warning] [Decorations] CAPPING events from decorations provider vscode.git 1496
2023-01-28 22:32:41.842 [warning] [Decorations] CAPPING events from decorations provider vscode.git 1497
2023-01-28 22:32:51.994 [warning] [Decorations] CAPPING events from decorations provider vscode.git 1497
2023-01-28 22:32:57.735 [warning] [Decorations] CAPPING events from decorations provider vscode.git 1497
2023-01-28 22:33:03.463 [warning] [Decorations] CAPPING events from decorations provider vscode.git 1497
2023-01-28 22:33:09.248 [warning] [Decorations] CAPPING events from decorations provider vscode.git 1497
2023-01-28 22:33:14.972 [warning] [Decorations] CAPPING events from decorations provider vscode.git 1497
2023-01-28 22:33:20.753 [warning] [Decorations] CAPPING events from decorations provider vscode.git 1497
2023-01-28 22:33:26.473 [warning] [Decorations] CAPPING events from decorations provider vscode.git 1497
2023-01-28 22:33:32.207 [warning] [Decorations] CAPPING events from decorations provider vscode.git 1497
2023-01-28 22:33:37.935 [warning] [Decorations] CAPPING events from decorations provider vscode.git 1497
2023-01-28 22:33:43.650 [warning] [Decorations] CAPPING events from decorations provider vscode.git 1497
2023-01-28 22:33:49.369 [warning] [Decorations] CAPPING events from decorations provider vscode.git 1497
2023-01-28 22:33:55.182 [warning] [Decorations] CAPPING events from decorations provider vscode.git 1497
2023-01-28 22:34:00.907 [warning] [Decorations] CAPPING events from decorations provider vscode.git 1497
2023-01-28 22:34:06.623 [warning] [Decorations] CAPPING events from decorations provider vscode.git 1497
2023-01-28 22:34:12.347 [warning] [Decorations] CAPPING events from decorations provider vscode.git 1497
2023-01-28 22:34:18.065 [warning] [Decorations] CAPPING events from decorations provider vscode.git 1497
2023-01-28 22:34:23.789 [warning] [Decorations] CAPPING events from decorations provider vscode.git 1497
2023-01-28 22:34:29.511 [warning] [Decorations] CAPPING events from decorations provider vscode.git 1497
2023-01-28 22:34:35.237 [warning] [Decorations] CAPPING events from decorations provider vscode.git 1497
2023-01-28 22:34:40.948 [warning] [Decorations] CAPPING events from decorations provider vscode.git 1497
2023-01-28 22:34:46.665 [warning] [Decorations] CAPPING events from decorations provider vscode.git 1497
2023-01-28 22:34:52.378 [warning] [Decorations] CAPPING events from decorations provider vscode.git 1497
2023-01-28 22:34:58.101 [warning] [Decorations] CAPPING events from decorations provider vscode.git 1497
2023-01-28 22:35:03.908 [warning] [Decorations] CAPPING events from decorations provider vscode.git 1497
2023-01-28 22:35:09.626 [warning] [Decorations] CAPPING events from decorations provider vscode.git 1497
2023-01-28 22:35:15.358 [warning] [Decorations] CAPPING events from decorations provider vscode.git 1497
2023-01-28 22:35:21.076 [warning] [Decorations] CAPPING events from decorations provider vscode.git 1497
2023-01-28 22:35:26.787 [warning] [Decorations] CAPPING events from decorations provider vscode.git 1497
2023-01-28 22:35:32.515 [warning] [Decorations] CAPPING events from decorations provider vscode.git 1497
2023-01-28 22:35:38.226 [warning] [Decorations] CAPPING events from decorations provider vscode.git 1497
2023-01-28 22:35:43.953 [warning] [Decorations] CAPPING events from decorations provider vscode.git 1497
2023-01-28 22:35:49.718 [warning] [Decorations] CAPPING events from decorations provider vscode.git 1497
2023-01-28 22:35:55.430 [warning] [Decorations] CAPPING events from decorations provider vscode.git 1497
2023-01-28 22:36:01.149 [warning] [Decorations] CAPPING events from decorations provider vscode.git 1497
2023-01-28 22:36:06.884 [warning] [Decorations] CAPPING events from decorations provider vscode.git 1497
2023-01-28 22:36:12.604 [warning] [Decorations] CAPPING events from decorations provider vscode.git 1497
2023-01-28 22:36:18.337 [warning] [Decorations] CAPPING events from decorations provider vscode.git 1497
2023-01-28 22:36:24.061 [warning] [Decorations] CAPPING events from decorations provider vscode.git 1497
2023-01-28 22:36:29.788 [warning] [Decorations] CAPPING events from decorations provider vscode.git 1497
2023-01-28 22:36:35.500 [warning] [Decorations] CAPPING events from decorations provider vscode.git 1497
2023-01-28 22:36:41.219 [warning] [Decorations] CAPPING events from decorations provider vscode.git 1497
2023-01-28 22:36:47.010 [warning] [Decorations] CAPPING events from decorations provider vscode.git 1497
2023-01-28 23:02:40.452 [warning] [Decorations] CAPPING events from decorations provider vscode.git 1497
2023-01-28 23:02:46.178 [warning] [Decorations] CAPPING events from decorations provider vscode.git 1497
2023-01-28 23:02:51.913 [warning] [Decorations] CAPPING events from decorations provider vscode.git 1497
2023-01-28 23:02:57.634 [warning] [Decorations] CAPPING events from decorations provider vscode.git 1497
2023-01-28 23:03:03.354 [warning] [Decorations] CAPPING events from decorations provider vscode.git 1497
2023-01-28 23:05:29.883 [warning] [Decorations] CAPPING events from decorations provider vscode.git 1497
2023-01-28 23:05:35.662 [warning] [Decorations] CAPPING events from decorations provider vscode.git 1497
2023-01-28 23:05:41.400 [warning] [Decorations] CAPPING events from decorations provider vscode.git 1497
2023-01-28 23:05:47.130 [warning] [Decorations] CAPPING events from decorations provider vscode.git 1497
2023-01-28 23:05:52.847 [warning] [Decorations] CAPPING events from decorations provider vscode.git 1497
2023-01-28 23:05:58.595 [warning] [Decorations] CAPPING events from decorations provider vscode.git 1497
2023-01-28 23:06:04.310 [warning] [Decorations] CAPPING events from decorations provider vscode.git 1497
2023-01-28 23:06:10.037 [warning] [Decorations] CAPPING events from decorations provider vscode.git 1497
2023-01-28 23:06:15.755 [warning] [Decorations] CAPPING events from decorations provider vscode.git 1497
2023-01-28 23:06:21.475 [warning] [Decorations] CAPPING events from decorations provider vscode.git 1497
2023-01-28 23:06:27.276 [warning] [Decorations] CAPPING events from decorations provider vscode.git 1497
2023-01-28 23:06:33.001 [warning] [Decorations] CAPPING events from decorations provider vscode.git 1497
2023-01-28 23:06:38.718 [warning] [Decorations] CAPPING events from decorations provider vscode.git 1497
2023-01-28 23:06:44.450 [warning] [Decorations] CAPPING events from decorations provider vscode.git 1498
2023-01-28 23:06:50.169 [warning] [Decorations] CAPPING events from decorations provider vscode.git 1498
2023-01-28 23:06:55.886 [warning] [Decorations] CAPPING events from decorations provider vscode.git 1498
2023-01-28 23:07:01.599 [warning] [Decorations] CAPPING events from decorations provider vscode.git 1499
2023-01-28 23:07:07.780 [warning] [Decorations] CAPPING events from decorations provider vscode.git 1518
2023-01-28 23:07:08.324 [info] ExtensionService#_doActivateExtension ms-azuretools.vscode-docker, startup: false, activationEvent: 'onLanguage:dockerfile'
2023-01-28 23:07:13.511 [warning] [Decorations] CAPPING events from decorations provider vscode.git 1570
2023-01-28 23:07:50.993 [warning] [Decorations] CAPPING events from decorations provider vscode.git 1552
2023-01-28 23:07:56.768 [warning] [Decorations] CAPPING events from decorations provider vscode.git 1554
2023-01-28 23:08:02.503 [warning] [Decorations] CAPPING events from decorations provider vscode.git 1554
2023-01-28 23:08:08.460 [warning] [Decorations] CAPPING events from decorations provider vscode.git 1554
2023-01-28 23:08:14.176 [warning] [Decorations] CAPPING events from decorations provider vscode.git 1554
2023-01-28 23:08:19.920 [warning] [Decorations] CAPPING events from decorations provider vscode.git 1554
2023-01-28 23:08:25.649 [warning] [Decorations] CAPPING events from decorations provider vscode.git 1554
2023-01-28 23:08:31.482 [warning] [Decorations] CAPPING events from decorations provider vscode.git 1554
2023-01-28 23:08:37.293 [warning] [Decorations] CAPPING events from decorations provider vscode.git 1554
2023-01-28 23:08:43.109 [warning] [Decorations] CAPPING events from decorations provider vscode.git 1554
2023-01-28 23:08:48.844 [warning] [Decorations] CAPPING events from decorations provider vscode.git 1554
2023-01-28 23:09:02.563 [warning] [Decorations] CAPPING events from decorations provider vscode.git 1554
2023-01-28 23:09:08.300 [warning] [Decorations] CAPPING events from decorations provider vscode.git 1556
2023-01-28 23:09:14.031 [warning] [Decorations] CAPPING events from decorations provider vscode.git 1556
2023-01-28 23:09:19.755 [warning] [Decorations] CAPPING events from decorations provider vscode.git 1556
2023-01-28 23:09:25.484 [warning] [Decorations] CAPPING events from decorations provider vscode.git 1556
2023-01-28 23:09:31.214 [warning] [Decorations] CAPPING events from decorations provider vscode.git 1556
2023-01-28 23:09:36.982 [warning] [Decorations] CAPPING events from decorations provider vscode.git 1556
2023-01-28 23:09:42.723 [warning] [Decorations] CAPPING events from decorations provider vscode.git 1556
2023-01-28 23:09:48.445 [warning] [Decorations] CAPPING events from decorations provider vscode.git 1557
2023-01-28 23:09:54.169 [warning] [Decorations] CAPPING events from decorations provider vscode.git 1557
2023-01-28 23:09:59.888 [warning] [Decorations] CAPPING events from decorations provider vscode.git 1557
2023-01-28 23:10:05.627 [warning] [Decorations] CAPPING events from decorations provider vscode.git 1557
2023-01-28 23:10:11.376 [warning] [Decorations] CAPPING events from decorations provider vscode.git 1557
2023-01-28 23:10:17.106 [warning] [Decorations] CAPPING events from decorations provider vscode.git 1557
2023-01-28 23:10:22.944 [warning] [Decorations] CAPPING events from decorations provider vscode.git 1557
2023-01-28 23:10:28.761 [warning] [Decorations] CAPPING events from decorations provider vscode.git 1557
2023-01-28 23:10:34.495 [warning] [Decorations] CAPPING events from decorations provider vscode.git 1557
2023-01-28 23:10:40.216 [warning] [Decorations] CAPPING events from decorations provider vscode.git 1557
2023-01-28 23:10:46.045 [warning] [Decorations] CAPPING events from decorations provider vscode.git 1557
2023-01-28 23:10:51.834 [warning] [Decorations] CAPPING events from decorations provider vscode.git 1557
2023-01-28 23:10:57.622 [warning] [Decorations] CAPPING events from decorations provider vscode.git 1557
2023-01-28 23:11:03.357 [warning] [Decorations] CAPPING events from decorations provider vscode.git 1557
2023-01-28 23:11:09.079 [warning] [Decorations] CAPPING events from decorations provider vscode.git 1557
2023-01-28 23:11:14.903 [warning] [Decorations] CAPPING events from decorations provider vscode.git 1557
2023-01-28 23:11:20.624 [warning] [Decorations] CAPPING events from decorations provider vscode.git 1557
2023-01-28 23:11:26.349 [warning] [Decorations] CAPPING events from decorations provider vscode.git 1557
2023-01-28 23:11:32.065 [warning] [Decorations] CAPPING events from decorations provider vscode.git 1557
2023-01-28 23:11:37.789 [warning] [Decorations] CAPPING events from decorations provider vscode.git 1557
2023-01-28 23:11:43.506 [warning] [Decorations] CAPPING events from decorations provider vscode.git 1557
2023-01-28 23:11:49.235 [warning] [Decorations] CAPPING events from decorations provider vscode.git 1557
2023-01-28 23:11:55.032 [warning] [Decorations] CAPPING events from decorations provider vscode.git 1557
2023-01-28 23:12:03.916 [warning] [Decorations] CAPPING events from decorations provider vscode.git 1557
2023-01-28 23:12:38.075 [warning] [Decorations] CAPPING events from decorations provider vscode.git 1557
2023-01-28 23:12:43.811 [warning] [Decorations] CAPPING events from decorations provider vscode.git 1557
2023-01-28 23:12:53.633 [warning] [Decorations] CAPPING events from decorations provider vscode.git 1557
2023-01-28 23:13:08.834 [warning] [Decorations] CAPPING events from decorations provider vscode.git 1557
2023-01-28 23:13:25.964 [warning] [Decorations] CAPPING events from decorations provider vscode.git 1557
2023-01-28 23:13:31.693 [warning] [Decorations] CAPPING events from decorations provider vscode.git 1557
2023-01-28 23:18:19.384 [warning] [Decorations] CAPPING events from decorations provider vscode.git 1557
2023-01-28 23:23:41.764 [warning] [Decorations] CAPPING events from decorations provider vscode.git 1557
2023-01-28 23:23:55.310 [warning] [Decorations] CAPPING events from decorations provider vscode.git 1557
2023-01-28 23:24:01.124 [warning] [Decorations] CAPPING events from decorations provider vscode.git 1557
2023-01-28 23:24:06.941 [warning] [Decorations] CAPPING events from decorations provider vscode.git 1557
2023-01-28 23:24:12.663 [warning] [Decorations] CAPPING events from decorations provider vscode.git 1557
2023-01-28 23:24:18.398 [warning] [Decorations] CAPPING events from decorations provider vscode.git 1557
2023-01-28 23:24:24.178 [warning] [Decorations] CAPPING events from decorations provider vscode.git 1557
2023-01-28 23:24:29.890 [warning] [Decorations] CAPPING events from decorations provider vscode.git 1557
2023-01-28 23:24:35.636 [warning] [Decorations] CAPPING events from decorations provider vscode.git 1557
2023-01-28 23:26:47.761 [warning] [Decorations] CAPPING events from decorations provider vscode.git 1557
2023-01-28 23:26:53.558 [warning] [Decorations] CAPPING events from decorations provider vscode.git 1557
2023-01-28 23:26:59.278 [warning] [Decorations] CAPPING events from decorations provider vscode.git 1557
2023-01-28 23:27:04.995 [warning] [Decorations] CAPPING events from decorations provider vscode.git 1557
2023-01-28 23:27:10.724 [warning] [Decorations] CAPPING events from decorations provider vscode.git 1557
2023-01-28 23:27:16.538 [warning] [Decorations] CAPPING events from decorations provider vscode.git 1557
2023-01-28 23:27:22.266 [warning] [Decorations] CAPPING events from decorations provider vscode.git 1557
2023-01-28 23:27:28.067 [warning] [Decorations] CAPPING events from decorations provider vscode.git 1557
2023-01-28 23:27:33.795 [warning] [Decorations] CAPPING events from decorations provider vscode.git 1557
2023-01-28 23:27:48.247 [warning] [Decorations] CAPPING events from decorations provider vscode.git 1557
