[Info  - 9:34:06 PM] 2023/01/12 21:34:06 go env for /home/thomasxucpa
(root /home/thomasxucpa/go/src/around)
(go version go version go1.19.4 linux/amd64)
(valid build configuration = true)
(build flags: [])
GOINSECURE=
GOSUMDB=sum.golang.org
GOFLAGS=
GOCACHE=/home/thomasxucpa/.cache/go-build
GOMOD=/dev/null
GOROOT=/usr/lib/go-1.19
GONOPROXY=
GOPATH=/home/thomasxucpa/go
GOPRIVATE=
GO111MODULE=
GONOSUMDB=
GOWORK=
GOMODCACHE=/home/thomasxucpa/go/pkg/mod
GOPROXY=https://proxy.golang.org,direct


[Info  - 9:34:07 PM] 2023/01/12 21:34:07 go/packages.Load #1
	snapshot=0
	directory=file:///home/thomasxucpa
	query=[around/... builtin]
	packages=6

[Info  - 9:34:07 PM] 2023/01/12 21:34:07 go/packages.Load #1: updating metadata for 145 packages

[Error - 9:34:10 PM] Request textDocument/codeAction failed.
  Message: context canceled
  Code: 0 
[Error - 9:34:10 PM] 2023/01/12 21:34:10 tidy: diagnosing file:///home/thomasxucpa/go/src/around/go.mod: err: exit status 1: stderr: go: downloading github.com/fortytw2/leaktest v1.3.0
go: downloading github.com/google/go-cmp v0.5.7
around/backend imports
	github.com/olivere/elastic/v7 tested by
	github.com/olivere/elastic/v7.test imports
	github.com/fortytw2/leaktest: module lookup disabled by GOPROXY=off
around/backend imports
	github.com/olivere/elastic/v7 tested by
	github.com/olivere/elastic/v7.test imports
	github.com/google/go-cmp/cmp: module lookup disabled by GOPROXY=off


[Error - 9:34:11 PM] 2023/01/12 21:34:11 tidy: diagnosing file:///home/thomasxucpa/go/src/around/go.mod: err: exit status 1: stderr: go: downloading github.com/fortytw2/leaktest v1.3.0
go: downloading github.com/google/go-cmp v0.5.7
around/backend imports
	github.com/olivere/elastic/v7 tested by
	github.com/olivere/elastic/v7.test imports
	github.com/fortytw2/leaktest: module lookup disabled by GOPROXY=off
around/backend imports
	github.com/olivere/elastic/v7 tested by
	github.com/olivere/elastic/v7.test imports
	github.com/google/go-cmp/cmp: module lookup disabled by GOPROXY=off


[Error - 9:34:11 PM] 2023/01/12 21:34:11 tidy: diagnosing file:///home/thomasxucpa/go/src/around/go.mod: err: exit status 1: stderr: go: downloading github.com/fortytw2/leaktest v1.3.0
go: downloading github.com/google/go-cmp v0.5.7
around/backend imports
	github.com/olivere/elastic/v7 tested by
	github.com/olivere/elastic/v7.test imports
	github.com/fortytw2/leaktest: module lookup disabled by GOPROXY=off
around/backend imports
	github.com/olivere/elastic/v7 tested by
	github.com/olivere/elastic/v7.test imports
	github.com/google/go-cmp/cmp: module lookup disabled by GOPROXY=off


[Error - 9:34:11 PM] 2023/01/12 21:34:11 tidy: diagnosing file:///home/thomasxucpa/go/src/around/go.mod: err: exit status 1: stderr: go: downloading github.com/fortytw2/leaktest v1.3.0
go: downloading github.com/google/go-cmp v0.5.7
around/backend imports
	github.com/olivere/elastic/v7 tested by
	github.com/olivere/elastic/v7.test imports
	github.com/fortytw2/leaktest: module lookup disabled by GOPROXY=off
around/backend imports
	github.com/olivere/elastic/v7 tested by
	github.com/olivere/elastic/v7.test imports
	github.com/google/go-cmp/cmp: module lookup disabled by GOPROXY=off


[Error - 9:34:11 PM] 2023/01/12 21:34:11 tidy: diagnosing file:///home/thomasxucpa/go/src/around/go.mod: err: exit status 1: stderr: go: downloading github.com/fortytw2/leaktest v1.3.0
go: downloading github.com/google/go-cmp v0.5.7
around/backend imports
	github.com/olivere/elastic/v7 tested by
	github.com/olivere/elastic/v7.test imports
	github.com/fortytw2/leaktest: module lookup disabled by GOPROXY=off
around/backend imports
	github.com/olivere/elastic/v7 tested by
	github.com/olivere/elastic/v7.test imports
	github.com/google/go-cmp/cmp: module lookup disabled by GOPROXY=off


[Info  - 9:34:34 PM] 2023/01/12 21:34:34 Shutdown session
	shutdown_session=1

