2023-01-10 04:47:24.047 [info] Extension host with pid 28800 started
2023-01-10 04:47:24.102 [info] Lock '/home/thomasxucpa/.vscode-server/data/User/workspaceStorage/9a8057275842c33f88a86d02417a56c7/vscode.lock': Lock acquired.
2023-01-10 04:47:24.247 [info] ExtensionService#_doActivateExtension golang.go, startup: false, activationEvent: 'onLanguage:go'
2023-01-10 04:47:24.249 [info] ExtensionService#_doActivateExtension vscode.git-base, startup: true, activationEvent: '*', root cause: vscode.git
2023-01-10 04:47:24.626 [info] ExtensionService#_doActivateExtension vscode.git, startup: true, activationEvent: '*'
2023-01-10 04:47:24.644 [info] ExtensionService#_doActivateExtension vscode.github, startup: true, activationEvent: '*'
2023-01-10 04:47:25.378 [info] ExtensionService#_doActivateExtension vscode.debug-auto-launch, startup: false, activationEvent: 'onStartupFinished'
2023-01-10 04:47:25.378 [info] ExtensionService#_doActivateExtension vscode.emmet, startup: false, activationEvent: 'onStartupFinished'
2023-01-10 04:47:25.379 [info] ExtensionService#_doActivateExtension vscode.merge-conflict, startup: false, activationEvent: 'onStartupFinished'
2023-01-10 04:47:25.384 [info] Eager extensions activated
2023-01-10 04:47:25.941 [info] ExtensionService#_doActivateExtension vscode.configuration-editing, startup: false, activationEvent: 'onLanguage:jsonc'
2023-01-10 04:47:25.942 [info] ExtensionService#_doActivateExtension vscode.json-language-features, startup: false, activationEvent: 'onLanguage:jsonc'
2023-01-10 04:47:25.942 [info] ExtensionService#_doActivateExtension vscode.typescript-language-features, startup: false, activationEvent: 'onLanguage:jsonc'
2023-01-10 05:12:42.505 [warning] [Decorations] CAPPING events from decorations provider vscode.git 10000
2023-01-10 05:12:44.296 [warning] [Decorations] CAPPING events from decorations provider vscode.git 10000
2023-01-10 05:17:11.913 [warning] [Decorations] CAPPING events from decorations provider vscode.git 10000
2023-01-10 05:37:13.213 [info] ExtensionService#_doActivateExtension GitHub.vscode-pull-request-github, startup: false, activationEvent: 'onStartupFinished'
2023-01-10 05:45:51.557 [info] Extension host terminating: received terminate message from renderer
2023-01-10 05:45:51.558 [info] Lock '/home/thomasxucpa/.vscode-server/data/User/workspaceStorage/9a8057275842c33f88a86d02417a56c7/vscode.lock': Marking the lockfile as scheduled to be released in 6000 ms.
2023-01-10 05:45:51.627 [info] Extension host with pid 28800 exiting with code 0
