2023-01-24 04:36:30.182 [info] Extension host with pid 18245 started
2023-01-24 04:36:30.280 [info] Lock '/home/thomasxucpa/.vscode-server/data/User/workspaceStorage/c8a2f7af4ed4849c864bf32c5ebe341b/vscode.lock': Lock acquired.
2023-01-24 04:36:30.369 [info] ExtensionService#_doActivateExtension golang.go, startup: false, activationEvent: 'onLanguage:go'
2023-01-24 04:36:30.371 [info] ExtensionService#_doActivateExtension vscode.git-base, startup: true, activationEvent: '*', root cause: vscode.git
2023-01-24 04:36:31.068 [info] ExtensionService#_doActivateExtension vscode.git, startup: true, activationEvent: '*'
2023-01-24 04:36:31.068 [info] ExtensionService#_doActivateExtension vscode.github, startup: true, activationEvent: '*'
2023-01-24 04:36:32.466 [info] ExtensionService#_doActivateExtension vscode.debug-auto-launch, startup: false, activationEvent: 'onStartupFinished'
2023-01-24 04:36:32.467 [info] ExtensionService#_doActivateExtension vscode.emmet, startup: false, activationEvent: 'onStartupFinished'
2023-01-24 04:36:32.472 [info] ExtensionService#_doActivateExtension vscode.merge-conflict, startup: false, activationEvent: 'onStartupFinished'
2023-01-24 04:36:32.477 [info] Eager extensions activated
2023-01-24 04:36:33.340 [info] ExtensionService#_doActivateExtension GitHub.vscode-pull-request-github, startup: false, activationEvent: 'onStartupFinished'
2023-01-24 04:36:35.870 [error] [golang.go] provider FAILED
2023-01-24 04:36:35.897 [error] Error: context canceled
	at handleResponse (/home/thomasxucpa/.vscode-server/extensions/golang.go-0.37.1/dist/goMain.js:4470:40)
	at processMessageQueue (/home/thomasxucpa/.vscode-server/extensions/golang.go-0.37.1/dist/goMain.js:4293:13)
	at Immediate.<anonymous> (/home/thomasxucpa/.vscode-server/extensions/golang.go-0.37.1/dist/goMain.js:4279:11)
	at processImmediate (node:internal/timers:466:21)
2023-01-24 04:40:44.382 [warning] [Decorations] CAPPING events from decorations provider vscode.git 1297
2023-01-24 04:40:50.120 [warning] [Decorations] CAPPING events from decorations provider vscode.git 1297
2023-01-24 04:40:55.853 [warning] [Decorations] CAPPING events from decorations provider vscode.git 1297
2023-01-24 04:41:01.561 [warning] [Decorations] CAPPING events from decorations provider vscode.git 1297
2023-01-24 04:41:07.283 [warning] [Decorations] CAPPING events from decorations provider vscode.git 1297
2023-01-24 04:41:13.006 [warning] [Decorations] CAPPING events from decorations provider vscode.git 1297
2023-01-24 04:41:18.730 [warning] [Decorations] CAPPING events from decorations provider vscode.git 1297
2023-01-24 04:41:24.450 [warning] [Decorations] CAPPING events from decorations provider vscode.git 1297
2023-01-24 04:41:31.544 [warning] [Decorations] CAPPING events from decorations provider vscode.git 1297
2023-01-24 04:41:38.151 [warning] [Decorations] CAPPING events from decorations provider vscode.git 1371
2023-01-24 04:41:44.022 [warning] [Decorations] CAPPING events from decorations provider vscode.git 1372
2023-01-24 04:41:49.755 [warning] [Decorations] CAPPING events from decorations provider vscode.git 1372
2023-01-24 04:41:55.475 [warning] [Decorations] CAPPING events from decorations provider vscode.git 1372
2023-01-24 04:42:06.904 [warning] [Decorations] CAPPING events from decorations provider vscode.git 1372
2023-01-24 04:42:12.624 [warning] [Decorations] CAPPING events from decorations provider vscode.git 1381
2023-01-24 04:42:18.357 [warning] [Decorations] CAPPING events from decorations provider vscode.git 1380
2023-01-24 04:42:24.087 [warning] [Decorations] CAPPING events from decorations provider vscode.git 1380
2023-01-24 04:42:29.817 [warning] [Decorations] CAPPING events from decorations provider vscode.git 1380
2023-01-24 04:42:35.544 [warning] [Decorations] CAPPING events from decorations provider vscode.git 1380
2023-01-24 04:42:41.343 [warning] [Decorations] CAPPING events from decorations provider vscode.git 1380
2023-01-24 04:42:47.070 [warning] [Decorations] CAPPING events from decorations provider vscode.git 1380
2023-01-24 04:42:52.854 [warning] [Decorations] CAPPING events from decorations provider vscode.git 1380
2023-01-24 04:42:58.582 [warning] [Decorations] CAPPING events from decorations provider vscode.git 1381
2023-01-24 04:43:04.317 [warning] [Decorations] CAPPING events from decorations provider vscode.git 1381
2023-01-24 04:43:10.053 [warning] [Decorations] CAPPING events from decorations provider vscode.git 1381
2023-01-24 04:43:15.772 [warning] [Decorations] CAPPING events from decorations provider vscode.git 1381
2023-01-24 04:43:21.484 [warning] [Decorations] CAPPING events from decorations provider vscode.git 1381
2023-01-24 04:43:27.201 [warning] [Decorations] CAPPING events from decorations provider vscode.git 1381
2023-01-24 04:43:32.926 [warning] [Decorations] CAPPING events from decorations provider vscode.git 1383
2023-01-24 04:43:38.636 [warning] [Decorations] CAPPING events from decorations provider vscode.git 1383
2023-01-24 04:43:44.364 [warning] [Decorations] CAPPING events from decorations provider vscode.git 1383
2023-01-24 04:43:50.090 [warning] [Decorations] CAPPING events from decorations provider vscode.git 1383
2023-01-24 04:43:55.809 [warning] [Decorations] CAPPING events from decorations provider vscode.git 1383
2023-01-24 04:44:01.528 [warning] [Decorations] CAPPING events from decorations provider vscode.git 1383
2023-01-24 04:44:07.251 [warning] [Decorations] CAPPING events from decorations provider vscode.git 1383
2023-01-24 04:44:13.105 [warning] [Decorations] CAPPING events from decorations provider vscode.git 1383
2023-01-24 04:44:18.847 [warning] [Decorations] CAPPING events from decorations provider vscode.git 1383
2023-01-24 04:44:24.570 [warning] [Decorations] CAPPING events from decorations provider vscode.git 1383
2023-01-24 04:44:30.304 [warning] [Decorations] CAPPING events from decorations provider vscode.git 1383
2023-01-24 04:44:36.896 [warning] [Decorations] CAPPING events from decorations provider vscode.git 1383
2023-01-24 04:44:42.710 [warning] [Decorations] CAPPING events from decorations provider vscode.git 1384
2023-01-24 04:44:48.448 [warning] [Decorations] CAPPING events from decorations provider vscode.git 1384
2023-01-24 04:45:07.450 [warning] [Decorations] CAPPING events from decorations provider vscode.git 1384
2023-01-24 04:45:13.180 [warning] [Decorations] CAPPING events from decorations provider vscode.git 1385
2023-01-24 04:45:18.909 [warning] [Decorations] CAPPING events from decorations provider vscode.git 1385
2023-01-24 04:45:24.636 [warning] [Decorations] CAPPING events from decorations provider vscode.git 1386
2023-01-24 04:45:30.783 [warning] [Decorations] CAPPING events from decorations provider vscode.git 1403
2023-01-24 04:45:36.531 [warning] [Decorations] CAPPING events from decorations provider vscode.git 1404
2023-01-24 04:46:03.632 [warning] [Decorations] CAPPING events from decorations provider vscode.git 1404
2023-01-24 04:47:19.807 [warning] [Decorations] CAPPING events from decorations provider vscode.git 1404
2023-01-24 04:47:25.536 [warning] [Decorations] CAPPING events from decorations provider vscode.git 1404
2023-01-24 04:47:31.281 [warning] [Decorations] CAPPING events from decorations provider vscode.git 1405
2023-01-24 04:47:54.046 [warning] [Decorations] CAPPING events from decorations provider vscode.git 1405
2023-01-24 04:47:59.793 [warning] [Decorations] CAPPING events from decorations provider vscode.git 1405
2023-01-24 04:48:05.525 [warning] [Decorations] CAPPING events from decorations provider vscode.git 1405
2023-01-24 04:48:10.079 [info] Extension host terminating: received terminate message from renderer
2023-01-24 04:48:10.080 [info] Lock '/home/thomasxucpa/.vscode-server/data/User/workspaceStorage/c8a2f7af4ed4849c864bf32c5ebe341b/vscode.lock': Marking the lockfile as scheduled to be released in 6000 ms.
2023-01-24 04:48:10.172 [info] Extension host with pid 18245 exiting with code 0
