2023-01-12 05:09:19.307 [info] Extension host with pid 22427 started
2023-01-12 05:09:19.353 [info] Lock '/home/thomasxucpa/.vscode-server/data/User/workspaceStorage/9a8057275842c33f88a86d02417a56c7/vscode.lock': Lock acquired.
2023-01-12 05:09:19.465 [info] ExtensionService#_doActivateExtension vscode.git-base, startup: false, activationEvent: 'onFileSystem:git', root cause: vscode.git
2023-01-12 05:09:19.540 [info] ExtensionService#_doActivateExtension vscode.git, startup: false, activationEvent: 'onFileSystem:git'
2023-01-12 05:09:19.541 [info] ExtensionService#_doActivateExtension vscode.github, startup: true, activationEvent: '*'
2023-01-12 05:09:20.300 [info] ExtensionService#_doActivateExtension vscode.debug-auto-launch, startup: false, activationEvent: 'onStartupFinished'
2023-01-12 05:09:20.303 [info] ExtensionService#_doActivateExtension vscode.emmet, startup: false, activationEvent: 'onStartupFinished'
2023-01-12 05:09:20.304 [info] ExtensionService#_doActivateExtension vscode.merge-conflict, startup: false, activationEvent: 'onStartupFinished'
2023-01-12 05:09:20.304 [info] Eager extensions activated
2023-01-12 05:09:20.529 [warning] [Decorations] CAPPING events from decorations provider vscode.git 3516
2023-01-12 05:09:21.273 [info] ExtensionService#_doActivateExtension vscode.configuration-editing, startup: false, activationEvent: 'onLanguage:jsonc'
2023-01-12 05:09:21.274 [info] ExtensionService#_doActivateExtension vscode.json-language-features, startup: false, activationEvent: 'onLanguage:jsonc'
2023-01-12 05:09:21.277 [info] ExtensionService#_doActivateExtension vscode.typescript-language-features, startup: false, activationEvent: 'onLanguage:jsonc'
2023-01-12 05:09:21.665 [warning] [Decorations] CAPPING events from decorations provider vscode.git 3516
2023-01-12 05:09:22.585 [info] ExtensionService#_doActivateExtension GitHub.vscode-pull-request-github, startup: false, activationEvent: 'onStartupFinished'
2023-01-12 05:09:24.909 [warning] [Decorations] CAPPING events from decorations provider vscode.git 3519
2023-01-12 05:09:30.182 [warning] [Decorations] CAPPING events from decorations provider vscode.git 3520
2023-01-12 05:09:35.451 [warning] [Decorations] CAPPING events from decorations provider vscode.git 3520
2023-01-12 05:09:41.483 [warning] [Decorations] CAPPING events from decorations provider vscode.git 3520
2023-01-12 05:09:46.754 [warning] [Decorations] CAPPING events from decorations provider vscode.git 3520
2023-01-12 05:09:49.390 [info] ExtensionService#_doActivateExtension vscode.extension-editing, startup: false, activationEvent: 'onLanguage:ignore'
2023-01-12 05:09:49.391 [info] ExtensionService#_doActivateExtension vscode.npm, startup: false, activationEvent: 'onLanguage:ignore'
2023-01-12 05:09:50.227 [warning] [Decorations] CAPPING events from decorations provider vscode.git 3521
2023-01-12 05:09:52.011 [warning] [Decorations] CAPPING events from decorations provider vscode.git 3520
