[Info  - 3:24:42 AM] 2023/01/10 03:24:42 go env for /home/thomasxucpa
(root /home/thomasxucpa)
(go version go version go1.19.4 linux/amd64)
(valid build configuration = false)
(build flags: [])
GOPROXY=https://proxy.golang.org,direct
GONOPROXY=
GOFLAGS=
GOPRIVATE=
GOINSECURE=
GOROOT=/usr/lib/go-1.19
GO111MODULE=
GOCACHE=/home/thomasxucpa/.cache/go-build
GOMODCACHE=/home/thomasxucpa/go/pkg/mod
GONOSUMDB=
GOSUMDB=sum.golang.org
GOPATH=/home/thomasxucpa/go
GOWORK=
GOMOD=/dev/null


[Info  - 3:24:42 AM] 2023/01/10 03:24:42 go/packages.Load #1
	snapshot=0
	directory=file:///home/thomasxucpa
	query=[./ builtin]
	packages=2

[Info  - 3:24:42 AM] 2023/01/10 03:24:42 go/packages.Load #1: updating metadata for 0 packages

[Info  - 3:24:43 AM] 2023/01/10 03:24:43 go/packages.Load #2
	snapshot=1
	directory=file:///home/thomasxucpa
	query=[file=/home/thomasxucpa/go/src/around/main.go]
	packages=1

[Info  - 3:24:43 AM] 2023/01/10 03:24:43 go/packages.Load #2
	snapshot=1
	directory=file:///home/thomasxucpa
	package="around"
	files=[/home/thomasxucpa/go/src/around/main.go]

[Info  - 3:24:43 AM] 2023/01/10 03:24:43 go/packages.Load #2: updating metadata for 41 packages

[Info  - 3:24:43 AM] 2023/01/10 03:24:43 go/packages.Load #3
	snapshot=1
	directory=file:///home/thomasxucpa
	package="around"
	files=[/home/thomasxucpa/go/src/around/main.go]

[Info  - 3:24:43 AM] 2023/01/10 03:24:43 go/packages.Load #3
	snapshot=1
	directory=file:///home/thomasxucpa
	query=[file=/home/thomasxucpa/go/src/around/main.go]
	packages=1

[Info  - 3:24:43 AM] 2023/01/10 03:24:43 go/packages.Load #3: updating metadata for 0 packages

[Info  - 3:25:15 AM] 2023/01/10 03:25:15 Shutdown session
	shutdown_session=1

