Starting linting the current package at /home/thomasxucpa/go/src/around/backend
Starting linting the current package at /home/thomasxucpa/go/src/around/backend
Starting linting the current package at /home/thomasxucpa/go/src/around/backend
Starting linting the current package at /home/thomasxucpa/go/src/around/backend
Starting linting the current package at /home/thomasxucpa/go/src/around/backend
Starting linting the current package at /home/thomasxucpa/go/src/around/backend
Starting linting the current package at /home/thomasxucpa/go/src/around/backend
Starting linting the current package at /home/thomasxucpa/go/src/around/backend
Starting linting the current package at /home/thomasxucpa/go/src/around/backend
Starting linting the current package at /home/thomasxucpa/go/src/around/backend
Starting linting the current package at /home/thomasxucpa/go/src/around/backend
Starting linting the current package at /home/thomasxucpa/go/src/around/backend
Starting linting the current package at /home/thomasxucpa/go/src/around/backend
Starting linting the current package at /home/thomasxucpa/go/src/around/backend
Starting linting the current package at /home/thomasxucpa/go/src/around/backend
Starting linting the current package at /home/thomasxucpa/go/src/around/backend
Starting linting the current package at /home/thomasxucpa/go/src/around/backend
Starting linting the current package at /home/thomasxucpa/go/src/around/backend
Starting linting the current package at /home/thomasxucpa/go/src/around/backend
Starting linting the current package at /home/thomasxucpa/go/src/around/backend
Starting linting the current package at /home/thomasxucpa/go/src/around/backend
Starting linting the current package at /home/thomasxucpa/go/src/around/backend
Starting linting the current package at /home/thomasxucpa/go/src/around/backend
Starting linting the current package at /home/thomasxucpa/go/src/around/backend
Starting linting the current package at /home/thomasxucpa/go/src/around/backend
Starting linting the current package at /home/thomasxucpa/go/src/around/backend
Starting linting the current package at /home/thomasxucpa/go/src/around/backend
Starting linting the current package at /home/thomasxucpa/go/src/around/backend
Starting linting the current package at /home/thomasxucpa/go/src/around/backend
Starting linting the current package at /home/thomasxucpa/go/src/around/backend
Starting linting the current package at /home/thomasxucpa/go/src/around/backend
Starting linting the current package at /home/thomasxucpa/go/src/around/service
Starting linting the current package at /home/thomasxucpa/go/src/around/service
Starting linting the current package at /home/thomasxucpa/go/src/around/handler
Starting linting the current package at /home/thomasxucpa/go/src/around/handler
Starting linting the current package at /home/thomasxucpa/go/src/around/handler
Starting linting the current package at /home/thomasxucpa/go/src/around/handler
Starting linting the current package at /home/thomasxucpa/go/src/around/handler
Starting linting the current package at /home/thomasxucpa/go/src/around
Starting linting the current package at /home/thomasxucpa/go/src/around
Starting linting the current package at /home/thomasxucpa/go/src/around/constants
Starting linting the current package at /home/thomasxucpa/go/src/around/constants
Starting linting the current package at /home/thomasxucpa/go/src/around/backend
Starting linting the current package at /home/thomasxucpa/go/src/around/backend
Starting linting the current package at /home/thomasxucpa/go/src/around/backend
Starting linting the current package at /home/thomasxucpa/go/src/around/backend
Starting linting the current package at /home/thomasxucpa/go/src/around/backend
Starting linting the current package at /home/thomasxucpa/go/src/around/backend
Starting linting the current package at /home/thomasxucpa/go/src/around/backend
Starting linting the current package at /home/thomasxucpa/go/src/around/backend
Starting linting the current package at /home/thomasxucpa/go/src/around/backend
Starting linting the current package at /home/thomasxucpa/go/src/around/backend
Starting linting the current package at /home/thomasxucpa/go/src/around/backend
Starting linting the current package at /home/thomasxucpa/go/src/around/backend
Starting linting the current package at /home/thomasxucpa/go/src/around/backend
Starting linting the current package at /home/thomasxucpa/go/src/around/backend
Starting linting the current package at /home/thomasxucpa/go/src/around/backend
Starting linting the current package at /home/thomasxucpa/go/src/around/backend
Starting linting the current package at /home/thomasxucpa/go/src/around/backend
Starting linting the current package at /home/thomasxucpa/go/src/around/backend
Starting linting the current package at /home/thomasxucpa/go/src/around/backend
Starting linting the current package at /home/thomasxucpa/go/src/around/backend
Starting linting the current package at /home/thomasxucpa/go/src/around/backend
Starting linting the current package at /home/thomasxucpa/go/src/around/backend
Starting linting the current package at /home/thomasxucpa/go/src/around/backend
Starting linting the current package at /home/thomasxucpa/go/src/around/backend
Starting linting the current package at /home/thomasxucpa/go/src/around/backend
Starting linting the current package at /home/thomasxucpa/go/src/around/backend
Starting linting the current package at /home/thomasxucpa/go/src/around/service
Starting linting the current package at /home/thomasxucpa/go/src/around/service
Starting linting the current package at /home/thomasxucpa/go/src/around/service
Starting linting the current package at /home/thomasxucpa/go/src/around/backend
Starting linting the current package at /home/thomasxucpa/go/src/around/backend
Starting linting the current package at /home/thomasxucpa/go/src/around/backend
Starting linting the current package at /home/thomasxucpa/go/src/around/backend
