2023-01-14 23:23:51.506 [info] Log level: Info
2023-01-14 23:23:51.506 [info] Validating found git in: "git"
2023-01-14 23:23:51.506 [info] Using git "2.17.1" from "git"
2023-01-14 23:23:51.506 [info] > git rev-parse --show-toplevel [15ms]
2023-01-14 23:23:51.506 [info] > git rev-parse --git-dir --git-common-dir [3ms]
2023-01-14 23:23:51.506 [info] Open repository: /home/thomasxucpa
2023-01-14 23:23:51.506 [info] > git rev-parse --show-toplevel [9ms]
2023-01-14 23:23:51.506 [info] > git rev-parse --show-toplevel [2ms]
2023-01-14 23:23:51.506 [info] > git config --get commit.template [14ms]
2023-01-14 23:23:51.506 [info] > git rev-parse --show-toplevel [4ms]
2023-01-14 23:23:51.506 [info] > git rev-parse --show-toplevel [78ms]
2023-01-14 23:23:51.506 [info] > git rev-parse --show-toplevel [3ms]
2023-01-14 23:23:51.506 [info] > git for-each-ref --format=%(refname)%00%(upstream:short)%00%(objectname)%00%(upstream:track)%00%(upstream:remotename)%00%(upstream:remoteref) refs/heads/master refs/remotes/master [86ms]
2023-01-14 23:23:51.506 [info] > git for-each-ref --sort -committerdate --format %(refname) %(objectname) %(*objectname) [14ms]
2023-01-14 23:23:51.738 [info] > git check-ignore -v -z --stdin [46ms]
2023-01-14 23:23:51.803 [info] > git config --local branch.master.github-pr-owner-number [26ms]
2023-01-14 23:23:52.026 [info] > git status -z -uall [921ms]
2023-01-14 23:23:53.398 [info] > git config --get commit.template [28ms]
2023-01-14 23:23:53.412 [info] > git for-each-ref --format=%(refname)%00%(upstream:short)%00%(objectname)%00%(upstream:track)%00%(upstream:remotename)%00%(upstream:remoteref) refs/heads/master refs/remotes/master [4ms]
2023-01-14 23:23:53.432 [info] > git for-each-ref --sort -committerdate --format %(refname) %(objectname) %(*objectname) [3ms]
2023-01-14 23:23:53.850 [info] > git status -z -uall [430ms]
2023-01-14 23:23:56.026 [info] > git check-ignore -v -z --stdin [5ms]
2023-01-14 23:24:11.209 [info] > git check-ignore -v -z --stdin [5ms]
2023-01-14 23:24:12.392 [info] > git check-ignore -v -z --stdin [8ms]
2023-01-14 23:24:19.172 [info] > git check-ignore -v -z --stdin [4ms]
2023-01-14 23:24:25.780 [info] > git check-ignore -v -z --stdin [29ms]
2023-01-14 23:24:25.911 [info] > git show --textconv :go/src/around/backend/gcs.go [26ms]
2023-01-14 23:24:25.916 [info] > git ls-files --stage -- /home/thomasxucpa/go/src/around/backend/gcs.go [21ms]
2023-01-14 23:24:26.242 [info] > git config --get commit.template [1ms]
2023-01-14 23:24:26.261 [info] > git for-each-ref --format=%(refname)%00%(upstream:short)%00%(objectname)%00%(upstream:track)%00%(upstream:remotename)%00%(upstream:remoteref) refs/heads/master refs/remotes/master [3ms]
2023-01-14 23:24:26.296 [info] > git for-each-ref --sort -committerdate --format %(refname) %(objectname) %(*objectname) [13ms]
2023-01-14 23:24:26.792 [info] > git status -z -uall [523ms]
2023-01-14 23:25:23.382 [info] > git config --get commit.template [2ms]
2023-01-14 23:25:23.393 [info] > git for-each-ref --format=%(refname)%00%(upstream:short)%00%(objectname)%00%(upstream:track)%00%(upstream:remotename)%00%(upstream:remoteref) refs/heads/master refs/remotes/master [0ms]
2023-01-14 23:25:23.416 [info] > git for-each-ref --sort -committerdate --format %(refname) %(objectname) %(*objectname) [1ms]
2023-01-14 23:25:23.781 [info] > git status -z -uall [378ms]
2023-01-14 23:25:29.224 [info] > git config --get commit.template [10ms]
2023-01-14 23:25:29.227 [info] > git for-each-ref --format=%(refname)%00%(upstream:short)%00%(objectname)%00%(upstream:track)%00%(upstream:remotename)%00%(upstream:remoteref) refs/heads/master refs/remotes/master [4ms]
2023-01-14 23:25:29.296 [info] > git for-each-ref --sort -committerdate --format %(refname) %(objectname) %(*objectname) [11ms]
2023-01-14 23:25:29.961 [info] > git status -z -uall [726ms]
2023-01-14 23:25:35.247 [info] > git config --get commit.template [2ms]
2023-01-14 23:25:35.258 [info] > git for-each-ref --format=%(refname)%00%(upstream:short)%00%(objectname)%00%(upstream:track)%00%(upstream:remotename)%00%(upstream:remoteref) refs/heads/master refs/remotes/master [0ms]
2023-01-14 23:25:35.285 [info] > git for-each-ref --sort -committerdate --format %(refname) %(objectname) %(*objectname) [4ms]
2023-01-14 23:25:35.656 [info] > git status -z -uall [388ms]
2023-01-14 23:27:43.868 [info] > git config --get commit.template [12ms]
2023-01-14 23:27:43.869 [info] > git for-each-ref --format=%(refname)%00%(upstream:short)%00%(objectname)%00%(upstream:track)%00%(upstream:remotename)%00%(upstream:remoteref) refs/heads/master refs/remotes/master [3ms]
2023-01-14 23:27:43.886 [info] > git for-each-ref --sort -committerdate --format %(refname) %(objectname) %(*objectname) [5ms]
2023-01-14 23:27:44.453 [info] > git status -z -uall [578ms]
2023-01-14 23:27:53.305 [info] > git for-each-ref --format=%(refname)%00%(upstream:short)%00%(objectname)%00%(upstream:track)%00%(upstream:remotename)%00%(upstream:remoteref) refs/heads/master refs/remotes/master [1ms]
2023-01-14 23:27:53.305 [info] > git config --get commit.template [13ms]
2023-01-14 23:27:53.385 [info] > git for-each-ref --sort -committerdate --format %(refname) %(objectname) %(*objectname) [5ms]
2023-01-14 23:27:53.693 [info] > git status -z -uall [377ms]
2023-01-14 23:28:00.283 [info] > git config --get commit.template [2ms]
2023-01-14 23:28:00.294 [info] > git for-each-ref --format=%(refname)%00%(upstream:short)%00%(objectname)%00%(upstream:track)%00%(upstream:remotename)%00%(upstream:remoteref) refs/heads/master refs/remotes/master [2ms]
2023-01-14 23:28:00.364 [info] > git for-each-ref --sort -committerdate --format %(refname) %(objectname) %(*objectname) [4ms]
2023-01-14 23:28:00.678 [info] > git status -z -uall [370ms]
2023-01-14 23:28:20.595 [info] > git config --get commit.template [1ms]
2023-01-14 23:28:20.608 [info] > git for-each-ref --format=%(refname)%00%(upstream:short)%00%(objectname)%00%(upstream:track)%00%(upstream:remotename)%00%(upstream:remoteref) refs/heads/master refs/remotes/master [4ms]
2023-01-14 23:28:20.673 [info] > git for-each-ref --sort -committerdate --format %(refname) %(objectname) %(*objectname) [14ms]
2023-01-14 23:28:21.017 [info] > git status -z -uall [400ms]
2023-01-14 23:28:29.195 [info] > git config --get commit.template [2ms]
2023-01-14 23:28:29.207 [info] > git for-each-ref --format=%(refname)%00%(upstream:short)%00%(objectname)%00%(upstream:track)%00%(upstream:remotename)%00%(upstream:remoteref) refs/heads/master refs/remotes/master [0ms]
2023-01-14 23:28:29.232 [info] > git for-each-ref --sort -committerdate --format %(refname) %(objectname) %(*objectname) [4ms]
2023-01-14 23:28:29.587 [info] > git status -z -uall [371ms]
2023-01-14 23:28:48.948 [info] > git config --get commit.template [1ms]
2023-01-14 23:28:48.961 [info] > git for-each-ref --format=%(refname)%00%(upstream:short)%00%(objectname)%00%(upstream:track)%00%(upstream:remotename)%00%(upstream:remoteref) refs/heads/master refs/remotes/master [1ms]
2023-01-14 23:28:49.022 [info] > git for-each-ref --sort -committerdate --format %(refname) %(objectname) %(*objectname) [35ms]
2023-01-14 23:28:49.432 [info] > git status -z -uall [460ms]
2023-01-14 23:29:01.099 [info] > git config --get commit.template [2ms]
2023-01-14 23:29:01.111 [info] > git for-each-ref --format=%(refname)%00%(upstream:short)%00%(objectname)%00%(upstream:track)%00%(upstream:remotename)%00%(upstream:remoteref) refs/heads/master refs/remotes/master [1ms]
2023-01-14 23:29:01.133 [info] > git for-each-ref --sort -committerdate --format %(refname) %(objectname) %(*objectname) [1ms]
2023-01-14 23:29:01.492 [info] > git status -z -uall [371ms]
2023-01-14 23:29:06.700 [info] > git for-each-ref --format=%(refname)%00%(upstream:short)%00%(objectname)%00%(upstream:track)%00%(upstream:remotename)%00%(upstream:remoteref) refs/heads/master refs/remotes/master [1ms]
2023-01-14 23:29:06.700 [info] > git config --get commit.template [14ms]
2023-01-14 23:29:06.770 [info] > git for-each-ref --sort -committerdate --format %(refname) %(objectname) %(*objectname) [9ms]
2023-01-14 23:29:07.086 [info] > git status -z -uall [374ms]
2023-01-14 23:29:14.205 [info] > git config --get commit.template [1ms]
2023-01-14 23:29:14.215 [info] > git for-each-ref --format=%(refname)%00%(upstream:short)%00%(objectname)%00%(upstream:track)%00%(upstream:remotename)%00%(upstream:remoteref) refs/heads/master refs/remotes/master [1ms]
2023-01-14 23:29:14.235 [info] > git for-each-ref --sort -committerdate --format %(refname) %(objectname) %(*objectname) [1ms]
2023-01-14 23:29:14.593 [info] > git status -z -uall [369ms]
2023-01-14 23:29:19.787 [info] > git config --get commit.template [1ms]
2023-01-14 23:29:19.799 [info] > git for-each-ref --format=%(refname)%00%(upstream:short)%00%(objectname)%00%(upstream:track)%00%(upstream:remotename)%00%(upstream:remoteref) refs/heads/master refs/remotes/master [3ms]
2023-01-14 23:29:19.823 [info] > git for-each-ref --sort -committerdate --format %(refname) %(objectname) %(*objectname) [4ms]
2023-01-14 23:29:20.209 [info] > git status -z -uall [401ms]
2023-01-14 23:29:26.354 [info] > git config --get commit.template [2ms]
2023-01-14 23:29:26.365 [info] > git for-each-ref --format=%(refname)%00%(upstream:short)%00%(objectname)%00%(upstream:track)%00%(upstream:remotename)%00%(upstream:remoteref) refs/heads/master refs/remotes/master [1ms]
2023-01-14 23:29:26.430 [info] > git for-each-ref --sort -committerdate --format %(refname) %(objectname) %(*objectname) [4ms]
2023-01-14 23:29:26.759 [info] > git status -z -uall [379ms]
2023-01-14 23:29:33.836 [info] > git config --get commit.template [1ms]
2023-01-14 23:29:33.846 [info] > git for-each-ref --format=%(refname)%00%(upstream:short)%00%(objectname)%00%(upstream:track)%00%(upstream:remotename)%00%(upstream:remoteref) refs/heads/master refs/remotes/master [2ms]
2023-01-14 23:29:33.907 [info] > git for-each-ref --sort -committerdate --format %(refname) %(objectname) %(*objectname) [4ms]
2023-01-14 23:29:34.243 [info] > git status -z -uall [387ms]
2023-01-14 23:29:39.441 [info] > git config --get commit.template [1ms]
2023-01-14 23:29:39.458 [info] > git for-each-ref --format=%(refname)%00%(upstream:short)%00%(objectname)%00%(upstream:track)%00%(upstream:remotename)%00%(upstream:remoteref) refs/heads/master refs/remotes/master [7ms]
2023-01-14 23:29:39.494 [info] > git for-each-ref --sort -committerdate --format %(refname) %(objectname) %(*objectname) [6ms]
2023-01-14 23:29:39.857 [info] > git status -z -uall [379ms]
2023-01-14 23:29:45.053 [info] > git config --get commit.template [2ms]
2023-01-14 23:29:45.065 [info] > git for-each-ref --format=%(refname)%00%(upstream:short)%00%(objectname)%00%(upstream:track)%00%(upstream:remotename)%00%(upstream:remoteref) refs/heads/master refs/remotes/master [1ms]
2023-01-14 23:29:45.127 [info] > git for-each-ref --sort -committerdate --format %(refname) %(objectname) %(*objectname) [36ms]
2023-01-14 23:29:45.483 [info] > git status -z -uall [403ms]
2023-01-14 23:30:43.480 [info] > git config --get commit.template [1ms]
2023-01-14 23:30:43.489 [info] > git for-each-ref --format=%(refname)%00%(upstream:short)%00%(objectname)%00%(upstream:track)%00%(upstream:remotename)%00%(upstream:remoteref) refs/heads/master refs/remotes/master [1ms]
2023-01-14 23:30:43.555 [info] > git for-each-ref --sort -committerdate --format %(refname) %(objectname) %(*objectname) [3ms]
2023-01-14 23:30:43.887 [info] > git status -z -uall [387ms]
2023-01-14 23:31:34.340 [info] > git config --get commit.template [1ms]
2023-01-14 23:31:34.349 [info] > git for-each-ref --format=%(refname)%00%(upstream:short)%00%(objectname)%00%(upstream:track)%00%(upstream:remotename)%00%(upstream:remoteref) refs/heads/master refs/remotes/master [0ms]
2023-01-14 23:31:34.366 [info] > git for-each-ref --sort -committerdate --format %(refname) %(objectname) %(*objectname) [4ms]
2023-01-14 23:31:34.751 [info] > git status -z -uall [396ms]
2023-01-14 23:32:03.218 [info] > git config --get commit.template [1ms]
2023-01-14 23:32:03.229 [info] > git for-each-ref --format=%(refname)%00%(upstream:short)%00%(objectname)%00%(upstream:track)%00%(upstream:remotename)%00%(upstream:remoteref) refs/heads/master refs/remotes/master [1ms]
2023-01-14 23:32:03.255 [info] > git for-each-ref --sort -committerdate --format %(refname) %(objectname) %(*objectname) [4ms]
2023-01-14 23:32:03.634 [info] > git status -z -uall [394ms]
2023-01-14 23:32:08.833 [info] > git config --get commit.template [1ms]
2023-01-14 23:32:08.845 [info] > git for-each-ref --format=%(refname)%00%(upstream:short)%00%(objectname)%00%(upstream:track)%00%(upstream:remotename)%00%(upstream:remoteref) refs/heads/master refs/remotes/master [1ms]
2023-01-14 23:32:08.903 [info] > git for-each-ref --sort -committerdate --format %(refname) %(objectname) %(*objectname) [2ms]
2023-01-14 23:32:09.226 [info] > git status -z -uall [370ms]
2023-01-14 23:32:14.423 [info] > git config --get commit.template [1ms]
2023-01-14 23:32:14.450 [info] > git for-each-ref --format=%(refname)%00%(upstream:short)%00%(objectname)%00%(upstream:track)%00%(upstream:remotename)%00%(upstream:remoteref) refs/heads/master refs/remotes/master [4ms]
2023-01-14 23:32:14.625 [info] > git for-each-ref --sort -committerdate --format %(refname) %(objectname) %(*objectname) [52ms]
2023-01-14 23:32:14.957 [info] > git status -z -uall [443ms]
2023-01-14 23:33:12.835 [info] > git config --get commit.template [9ms]
2023-01-14 23:33:12.835 [info] > git for-each-ref --format=%(refname)%00%(upstream:short)%00%(objectname)%00%(upstream:track)%00%(upstream:remotename)%00%(upstream:remoteref) refs/heads/master refs/remotes/master [1ms]
2023-01-14 23:33:12.854 [info] > git for-each-ref --sort -committerdate --format %(refname) %(objectname) %(*objectname) [1ms]
2023-01-14 23:33:13.230 [info] > git status -z -uall [385ms]
2023-01-14 23:36:45.049 [info] > git config --get commit.template [1ms]
2023-01-14 23:36:45.056 [info] > git for-each-ref --format=%(refname)%00%(upstream:short)%00%(objectname)%00%(upstream:track)%00%(upstream:remotename)%00%(upstream:remoteref) refs/heads/master refs/remotes/master [1ms]
2023-01-14 23:36:45.072 [info] > git for-each-ref --sort -committerdate --format %(refname) %(objectname) %(*objectname) [0ms]
2023-01-14 23:36:45.444 [info] > git status -z -uall [380ms]
2023-01-14 23:38:06.870 [info] > git show --textconv :go/src/around/backend/elasticsearch.go [16ms]
2023-01-14 23:38:06.873 [info] > git ls-files --stage -- /home/thomasxucpa/go/src/around/backend/elasticsearch.go [11ms]
2023-01-14 23:38:06.882 [info] > git cat-file -s 0cb2bfdff5e1adb9655d10a0ed110d59ab251173 [1ms]
2023-01-14 23:38:08.119 [info] > git for-each-ref --format=%(refname)%00%(upstream:short)%00%(objectname)%00%(upstream:track)%00%(upstream:remotename)%00%(upstream:remoteref) refs/heads/master refs/remotes/master [0ms]
2023-01-14 23:38:08.119 [info] > git config --get commit.template [10ms]
2023-01-14 23:38:08.139 [info] > git for-each-ref --sort -committerdate --format %(refname) %(objectname) %(*objectname) [3ms]
2023-01-14 23:38:08.518 [info] > git status -z -uall [392ms]
2023-01-14 23:38:14.825 [info] > git config --get commit.template [1ms]
2023-01-14 23:38:14.836 [info] > git for-each-ref --format=%(refname)%00%(upstream:short)%00%(objectname)%00%(upstream:track)%00%(upstream:remotename)%00%(upstream:remoteref) refs/heads/master refs/remotes/master [1ms]
2023-01-14 23:38:14.856 [info] > git for-each-ref --sort -committerdate --format %(refname) %(objectname) %(*objectname) [1ms]
2023-01-14 23:38:15.210 [info] > git status -z -uall [366ms]
2023-01-14 23:38:32.290 [info] > git config --get commit.template [1ms]
2023-01-14 23:38:32.300 [info] > git for-each-ref --format=%(refname)%00%(upstream:short)%00%(objectname)%00%(upstream:track)%00%(upstream:remotename)%00%(upstream:remoteref) refs/heads/master refs/remotes/master [0ms]
2023-01-14 23:38:32.319 [info] > git for-each-ref --sort -committerdate --format %(refname) %(objectname) %(*objectname) [1ms]
2023-01-14 23:38:32.691 [info] > git status -z -uall [382ms]
2023-01-14 23:39:57.864 [info] > git config --get commit.template [1ms]
2023-01-14 23:39:57.873 [info] > git for-each-ref --format=%(refname)%00%(upstream:short)%00%(objectname)%00%(upstream:track)%00%(upstream:remotename)%00%(upstream:remoteref) refs/heads/master refs/remotes/master [1ms]
2023-01-14 23:39:57.888 [info] > git for-each-ref --sort -committerdate --format %(refname) %(objectname) %(*objectname) [1ms]
2023-01-14 23:39:58.282 [info] > git status -z -uall [403ms]
2023-01-14 23:40:03.608 [info] > git config --get commit.template [1ms]
2023-01-14 23:40:03.618 [info] > git for-each-ref --format=%(refname)%00%(upstream:short)%00%(objectname)%00%(upstream:track)%00%(upstream:remotename)%00%(upstream:remoteref) refs/heads/master refs/remotes/master [2ms]
2023-01-14 23:40:03.681 [info] > git for-each-ref --sort -committerdate --format %(refname) %(objectname) %(*objectname) [34ms]
2023-01-14 23:40:04.004 [info] > git status -z -uall [375ms]
2023-01-14 23:41:35.289 [info] > git config --get commit.template [3ms]
2023-01-14 23:41:35.297 [info] > git for-each-ref --format=%(refname)%00%(upstream:short)%00%(objectname)%00%(upstream:track)%00%(upstream:remotename)%00%(upstream:remoteref) refs/heads/master refs/remotes/master [1ms]
2023-01-14 23:41:35.315 [info] > git for-each-ref --sort -committerdate --format %(refname) %(objectname) %(*objectname) [3ms]
2023-01-14 23:41:35.724 [info] > git status -z -uall [420ms]
2023-01-14 23:45:39.888 [info] > git config --get commit.template [1ms]
2023-01-14 23:45:39.897 [info] > git for-each-ref --format=%(refname)%00%(upstream:short)%00%(objectname)%00%(upstream:track)%00%(upstream:remotename)%00%(upstream:remoteref) refs/heads/master refs/remotes/master [1ms]
2023-01-14 23:45:39.917 [info] > git for-each-ref --sort -committerdate --format %(refname) %(objectname) %(*objectname) [4ms]
2023-01-14 23:45:40.294 [info] > git status -z -uall [389ms]
2023-01-14 23:45:47.244 [info] > git config --get commit.template [1ms]
2023-01-14 23:45:47.255 [info] > git for-each-ref --format=%(refname)%00%(upstream:short)%00%(objectname)%00%(upstream:track)%00%(upstream:remotename)%00%(upstream:remoteref) refs/heads/master refs/remotes/master [1ms]
2023-01-14 23:45:47.308 [info] > git for-each-ref --sort -committerdate --format %(refname) %(objectname) %(*objectname) [30ms]
2023-01-14 23:45:47.645 [info] > git status -z -uall [377ms]
2023-01-14 23:45:53.402 [info] > git config --get commit.template [1ms]
2023-01-14 23:45:53.412 [info] > git for-each-ref --format=%(refname)%00%(upstream:short)%00%(objectname)%00%(upstream:track)%00%(upstream:remotename)%00%(upstream:remoteref) refs/heads/master refs/remotes/master [1ms]
2023-01-14 23:45:53.459 [info] > git for-each-ref --sort -committerdate --format %(refname) %(objectname) %(*objectname) [28ms]
2023-01-14 23:45:53.798 [info] > git status -z -uall [378ms]
2023-01-14 23:45:59.001 [info] > git config --get commit.template [1ms]
2023-01-14 23:45:59.011 [info] > git for-each-ref --format=%(refname)%00%(upstream:short)%00%(objectname)%00%(upstream:track)%00%(upstream:remotename)%00%(upstream:remoteref) refs/heads/master refs/remotes/master [0ms]
2023-01-14 23:45:59.031 [info] > git for-each-ref --sort -committerdate --format %(refname) %(objectname) %(*objectname) [1ms]
2023-01-14 23:45:59.400 [info] > git status -z -uall [380ms]
2023-01-14 23:46:04.616 [info] > git config --get commit.template [18ms]
2023-01-14 23:46:04.617 [info] > git for-each-ref --format=%(refname)%00%(upstream:short)%00%(objectname)%00%(upstream:track)%00%(upstream:remotename)%00%(upstream:remoteref) refs/heads/master refs/remotes/master [6ms]
2023-01-14 23:46:04.665 [info] > git for-each-ref --sort -committerdate --format %(refname) %(objectname) %(*objectname) [25ms]
2023-01-14 23:46:05.053 [info] > git status -z -uall [425ms]
2023-01-14 23:46:10.297 [info] > git config --get commit.template [24ms]
2023-01-14 23:46:10.297 [info] > git for-each-ref --format=%(refname)%00%(upstream:short)%00%(objectname)%00%(upstream:track)%00%(upstream:remotename)%00%(upstream:remoteref) refs/heads/master refs/remotes/master [1ms]
2023-01-14 23:46:10.323 [info] > git for-each-ref --sort -committerdate --format %(refname) %(objectname) %(*objectname) [4ms]
2023-01-14 23:46:10.733 [info] > git status -z -uall [425ms]
2023-01-14 23:46:15.916 [info] > git config --get commit.template [1ms]
2023-01-14 23:46:15.930 [info] > git for-each-ref --format=%(refname)%00%(upstream:short)%00%(objectname)%00%(upstream:track)%00%(upstream:remotename)%00%(upstream:remoteref) refs/heads/master refs/remotes/master [1ms]
2023-01-14 23:46:15.995 [info] > git for-each-ref --sort -committerdate --format %(refname) %(objectname) %(*objectname) [13ms]
2023-01-14 23:46:16.362 [info] > git status -z -uall [417ms]
2023-01-15 02:44:39.226 [info] > git config --get commit.template [8ms]
2023-01-15 02:44:39.230 [info] > git for-each-ref --format=%(refname)%00%(upstream:short)%00%(objectname)%00%(upstream:track)%00%(upstream:remotename)%00%(upstream:remoteref) refs/heads/master refs/remotes/master [4ms]
2023-01-15 02:44:39.244 [info] > git for-each-ref --sort -committerdate --format %(refname) %(objectname) %(*objectname) [1ms]
2023-01-15 02:44:40.017 [info] > git status -z -uall [782ms]
2023-01-15 03:12:31.088 [info] > git check-ignore -v -z --stdin [20ms]
2023-01-15 03:14:25.863 [info] > git check-ignore -v -z --stdin [27ms]
2023-01-15 03:14:28.835 [info] > git check-ignore -v -z --stdin [7ms]
2023-01-15 03:15:11.339 [info] > git check-ignore -v -z --stdin [3ms]
2023-01-15 03:15:12.632 [info] > git check-ignore -v -z --stdin [8ms]
2023-01-15 03:15:13.442 [info] > git show --textconv :go/src/around/handler/post.go [41ms]
2023-01-15 03:15:13.449 [info] > git ls-files --stage -- /home/thomasxucpa/go/src/around/handler/post.go [12ms]
2023-01-15 03:15:13.458 [info] > git cat-file -s c3a1b08780804681d8d323ce18720a5044273a75 [3ms]
2023-01-15 03:15:14.667 [info] > git config --get commit.template [1ms]
2023-01-15 03:15:14.675 [info] > git for-each-ref --format=%(refname)%00%(upstream:short)%00%(objectname)%00%(upstream:track)%00%(upstream:remotename)%00%(upstream:remoteref) refs/heads/master refs/remotes/master [1ms]
2023-01-15 03:15:14.732 [info] > git for-each-ref --sort -committerdate --format %(refname) %(objectname) %(*objectname) [36ms]
2023-01-15 03:15:15.069 [info] > git status -z -uall [380ms]
2023-01-15 03:15:27.355 [info] > git check-ignore -v -z --stdin [7ms]
2023-01-15 03:15:28.273 [info] > git show --textconv :go/src/around/service/post.go [13ms]
2023-01-15 03:15:28.283 [info] > git ls-files --stage -- /home/thomasxucpa/go/src/around/service/post.go [11ms]
2023-01-15 03:15:28.295 [info] > git cat-file -s 2e4eef3dd49262a16a03746c706faabe387cf21a [1ms]
2023-01-15 03:15:29.490 [info] > git config --get commit.template [2ms]
2023-01-15 03:15:29.502 [info] > git for-each-ref --format=%(refname)%00%(upstream:short)%00%(objectname)%00%(upstream:track)%00%(upstream:remotename)%00%(upstream:remoteref) refs/heads/master refs/remotes/master [2ms]
2023-01-15 03:15:29.566 [info] > git for-each-ref --sort -committerdate --format %(refname) %(objectname) %(*objectname) [39ms]
2023-01-15 03:15:29.896 [info] > git status -z -uall [380ms]
2023-01-15 03:15:47.688 [info] > git config --get commit.template [1ms]
2023-01-15 03:15:47.701 [info] > git for-each-ref --format=%(refname)%00%(upstream:short)%00%(objectname)%00%(upstream:track)%00%(upstream:remotename)%00%(upstream:remoteref) refs/heads/master refs/remotes/master [1ms]
2023-01-15 03:15:47.768 [info] > git for-each-ref --sort -committerdate --format %(refname) %(objectname) %(*objectname) [12ms]
2023-01-15 03:15:48.090 [info] > git status -z -uall [374ms]
2023-01-15 03:15:54.506 [info] > git config --get commit.template [33ms]
2023-01-15 03:15:54.665 [info] > git for-each-ref --format=%(refname)%00%(upstream:short)%00%(objectname)%00%(upstream:track)%00%(upstream:remotename)%00%(upstream:remoteref) refs/heads/master refs/remotes/master [162ms]
2023-01-15 03:15:54.867 [info] > git for-each-ref --sort -committerdate --format %(refname) %(objectname) %(*objectname) [128ms]
2023-01-15 03:15:55.329 [info] > git status -z -uall [639ms]
2023-01-15 03:16:00.636 [info] > git config --get commit.template [1ms]
2023-01-15 03:16:00.650 [info] > git for-each-ref --format=%(refname)%00%(upstream:short)%00%(objectname)%00%(upstream:track)%00%(upstream:remotename)%00%(upstream:remoteref) refs/heads/master refs/remotes/master [1ms]
2023-01-15 03:16:00.765 [info] > git for-each-ref --sort -committerdate --format %(refname) %(objectname) %(*objectname) [48ms]
2023-01-15 03:16:01.129 [info] > git status -z -uall [465ms]
2023-01-15 03:16:11.797 [info] > git show --textconv :go/src/around/handler/post.go [13ms]
2023-01-15 03:16:11.804 [info] > git ls-files --stage -- /home/thomasxucpa/go/src/around/handler/post.go [7ms]
2023-01-15 03:16:11.816 [info] > git cat-file -s c3a1b08780804681d8d323ce18720a5044273a75 [1ms]
2023-01-15 03:16:12.999 [info] > git config --get commit.template [1ms]
2023-01-15 03:16:13.012 [info] > git for-each-ref --format=%(refname)%00%(upstream:short)%00%(objectname)%00%(upstream:track)%00%(upstream:remotename)%00%(upstream:remoteref) refs/heads/master refs/remotes/master [1ms]
2023-01-15 03:16:13.039 [info] > git for-each-ref --sort -committerdate --format %(refname) %(objectname) %(*objectname) [4ms]
2023-01-15 03:16:13.400 [info] > git status -z -uall [375ms]
2023-01-15 03:16:31.354 [info] > git config --get commit.template [1ms]
2023-01-15 03:16:31.368 [info] > git for-each-ref --format=%(refname)%00%(upstream:short)%00%(objectname)%00%(upstream:track)%00%(upstream:remotename)%00%(upstream:remoteref) refs/heads/master refs/remotes/master [1ms]
2023-01-15 03:16:31.434 [info] > git for-each-ref --sort -committerdate --format %(refname) %(objectname) %(*objectname) [39ms]
2023-01-15 03:16:31.758 [info] > git status -z -uall [378ms]
2023-01-15 03:17:18.557 [info] > git config --get commit.template [2ms]
2023-01-15 03:17:18.565 [info] > git for-each-ref --format=%(refname)%00%(upstream:short)%00%(objectname)%00%(upstream:track)%00%(upstream:remotename)%00%(upstream:remoteref) refs/heads/master refs/remotes/master [1ms]
2023-01-15 03:17:18.588 [info] > git for-each-ref --sort -committerdate --format %(refname) %(objectname) %(*objectname) [4ms]
2023-01-15 03:17:18.960 [info] > git status -z -uall [384ms]
2023-01-15 03:17:38.564 [info] > git for-each-ref --format=%(refname)%00%(upstream:short)%00%(objectname)%00%(upstream:track)%00%(upstream:remotename)%00%(upstream:remoteref) refs/heads/master refs/remotes/master [1ms]
2023-01-15 03:17:38.564 [info] > git config --get commit.template [14ms]
2023-01-15 03:17:38.625 [info] > git for-each-ref --sort -committerdate --format %(refname) %(objectname) %(*objectname) [36ms]
2023-01-15 03:17:38.972 [info] > git status -z -uall [396ms]
2023-01-15 03:17:47.248 [info] > git config --get commit.template [1ms]
2023-01-15 03:17:47.261 [info] > git for-each-ref --format=%(refname)%00%(upstream:short)%00%(objectname)%00%(upstream:track)%00%(upstream:remotename)%00%(upstream:remoteref) refs/heads/master refs/remotes/master [1ms]
2023-01-15 03:17:47.327 [info] > git for-each-ref --sort -committerdate --format %(refname) %(objectname) %(*objectname) [2ms]
2023-01-15 03:17:47.654 [info] > git status -z -uall [378ms]
2023-01-15 03:18:26.229 [info] > git config --get commit.template [1ms]
2023-01-15 03:18:26.238 [info] > git for-each-ref --format=%(refname)%00%(upstream:short)%00%(objectname)%00%(upstream:track)%00%(upstream:remotename)%00%(upstream:remoteref) refs/heads/master refs/remotes/master [1ms]
2023-01-15 03:18:26.257 [info] > git for-each-ref --sort -committerdate --format %(refname) %(objectname) %(*objectname) [1ms]
2023-01-15 03:18:26.648 [info] > git status -z -uall [401ms]
2023-01-15 03:18:35.437 [info] > git show --textconv :go/src/around/main.go [36ms]
2023-01-15 03:18:35.440 [info] > git ls-files --stage -- /home/thomasxucpa/go/src/around/main.go [15ms]
2023-01-15 03:18:35.466 [info] > git cat-file -s 2cc5f9ef67954f8c309032bff65168e56d78d82b [4ms]
2023-01-15 03:18:36.537 [info] > git for-each-ref --format=%(refname)%00%(upstream:short)%00%(objectname)%00%(upstream:track)%00%(upstream:remotename)%00%(upstream:remoteref) refs/heads/master refs/remotes/master [1ms]
2023-01-15 03:18:36.538 [info] > git config --get commit.template [14ms]
2023-01-15 03:18:36.598 [info] > git for-each-ref --sort -committerdate --format %(refname) %(objectname) %(*objectname) [8ms]
2023-01-15 03:18:36.925 [info] > git status -z -uall [377ms]
2023-01-15 03:18:44.249 [info] > git config --get commit.template [1ms]
2023-01-15 03:18:44.260 [info] > git for-each-ref --format=%(refname)%00%(upstream:short)%00%(objectname)%00%(upstream:track)%00%(upstream:remotename)%00%(upstream:remoteref) refs/heads/master refs/remotes/master [0ms]
2023-01-15 03:18:44.280 [info] > git for-each-ref --sort -committerdate --format %(refname) %(objectname) %(*objectname) [3ms]
2023-01-15 03:18:44.651 [info] > git status -z -uall [383ms]
2023-01-15 03:18:49.861 [info] > git config --get commit.template [1ms]
2023-01-15 03:18:49.873 [info] > git for-each-ref --format=%(refname)%00%(upstream:short)%00%(objectname)%00%(upstream:track)%00%(upstream:remotename)%00%(upstream:remoteref) refs/heads/master refs/remotes/master [1ms]
2023-01-15 03:18:49.930 [info] > git for-each-ref --sort -committerdate --format %(refname) %(objectname) %(*objectname) [34ms]
2023-01-15 03:18:50.265 [info] > git status -z -uall [381ms]
2023-01-15 03:18:55.469 [info] > git config --get commit.template [1ms]
2023-01-15 03:18:55.484 [info] > git for-each-ref --format=%(refname)%00%(upstream:short)%00%(objectname)%00%(upstream:track)%00%(upstream:remotename)%00%(upstream:remoteref) refs/heads/master refs/remotes/master [1ms]
2023-01-15 03:18:55.549 [info] > git for-each-ref --sort -committerdate --format %(refname) %(objectname) %(*objectname) [6ms]
2023-01-15 03:18:55.903 [info] > git status -z -uall [407ms]
2023-01-15 03:19:19.190 [info] > git config --get commit.template [23ms]
2023-01-15 03:19:19.209 [info] > git for-each-ref --format=%(refname)%00%(upstream:short)%00%(objectname)%00%(upstream:track)%00%(upstream:remotename)%00%(upstream:remoteref) refs/heads/master refs/remotes/master [22ms]
2023-01-15 03:19:19.263 [info] > git for-each-ref --sort -committerdate --format %(refname) %(objectname) %(*objectname) [14ms]
2023-01-15 03:19:20.297 [info] > git status -z -uall [1067ms]
2023-01-15 03:20:35.025 [info] > git config --get commit.template [2ms]
2023-01-15 03:20:35.035 [info] > git for-each-ref --format=%(refname)%00%(upstream:short)%00%(objectname)%00%(upstream:track)%00%(upstream:remotename)%00%(upstream:remoteref) refs/heads/master refs/remotes/master [3ms]
2023-01-15 03:20:35.057 [info] > git for-each-ref --sort -committerdate --format %(refname) %(objectname) %(*objectname) [5ms]
2023-01-15 03:20:36.418 [info] > git status -z -uall [1374ms]
2023-01-15 03:20:41.737 [info] > git config --get commit.template [0ms]
2023-01-15 03:20:41.748 [info] > git for-each-ref --format=%(refname)%00%(upstream:short)%00%(objectname)%00%(upstream:track)%00%(upstream:remotename)%00%(upstream:remoteref) refs/heads/master refs/remotes/master [1ms]
2023-01-15 03:20:41.805 [info] > git for-each-ref --sort -committerdate --format %(refname) %(objectname) %(*objectname) [38ms]
2023-01-15 03:20:42.126 [info] > git status -z -uall [370ms]
2023-01-15 03:21:02.101 [info] > git show --textconv :go/src/around/constants/constants.go [12ms]
2023-01-15 03:21:02.112 [info] > git ls-files --stage -- /home/thomasxucpa/go/src/around/constants/constants.go [12ms]
2023-01-15 03:21:03.256 [info] > git config --get commit.template [12ms]
2023-01-15 03:21:03.257 [info] > git for-each-ref --format=%(refname)%00%(upstream:short)%00%(objectname)%00%(upstream:track)%00%(upstream:remotename)%00%(upstream:remoteref) refs/heads/master refs/remotes/master [1ms]
2023-01-15 03:21:03.320 [info] > git for-each-ref --sort -committerdate --format %(refname) %(objectname) %(*objectname) [8ms]
2023-01-15 03:21:03.646 [info] > git status -z -uall [374ms]
2023-01-15 03:21:12.494 [info] > git for-each-ref --format=%(refname)%00%(upstream:short)%00%(objectname)%00%(upstream:track)%00%(upstream:remotename)%00%(upstream:remoteref) refs/heads/master refs/remotes/master [1ms]
2023-01-15 03:21:12.494 [info] > git config --get commit.template [14ms]
2023-01-15 03:21:12.561 [info] > git for-each-ref --sort -committerdate --format %(refname) %(objectname) %(*objectname) [3ms]
2023-01-15 03:21:12.948 [info] > git status -z -uall [442ms] (cancelled)
2023-01-15 04:01:25.087 [info] > git check-ignore -v -z --stdin [9ms]
2023-01-15 04:13:32.786 [info] > git check-ignore -v -z --stdin [26ms]
2023-01-15 04:13:34.748 [info] > git check-ignore -v -z --stdin [215ms]
2023-01-15 04:13:37.248 [info] > git check-ignore -v -z --stdin [224ms]
2023-01-15 04:14:09.714 [info] > git add -A -- . [18928ms]
2023-01-15 04:14:10.444 [info] > git -c user.useConfigOnly=true commit --quiet --allow-empty-message --file - [720ms]
2023-01-15 04:14:10.444 [info] Auto packing the repository in background for optimum performance.
See "git help gc" for manual housekeeping.
2023-01-15 04:14:10.456 [info] > git config --get commit.template [2ms]
2023-01-15 04:14:10.481 [info] > git config --get commit.template [12ms]
2023-01-15 04:14:10.484 [info] > git for-each-ref --format=%(refname)%00%(upstream:short)%00%(objectname)%00%(upstream:track)%00%(upstream:remotename)%00%(upstream:remoteref) refs/heads/master refs/remotes/master [4ms]
2023-01-15 04:14:10.524 [info] > git for-each-ref --sort -committerdate --format %(refname) %(objectname) %(*objectname) [8ms]
2023-01-15 04:14:10.786 [info] > git status -z -uall [293ms]
2023-01-15 04:14:12.008 [info] > git config --local branch.master.github-pr-owner-number [1ms]
2023-01-15 04:14:12.057 [info] > git config --get commit.template [1ms]
2023-01-15 04:14:12.067 [info] > git for-each-ref --format=%(refname)%00%(upstream:short)%00%(objectname)%00%(upstream:track)%00%(upstream:remotename)%00%(upstream:remoteref) refs/heads/master refs/remotes/master [3ms]
2023-01-15 04:14:12.089 [info] > git for-each-ref --sort -committerdate --format %(refname) %(objectname) %(*objectname) [2ms]
2023-01-15 04:14:12.331 [info] > git status -z -uall [256ms]
2023-01-15 04:14:12.995 [info] > git check-ignore -v -z --stdin [17ms]
2023-01-15 04:14:19.289 [info] > git ls-files --stage -- /home/thomasxucpa/go/src/around/service/post.go [56ms]
2023-01-15 04:14:19.309 [info] > git ls-files --stage -- /home/thomasxucpa/go/src/around/backend/elasticsearch.go [101ms]
2023-01-15 04:14:19.339 [info] > git ls-files --stage -- /home/thomasxucpa/go/src/around/backend/gcs.go [150ms]
2023-01-15 04:14:19.351 [info] > git cat-file -s f5c4688ce30ef68c4fed520080c9ac35c08bb5be [12ms]
2023-01-15 04:14:19.352 [info] > git cat-file -s 5f8b2d237c286f206e2e6bb209164e4f836d7336 [44ms]
2023-01-15 04:14:19.352 [info] > git ls-files --stage -- /home/thomasxucpa/go/src/around/constants/constants.go [65ms]
2023-01-15 04:14:19.353 [info] > git ls-files --stage -- /home/thomasxucpa/go/src/around/main.go [81ms]
2023-01-15 04:14:19.363 [info] > git ls-files --stage -- /home/thomasxucpa/go/src/around/handler/post.go [107ms]
2023-01-15 04:14:19.374 [info] > git cat-file -s 4bb28c761161d40709423725774548cf5fec05c1 [11ms]
2023-01-15 04:14:19.375 [info] > git cat-file -s 3ada2056e2dd4ddc9e404c346c9a46158468f505 [26ms]
2023-01-15 04:14:19.379 [info] > git cat-file -s 342f517daa5a0f5e63711b4c1adf5f938f2cced4 [5ms]
2023-01-15 04:14:19.485 [info] > git show --textconv :go/src/around/backend/elasticsearch.go [60ms]
2023-01-15 04:14:19.539 [info] > git show --textconv :go/src/around/service/post.go [82ms]
2023-01-15 04:14:19.540 [info] > git show --textconv :go/src/around/constants/constants.go [56ms]
2023-01-15 04:14:19.566 [info] > git show --textconv :go/src/around/main.go [51ms]
2023-01-15 04:14:19.585 [info] > git show --textconv :go/src/around/backend/gcs.go [50ms]
2023-01-15 04:14:19.596 [info] > git show --textconv :go/src/around/handler/post.go [32ms]
2023-01-15 04:14:23.333 [info] > git push [16ms]
2023-01-15 04:14:23.333 [info] fatal: No configured push destination.
Either specify the URL from the command-line or configure a remote repository using

    git remote add <name> <url>

and then push using the remote name

    git push <name>
2023-01-15 04:15:19.452 [info] > git push PostNet master [44177ms]
2023-01-15 04:15:19.453 [info] To https://github.com/thomasxuprojectgit/PostNet.git
   1c61940..a43f1f7  master -> master
2023-01-15 04:15:19.479 [info] > git config --get commit.template [10ms]
2023-01-15 04:15:19.482 [info] > git for-each-ref --format=%(refname)%00%(upstream:short)%00%(objectname)%00%(upstream:track)%00%(upstream:remotename)%00%(upstream:remoteref) refs/heads/master refs/remotes/master [4ms]
2023-01-15 04:15:19.500 [info] > git for-each-ref --sort -committerdate --format %(refname) %(objectname) %(*objectname) [1ms]
2023-01-15 04:15:20.420 [info] > git status -z -uall [929ms]
2023-01-15 04:15:21.082 [info] > git check-ignore -v -z --stdin [9ms]
2023-01-15 04:15:35.691 [info] > git ls-files --stage -- /home/thomasxucpa/go/src/around/handler/post.go [20ms]
2023-01-15 04:15:35.709 [info] > git ls-files --stage -- /home/thomasxucpa/go/src/around/service/post.go [52ms]
2023-01-15 04:15:35.716 [info] > git ls-files --stage -- /home/thomasxucpa/go/src/around/backend/elasticsearch.go [70ms]
2023-01-15 04:15:35.724 [info] > git ls-files --stage -- /home/thomasxucpa/go/src/around/backend/gcs.go [88ms]
2023-01-15 04:15:35.731 [info] > git cat-file -s 3ada2056e2dd4ddc9e404c346c9a46158468f505 [1ms]
2023-01-15 04:15:35.732 [info] > git cat-file -s f5c4688ce30ef68c4fed520080c9ac35c08bb5be [9ms]
2023-01-15 04:15:35.732 [info] > git cat-file -s 5f8b2d237c286f206e2e6bb209164e4f836d7336 [16ms]
2023-01-15 04:15:35.733 [info] > git cat-file -s 342f517daa5a0f5e63711b4c1adf5f938f2cced4 [25ms]
2023-01-15 04:15:35.733 [info] > git ls-files --stage -- /home/thomasxucpa/go/src/around/constants/constants.go [44ms]
2023-01-15 04:15:35.735 [info] > git ls-files --stage -- /home/thomasxucpa/go/src/around/main.go [55ms]
2023-01-15 04:15:35.742 [info] > git cat-file -s 4bb28c761161d40709423725774548cf5fec05c1 [1ms]
2023-01-15 04:15:35.841 [info] > git show --textconv :go/src/around/backend/gcs.go [49ms]
2023-01-15 04:15:35.842 [info] > git show --textconv :go/src/around/backend/elasticsearch.go [42ms]
2023-01-15 04:15:35.842 [info] > git show --textconv :go/src/around/service/post.go [30ms]
2023-01-15 04:15:35.856 [info] > git show --textconv :go/src/around/handler/post.go [31ms]
2023-01-15 04:15:35.863 [info] > git show --textconv :go/src/around/constants/constants.go [23ms]
2023-01-15 04:15:35.870 [info] > git show --textconv :go/src/around/main.go [15ms]
