2023-01-16 00:21:29.724 [info] Log level: Info
2023-01-16 00:21:29.724 [info] Validating found git in: "git"
2023-01-16 00:21:29.724 [info] Using git "2.17.1" from "git"
2023-01-16 00:21:29.724 [info] > git rev-parse --show-toplevel [114ms]
2023-01-16 00:21:29.725 [info] > git rev-parse --git-dir --git-common-dir [18ms]
2023-01-16 00:21:29.725 [info] Open repository: /home/thomasxucpa
2023-01-16 00:21:29.725 [info] > git rev-parse --show-toplevel [17ms]
2023-01-16 00:21:29.725 [info] > git rev-parse --show-toplevel [3ms]
2023-01-16 00:21:29.725 [info] > git config --get commit.template [22ms]
2023-01-16 00:21:29.725 [info] > git rev-parse --show-toplevel [15ms]
2023-01-16 00:21:29.725 [info] > git for-each-ref --format=%(refname)%00%(upstream:short)%00%(objectname)%00%(upstream:track)%00%(upstream:remotename)%00%(upstream:remoteref) refs/heads/master refs/remotes/master [14ms]
2023-01-16 00:21:29.725 [info] > git rev-parse --show-toplevel [97ms]
2023-01-16 00:21:29.725 [info] > git for-each-ref --sort -committerdate --format %(refname) %(objectname) %(*objectname) [137ms]
2023-01-16 00:21:29.725 [info] > git rev-parse --show-toplevel [14ms]
2023-01-16 00:21:29.725 [info] > git rev-parse --show-toplevel [15ms]
2023-01-16 00:21:29.725 [info] > git check-ignore -v -z --stdin [224ms]
2023-01-16 00:21:30.176 [info] > git show --textconv :go/src/around/handler/user.go [477ms]
2023-01-16 00:21:30.177 [info] > git ls-files --stage -- /home/thomasxucpa/go/src/around/handler/user.go [457ms]
2023-01-16 00:21:30.193 [info] > git cat-file -s 96793d936c2b72d3026999d251f0df591679b921 [7ms]
2023-01-16 00:21:30.660 [info] > git status -z -uall [2026ms]
2023-01-16 00:21:30.725 [info] > git config --get commit.template [39ms]
2023-01-16 00:21:30.728 [info] > git for-each-ref --format=%(refname)%00%(upstream:short)%00%(objectname)%00%(upstream:track)%00%(upstream:remotename)%00%(upstream:remoteref) refs/heads/master refs/remotes/master [31ms]
2023-01-16 00:21:30.759 [info] > git config --local branch.master.github-pr-owner-number [36ms]
2023-01-16 00:21:30.854 [info] > git for-each-ref --sort -committerdate --format %(refname) %(objectname) %(*objectname) [96ms]
2023-01-16 00:21:32.149 [info] > git status -z -uall [1409ms]
2023-01-16 00:21:38.345 [info] > git config --get commit.template [1ms]
2023-01-16 00:21:38.356 [info] > git for-each-ref --format=%(refname)%00%(upstream:short)%00%(objectname)%00%(upstream:track)%00%(upstream:remotename)%00%(upstream:remoteref) refs/heads/master refs/remotes/master [0ms]
2023-01-16 00:21:38.377 [info] > git for-each-ref --sort -committerdate --format %(refname) %(objectname) %(*objectname) [5ms]
2023-01-16 00:21:39.041 [info] > git status -z -uall [676ms]
2023-01-16 00:21:44.056 [info] > git config --get commit.template [1ms]
2023-01-16 00:21:44.065 [info] > git for-each-ref --format=%(refname)%00%(upstream:short)%00%(objectname)%00%(upstream:track)%00%(upstream:remotename)%00%(upstream:remoteref) refs/heads/master refs/remotes/master [1ms]
2023-01-16 00:21:44.090 [info] > git for-each-ref --sort -committerdate --format %(refname) %(objectname) %(*objectname) [10ms]
2023-01-16 00:21:44.760 [info] > git status -z -uall [688ms]
2023-01-16 00:21:47.172 [info] > git -c user.useConfigOnly=true commit --quiet --allow-empty-message --file - [648ms]
2023-01-16 00:21:47.182 [info] > git config --get commit.template [1ms]
2023-01-16 00:21:47.202 [info] > git config --get commit.template [10ms]
2023-01-16 00:21:47.203 [info] > git for-each-ref --format=%(refname)%00%(upstream:short)%00%(objectname)%00%(upstream:track)%00%(upstream:remotename)%00%(upstream:remoteref) refs/heads/master refs/remotes/master [2ms]
2023-01-16 00:21:47.220 [info] > git for-each-ref --sort -committerdate --format %(refname) %(objectname) %(*objectname) [3ms]
2023-01-16 00:21:47.425 [info] > git status -z -uall [215ms]
2023-01-16 00:21:47.447 [info] > git push [3ms]
2023-01-16 00:21:47.448 [info] fatal: No configured push destination.
Either specify the URL from the command-line or configure a remote repository using

    git remote add <name> <url>

and then push using the remote name

    git push <name>
2023-01-16 00:21:47.536 [info] > git config --local branch.master.github-pr-owner-number [9ms]
2023-01-16 00:21:49.883 [info] > git ls-files --stage -- /home/thomasxucpa/go/src/around/handler/user.go [10ms]
2023-01-16 00:21:49.894 [info] > git cat-file -s 96793d936c2b72d3026999d251f0df591679b921 [0ms]
2023-01-16 00:21:49.911 [info] > git config --get commit.template [1ms]
2023-01-16 00:21:49.922 [info] > git for-each-ref --format=%(refname)%00%(upstream:short)%00%(objectname)%00%(upstream:track)%00%(upstream:remotename)%00%(upstream:remoteref) refs/heads/master refs/remotes/master [3ms]
2023-01-16 00:21:49.943 [info] > git for-each-ref --sort -committerdate --format %(refname) %(objectname) %(*objectname) [3ms]
2023-01-16 00:21:50.030 [info] > git show --textconv :go/src/around/handler/user.go [24ms]
2023-01-16 00:21:50.159 [info] > git status -z -uall [227ms]
2023-01-16 00:21:50.173 [info] > git config --get commit.template [1ms]
2023-01-16 00:21:50.183 [info] > git for-each-ref --format=%(refname)%00%(upstream:short)%00%(objectname)%00%(upstream:track)%00%(upstream:remotename)%00%(upstream:remoteref) refs/heads/master refs/remotes/master [0ms]
2023-01-16 00:21:50.203 [info] > git for-each-ref --sort -committerdate --format %(refname) %(objectname) %(*objectname) [2ms]
2023-01-16 00:21:50.416 [info] > git status -z -uall [224ms]
2023-01-16 00:21:55.430 [info] > git config --get commit.template [1ms]
2023-01-16 00:21:55.440 [info] > git for-each-ref --format=%(refname)%00%(upstream:short)%00%(objectname)%00%(upstream:track)%00%(upstream:remotename)%00%(upstream:remoteref) refs/heads/master refs/remotes/master [1ms]
2023-01-16 00:21:55.459 [info] > git for-each-ref --sort -committerdate --format %(refname) %(objectname) %(*objectname) [1ms]
2023-01-16 00:21:55.660 [info] > git status -z -uall [212ms]
2023-01-16 00:22:00.152 [info] > git push PostNet master [3393ms]
2023-01-16 00:22:00.153 [info] To https://github.com/thomasxuprojectgit/PostNet.git
   f20459a4..9ec1414f  master -> master
2023-01-16 00:22:00.163 [info] > git config --get commit.template [0ms]
2023-01-16 00:22:00.171 [info] > git for-each-ref --format=%(refname)%00%(upstream:short)%00%(objectname)%00%(upstream:track)%00%(upstream:remotename)%00%(upstream:remoteref) refs/heads/master refs/remotes/master [1ms]
2023-01-16 00:22:00.195 [info] > git for-each-ref --sort -committerdate --format %(refname) %(objectname) %(*objectname) [3ms]
2023-01-16 00:22:00.397 [info] > git status -z -uall [213ms]
2023-01-16 00:22:00.675 [info] > git config --get commit.template [1ms]
2023-01-16 00:22:00.684 [info] > git for-each-ref --format=%(refname)%00%(upstream:short)%00%(objectname)%00%(upstream:track)%00%(upstream:remotename)%00%(upstream:remoteref) refs/heads/master refs/remotes/master [1ms]
2023-01-16 00:22:00.753 [info] > git for-each-ref --sort -committerdate --format %(refname) %(objectname) %(*objectname) [49ms]
2023-01-16 00:22:00.927 [info] > git status -z -uall [230ms]
2023-01-16 00:22:07.117 [info] > git config --get commit.template [36ms]
2023-01-16 00:22:07.132 [info] > git for-each-ref --format=%(refname)%00%(upstream:short)%00%(objectname)%00%(upstream:track)%00%(upstream:remotename)%00%(upstream:remoteref) refs/heads/master refs/remotes/master [43ms]
2023-01-16 00:22:07.158 [info] > git for-each-ref --sort -committerdate --format %(refname) %(objectname) %(*objectname) [5ms]
2023-01-16 00:22:07.725 [info] > git status -z -uall [583ms]
2023-01-16 00:26:07.280 [info] > git config --get commit.template [2ms]
2023-01-16 00:26:07.287 [info] > git for-each-ref --format=%(refname)%00%(upstream:short)%00%(objectname)%00%(upstream:track)%00%(upstream:remotename)%00%(upstream:remoteref) refs/heads/master refs/remotes/master [1ms]
2023-01-16 00:26:07.310 [info] > git for-each-ref --sort -committerdate --format %(refname) %(objectname) %(*objectname) [4ms]
2023-01-16 00:26:07.518 [info] > git status -z -uall [218ms]
