2023-01-07 18:51:02.429 [info] Log level: Info
2023-01-07 18:51:02.429 [info] Validating found git in: "git"
2023-01-07 18:51:02.429 [info] Using git "2.17.1" from "git"
2023-01-07 18:51:02.429 [info] > git rev-parse --show-toplevel [9ms]
2023-01-07 18:51:02.429 [info] fatal: not a git repository (or any of the parent directories): .git
2023-01-07 18:51:02.429 [info] > git rev-parse --show-toplevel [1ms]
2023-01-07 18:51:02.429 [info] fatal: not a git repository (or any of the parent directories): .git
2023-01-07 18:51:02.429 [info] > git rev-parse --show-toplevel [1ms]
2023-01-07 18:51:02.429 [info] fatal: not a git repository (or any of the parent directories): .git
2023-01-07 18:51:02.429 [info] > git rev-parse --show-toplevel [0ms]
2023-01-07 18:51:02.429 [info] fatal: not a git repository (or any of the parent directories): .git
2023-01-07 18:51:02.429 [info] > git rev-parse --show-toplevel [1ms]
2023-01-07 18:51:02.429 [info] fatal: not a git repository (or any of the parent directories): .git
2023-01-07 18:51:55.445 [info] > git rev-parse --show-toplevel [3ms]
2023-01-07 18:51:55.445 [info] fatal: not a git repository (or any of the parent directories): .git
2023-01-07 18:51:55.469 [info] > git rev-parse --show-toplevel [1ms]
2023-01-07 18:51:55.469 [info] fatal: not a git repository (or any of the parent directories): .git
2023-01-07 19:44:40.726 [info] > git rev-parse --show-toplevel [3ms]
2023-01-07 19:44:40.726 [info] fatal: not a git repository (or any of the parent directories): .git
2023-01-07 19:44:40.888 [info] > git rev-parse --show-toplevel [12ms]
2023-01-07 19:44:40.888 [info] fatal: not a git repository (or any of the parent directories): .git
2023-01-07 19:49:30.171 [info] > git rev-parse --show-toplevel [2ms]
2023-01-07 19:49:30.172 [info] fatal: not a git repository (or any of the parent directories): .git
