2023-01-12 03:03:30.808 [info] Extension host with pid 18526 started
2023-01-12 03:03:30.900 [info] Lock '/home/thomasxucpa/.vscode-server/data/User/workspaceStorage/9a8057275842c33f88a86d02417a56c7/vscode.lock': Lock acquired.
2023-01-12 03:03:31.012 [info] ExtensionService#_doActivateExtension golang.go, startup: false, activationEvent: 'onLanguage:go'
2023-01-12 03:03:31.014 [info] ExtensionService#_doActivateExtension vscode.git-base, startup: true, activationEvent: '*', root cause: vscode.git
2023-01-12 03:03:31.519 [info] ExtensionService#_doActivateExtension vscode.git, startup: true, activationEvent: '*'
2023-01-12 03:03:31.520 [info] ExtensionService#_doActivateExtension vscode.github, startup: true, activationEvent: '*'
2023-01-12 03:03:32.731 [info] ExtensionService#_doActivateExtension vscode.debug-auto-launch, startup: false, activationEvent: 'onStartupFinished'
2023-01-12 03:03:32.732 [info] ExtensionService#_doActivateExtension vscode.emmet, startup: false, activationEvent: 'onStartupFinished'
2023-01-12 03:03:32.733 [info] ExtensionService#_doActivateExtension vscode.merge-conflict, startup: false, activationEvent: 'onStartupFinished'
2023-01-12 03:03:32.734 [info] Eager extensions activated
2023-01-12 03:03:33.124 [info] ExtensionService#_doActivateExtension vscode.configuration-editing, startup: false, activationEvent: 'onLanguage:jsonc'
2023-01-12 03:03:33.125 [info] ExtensionService#_doActivateExtension vscode.json-language-features, startup: false, activationEvent: 'onLanguage:jsonc'
2023-01-12 03:03:33.130 [info] ExtensionService#_doActivateExtension vscode.typescript-language-features, startup: false, activationEvent: 'onLanguage:jsonc'
2023-01-12 03:03:34.111 [info] ExtensionService#_doActivateExtension GitHub.vscode-pull-request-github, startup: false, activationEvent: 'onStartupFinished'
2023-01-12 04:18:32.107 [warning] [Decorations] CAPPING events from decorations provider vscode.git 1358
2023-01-12 04:18:37.435 [warning] [Decorations] CAPPING events from decorations provider vscode.git 1447
2023-01-12 04:20:50.929 [warning] [Decorations] CAPPING events from decorations provider vscode.git 1677
2023-01-12 04:34:56.724 [warning] [Decorations] CAPPING events from decorations provider vscode.git 1677
2023-01-12 04:40:24.078 [warning] [Decorations] CAPPING events from decorations provider vscode.git 1677
2023-01-12 04:40:29.293 [warning] [Decorations] CAPPING events from decorations provider vscode.git 1677
2023-01-12 04:40:34.504 [warning] [Decorations] CAPPING events from decorations provider vscode.git 1677
2023-01-12 04:40:39.718 [warning] [Decorations] CAPPING events from decorations provider vscode.git 1677
2023-01-12 04:40:54.722 [warning] [Decorations] CAPPING events from decorations provider vscode.git 1680
2023-01-12 04:40:59.945 [warning] [Decorations] CAPPING events from decorations provider vscode.git 1685
2023-01-12 04:41:05.225 [warning] [Decorations] CAPPING events from decorations provider vscode.git 1685
2023-01-12 04:41:10.525 [warning] [Decorations] CAPPING events from decorations provider vscode.git 1685
2023-01-12 04:41:15.749 [warning] [Decorations] CAPPING events from decorations provider vscode.git 1685
2023-01-12 04:41:20.957 [warning] [Decorations] CAPPING events from decorations provider vscode.git 1685
2023-01-12 04:41:26.170 [warning] [Decorations] CAPPING events from decorations provider vscode.git 1685
2023-01-12 04:41:31.382 [warning] [Decorations] CAPPING events from decorations provider vscode.git 1685
2023-01-12 04:41:36.597 [warning] [Decorations] CAPPING events from decorations provider vscode.git 1685
2023-01-12 04:41:41.831 [warning] [Decorations] CAPPING events from decorations provider vscode.git 1687
2023-01-12 04:41:47.041 [warning] [Decorations] CAPPING events from decorations provider vscode.git 1687
2023-01-12 04:41:52.250 [warning] [Decorations] CAPPING events from decorations provider vscode.git 1688
2023-01-12 04:41:57.462 [warning] [Decorations] CAPPING events from decorations provider vscode.git 1688
2023-01-12 04:42:02.674 [warning] [Decorations] CAPPING events from decorations provider vscode.git 1688
2023-01-12 04:42:07.889 [warning] [Decorations] CAPPING events from decorations provider vscode.git 1688
2023-01-12 04:42:13.090 [warning] [Decorations] CAPPING events from decorations provider vscode.git 1688
2023-01-12 04:42:18.304 [warning] [Decorations] CAPPING events from decorations provider vscode.git 1688
2023-01-12 04:42:24.242 [warning] [Decorations] CAPPING events from decorations provider vscode.git 1688
2023-01-12 04:42:29.450 [warning] [Decorations] CAPPING events from decorations provider vscode.git 1689
2023-01-12 04:42:37.281 [warning] [Decorations] CAPPING events from decorations provider vscode.git 1689
2023-01-12 04:42:42.489 [warning] [Decorations] CAPPING events from decorations provider vscode.git 1689
2023-01-12 04:42:47.774 [warning] [Decorations] CAPPING events from decorations provider vscode.git 1689
2023-01-12 04:42:52.981 [warning] [Decorations] CAPPING events from decorations provider vscode.git 1689
2023-01-12 04:42:58.202 [warning] [Decorations] CAPPING events from decorations provider vscode.git 1689
2023-01-12 04:43:00.627 [info] ExtensionService#_doActivateExtension vscode.extension-editing, startup: false, activationEvent: 'onLanguage:ignore'
2023-01-12 04:43:00.627 [info] ExtensionService#_doActivateExtension vscode.npm, startup: false, activationEvent: 'onLanguage:ignore'
2023-01-12 04:43:01.787 [warning] [Decorations] CAPPING events from decorations provider vscode.git 1691
2023-01-12 04:43:03.410 [warning] [Decorations] CAPPING events from decorations provider vscode.git 1691
2023-01-12 04:43:08.658 [warning] [Decorations] CAPPING events from decorations provider vscode.git 1691
2023-01-12 04:43:13.879 [warning] [Decorations] CAPPING events from decorations provider vscode.git 1691
2023-01-12 04:43:19.089 [warning] [Decorations] CAPPING events from decorations provider vscode.git 1691
2023-01-12 04:43:24.382 [warning] [Decorations] CAPPING events from decorations provider vscode.git 1691
2023-01-12 04:43:29.613 [warning] [Decorations] CAPPING events from decorations provider vscode.git 1691
2023-01-12 04:43:34.831 [warning] [Decorations] CAPPING events from decorations provider vscode.git 1691
2023-01-12 04:43:40.035 [warning] [Decorations] CAPPING events from decorations provider vscode.git 1691
2023-01-12 04:43:45.341 [warning] [Decorations] CAPPING events from decorations provider vscode.git 1691
2023-01-12 04:43:50.545 [warning] [Decorations] CAPPING events from decorations provider vscode.git 1691
2023-01-12 04:43:55.828 [warning] [Decorations] CAPPING events from decorations provider vscode.git 1691
2023-01-12 04:44:01.137 [warning] [Decorations] CAPPING events from decorations provider vscode.git 1691
2023-01-12 04:44:06.428 [warning] [Decorations] CAPPING events from decorations provider vscode.git 1691
2023-01-12 04:44:11.642 [warning] [Decorations] CAPPING events from decorations provider vscode.git 1691
2023-01-12 04:44:16.859 [warning] [Decorations] CAPPING events from decorations provider vscode.git 1691
2023-01-12 04:44:22.073 [warning] [Decorations] CAPPING events from decorations provider vscode.git 1691
2023-01-12 04:44:27.289 [warning] [Decorations] CAPPING events from decorations provider vscode.git 1691
2023-01-12 04:44:32.575 [warning] [Decorations] CAPPING events from decorations provider vscode.git 1691
2023-01-12 04:44:37.884 [warning] [Decorations] CAPPING events from decorations provider vscode.git 1691
2023-01-12 04:44:43.108 [warning] [Decorations] CAPPING events from decorations provider vscode.git 1691
2023-01-12 04:44:48.323 [warning] [Decorations] CAPPING events from decorations provider vscode.git 1691
2023-01-12 04:44:53.546 [warning] [Decorations] CAPPING events from decorations provider vscode.git 1691
2023-01-12 04:44:58.769 [warning] [Decorations] CAPPING events from decorations provider vscode.git 1691
2023-01-12 04:45:03.983 [warning] [Decorations] CAPPING events from decorations provider vscode.git 1691
2023-01-12 04:45:09.195 [warning] [Decorations] CAPPING events from decorations provider vscode.git 1691
2023-01-12 04:45:14.410 [warning] [Decorations] CAPPING events from decorations provider vscode.git 1691
2023-01-12 04:45:19.726 [warning] [Decorations] CAPPING events from decorations provider vscode.git 1691
2023-01-12 04:45:25.035 [warning] [Decorations] CAPPING events from decorations provider vscode.git 1691
2023-01-12 04:45:30.245 [warning] [Decorations] CAPPING events from decorations provider vscode.git 1691
2023-01-12 04:45:35.469 [warning] [Decorations] CAPPING events from decorations provider vscode.git 1691
2023-01-12 04:45:40.694 [warning] [Decorations] CAPPING events from decorations provider vscode.git 1691
2023-01-12 04:45:58.264 [warning] [Decorations] CAPPING events from decorations provider vscode.git 1691
2023-01-12 04:46:03.467 [warning] [Decorations] CAPPING events from decorations provider vscode.git 1691
2023-01-12 04:46:19.086 [warning] [Decorations] CAPPING events from decorations provider vscode.git 1691
2023-01-12 04:46:24.305 [warning] [Decorations] CAPPING events from decorations provider vscode.git 1696
2023-01-12 04:46:33.453 [warning] [Decorations] CAPPING events from decorations provider vscode.git 1696
2023-01-12 04:46:38.666 [warning] [Decorations] CAPPING events from decorations provider vscode.git 1719
2023-01-12 04:46:43.884 [warning] [Decorations] CAPPING events from decorations provider vscode.git 1719
2023-01-12 04:46:49.118 [warning] [Decorations] CAPPING events from decorations provider vscode.git 1719
2023-01-12 04:46:54.336 [warning] [Decorations] CAPPING events from decorations provider vscode.git 1719
2023-01-12 04:46:59.562 [warning] [Decorations] CAPPING events from decorations provider vscode.git 1719
2023-01-12 04:47:04.785 [warning] [Decorations] CAPPING events from decorations provider vscode.git 1719
2023-01-12 04:47:09.990 [warning] [Decorations] CAPPING events from decorations provider vscode.git 1719
2023-01-12 04:47:15.290 [warning] [Decorations] CAPPING events from decorations provider vscode.git 1719
2023-01-12 04:47:21.596 [warning] [Decorations] CAPPING events from decorations provider vscode.git 1719
2023-01-12 04:47:26.892 [warning] [Decorations] CAPPING events from decorations provider vscode.git 1719
2023-01-12 04:47:32.096 [warning] [Decorations] CAPPING events from decorations provider vscode.git 1719
2023-01-12 04:47:37.393 [warning] [Decorations] CAPPING events from decorations provider vscode.git 1719
2023-01-12 04:47:42.692 [warning] [Decorations] CAPPING events from decorations provider vscode.git 1719
2023-01-12 04:47:47.913 [warning] [Decorations] CAPPING events from decorations provider vscode.git 1719
2023-01-12 04:47:53.204 [warning] [Decorations] CAPPING events from decorations provider vscode.git 1719
2023-01-12 04:47:58.428 [warning] [Decorations] CAPPING events from decorations provider vscode.git 1719
2023-01-12 04:48:03.643 [warning] [Decorations] CAPPING events from decorations provider vscode.git 1719
2023-01-12 04:48:08.857 [warning] [Decorations] CAPPING events from decorations provider vscode.git 1719
2023-01-12 04:51:42.161 [warning] [Decorations] CAPPING events from decorations provider vscode.git 1719
2023-01-12 04:51:47.426 [warning] [Decorations] CAPPING events from decorations provider vscode.git 1720
2023-01-12 04:52:04.052 [warning] [Decorations] CAPPING events from decorations provider vscode.git 1720
2023-01-12 04:52:09.260 [warning] [Decorations] CAPPING events from decorations provider vscode.git 1720
2023-01-12 04:52:14.496 [warning] [Decorations] CAPPING events from decorations provider vscode.git 1720
2023-01-12 04:52:19.717 [warning] [Decorations] CAPPING events from decorations provider vscode.git 1720
2023-01-12 04:52:24.999 [warning] [Decorations] CAPPING events from decorations provider vscode.git 1720
2023-01-12 04:52:30.223 [warning] [Decorations] CAPPING events from decorations provider vscode.git 1720
2023-01-12 04:52:35.517 [warning] [Decorations] CAPPING events from decorations provider vscode.git 1720
2023-01-12 04:52:40.727 [warning] [Decorations] CAPPING events from decorations provider vscode.git 1720
2023-01-12 04:52:46.017 [warning] [Decorations] CAPPING events from decorations provider vscode.git 1720
2023-01-12 04:52:51.226 [warning] [Decorations] CAPPING events from decorations provider vscode.git 1720
2023-01-12 04:52:56.511 [warning] [Decorations] CAPPING events from decorations provider vscode.git 1720
2023-01-12 04:53:01.802 [warning] [Decorations] CAPPING events from decorations provider vscode.git 1720
2023-01-12 04:53:07.105 [warning] [Decorations] CAPPING events from decorations provider vscode.git 1720
2023-01-12 04:53:12.393 [warning] [Decorations] CAPPING events from decorations provider vscode.git 1720
2023-01-12 04:53:17.634 [warning] [Decorations] CAPPING events from decorations provider vscode.git 1720
2023-01-12 04:53:44.458 [warning] [Decorations] CAPPING events from decorations provider vscode.git 1720
2023-01-12 04:53:49.671 [warning] [Decorations] CAPPING events from decorations provider vscode.git 1720
2023-01-12 04:53:54.965 [warning] [Decorations] CAPPING events from decorations provider vscode.git 1720
2023-01-12 04:54:00.177 [warning] [Decorations] CAPPING events from decorations provider vscode.git 1720
2023-01-12 04:54:05.387 [warning] [Decorations] CAPPING events from decorations provider vscode.git 1720
2023-01-12 04:54:10.594 [warning] [Decorations] CAPPING events from decorations provider vscode.git 1720
2023-01-12 04:54:15.803 [warning] [Decorations] CAPPING events from decorations provider vscode.git 1720
2023-01-12 04:54:21.015 [warning] [Decorations] CAPPING events from decorations provider vscode.git 1720
2023-01-12 04:54:26.221 [warning] [Decorations] CAPPING events from decorations provider vscode.git 1720
2023-01-12 04:54:31.436 [warning] [Decorations] CAPPING events from decorations provider vscode.git 1720
2023-01-12 04:56:05.627 [warning] [Decorations] CAPPING events from decorations provider vscode.git 1720
2023-01-12 04:56:10.853 [warning] [Decorations] CAPPING events from decorations provider vscode.git 1721
2023-01-12 04:56:16.069 [warning] [Decorations] CAPPING events from decorations provider vscode.git 1721
2023-01-12 04:56:21.287 [warning] [Decorations] CAPPING events from decorations provider vscode.git 1721
2023-01-12 04:56:28.874 [warning] [Decorations] CAPPING events from decorations provider vscode.git 1721
2023-01-12 04:56:45.888 [warning] [Decorations] CAPPING events from decorations provider vscode.git 1721
2023-01-12 04:56:51.102 [warning] [Decorations] CAPPING events from decorations provider vscode.git 1721
2023-01-12 04:56:56.407 [warning] [Decorations] CAPPING events from decorations provider vscode.git 1721
2023-01-12 04:57:01.628 [warning] [Decorations] CAPPING events from decorations provider vscode.git 1722
2023-01-12 04:57:06.862 [warning] [Decorations] CAPPING events from decorations provider vscode.git 1722
2023-01-12 04:57:22.006 [warning] [Decorations] CAPPING events from decorations provider vscode.git 1722
2023-01-12 04:57:27.279 [warning] [Decorations] CAPPING events from decorations provider vscode.git 1722
2023-01-12 04:57:32.500 [warning] [Decorations] CAPPING events from decorations provider vscode.git 1722
2023-01-12 04:57:37.720 [warning] [Decorations] CAPPING events from decorations provider vscode.git 1722
2023-01-12 04:57:42.944 [warning] [Decorations] CAPPING events from decorations provider vscode.git 1722
2023-01-12 04:57:48.163 [warning] [Decorations] CAPPING events from decorations provider vscode.git 1722
2023-01-12 04:57:53.379 [warning] [Decorations] CAPPING events from decorations provider vscode.git 1722
2023-01-12 04:57:58.604 [warning] [Decorations] CAPPING events from decorations provider vscode.git 1722
2023-01-12 04:58:03.902 [warning] [Decorations] CAPPING events from decorations provider vscode.git 1722
2023-01-12 04:58:09.132 [warning] [Decorations] CAPPING events from decorations provider vscode.git 1723
2023-01-12 04:58:14.413 [warning] [Decorations] CAPPING events from decorations provider vscode.git 1723
2023-01-12 04:58:19.627 [warning] [Decorations] CAPPING events from decorations provider vscode.git 1723
2023-01-12 04:58:20.664 [error] [golang.go] provider FAILED
2023-01-12 04:58:20.665 [error] Error: no identifier found
	at handleResponse (/home/thomasxucpa/.vscode-server/extensions/golang.go-0.37.0/dist/goMain.js:4470:40)
	at processMessageQueue (/home/thomasxucpa/.vscode-server/extensions/golang.go-0.37.0/dist/goMain.js:4293:13)
	at Immediate.<anonymous> (/home/thomasxucpa/.vscode-server/extensions/golang.go-0.37.0/dist/goMain.js:4279:11)
	at processImmediate (node:internal/timers:466:21)
2023-01-12 04:58:20.907 [error] [golang.go] provider FAILED
2023-01-12 04:58:20.907 [error] Error: no identifier found
	at handleResponse (/home/thomasxucpa/.vscode-server/extensions/golang.go-0.37.0/dist/goMain.js:4470:40)
	at processMessageQueue (/home/thomasxucpa/.vscode-server/extensions/golang.go-0.37.0/dist/goMain.js:4293:13)
	at Immediate.<anonymous> (/home/thomasxucpa/.vscode-server/extensions/golang.go-0.37.0/dist/goMain.js:4279:11)
	at processImmediate (node:internal/timers:466:21)
2023-01-12 04:58:22.844 [error] [golang.go] provider FAILED
2023-01-12 04:58:22.844 [error] Error: no identifier found
	at handleResponse (/home/thomasxucpa/.vscode-server/extensions/golang.go-0.37.0/dist/goMain.js:4470:40)
	at processMessageQueue (/home/thomasxucpa/.vscode-server/extensions/golang.go-0.37.0/dist/goMain.js:4293:13)
	at Immediate.<anonymous> (/home/thomasxucpa/.vscode-server/extensions/golang.go-0.37.0/dist/goMain.js:4279:11)
	at processImmediate (node:internal/timers:466:21)
2023-01-12 04:58:24.845 [warning] [Decorations] CAPPING events from decorations provider vscode.git 1723
2023-01-12 04:58:31.764 [warning] [Decorations] CAPPING events from decorations provider vscode.git 1723
2023-01-12 04:58:36.991 [warning] [Decorations] CAPPING events from decorations provider vscode.git 1723
2023-01-12 04:58:42.203 [warning] [Decorations] CAPPING events from decorations provider vscode.git 1723
2023-01-12 04:58:47.415 [warning] [Decorations] CAPPING events from decorations provider vscode.git 1723
2023-01-12 04:58:52.704 [warning] [Decorations] CAPPING events from decorations provider vscode.git 1723
2023-01-12 04:58:57.925 [warning] [Decorations] CAPPING events from decorations provider vscode.git 1723
2023-01-12 04:59:03.227 [warning] [Decorations] CAPPING events from decorations provider vscode.git 1723
2023-01-12 04:59:08.431 [warning] [Decorations] CAPPING events from decorations provider vscode.git 1723
2023-01-12 04:59:13.740 [warning] [Decorations] CAPPING events from decorations provider vscode.git 1723
2023-01-12 04:59:18.957 [warning] [Decorations] CAPPING events from decorations provider vscode.git 1723
2023-01-12 04:59:24.262 [warning] [Decorations] CAPPING events from decorations provider vscode.git 1723
2023-01-12 04:59:29.606 [warning] [Decorations] CAPPING events from decorations provider vscode.git 1726
2023-01-12 04:59:40.115 [warning] [Decorations] CAPPING events from decorations provider vscode.git 1727
2023-01-12 04:59:45.431 [warning] [Decorations] CAPPING events from decorations provider vscode.git 1727
2023-01-12 04:59:50.645 [warning] [Decorations] CAPPING events from decorations provider vscode.git 1727
2023-01-12 04:59:55.932 [warning] [Decorations] CAPPING events from decorations provider vscode.git 1727
2023-01-12 05:00:01.251 [warning] [Decorations] CAPPING events from decorations provider vscode.git 1727
2023-01-12 05:00:06.461 [warning] [Decorations] CAPPING events from decorations provider vscode.git 1727
2023-01-12 05:00:11.669 [warning] [Decorations] CAPPING events from decorations provider vscode.git 1727
2023-01-12 05:00:16.882 [warning] [Decorations] CAPPING events from decorations provider vscode.git 1727
2023-01-12 05:00:22.097 [warning] [Decorations] CAPPING events from decorations provider vscode.git 1727
2023-01-12 05:00:27.302 [warning] [Decorations] CAPPING events from decorations provider vscode.git 1727
2023-01-12 05:00:32.599 [warning] [Decorations] CAPPING events from decorations provider vscode.git 1727
2023-01-12 05:00:37.825 [warning] [Decorations] CAPPING events from decorations provider vscode.git 1727
2023-01-12 05:00:43.039 [warning] [Decorations] CAPPING events from decorations provider vscode.git 1727
2023-01-12 05:00:48.252 [warning] [Decorations] CAPPING events from decorations provider vscode.git 1727
2023-01-12 05:00:53.460 [warning] [Decorations] CAPPING events from decorations provider vscode.git 1727
2023-01-12 05:00:58.667 [warning] [Decorations] CAPPING events from decorations provider vscode.git 1727
2023-01-12 05:01:03.881 [warning] [Decorations] CAPPING events from decorations provider vscode.git 1727
2023-01-12 05:01:09.082 [warning] [Decorations] CAPPING events from decorations provider vscode.git 1727
2023-01-12 05:01:14.373 [warning] [Decorations] CAPPING events from decorations provider vscode.git 1727
2023-01-12 05:01:19.589 [warning] [Decorations] CAPPING events from decorations provider vscode.git 1727
2023-01-12 05:01:24.809 [warning] [Decorations] CAPPING events from decorations provider vscode.git 1727
2023-01-12 05:01:30.013 [warning] [Decorations] CAPPING events from decorations provider vscode.git 1727
2023-01-12 05:01:35.305 [warning] [Decorations] CAPPING events from decorations provider vscode.git 1727
2023-01-12 05:01:40.533 [warning] [Decorations] CAPPING events from decorations provider vscode.git 1727
2023-01-12 05:01:45.762 [warning] [Decorations] CAPPING events from decorations provider vscode.git 1727
2023-01-12 05:01:50.978 [warning] [Decorations] CAPPING events from decorations provider vscode.git 1727
2023-01-12 05:01:56.189 [warning] [Decorations] CAPPING events from decorations provider vscode.git 1727
2023-01-12 05:02:01.474 [warning] [Decorations] CAPPING events from decorations provider vscode.git 1727
2023-01-12 05:02:06.699 [warning] [Decorations] CAPPING events from decorations provider vscode.git 1727
2023-01-12 05:02:11.993 [warning] [Decorations] CAPPING events from decorations provider vscode.git 1727
2023-01-12 05:02:17.280 [warning] [Decorations] CAPPING events from decorations provider vscode.git 1727
2023-01-12 05:02:22.592 [warning] [Decorations] CAPPING events from decorations provider vscode.git 1727
2023-01-12 05:02:27.805 [warning] [Decorations] CAPPING events from decorations provider vscode.git 1727
2023-01-12 05:02:33.105 [warning] [Decorations] CAPPING events from decorations provider vscode.git 1727
2023-01-12 05:02:38.401 [warning] [Decorations] CAPPING events from decorations provider vscode.git 1727
2023-01-12 05:02:43.621 [warning] [Decorations] CAPPING events from decorations provider vscode.git 1727
2023-01-12 05:02:48.878 [warning] [Decorations] CAPPING events from decorations provider vscode.git 1727
2023-01-12 05:02:54.097 [warning] [Decorations] CAPPING events from decorations provider vscode.git 1727
2023-01-12 05:02:59.384 [warning] [Decorations] CAPPING events from decorations provider vscode.git 1727
2023-01-12 05:03:04.604 [warning] [Decorations] CAPPING events from decorations provider vscode.git 1727
2023-01-12 05:03:09.845 [warning] [Decorations] CAPPING events from decorations provider vscode.git 1727
2023-01-12 05:03:15.075 [warning] [Decorations] CAPPING events from decorations provider vscode.git 1727
2023-01-12 05:03:20.290 [warning] [Decorations] CAPPING events from decorations provider vscode.git 1727
2023-01-12 05:03:25.572 [warning] [Decorations] CAPPING events from decorations provider vscode.git 1727
2023-01-12 05:03:30.880 [warning] [Decorations] CAPPING events from decorations provider vscode.git 1727
2023-01-12 05:03:36.091 [warning] [Decorations] CAPPING events from decorations provider vscode.git 1727
2023-01-12 05:03:41.305 [warning] [Decorations] CAPPING events from decorations provider vscode.git 1727
2023-01-12 05:03:46.593 [warning] [Decorations] CAPPING events from decorations provider vscode.git 1727
2023-01-12 05:03:51.890 [warning] [Decorations] CAPPING events from decorations provider vscode.git 1727
2023-01-12 05:03:57.190 [warning] [Decorations] CAPPING events from decorations provider vscode.git 1727
2023-01-12 05:04:02.407 [warning] [Decorations] CAPPING events from decorations provider vscode.git 1727
2023-01-12 05:04:07.614 [warning] [Decorations] CAPPING events from decorations provider vscode.git 1727
2023-01-12 05:04:12.822 [warning] [Decorations] CAPPING events from decorations provider vscode.git 1727
2023-01-12 05:04:18.138 [warning] [Decorations] CAPPING events from decorations provider vscode.git 1727
2023-01-12 05:04:23.428 [warning] [Decorations] CAPPING events from decorations provider vscode.git 1727
2023-01-12 05:04:28.647 [warning] [Decorations] CAPPING events from decorations provider vscode.git 1727
2023-01-12 05:04:33.872 [warning] [Decorations] CAPPING events from decorations provider vscode.git 1727
2023-01-12 05:04:39.089 [warning] [Decorations] CAPPING events from decorations provider vscode.git 1727
2023-01-12 05:04:44.304 [warning] [Decorations] CAPPING events from decorations provider vscode.git 1727
2023-01-12 05:04:49.519 [warning] [Decorations] CAPPING events from decorations provider vscode.git 1727
2023-01-12 05:04:54.808 [warning] [Decorations] CAPPING events from decorations provider vscode.git 1727
2023-01-12 05:05:00.017 [warning] [Decorations] CAPPING events from decorations provider vscode.git 1727
2023-01-12 05:05:05.322 [warning] [Decorations] CAPPING events from decorations provider vscode.git 1727
2023-01-12 05:05:10.545 [warning] [Decorations] CAPPING events from decorations provider vscode.git 1727
2023-01-12 05:05:15.767 [warning] [Decorations] CAPPING events from decorations provider vscode.git 1727
2023-01-12 05:05:20.991 [warning] [Decorations] CAPPING events from decorations provider vscode.git 1727
2023-01-12 05:05:26.208 [warning] [Decorations] CAPPING events from decorations provider vscode.git 1727
2023-01-12 05:06:24.391 [warning] [Decorations] CAPPING events from decorations provider vscode.git 1727
2023-01-12 05:06:29.700 [warning] [Decorations] CAPPING events from decorations provider vscode.git 1727
2023-01-12 05:06:34.917 [warning] [Decorations] CAPPING events from decorations provider vscode.git 1727
2023-01-12 05:06:40.137 [warning] [Decorations] CAPPING events from decorations provider vscode.git 1727
2023-01-12 05:06:45.351 [warning] [Decorations] CAPPING events from decorations provider vscode.git 1727
2023-01-12 05:06:50.561 [warning] [Decorations] CAPPING events from decorations provider vscode.git 1727
2023-01-12 05:06:55.783 [warning] [Decorations] CAPPING events from decorations provider vscode.git 1727
2023-01-12 05:07:00.992 [warning] [Decorations] CAPPING events from decorations provider vscode.git 1727
2023-01-12 05:07:06.209 [warning] [Decorations] CAPPING events from decorations provider vscode.git 1727
2023-01-12 05:07:11.429 [warning] [Decorations] CAPPING events from decorations provider vscode.git 1727
2023-01-12 05:07:16.646 [warning] [Decorations] CAPPING events from decorations provider vscode.git 1727
2023-01-12 05:07:21.925 [warning] [Decorations] CAPPING events from decorations provider vscode.git 1727
2023-01-12 05:07:27.129 [warning] [Decorations] CAPPING events from decorations provider vscode.git 1727
2023-01-12 05:07:32.380 [warning] [Decorations] CAPPING events from decorations provider vscode.git 1727
2023-01-12 05:07:37.610 [warning] [Decorations] CAPPING events from decorations provider vscode.git 1727
2023-01-12 05:07:44.961 [warning] [Decorations] CAPPING events from decorations provider vscode.git 1727
2023-01-12 05:07:55.800 [warning] [Decorations] CAPPING events from decorations provider vscode.git 1727
2023-01-12 05:08:01.111 [warning] [Decorations] CAPPING events from decorations provider vscode.git 1727
2023-01-12 05:08:06.391 [warning] [Decorations] CAPPING events from decorations provider vscode.git 1727
2023-01-12 05:08:11.606 [warning] [Decorations] CAPPING events from decorations provider vscode.git 1727
2023-01-12 05:08:16.825 [warning] [Decorations] CAPPING events from decorations provider vscode.git 1727
2023-01-12 05:08:22.128 [warning] [Decorations] CAPPING events from decorations provider vscode.git 1727
2023-01-12 05:08:30.525 [warning] [Decorations] CAPPING events from decorations provider vscode.git 1727
2023-01-12 05:08:35.741 [warning] [Decorations] CAPPING events from decorations provider vscode.git 1727
2023-01-12 05:08:43.821 [warning] [Decorations] CAPPING events from decorations provider vscode.git 1727
2023-01-12 05:08:51.774 [warning] [Decorations] CAPPING events from decorations provider vscode.git 1727
2023-01-12 05:08:56.992 [warning] [Decorations] CAPPING events from decorations provider vscode.git 1727
2023-01-12 05:09:02.296 [warning] [Decorations] CAPPING events from decorations provider vscode.git 1727
2023-01-12 05:09:04.102 [info] Extension host terminating: received terminate message from renderer
2023-01-12 05:09:04.106 [info] Lock '/home/thomasxucpa/.vscode-server/data/User/workspaceStorage/9a8057275842c33f88a86d02417a56c7/vscode.lock': Marking the lockfile as scheduled to be released in 6000 ms.
2023-01-12 05:09:04.191 [info] Extension host with pid 18526 exiting with code 0
