2023-01-26 03:06:38.936 [info] Log level: Info
2023-01-26 03:06:38.936 [info] Validating found git in: "git"
2023-01-26 03:06:38.936 [info] Using git "2.17.1" from "git"
2023-01-26 03:06:38.937 [info] > git rev-parse --show-toplevel [137ms]
2023-01-26 03:06:38.937 [info] > git rev-parse --git-dir --git-common-dir [17ms]
2023-01-26 03:06:38.937 [info] Open repository: /home/thomasxucpa
2023-01-26 03:06:38.937 [info] > git rev-parse --show-toplevel [10ms]
2023-01-26 03:06:38.937 [info] > git rev-parse --show-toplevel [3ms]
2023-01-26 03:06:38.937 [info] > git config --get commit.template [20ms]
2023-01-26 03:06:38.937 [info] > git rev-parse --show-toplevel [23ms]
2023-01-26 03:06:38.937 [info] > git rev-parse --show-toplevel [3ms]
2023-01-26 03:06:38.938 [info] > git for-each-ref --format=%(refname)%00%(upstream:short)%00%(objectname)%00%(upstream:track)%00%(upstream:remotename)%00%(upstream:remoteref) refs/heads/master refs/remotes/master [87ms]
2023-01-26 03:06:38.938 [info] > git for-each-ref --sort -committerdate --format %(refname) %(objectname) %(*objectname) [7ms]
2023-01-26 03:06:38.938 [info] > git rev-parse --show-toplevel [103ms]
2023-01-26 03:06:38.938 [info] > git rev-parse --show-toplevel [52ms]
2023-01-26 03:06:39.093 [info] > git check-ignore -v -z --stdin [128ms]
2023-01-26 03:06:39.096 [info] > git show --textconv :go/src/around/handler/router.go [42ms]
2023-01-26 03:06:39.310 [info] > git ls-files --stage -- /home/thomasxucpa/go/src/around/handler/router.go [225ms]
2023-01-26 03:06:39.365 [info] > git cat-file -s 3cb8610e00fb99d7d90e11dc4a728cfbff0f3683 [44ms]
2023-01-26 03:06:39.890 [info] > git config --local branch.master.github-pr-owner-number [18ms]
2023-01-26 03:06:40.888 [info] > git status -z -uall [2697ms]
2023-01-26 03:06:40.999 [info] > git config --get commit.template [14ms]
2023-01-26 03:06:41.653 [info] > git for-each-ref --format=%(refname)%00%(upstream:short)%00%(objectname)%00%(upstream:track)%00%(upstream:remotename)%00%(upstream:remoteref) refs/heads/master refs/remotes/master [643ms]
2023-01-26 03:06:41.730 [info] > git for-each-ref --sort -committerdate --format %(refname) %(objectname) %(*objectname) [19ms]
2023-01-26 03:06:43.240 [info] > git status -z -uall [1562ms]
2023-01-26 03:06:46.366 [info] > git config --get commit.template [16ms]
2023-01-26 03:06:46.375 [info] > git for-each-ref --format=%(refname)%00%(upstream:short)%00%(objectname)%00%(upstream:track)%00%(upstream:remotename)%00%(upstream:remoteref) refs/heads/master refs/remotes/master [11ms]
2023-01-26 03:06:46.410 [info] > git for-each-ref --sort -committerdate --format %(refname) %(objectname) %(*objectname) [4ms]
2023-01-26 03:06:47.858 [info] > git status -z -uall [1466ms]
2023-01-26 03:06:52.914 [info] > git for-each-ref --format=%(refname)%00%(upstream:short)%00%(objectname)%00%(upstream:track)%00%(upstream:remotename)%00%(upstream:remoteref) refs/heads/master refs/remotes/master [1ms]
2023-01-26 03:06:52.914 [info] > git config --get commit.template [14ms]
2023-01-26 03:06:52.935 [info] > git for-each-ref --sort -committerdate --format %(refname) %(objectname) %(*objectname) [1ms]
2023-01-26 03:06:53.598 [info] > git status -z -uall [674ms]
2023-01-26 03:06:58.633 [info] > git config --get commit.template [1ms]
2023-01-26 03:06:58.643 [info] > git for-each-ref --format=%(refname)%00%(upstream:short)%00%(objectname)%00%(upstream:track)%00%(upstream:remotename)%00%(upstream:remoteref) refs/heads/master refs/remotes/master [0ms]
2023-01-26 03:06:58.729 [info] > git for-each-ref --sort -committerdate --format %(refname) %(objectname) %(*objectname) [20ms]
2023-01-26 03:06:59.341 [info] > git status -z -uall [685ms]
2023-01-26 03:07:04.382 [info] > git config --get commit.template [1ms]
2023-01-26 03:07:04.393 [info] > git for-each-ref --format=%(refname)%00%(upstream:short)%00%(objectname)%00%(upstream:track)%00%(upstream:remotename)%00%(upstream:remoteref) refs/heads/master refs/remotes/master [1ms]
2023-01-26 03:07:04.413 [info] > git for-each-ref --sort -committerdate --format %(refname) %(objectname) %(*objectname) [3ms]
2023-01-26 03:07:05.065 [info] > git status -z -uall [665ms]
2023-01-26 03:07:10.104 [info] > git config --get commit.template [2ms]
2023-01-26 03:07:10.114 [info] > git for-each-ref --format=%(refname)%00%(upstream:short)%00%(objectname)%00%(upstream:track)%00%(upstream:remotename)%00%(upstream:remoteref) refs/heads/master refs/remotes/master [0ms]
2023-01-26 03:07:10.140 [info] > git for-each-ref --sort -committerdate --format %(refname) %(objectname) %(*objectname) [5ms]
2023-01-26 03:07:10.796 [info] > git status -z -uall [667ms]
2023-01-26 03:07:15.827 [info] > git config --get commit.template [2ms]
2023-01-26 03:07:15.839 [info] > git for-each-ref --format=%(refname)%00%(upstream:short)%00%(objectname)%00%(upstream:track)%00%(upstream:remotename)%00%(upstream:remoteref) refs/heads/master refs/remotes/master [1ms]
2023-01-26 03:07:15.862 [info] > git for-each-ref --sort -committerdate --format %(refname) %(objectname) %(*objectname) [4ms]
2023-01-26 03:07:17.016 [info] > git status -z -uall [1168ms]
2023-01-26 03:07:22.097 [info] > git config --get commit.template [19ms]
2023-01-26 03:07:22.106 [info] > git for-each-ref --format=%(refname)%00%(upstream:short)%00%(objectname)%00%(upstream:track)%00%(upstream:remotename)%00%(upstream:remoteref) refs/heads/master refs/remotes/master [19ms]
2023-01-26 03:07:22.144 [info] > git for-each-ref --sort -committerdate --format %(refname) %(objectname) %(*objectname) [19ms]
2023-01-26 03:07:23.906 [info] > git status -z -uall [1790ms]
2023-01-26 03:07:28.947 [info] > git config --get commit.template [1ms]
2023-01-26 03:07:28.958 [info] > git for-each-ref --format=%(refname)%00%(upstream:short)%00%(objectname)%00%(upstream:track)%00%(upstream:remotename)%00%(upstream:remoteref) refs/heads/master refs/remotes/master [1ms]
2023-01-26 03:07:28.975 [info] > git for-each-ref --sort -committerdate --format %(refname) %(objectname) %(*objectname) [4ms]
2023-01-26 03:07:29.662 [info] > git status -z -uall [696ms]
2023-01-26 03:07:34.692 [info] > git config --get commit.template [1ms]
2023-01-26 03:07:34.702 [info] > git for-each-ref --format=%(refname)%00%(upstream:short)%00%(objectname)%00%(upstream:track)%00%(upstream:remotename)%00%(upstream:remoteref) refs/heads/master refs/remotes/master [2ms]
2023-01-26 03:07:34.726 [info] > git for-each-ref --sort -committerdate --format %(refname) %(objectname) %(*objectname) [3ms]
2023-01-26 03:07:35.387 [info] > git status -z -uall [675ms]
2023-01-26 03:07:40.424 [info] > git config --get commit.template [1ms]
2023-01-26 03:07:40.435 [info] > git for-each-ref --format=%(refname)%00%(upstream:short)%00%(objectname)%00%(upstream:track)%00%(upstream:remotename)%00%(upstream:remoteref) refs/heads/master refs/remotes/master [1ms]
2023-01-26 03:07:40.463 [info] > git for-each-ref --sort -committerdate --format %(refname) %(objectname) %(*objectname) [5ms]
2023-01-26 03:07:41.118 [info] > git status -z -uall [670ms]
2023-01-26 03:07:46.148 [info] > git config --get commit.template [1ms]
2023-01-26 03:07:46.157 [info] > git for-each-ref --format=%(refname)%00%(upstream:short)%00%(objectname)%00%(upstream:track)%00%(upstream:remotename)%00%(upstream:remoteref) refs/heads/master refs/remotes/master [1ms]
2023-01-26 03:07:46.180 [info] > git for-each-ref --sort -committerdate --format %(refname) %(objectname) %(*objectname) [4ms]
2023-01-26 03:07:46.830 [info] > git status -z -uall [662ms]
2023-01-26 03:07:51.867 [info] > git config --get commit.template [1ms]
2023-01-26 03:07:51.877 [info] > git for-each-ref --format=%(refname)%00%(upstream:short)%00%(objectname)%00%(upstream:track)%00%(upstream:remotename)%00%(upstream:remoteref) refs/heads/master refs/remotes/master [1ms]
2023-01-26 03:07:51.897 [info] > git for-each-ref --sort -committerdate --format %(refname) %(objectname) %(*objectname) [4ms]
2023-01-26 03:07:52.544 [info] > git status -z -uall [660ms]
2023-01-26 03:07:57.579 [info] > git config --get commit.template [1ms]
2023-01-26 03:07:57.591 [info] > git for-each-ref --format=%(refname)%00%(upstream:short)%00%(objectname)%00%(upstream:track)%00%(upstream:remotename)%00%(upstream:remoteref) refs/heads/master refs/remotes/master [2ms]
2023-01-26 03:07:57.617 [info] > git for-each-ref --sort -committerdate --format %(refname) %(objectname) %(*objectname) [4ms]
2023-01-26 03:07:58.262 [info] > git status -z -uall [659ms]
2023-01-26 03:08:03.297 [info] > git config --get commit.template [1ms]
2023-01-26 03:08:03.308 [info] > git for-each-ref --format=%(refname)%00%(upstream:short)%00%(objectname)%00%(upstream:track)%00%(upstream:remotename)%00%(upstream:remoteref) refs/heads/master refs/remotes/master [1ms]
2023-01-26 03:08:03.330 [info] > git for-each-ref --sort -committerdate --format %(refname) %(objectname) %(*objectname) [5ms]
2023-01-26 03:08:03.992 [info] > git status -z -uall [676ms]
2023-01-26 03:08:09.021 [info] > git config --get commit.template [1ms]
2023-01-26 03:08:09.033 [info] > git for-each-ref --format=%(refname)%00%(upstream:short)%00%(objectname)%00%(upstream:track)%00%(upstream:remotename)%00%(upstream:remoteref) refs/heads/master refs/remotes/master [2ms]
2023-01-26 03:08:09.049 [info] > git for-each-ref --sort -committerdate --format %(refname) %(objectname) %(*objectname) [1ms]
2023-01-26 03:08:09.701 [info] > git status -z -uall [662ms]
2023-01-26 03:08:38.736 [info] > git config --get commit.template [1ms]
2023-01-26 03:08:38.745 [info] > git for-each-ref --format=%(refname)%00%(upstream:short)%00%(objectname)%00%(upstream:track)%00%(upstream:remotename)%00%(upstream:remoteref) refs/heads/master refs/remotes/master [1ms]
2023-01-26 03:08:38.763 [info] > git for-each-ref --sort -committerdate --format %(refname) %(objectname) %(*objectname) [3ms]
2023-01-26 03:08:39.436 [info] > git status -z -uall [684ms]
2023-01-26 03:08:44.482 [info] > git config --get commit.template [1ms]
2023-01-26 03:08:44.493 [info] > git for-each-ref --format=%(refname)%00%(upstream:short)%00%(objectname)%00%(upstream:track)%00%(upstream:remotename)%00%(upstream:remoteref) refs/heads/master refs/remotes/master [0ms]
2023-01-26 03:08:44.516 [info] > git for-each-ref --sort -committerdate --format %(refname) %(objectname) %(*objectname) [5ms]
2023-01-26 03:08:45.161 [info] > git status -z -uall [657ms]
2023-01-26 03:08:50.205 [info] > git config --get commit.template [1ms]
2023-01-26 03:08:50.214 [info] > git for-each-ref --format=%(refname)%00%(upstream:short)%00%(objectname)%00%(upstream:track)%00%(upstream:remotename)%00%(upstream:remoteref) refs/heads/master refs/remotes/master [2ms]
2023-01-26 03:08:50.235 [info] > git for-each-ref --sort -committerdate --format %(refname) %(objectname) %(*objectname) [2ms]
2023-01-26 03:08:50.888 [info] > git status -z -uall [664ms]
2023-01-26 03:08:55.927 [info] > git config --get commit.template [1ms]
2023-01-26 03:08:55.937 [info] > git for-each-ref --format=%(refname)%00%(upstream:short)%00%(objectname)%00%(upstream:track)%00%(upstream:remotename)%00%(upstream:remoteref) refs/heads/master refs/remotes/master [1ms]
2023-01-26 03:08:55.956 [info] > git for-each-ref --sort -committerdate --format %(refname) %(objectname) %(*objectname) [3ms]
2023-01-26 03:08:56.606 [info] > git status -z -uall [662ms]
2023-01-26 03:09:01.641 [info] > git config --get commit.template [1ms]
2023-01-26 03:09:01.660 [info] > git for-each-ref --format=%(refname)%00%(upstream:short)%00%(objectname)%00%(upstream:track)%00%(upstream:remotename)%00%(upstream:remoteref) refs/heads/master refs/remotes/master [3ms]
2023-01-26 03:09:01.682 [info] > git for-each-ref --sort -committerdate --format %(refname) %(objectname) %(*objectname) [6ms]
2023-01-26 03:09:02.329 [info] > git status -z -uall [660ms]
2023-01-26 03:09:07.363 [info] > git config --get commit.template [2ms]
2023-01-26 03:09:07.373 [info] > git for-each-ref --format=%(refname)%00%(upstream:short)%00%(objectname)%00%(upstream:track)%00%(upstream:remotename)%00%(upstream:remoteref) refs/heads/master refs/remotes/master [1ms]
2023-01-26 03:09:07.391 [info] > git for-each-ref --sort -committerdate --format %(refname) %(objectname) %(*objectname) [1ms]
2023-01-26 03:09:08.047 [info] > git status -z -uall [667ms]
2023-01-26 03:09:13.084 [info] > git config --get commit.template [1ms]
2023-01-26 03:09:13.093 [info] > git for-each-ref --format=%(refname)%00%(upstream:short)%00%(objectname)%00%(upstream:track)%00%(upstream:remotename)%00%(upstream:remoteref) refs/heads/master refs/remotes/master [1ms]
2023-01-26 03:09:13.115 [info] > git for-each-ref --sort -committerdate --format %(refname) %(objectname) %(*objectname) [4ms]
2023-01-26 03:09:13.781 [info] > git status -z -uall [677ms]
2023-01-26 03:09:18.869 [info] > git config --get commit.template [14ms]
2023-01-26 03:09:18.872 [info] > git for-each-ref --format=%(refname)%00%(upstream:short)%00%(objectname)%00%(upstream:track)%00%(upstream:remotename)%00%(upstream:remoteref) refs/heads/master refs/remotes/master [5ms]
2023-01-26 03:09:18.919 [info] > git for-each-ref --sort -committerdate --format %(refname) %(objectname) %(*objectname) [13ms]
2023-01-26 03:09:19.663 [info] > git status -z -uall [779ms]
2023-01-26 03:09:24.701 [info] > git config --get commit.template [1ms]
2023-01-26 03:09:24.712 [info] > git for-each-ref --format=%(refname)%00%(upstream:short)%00%(objectname)%00%(upstream:track)%00%(upstream:remotename)%00%(upstream:remoteref) refs/heads/master refs/remotes/master [1ms]
2023-01-26 03:09:24.733 [info] > git for-each-ref --sort -committerdate --format %(refname) %(objectname) %(*objectname) [1ms]
2023-01-26 03:09:25.388 [info] > git status -z -uall [668ms]
2023-01-26 03:09:30.420 [info] > git config --get commit.template [1ms]
2023-01-26 03:09:30.429 [info] > git for-each-ref --format=%(refname)%00%(upstream:short)%00%(objectname)%00%(upstream:track)%00%(upstream:remotename)%00%(upstream:remoteref) refs/heads/master refs/remotes/master [1ms]
2023-01-26 03:09:30.452 [info] > git for-each-ref --sort -committerdate --format %(refname) %(objectname) %(*objectname) [3ms]
2023-01-26 03:09:31.106 [info] > git status -z -uall [666ms]
2023-01-26 03:09:36.141 [info] > git config --get commit.template [1ms]
2023-01-26 03:09:36.152 [info] > git for-each-ref --format=%(refname)%00%(upstream:short)%00%(objectname)%00%(upstream:track)%00%(upstream:remotename)%00%(upstream:remoteref) refs/heads/master refs/remotes/master [0ms]
2023-01-26 03:09:36.173 [info] > git for-each-ref --sort -committerdate --format %(refname) %(objectname) %(*objectname) [5ms]
2023-01-26 03:09:36.828 [info] > git status -z -uall [668ms]
2023-01-26 03:09:41.857 [info] > git config --get commit.template [1ms]
2023-01-26 03:09:41.868 [info] > git for-each-ref --format=%(refname)%00%(upstream:short)%00%(objectname)%00%(upstream:track)%00%(upstream:remotename)%00%(upstream:remoteref) refs/heads/master refs/remotes/master [1ms]
2023-01-26 03:09:41.892 [info] > git for-each-ref --sort -committerdate --format %(refname) %(objectname) %(*objectname) [4ms]
2023-01-26 03:09:42.547 [info] > git status -z -uall [667ms]
2023-01-26 03:09:47.585 [info] > git config --get commit.template [1ms]
2023-01-26 03:09:47.595 [info] > git for-each-ref --format=%(refname)%00%(upstream:short)%00%(objectname)%00%(upstream:track)%00%(upstream:remotename)%00%(upstream:remoteref) refs/heads/master refs/remotes/master [1ms]
2023-01-26 03:09:47.621 [info] > git for-each-ref --sort -committerdate --format %(refname) %(objectname) %(*objectname) [5ms]
2023-01-26 03:09:48.268 [info] > git status -z -uall [660ms]
2023-01-26 03:09:53.299 [info] > git config --get commit.template [1ms]
2023-01-26 03:09:53.308 [info] > git for-each-ref --format=%(refname)%00%(upstream:short)%00%(objectname)%00%(upstream:track)%00%(upstream:remotename)%00%(upstream:remoteref) refs/heads/master refs/remotes/master [1ms]
2023-01-26 03:09:53.331 [info] > git for-each-ref --sort -committerdate --format %(refname) %(objectname) %(*objectname) [4ms]
2023-01-26 03:09:53.981 [info] > git status -z -uall [661ms]
2023-01-26 03:09:59.015 [info] > git config --get commit.template [1ms]
2023-01-26 03:09:59.025 [info] > git for-each-ref --format=%(refname)%00%(upstream:short)%00%(objectname)%00%(upstream:track)%00%(upstream:remotename)%00%(upstream:remoteref) refs/heads/master refs/remotes/master [1ms]
2023-01-26 03:09:59.048 [info] > git for-each-ref --sort -committerdate --format %(refname) %(objectname) %(*objectname) [4ms]
2023-01-26 03:09:59.712 [info] > git status -z -uall [676ms]
2023-01-26 03:10:04.780 [info] > git config --get commit.template [23ms]
2023-01-26 03:10:04.800 [info] > git for-each-ref --format=%(refname)%00%(upstream:short)%00%(objectname)%00%(upstream:track)%00%(upstream:remotename)%00%(upstream:remoteref) refs/heads/master refs/remotes/master [22ms]
2023-01-26 03:10:04.850 [info] > git for-each-ref --sort -committerdate --format %(refname) %(objectname) %(*objectname) [8ms]
2023-01-26 03:10:05.648 [info] > git status -z -uall [827ms]
2023-01-26 03:10:10.684 [info] > git config --get commit.template [1ms]
2023-01-26 03:10:10.694 [info] > git for-each-ref --format=%(refname)%00%(upstream:short)%00%(objectname)%00%(upstream:track)%00%(upstream:remotename)%00%(upstream:remoteref) refs/heads/master refs/remotes/master [2ms]
2023-01-26 03:10:10.716 [info] > git for-each-ref --sort -committerdate --format %(refname) %(objectname) %(*objectname) [7ms]
2023-01-26 03:10:11.372 [info] > git status -z -uall [669ms]
2023-01-26 03:10:16.407 [info] > git config --get commit.template [1ms]
2023-01-26 03:10:16.416 [info] > git for-each-ref --format=%(refname)%00%(upstream:short)%00%(objectname)%00%(upstream:track)%00%(upstream:remotename)%00%(upstream:remoteref) refs/heads/master refs/remotes/master [1ms]
2023-01-26 03:10:16.435 [info] > git for-each-ref --sort -committerdate --format %(refname) %(objectname) %(*objectname) [2ms]
2023-01-26 03:10:17.088 [info] > git status -z -uall [664ms]
2023-01-26 03:12:15.619 [info] > git config --get commit.template [1ms]
2023-01-26 03:12:15.628 [info] > git for-each-ref --format=%(refname)%00%(upstream:short)%00%(objectname)%00%(upstream:track)%00%(upstream:remotename)%00%(upstream:remoteref) refs/heads/master refs/remotes/master [3ms]
2023-01-26 03:12:15.649 [info] > git for-each-ref --sort -committerdate --format %(refname) %(objectname) %(*objectname) [6ms]
2023-01-26 03:12:16.312 [info] > git status -z -uall [677ms]
2023-01-26 03:32:19.035 [info] > git config --get commit.template [1ms]
2023-01-26 03:32:19.045 [info] > git for-each-ref --format=%(refname)%00%(upstream:short)%00%(objectname)%00%(upstream:track)%00%(upstream:remotename)%00%(upstream:remoteref) refs/heads/master refs/remotes/master [0ms]
2023-01-26 03:32:19.066 [info] > git for-each-ref --sort -committerdate --format %(refname) %(objectname) %(*objectname) [5ms]
2023-01-26 03:32:19.745 [info] > git status -z -uall [693ms]
2023-01-26 03:39:52.916 [info] > git config --get commit.template [1ms]
2023-01-26 03:39:52.925 [info] > git for-each-ref --format=%(refname)%00%(upstream:short)%00%(objectname)%00%(upstream:track)%00%(upstream:remotename)%00%(upstream:remoteref) refs/heads/master refs/remotes/master [0ms]
2023-01-26 03:39:52.949 [info] > git for-each-ref --sort -committerdate --format %(refname) %(objectname) %(*objectname) [4ms]
2023-01-26 03:39:53.618 [info] > git status -z -uall [682ms]
2023-01-26 03:57:41.385 [info] > git config --get commit.template [1ms]
2023-01-26 03:57:41.394 [info] > git for-each-ref --format=%(refname)%00%(upstream:short)%00%(objectname)%00%(upstream:track)%00%(upstream:remotename)%00%(upstream:remoteref) refs/heads/master refs/remotes/master [0ms]
2023-01-26 03:57:41.409 [info] > git for-each-ref --sort -committerdate --format %(refname) %(objectname) %(*objectname) [1ms]
2023-01-26 03:57:42.096 [info] > git status -z -uall [697ms]
2023-01-26 04:32:44.449 [info] > git config --get commit.template [1ms]
2023-01-26 04:32:44.458 [info] > git for-each-ref --format=%(refname)%00%(upstream:short)%00%(objectname)%00%(upstream:track)%00%(upstream:remotename)%00%(upstream:remoteref) refs/heads/master refs/remotes/master [2ms]
2023-01-26 04:32:44.481 [info] > git for-each-ref --sort -committerdate --format %(refname) %(objectname) %(*objectname) [5ms]
2023-01-26 04:32:45.161 [info] > git status -z -uall [694ms]
2023-01-26 04:32:50.198 [info] > git config --get commit.template [1ms]
2023-01-26 04:32:50.206 [info] > git for-each-ref --format=%(refname)%00%(upstream:short)%00%(objectname)%00%(upstream:track)%00%(upstream:remotename)%00%(upstream:remoteref) refs/heads/master refs/remotes/master [2ms]
2023-01-26 04:32:50.228 [info] > git for-each-ref --sort -committerdate --format %(refname) %(objectname) %(*objectname) [3ms]
2023-01-26 04:32:50.880 [info] > git status -z -uall [664ms]
2023-01-26 04:32:53.254 [info] > git ls-files --stage -- /home/thomasxucpa/go/src/around/backend/gcs.go [13ms]
2023-01-26 04:32:53.262 [info] > git show --textconv :go/src/around/backend/gcs.go [37ms]
2023-01-26 04:32:53.264 [info] > git cat-file -s 3ada2056e2dd4ddc9e404c346c9a46158468f505 [2ms]
2023-01-26 04:32:55.920 [info] > git config --get commit.template [1ms]
2023-01-26 04:32:55.929 [info] > git for-each-ref --format=%(refname)%00%(upstream:short)%00%(objectname)%00%(upstream:track)%00%(upstream:remotename)%00%(upstream:remoteref) refs/heads/master refs/remotes/master [1ms]
2023-01-26 04:32:55.949 [info] > git for-each-ref --sort -committerdate --format %(refname) %(objectname) %(*objectname) [4ms]
2023-01-26 04:32:56.599 [info] > git status -z -uall [661ms]
2023-01-26 04:32:58.662 [info] > git check-ignore -v -z --stdin [9ms]
2023-01-26 04:32:59.945 [info] > git show --textconv :go/src/around/handler/post.go [9ms]
2023-01-26 04:32:59.959 [info] > git ls-files --stage -- /home/thomasxucpa/go/src/around/handler/post.go [15ms]
2023-01-26 04:32:59.969 [info] > git cat-file -s d0fefc0a7fab563937608689e9cafb7a158e3c4d [1ms]
2023-01-26 04:33:01.631 [info] > git config --get commit.template [2ms]
2023-01-26 04:33:01.640 [info] > git for-each-ref --format=%(refname)%00%(upstream:short)%00%(objectname)%00%(upstream:track)%00%(upstream:remotename)%00%(upstream:remoteref) refs/heads/master refs/remotes/master [1ms]
2023-01-26 04:33:01.658 [info] > git for-each-ref --sort -committerdate --format %(refname) %(objectname) %(*objectname) [2ms]
2023-01-26 04:33:02.319 [info] > git status -z -uall [671ms]
2023-01-26 04:33:07.346 [info] > git config --get commit.template [1ms]
2023-01-26 04:33:07.354 [info] > git for-each-ref --format=%(refname)%00%(upstream:short)%00%(objectname)%00%(upstream:track)%00%(upstream:remotename)%00%(upstream:remoteref) refs/heads/master refs/remotes/master [2ms]
2023-01-26 04:33:07.374 [info] > git for-each-ref --sort -committerdate --format %(refname) %(objectname) %(*objectname) [1ms]
2023-01-26 04:33:08.043 [info] > git status -z -uall [679ms]
2023-01-26 04:33:13.072 [info] > git config --get commit.template [1ms]
2023-01-26 04:33:13.080 [info] > git for-each-ref --format=%(refname)%00%(upstream:short)%00%(objectname)%00%(upstream:track)%00%(upstream:remotename)%00%(upstream:remoteref) refs/heads/master refs/remotes/master [1ms]
2023-01-26 04:33:13.104 [info] > git for-each-ref --sort -committerdate --format %(refname) %(objectname) %(*objectname) [4ms]
2023-01-26 04:33:13.759 [info] > git status -z -uall [666ms]
2023-01-26 04:33:18.794 [info] > git config --get commit.template [1ms]
2023-01-26 04:33:18.803 [info] > git for-each-ref --format=%(refname)%00%(upstream:short)%00%(objectname)%00%(upstream:track)%00%(upstream:remotename)%00%(upstream:remoteref) refs/heads/master refs/remotes/master [1ms]
2023-01-26 04:33:18.884 [info] > git for-each-ref --sort -committerdate --format %(refname) %(objectname) %(*objectname) [3ms]
2023-01-26 04:33:19.485 [info] > git status -z -uall [669ms]
2023-01-26 04:33:24.514 [info] > git config --get commit.template [1ms]
2023-01-26 04:33:24.523 [info] > git for-each-ref --format=%(refname)%00%(upstream:short)%00%(objectname)%00%(upstream:track)%00%(upstream:remotename)%00%(upstream:remoteref) refs/heads/master refs/remotes/master [1ms]
2023-01-26 04:33:24.542 [info] > git for-each-ref --sort -committerdate --format %(refname) %(objectname) %(*objectname) [1ms]
2023-01-26 04:33:25.197 [info] > git status -z -uall [665ms]
2023-01-26 04:33:30.231 [info] > git config --get commit.template [1ms]
2023-01-26 04:33:30.240 [info] > git for-each-ref --format=%(refname)%00%(upstream:short)%00%(objectname)%00%(upstream:track)%00%(upstream:remotename)%00%(upstream:remoteref) refs/heads/master refs/remotes/master [1ms]
2023-01-26 04:33:30.259 [info] > git for-each-ref --sort -committerdate --format %(refname) %(objectname) %(*objectname) [2ms]
2023-01-26 04:33:30.661 [info] > git show --textconv :go/src/around/handler/user.go [43ms]
2023-01-26 04:33:30.670 [info] > git ls-files --stage -- /home/thomasxucpa/go/src/around/handler/user.go [31ms]
2023-01-26 04:33:30.685 [info] > git cat-file -s 96793d936c2b72d3026999d251f0df591679b921 [4ms]
2023-01-26 04:33:31.052 [info] > git status -z -uall [804ms]
2023-01-26 04:33:36.081 [info] > git config --get commit.template [1ms]
2023-01-26 04:33:36.093 [info] > git for-each-ref --format=%(refname)%00%(upstream:short)%00%(objectname)%00%(upstream:track)%00%(upstream:remotename)%00%(upstream:remoteref) refs/heads/master refs/remotes/master [1ms]
2023-01-26 04:33:36.114 [info] > git for-each-ref --sort -committerdate --format %(refname) %(objectname) %(*objectname) [3ms]
2023-01-26 04:33:36.766 [info] > git status -z -uall [666ms]
2023-01-26 04:33:41.802 [info] > git config --get commit.template [1ms]
2023-01-26 04:33:41.822 [info] > git for-each-ref --format=%(refname)%00%(upstream:short)%00%(objectname)%00%(upstream:track)%00%(upstream:remotename)%00%(upstream:remoteref) refs/heads/master refs/remotes/master [2ms]
2023-01-26 04:33:41.847 [info] > git for-each-ref --sort -committerdate --format %(refname) %(objectname) %(*objectname) [4ms]
2023-01-26 04:33:42.493 [info] > git status -z -uall [659ms]
2023-01-26 04:33:47.522 [info] > git config --get commit.template [0ms]
2023-01-26 04:33:47.532 [info] > git for-each-ref --format=%(refname)%00%(upstream:short)%00%(objectname)%00%(upstream:track)%00%(upstream:remotename)%00%(upstream:remoteref) refs/heads/master refs/remotes/master [0ms]
2023-01-26 04:33:47.557 [info] > git for-each-ref --sort -committerdate --format %(refname) %(objectname) %(*objectname) [4ms]
2023-01-26 04:33:48.205 [info] > git status -z -uall [661ms]
2023-01-26 04:33:53.240 [info] > git config --get commit.template [1ms]
2023-01-26 04:33:53.249 [info] > git for-each-ref --format=%(refname)%00%(upstream:short)%00%(objectname)%00%(upstream:track)%00%(upstream:remotename)%00%(upstream:remoteref) refs/heads/master refs/remotes/master [1ms]
2023-01-26 04:33:53.269 [info] > git for-each-ref --sort -committerdate --format %(refname) %(objectname) %(*objectname) [3ms]
2023-01-26 04:33:53.932 [info] > git status -z -uall [676ms]
2023-01-26 04:33:58.999 [info] > git config --get commit.template [1ms]
2023-01-26 04:33:59.009 [info] > git for-each-ref --format=%(refname)%00%(upstream:short)%00%(objectname)%00%(upstream:track)%00%(upstream:remotename)%00%(upstream:remoteref) refs/heads/master refs/remotes/master [1ms]
2023-01-26 04:33:59.033 [info] > git for-each-ref --sort -committerdate --format %(refname) %(objectname) %(*objectname) [4ms]
2023-01-26 04:33:59.689 [info] > git status -z -uall [669ms]
2023-01-26 04:34:04.717 [info] > git config --get commit.template [1ms]
2023-01-26 04:34:04.727 [info] > git for-each-ref --format=%(refname)%00%(upstream:short)%00%(objectname)%00%(upstream:track)%00%(upstream:remotename)%00%(upstream:remoteref) refs/heads/master refs/remotes/master [1ms]
2023-01-26 04:34:04.753 [info] > git for-each-ref --sort -committerdate --format %(refname) %(objectname) %(*objectname) [4ms]
2023-01-26 04:34:05.407 [info] > git status -z -uall [667ms]
2023-01-26 04:34:10.436 [info] > git config --get commit.template [1ms]
2023-01-26 04:34:10.445 [info] > git for-each-ref --format=%(refname)%00%(upstream:short)%00%(objectname)%00%(upstream:track)%00%(upstream:remotename)%00%(upstream:remoteref) refs/heads/master refs/remotes/master [1ms]
2023-01-26 04:34:10.465 [info] > git for-each-ref --sort -committerdate --format %(refname) %(objectname) %(*objectname) [3ms]
2023-01-26 04:34:11.114 [info] > git status -z -uall [661ms]
2023-01-26 04:34:16.147 [info] > git config --get commit.template [1ms]
2023-01-26 04:34:16.157 [info] > git for-each-ref --format=%(refname)%00%(upstream:short)%00%(objectname)%00%(upstream:track)%00%(upstream:remotename)%00%(upstream:remoteref) refs/heads/master refs/remotes/master [1ms]
2023-01-26 04:34:16.179 [info] > git for-each-ref --sort -committerdate --format %(refname) %(objectname) %(*objectname) [4ms]
2023-01-26 04:34:16.839 [info] > git status -z -uall [670ms]
2023-01-26 04:34:21.873 [info] > git config --get commit.template [0ms]
2023-01-26 04:34:21.881 [info] > git for-each-ref --format=%(refname)%00%(upstream:short)%00%(objectname)%00%(upstream:track)%00%(upstream:remotename)%00%(upstream:remoteref) refs/heads/master refs/remotes/master [1ms]
2023-01-26 04:34:21.903 [info] > git for-each-ref --sort -committerdate --format %(refname) %(objectname) %(*objectname) [4ms]
2023-01-26 04:34:22.549 [info] > git status -z -uall [657ms]
2023-01-26 04:34:27.585 [info] > git config --get commit.template [1ms]
2023-01-26 04:34:27.595 [info] > git for-each-ref --format=%(refname)%00%(upstream:short)%00%(objectname)%00%(upstream:track)%00%(upstream:remotename)%00%(upstream:remoteref) refs/heads/master refs/remotes/master [2ms]
2023-01-26 04:34:27.615 [info] > git for-each-ref --sort -committerdate --format %(refname) %(objectname) %(*objectname) [4ms]
2023-01-26 04:34:28.267 [info] > git status -z -uall [663ms]
2023-01-26 04:34:33.295 [info] > git config --get commit.template [1ms]
2023-01-26 04:34:33.304 [info] > git for-each-ref --format=%(refname)%00%(upstream:short)%00%(objectname)%00%(upstream:track)%00%(upstream:remotename)%00%(upstream:remoteref) refs/heads/master refs/remotes/master [1ms]
2023-01-26 04:34:33.322 [info] > git for-each-ref --sort -committerdate --format %(refname) %(objectname) %(*objectname) [0ms]
2023-01-26 04:34:33.976 [info] > git status -z -uall [664ms]
2023-01-26 04:34:39.012 [info] > git config --get commit.template [1ms]
2023-01-26 04:34:39.022 [info] > git for-each-ref --format=%(refname)%00%(upstream:short)%00%(objectname)%00%(upstream:track)%00%(upstream:remotename)%00%(upstream:remoteref) refs/heads/master refs/remotes/master [1ms]
2023-01-26 04:34:39.044 [info] > git for-each-ref --sort -committerdate --format %(refname) %(objectname) %(*objectname) [4ms]
2023-01-26 04:34:39.698 [info] > git status -z -uall [666ms]
2023-01-26 04:34:44.728 [info] > git config --get commit.template [1ms]
2023-01-26 04:34:44.737 [info] > git for-each-ref --format=%(refname)%00%(upstream:short)%00%(objectname)%00%(upstream:track)%00%(upstream:remotename)%00%(upstream:remoteref) refs/heads/master refs/remotes/master [1ms]
2023-01-26 04:34:44.763 [info] > git for-each-ref --sort -committerdate --format %(refname) %(objectname) %(*objectname) [4ms]
2023-01-26 04:34:45.418 [info] > git status -z -uall [670ms]
2023-01-26 04:34:50.455 [info] > git config --get commit.template [1ms]
2023-01-26 04:34:50.464 [info] > git for-each-ref --format=%(refname)%00%(upstream:short)%00%(objectname)%00%(upstream:track)%00%(upstream:remotename)%00%(upstream:remoteref) refs/heads/master refs/remotes/master [1ms]
2023-01-26 04:34:50.483 [info] > git for-each-ref --sort -committerdate --format %(refname) %(objectname) %(*objectname) [1ms]
2023-01-26 04:34:51.150 [info] > git status -z -uall [678ms]
2023-01-26 04:34:56.181 [info] > git config --get commit.template [1ms]
2023-01-26 04:34:56.191 [info] > git for-each-ref --format=%(refname)%00%(upstream:short)%00%(objectname)%00%(upstream:track)%00%(upstream:remotename)%00%(upstream:remoteref) refs/heads/master refs/remotes/master [1ms]
2023-01-26 04:34:56.263 [info] > git for-each-ref --sort -committerdate --format %(refname) %(objectname) %(*objectname) [8ms]
2023-01-26 04:34:56.866 [info] > git status -z -uall [662ms]
2023-01-26 04:35:01.911 [info] > git for-each-ref --format=%(refname)%00%(upstream:short)%00%(objectname)%00%(upstream:track)%00%(upstream:remotename)%00%(upstream:remoteref) refs/heads/master refs/remotes/master [1ms]
2023-01-26 04:35:01.912 [info] > git config --get commit.template [12ms]
2023-01-26 04:35:01.989 [info] > git for-each-ref --sort -committerdate --format %(refname) %(objectname) %(*objectname) [14ms]
2023-01-26 04:35:02.578 [info] > git status -z -uall [654ms]
2023-01-26 04:35:07.609 [info] > git config --get commit.template [1ms]
2023-01-26 04:35:07.619 [info] > git for-each-ref --format=%(refname)%00%(upstream:short)%00%(objectname)%00%(upstream:track)%00%(upstream:remotename)%00%(upstream:remoteref) refs/heads/master refs/remotes/master [1ms]
2023-01-26 04:35:07.637 [info] > git for-each-ref --sort -committerdate --format %(refname) %(objectname) %(*objectname) [4ms]
2023-01-26 04:35:08.290 [info] > git status -z -uall [665ms]
2023-01-26 04:35:13.323 [info] > git config --get commit.template [1ms]
2023-01-26 04:35:13.332 [info] > git for-each-ref --format=%(refname)%00%(upstream:short)%00%(objectname)%00%(upstream:track)%00%(upstream:remotename)%00%(upstream:remoteref) refs/heads/master refs/remotes/master [1ms]
2023-01-26 04:35:13.351 [info] > git for-each-ref --sort -committerdate --format %(refname) %(objectname) %(*objectname) [0ms]
2023-01-26 04:35:14.008 [info] > git status -z -uall [668ms]
2023-01-26 04:35:19.044 [info] > git config --get commit.template [1ms]
2023-01-26 04:35:19.053 [info] > git for-each-ref --format=%(refname)%00%(upstream:short)%00%(objectname)%00%(upstream:track)%00%(upstream:remotename)%00%(upstream:remoteref) refs/heads/master refs/remotes/master [1ms]
2023-01-26 04:35:19.075 [info] > git for-each-ref --sort -committerdate --format %(refname) %(objectname) %(*objectname) [3ms]
2023-01-26 04:35:19.722 [info] > git status -z -uall [658ms]
2023-01-26 04:35:24.751 [info] > git config --get commit.template [1ms]
2023-01-26 04:35:24.761 [info] > git for-each-ref --format=%(refname)%00%(upstream:short)%00%(objectname)%00%(upstream:track)%00%(upstream:remotename)%00%(upstream:remoteref) refs/heads/master refs/remotes/master [1ms]
2023-01-26 04:35:24.785 [info] > git for-each-ref --sort -committerdate --format %(refname) %(objectname) %(*objectname) [4ms]
2023-01-26 04:35:25.428 [info] > git status -z -uall [656ms]
2023-01-26 04:35:30.457 [info] > git config --get commit.template [1ms]
2023-01-26 04:35:30.467 [info] > git for-each-ref --format=%(refname)%00%(upstream:short)%00%(objectname)%00%(upstream:track)%00%(upstream:remotename)%00%(upstream:remoteref) refs/heads/master refs/remotes/master [1ms]
2023-01-26 04:35:30.527 [info] > git for-each-ref --sort -committerdate --format %(refname) %(objectname) %(*objectname) [37ms]
2023-01-26 04:35:31.144 [info] > git status -z -uall [664ms]
2023-01-26 04:35:36.173 [info] > git config --get commit.template [1ms]
2023-01-26 04:35:36.184 [info] > git for-each-ref --format=%(refname)%00%(upstream:short)%00%(objectname)%00%(upstream:track)%00%(upstream:remotename)%00%(upstream:remoteref) refs/heads/master refs/remotes/master [1ms]
2023-01-26 04:35:36.207 [info] > git for-each-ref --sort -committerdate --format %(refname) %(objectname) %(*objectname) [3ms]
2023-01-26 04:35:36.863 [info] > git status -z -uall [671ms]
2023-01-26 04:35:41.892 [info] > git config --get commit.template [1ms]
2023-01-26 04:35:41.903 [info] > git for-each-ref --format=%(refname)%00%(upstream:short)%00%(objectname)%00%(upstream:track)%00%(upstream:remotename)%00%(upstream:remoteref) refs/heads/master refs/remotes/master [1ms]
2023-01-26 04:35:41.931 [info] > git for-each-ref --sort -committerdate --format %(refname) %(objectname) %(*objectname) [4ms]
2023-01-26 04:35:42.578 [info] > git status -z -uall [662ms]
2023-01-26 04:35:47.619 [info] > git for-each-ref --format=%(refname)%00%(upstream:short)%00%(objectname)%00%(upstream:track)%00%(upstream:remotename)%00%(upstream:remoteref) refs/heads/master refs/remotes/master [1ms]
2023-01-26 04:35:47.619 [info] > git config --get commit.template [11ms]
2023-01-26 04:35:47.681 [info] > git for-each-ref --sort -committerdate --format %(refname) %(objectname) %(*objectname) [36ms]
2023-01-26 04:35:48.294 [info] > git status -z -uall [662ms]
2023-01-26 04:35:53.323 [info] > git config --get commit.template [1ms]
2023-01-26 04:35:53.334 [info] > git for-each-ref --format=%(refname)%00%(upstream:short)%00%(objectname)%00%(upstream:track)%00%(upstream:remotename)%00%(upstream:remoteref) refs/heads/master refs/remotes/master [0ms]
2023-01-26 04:35:53.380 [info] > git for-each-ref --sort -committerdate --format %(refname) %(objectname) %(*objectname) [24ms]
2023-01-26 04:35:54.007 [info] > git status -z -uall [662ms]
2023-01-26 04:35:59.047 [info] > git config --get commit.template [11ms]
2023-01-26 04:35:59.047 [info] > git for-each-ref --format=%(refname)%00%(upstream:short)%00%(objectname)%00%(upstream:track)%00%(upstream:remotename)%00%(upstream:remoteref) refs/heads/master refs/remotes/master [1ms]
2023-01-26 04:35:59.068 [info] > git for-each-ref --sort -committerdate --format %(refname) %(objectname) %(*objectname) [4ms]
2023-01-26 04:35:59.757 [info] > git status -z -uall [701ms]
2023-01-26 04:36:04.799 [info] > git config --get commit.template [1ms]
2023-01-26 04:36:04.809 [info] > git for-each-ref --format=%(refname)%00%(upstream:short)%00%(objectname)%00%(upstream:track)%00%(upstream:remotename)%00%(upstream:remoteref) refs/heads/master refs/remotes/master [0ms]
2023-01-26 04:36:04.832 [info] > git for-each-ref --sort -committerdate --format %(refname) %(objectname) %(*objectname) [4ms]
2023-01-26 04:36:05.494 [info] > git status -z -uall [674ms]
2023-01-26 04:36:10.522 [info] > git config --get commit.template [1ms]
2023-01-26 04:36:10.531 [info] > git for-each-ref --format=%(refname)%00%(upstream:short)%00%(objectname)%00%(upstream:track)%00%(upstream:remotename)%00%(upstream:remoteref) refs/heads/master refs/remotes/master [0ms]
2023-01-26 04:36:10.553 [info] > git for-each-ref --sort -committerdate --format %(refname) %(objectname) %(*objectname) [4ms]
2023-01-26 04:36:11.198 [info] > git status -z -uall [658ms]
2023-01-26 04:36:16.227 [info] > git config --get commit.template [1ms]
2023-01-26 04:36:16.236 [info] > git for-each-ref --format=%(refname)%00%(upstream:short)%00%(objectname)%00%(upstream:track)%00%(upstream:remotename)%00%(upstream:remoteref) refs/heads/master refs/remotes/master [1ms]
2023-01-26 04:36:16.254 [info] > git for-each-ref --sort -committerdate --format %(refname) %(objectname) %(*objectname) [1ms]
2023-01-26 04:36:16.908 [info] > git status -z -uall [664ms]
2023-01-26 04:36:21.947 [info] > git config --get commit.template [1ms]
2023-01-26 04:36:21.957 [info] > git for-each-ref --format=%(refname)%00%(upstream:short)%00%(objectname)%00%(upstream:track)%00%(upstream:remotename)%00%(upstream:remoteref) refs/heads/master refs/remotes/master [1ms]
2023-01-26 04:36:21.982 [info] > git for-each-ref --sort -committerdate --format %(refname) %(objectname) %(*objectname) [3ms]
2023-01-26 04:36:22.640 [info] > git status -z -uall [672ms]
2023-01-26 04:36:27.677 [info] > git config --get commit.template [1ms]
2023-01-26 04:36:27.687 [info] > git for-each-ref --format=%(refname)%00%(upstream:short)%00%(objectname)%00%(upstream:track)%00%(upstream:remotename)%00%(upstream:remoteref) refs/heads/master refs/remotes/master [1ms]
2023-01-26 04:36:27.713 [info] > git for-each-ref --sort -committerdate --format %(refname) %(objectname) %(*objectname) [4ms]
2023-01-26 04:36:28.370 [info] > git status -z -uall [670ms]
2023-01-26 04:36:33.399 [info] > git config --get commit.template [1ms]
2023-01-26 04:36:33.408 [info] > git for-each-ref --format=%(refname)%00%(upstream:short)%00%(objectname)%00%(upstream:track)%00%(upstream:remotename)%00%(upstream:remoteref) refs/heads/master refs/remotes/master [1ms]
2023-01-26 04:36:33.433 [info] > git for-each-ref --sort -committerdate --format %(refname) %(objectname) %(*objectname) [4ms]
2023-01-26 04:36:34.088 [info] > git status -z -uall [667ms]
2023-01-26 04:36:39.118 [info] > git config --get commit.template [1ms]
2023-01-26 04:36:39.128 [info] > git for-each-ref --format=%(refname)%00%(upstream:short)%00%(objectname)%00%(upstream:track)%00%(upstream:remotename)%00%(upstream:remoteref) refs/heads/master refs/remotes/master [0ms]
2023-01-26 04:36:39.145 [info] > git for-each-ref --sort -committerdate --format %(refname) %(objectname) %(*objectname) [1ms]
2023-01-26 04:36:39.807 [info] > git status -z -uall [672ms]
2023-01-26 04:36:44.843 [info] > git config --get commit.template [1ms]
2023-01-26 04:36:44.852 [info] > git for-each-ref --format=%(refname)%00%(upstream:short)%00%(objectname)%00%(upstream:track)%00%(upstream:remotename)%00%(upstream:remoteref) refs/heads/master refs/remotes/master [1ms]
2023-01-26 04:36:44.872 [info] > git for-each-ref --sort -committerdate --format %(refname) %(objectname) %(*objectname) [4ms]
2023-01-26 04:36:45.526 [info] > git status -z -uall [666ms]
2023-01-26 04:36:50.558 [info] > git config --get commit.template [1ms]
2023-01-26 04:36:50.568 [info] > git for-each-ref --format=%(refname)%00%(upstream:short)%00%(objectname)%00%(upstream:track)%00%(upstream:remotename)%00%(upstream:remoteref) refs/heads/master refs/remotes/master [0ms]
2023-01-26 04:36:50.592 [info] > git for-each-ref --sort -committerdate --format %(refname) %(objectname) %(*objectname) [3ms]
2023-01-26 04:36:51.247 [info] > git status -z -uall [667ms]
2023-01-26 04:36:56.283 [info] > git config --get commit.template [1ms]
2023-01-26 04:36:56.292 [info] > git for-each-ref --format=%(refname)%00%(upstream:short)%00%(objectname)%00%(upstream:track)%00%(upstream:remotename)%00%(upstream:remoteref) refs/heads/master refs/remotes/master [1ms]
2023-01-26 04:36:56.315 [info] > git for-each-ref --sort -committerdate --format %(refname) %(objectname) %(*objectname) [4ms]
2023-01-26 04:36:56.963 [info] > git status -z -uall [659ms]
2023-01-26 04:37:01.998 [info] > git config --get commit.template [1ms]
2023-01-26 04:37:02.007 [info] > git for-each-ref --format=%(refname)%00%(upstream:short)%00%(objectname)%00%(upstream:track)%00%(upstream:remotename)%00%(upstream:remoteref) refs/heads/master refs/remotes/master [1ms]
2023-01-26 04:37:02.027 [info] > git for-each-ref --sort -committerdate --format %(refname) %(objectname) %(*objectname) [2ms]
2023-01-26 04:37:02.672 [info] > git status -z -uall [656ms]
2023-01-26 04:37:07.706 [info] > git config --get commit.template [0ms]
2023-01-26 04:37:07.715 [info] > git for-each-ref --format=%(refname)%00%(upstream:short)%00%(objectname)%00%(upstream:track)%00%(upstream:remotename)%00%(upstream:remoteref) refs/heads/master refs/remotes/master [1ms]
2023-01-26 04:37:07.736 [info] > git for-each-ref --sort -committerdate --format %(refname) %(objectname) %(*objectname) [4ms]
2023-01-26 04:37:08.387 [info] > git status -z -uall [663ms]
2023-01-26 04:37:13.418 [info] > git config --get commit.template [1ms]
2023-01-26 04:37:13.427 [info] > git for-each-ref --format=%(refname)%00%(upstream:short)%00%(objectname)%00%(upstream:track)%00%(upstream:remotename)%00%(upstream:remoteref) refs/heads/master refs/remotes/master [1ms]
2023-01-26 04:37:13.451 [info] > git for-each-ref --sort -committerdate --format %(refname) %(objectname) %(*objectname) [4ms]
2023-01-26 04:37:14.099 [info] > git status -z -uall [659ms]
2023-01-26 04:37:19.134 [info] > git config --get commit.template [1ms]
2023-01-26 04:37:19.143 [info] > git for-each-ref --format=%(refname)%00%(upstream:short)%00%(objectname)%00%(upstream:track)%00%(upstream:remotename)%00%(upstream:remoteref) refs/heads/master refs/remotes/master [1ms]
2023-01-26 04:37:19.162 [info] > git for-each-ref --sort -committerdate --format %(refname) %(objectname) %(*objectname) [3ms]
2023-01-26 04:37:19.826 [info] > git status -z -uall [674ms]
2023-01-26 04:37:24.928 [info] > git config --get commit.template [0ms]
2023-01-26 04:37:24.936 [info] > git for-each-ref --format=%(refname)%00%(upstream:short)%00%(objectname)%00%(upstream:track)%00%(upstream:remotename)%00%(upstream:remoteref) refs/heads/master refs/remotes/master [0ms]
2023-01-26 04:37:24.954 [info] > git for-each-ref --sort -committerdate --format %(refname) %(objectname) %(*objectname) [3ms]
2023-01-26 04:37:25.616 [info] > git status -z -uall [674ms]
2023-01-26 04:37:30.691 [info] > git config --get commit.template [1ms]
2023-01-26 04:37:30.701 [info] > git for-each-ref --format=%(refname)%00%(upstream:short)%00%(objectname)%00%(upstream:track)%00%(upstream:remotename)%00%(upstream:remoteref) refs/heads/master refs/remotes/master [0ms]
2023-01-26 04:37:30.749 [info] > git for-each-ref --sort -committerdate --format %(refname) %(objectname) %(*objectname) [34ms]
2023-01-26 04:37:31.440 [info] > git status -z -uall [733ms]
2023-01-26 04:37:36.473 [info] > git config --get commit.template [1ms]
2023-01-26 04:37:36.482 [info] > git for-each-ref --format=%(refname)%00%(upstream:short)%00%(objectname)%00%(upstream:track)%00%(upstream:remotename)%00%(upstream:remoteref) refs/heads/master refs/remotes/master [1ms]
2023-01-26 04:37:36.499 [info] > git for-each-ref --sort -committerdate --format %(refname) %(objectname) %(*objectname) [3ms]
2023-01-26 04:37:37.155 [info] > git status -z -uall [667ms]
2023-01-26 04:37:42.193 [info] > git config --get commit.template [1ms]
2023-01-26 04:37:42.202 [info] > git for-each-ref --format=%(refname)%00%(upstream:short)%00%(objectname)%00%(upstream:track)%00%(upstream:remotename)%00%(upstream:remoteref) refs/heads/master refs/remotes/master [2ms]
2023-01-26 04:37:42.220 [info] > git for-each-ref --sort -committerdate --format %(refname) %(objectname) %(*objectname) [3ms]
2023-01-26 04:37:42.874 [info] > git status -z -uall [665ms]
2023-01-26 04:37:47.903 [info] > git config --get commit.template [1ms]
2023-01-26 04:37:47.913 [info] > git for-each-ref --format=%(refname)%00%(upstream:short)%00%(objectname)%00%(upstream:track)%00%(upstream:remotename)%00%(upstream:remoteref) refs/heads/master refs/remotes/master [1ms]
2023-01-26 04:37:47.934 [info] > git for-each-ref --sort -committerdate --format %(refname) %(objectname) %(*objectname) [3ms]
2023-01-26 04:37:48.585 [info] > git status -z -uall [665ms]
2023-01-26 04:37:53.613 [info] > git config --get commit.template [1ms]
2023-01-26 04:37:53.622 [info] > git for-each-ref --format=%(refname)%00%(upstream:short)%00%(objectname)%00%(upstream:track)%00%(upstream:remotename)%00%(upstream:remoteref) refs/heads/master refs/remotes/master [2ms]
2023-01-26 04:37:53.644 [info] > git for-each-ref --sort -committerdate --format %(refname) %(objectname) %(*objectname) [4ms]
2023-01-26 04:37:54.291 [info] > git status -z -uall [659ms]
2023-01-26 04:37:59.319 [info] > git config --get commit.template [1ms]
2023-01-26 04:37:59.329 [info] > git for-each-ref --format=%(refname)%00%(upstream:short)%00%(objectname)%00%(upstream:track)%00%(upstream:remotename)%00%(upstream:remoteref) refs/heads/master refs/remotes/master [1ms]
2023-01-26 04:37:59.352 [info] > git for-each-ref --sort -committerdate --format %(refname) %(objectname) %(*objectname) [4ms]
2023-01-26 04:37:59.999 [info] > git status -z -uall [659ms]
2023-01-26 04:38:05.029 [info] > git config --get commit.template [1ms]
2023-01-26 04:38:05.039 [info] > git for-each-ref --format=%(refname)%00%(upstream:short)%00%(objectname)%00%(upstream:track)%00%(upstream:remotename)%00%(upstream:remoteref) refs/heads/master refs/remotes/master [0ms]
2023-01-26 04:38:05.067 [info] > git for-each-ref --sort -committerdate --format %(refname) %(objectname) %(*objectname) [4ms]
2023-01-26 04:38:05.719 [info] > git status -z -uall [667ms]
2023-01-26 04:38:10.750 [info] > git config --get commit.template [2ms]
2023-01-26 04:38:10.761 [info] > git for-each-ref --format=%(refname)%00%(upstream:short)%00%(objectname)%00%(upstream:track)%00%(upstream:remotename)%00%(upstream:remoteref) refs/heads/master refs/remotes/master [0ms]
2023-01-26 04:38:10.780 [info] > git for-each-ref --sort -committerdate --format %(refname) %(objectname) %(*objectname) [1ms]
2023-01-26 04:38:11.431 [info] > git status -z -uall [663ms]
2023-01-26 04:38:16.460 [info] > git config --get commit.template [1ms]
2023-01-26 04:38:16.470 [info] > git for-each-ref --format=%(refname)%00%(upstream:short)%00%(objectname)%00%(upstream:track)%00%(upstream:remotename)%00%(upstream:remoteref) refs/heads/master refs/remotes/master [2ms]
2023-01-26 04:38:16.492 [info] > git for-each-ref --sort -committerdate --format %(refname) %(objectname) %(*objectname) [3ms]
2023-01-26 04:38:17.145 [info] > git status -z -uall [665ms]
2023-01-26 04:38:22.173 [info] > git config --get commit.template [1ms]
2023-01-26 04:38:22.182 [info] > git for-each-ref --format=%(refname)%00%(upstream:short)%00%(objectname)%00%(upstream:track)%00%(upstream:remotename)%00%(upstream:remoteref) refs/heads/master refs/remotes/master [2ms]
2023-01-26 04:38:22.203 [info] > git for-each-ref --sort -committerdate --format %(refname) %(objectname) %(*objectname) [3ms]
2023-01-26 04:38:22.861 [info] > git status -z -uall [669ms]
2023-01-26 04:38:27.893 [info] > git config --get commit.template [1ms]
2023-01-26 04:38:27.902 [info] > git for-each-ref --format=%(refname)%00%(upstream:short)%00%(objectname)%00%(upstream:track)%00%(upstream:remotename)%00%(upstream:remoteref) refs/heads/master refs/remotes/master [0ms]
2023-01-26 04:38:27.932 [info] > git for-each-ref --sort -committerdate --format %(refname) %(objectname) %(*objectname) [4ms]
2023-01-26 04:38:28.643 [info] > git status -z -uall [727ms]
2023-01-26 04:38:33.688 [info] > git for-each-ref --format=%(refname)%00%(upstream:short)%00%(objectname)%00%(upstream:track)%00%(upstream:remotename)%00%(upstream:remoteref) refs/heads/master refs/remotes/master [1ms]
2023-01-26 04:38:33.688 [info] > git config --get commit.template [10ms]
2023-01-26 04:38:33.710 [info] > git for-each-ref --sort -committerdate --format %(refname) %(objectname) %(*objectname) [4ms]
2023-01-26 04:38:34.364 [info] > git status -z -uall [664ms]
2023-01-26 04:38:39.394 [info] > git config --get commit.template [1ms]
2023-01-26 04:38:39.403 [info] > git for-each-ref --format=%(refname)%00%(upstream:short)%00%(objectname)%00%(upstream:track)%00%(upstream:remotename)%00%(upstream:remoteref) refs/heads/master refs/remotes/master [3ms]
2023-01-26 04:38:39.422 [info] > git for-each-ref --sort -committerdate --format %(refname) %(objectname) %(*objectname) [2ms]
2023-01-26 04:38:40.070 [info] > git status -z -uall [658ms]
2023-01-26 04:38:45.109 [info] > git config --get commit.template [1ms]
2023-01-26 04:38:45.118 [info] > git for-each-ref --format=%(refname)%00%(upstream:short)%00%(objectname)%00%(upstream:track)%00%(upstream:remotename)%00%(upstream:remoteref) refs/heads/master refs/remotes/master [2ms]
2023-01-26 04:38:45.139 [info] > git for-each-ref --sort -committerdate --format %(refname) %(objectname) %(*objectname) [3ms]
2023-01-26 04:38:45.793 [info] > git status -z -uall [665ms]
2023-01-26 04:38:50.826 [info] > git config --get commit.template [1ms]
2023-01-26 04:38:50.836 [info] > git for-each-ref --format=%(refname)%00%(upstream:short)%00%(objectname)%00%(upstream:track)%00%(upstream:remotename)%00%(upstream:remoteref) refs/heads/master refs/remotes/master [1ms]
2023-01-26 04:38:50.857 [info] > git for-each-ref --sort -committerdate --format %(refname) %(objectname) %(*objectname) [4ms]
2023-01-26 04:38:51.502 [info] > git status -z -uall [658ms]
2023-01-26 04:39:05.148 [info] > git config --get commit.template [2ms]
2023-01-26 04:39:05.156 [info] > git for-each-ref --format=%(refname)%00%(upstream:short)%00%(objectname)%00%(upstream:track)%00%(upstream:remotename)%00%(upstream:remoteref) refs/heads/master refs/remotes/master [1ms]
2023-01-26 04:39:05.180 [info] > git for-each-ref --sort -committerdate --format %(refname) %(objectname) %(*objectname) [3ms]
2023-01-26 04:39:05.845 [info] > git status -z -uall [677ms]
