2023-01-24 04:36:33.284 [info] Log level: Info
2023-01-24 04:36:33.292 [info] Validating found git in: "git"
2023-01-24 04:36:33.292 [info] Using git "2.17.1" from "git"
2023-01-24 04:36:33.292 [info] > git rev-parse --show-toplevel [120ms]
2023-01-24 04:36:33.292 [info] > git rev-parse --git-dir --git-common-dir [12ms]
2023-01-24 04:36:33.292 [info] Open repository: /home/thomasxucpa
2023-01-24 04:36:33.292 [info] > git rev-parse --show-toplevel [12ms]
2023-01-24 04:36:33.292 [info] > git rev-parse --show-toplevel [3ms]
2023-01-24 04:36:33.292 [info] > git config --get commit.template [20ms]
2023-01-24 04:36:33.292 [info] > git rev-parse --show-toplevel [3ms]
2023-01-24 04:36:33.292 [info] > git rev-parse --show-toplevel [16ms]
2023-01-24 04:36:33.292 [info] > git for-each-ref --format=%(refname)%00%(upstream:short)%00%(objectname)%00%(upstream:track)%00%(upstream:remotename)%00%(upstream:remoteref) refs/heads/master refs/remotes/master [19ms]
2023-01-24 04:36:33.293 [info] > git rev-parse --show-toplevel [202ms]
2023-01-24 04:36:33.293 [info] > git for-each-ref --sort -committerdate --format %(refname) %(objectname) %(*objectname) [203ms]
2023-01-24 04:36:33.293 [info] > git rev-parse --show-toplevel [19ms]
2023-01-24 04:36:33.293 [info] > git check-ignore -v -z --stdin [325ms]
2023-01-24 04:36:33.800 [info] > git show --textconv :go/src/around/handler/user.go [560ms]
2023-01-24 04:36:33.802 [info] > git ls-files --stage -- /home/thomasxucpa/go/src/around/handler/user.go [550ms]
2023-01-24 04:36:33.822 [info] > git cat-file -s 96793d936c2b72d3026999d251f0df591679b921 [8ms]
2023-01-24 04:36:34.073 [info] > git status -z -uall [2092ms]
2023-01-24 04:36:34.143 [info] > git config --get commit.template [23ms]
2023-01-24 04:36:34.152 [info] > git for-each-ref --format=%(refname)%00%(upstream:short)%00%(objectname)%00%(upstream:track)%00%(upstream:remotename)%00%(upstream:remoteref) refs/heads/master refs/remotes/master [11ms]
2023-01-24 04:36:34.551 [info] > git for-each-ref --sort -committerdate --format %(refname) %(objectname) %(*objectname) [286ms]
2023-01-24 04:36:35.327 [info] > git config --local branch.master.github-pr-owner-number [21ms]
2023-01-24 04:36:35.898 [info] > git status -z -uall [1736ms]
2023-01-24 04:37:26.334 [info] > git config --get commit.template [11ms]
2023-01-24 04:37:26.350 [info] > git for-each-ref --format=%(refname)%00%(upstream:short)%00%(objectname)%00%(upstream:track)%00%(upstream:remotename)%00%(upstream:remoteref) refs/heads/master refs/remotes/master [18ms]
2023-01-24 04:37:26.368 [info] > git for-each-ref --sort -committerdate --format %(refname) %(objectname) %(*objectname) [2ms]
2023-01-24 04:37:28.183 [info] > git status -z -uall [1824ms]
2023-01-24 04:37:33.200 [info] > git config --get commit.template [1ms]
2023-01-24 04:37:33.209 [info] > git for-each-ref --format=%(refname)%00%(upstream:short)%00%(objectname)%00%(upstream:track)%00%(upstream:remotename)%00%(upstream:remoteref) refs/heads/master refs/remotes/master [1ms]
2023-01-24 04:37:33.230 [info] > git for-each-ref --sort -committerdate --format %(refname) %(objectname) %(*objectname) [3ms]
2023-01-24 04:37:33.910 [info] > git status -z -uall [689ms]
2023-01-24 04:37:36.294 [info] > git check-ignore -v -z --stdin [29ms]
2023-01-24 04:37:38.929 [info] > git config --get commit.template [2ms]
2023-01-24 04:37:38.938 [info] > git for-each-ref --format=%(refname)%00%(upstream:short)%00%(objectname)%00%(upstream:track)%00%(upstream:remotename)%00%(upstream:remoteref) refs/heads/master refs/remotes/master [0ms]
2023-01-24 04:37:38.957 [info] > git for-each-ref --sort -committerdate --format %(refname) %(objectname) %(*objectname) [5ms]
2023-01-24 04:37:39.605 [info] > git status -z -uall [661ms]
2023-01-24 04:38:14.949 [info] > git config --get commit.template [1ms]
2023-01-24 04:38:14.959 [info] > git for-each-ref --format=%(refname)%00%(upstream:short)%00%(objectname)%00%(upstream:track)%00%(upstream:remotename)%00%(upstream:remoteref) refs/heads/master refs/remotes/master [3ms]
2023-01-24 04:38:14.983 [info] > git for-each-ref --sort -committerdate --format %(refname) %(objectname) %(*objectname) [3ms]
2023-01-24 04:38:15.643 [info] > git status -z -uall [670ms]
2023-01-24 04:38:20.662 [info] > git config --get commit.template [1ms]
2023-01-24 04:38:20.671 [info] > git for-each-ref --format=%(refname)%00%(upstream:short)%00%(objectname)%00%(upstream:track)%00%(upstream:remotename)%00%(upstream:remoteref) refs/heads/master refs/remotes/master [0ms]
2023-01-24 04:38:20.694 [info] > git for-each-ref --sort -committerdate --format %(refname) %(objectname) %(*objectname) [2ms]
2023-01-24 04:38:21.350 [info] > git status -z -uall [670ms]
2023-01-24 04:38:26.373 [info] > git for-each-ref --format=%(refname)%00%(upstream:short)%00%(objectname)%00%(upstream:track)%00%(upstream:remotename)%00%(upstream:remoteref) refs/heads/master refs/remotes/master [1ms]
2023-01-24 04:38:26.374 [info] > git config --get commit.template [9ms]
2023-01-24 04:38:26.391 [info] > git for-each-ref --sort -committerdate --format %(refname) %(objectname) %(*objectname) [4ms]
2023-01-24 04:38:27.049 [info] > git status -z -uall [669ms]
2023-01-24 04:38:32.066 [info] > git config --get commit.template [1ms]
2023-01-24 04:38:32.075 [info] > git for-each-ref --format=%(refname)%00%(upstream:short)%00%(objectname)%00%(upstream:track)%00%(upstream:remotename)%00%(upstream:remoteref) refs/heads/master refs/remotes/master [1ms]
2023-01-24 04:38:32.094 [info] > git for-each-ref --sort -committerdate --format %(refname) %(objectname) %(*objectname) [4ms]
2023-01-24 04:38:32.745 [info] > git status -z -uall [661ms]
2023-01-24 04:38:37.766 [info] > git config --get commit.template [1ms]
2023-01-24 04:38:37.776 [info] > git for-each-ref --format=%(refname)%00%(upstream:short)%00%(objectname)%00%(upstream:track)%00%(upstream:remotename)%00%(upstream:remoteref) refs/heads/master refs/remotes/master [1ms]
2023-01-24 04:38:37.797 [info] > git for-each-ref --sort -committerdate --format %(refname) %(objectname) %(*objectname) [4ms]
2023-01-24 04:38:38.447 [info] > git status -z -uall [663ms]
2023-01-24 04:38:43.471 [info] > git config --get commit.template [1ms]
2023-01-24 04:38:43.480 [info] > git for-each-ref --format=%(refname)%00%(upstream:short)%00%(objectname)%00%(upstream:track)%00%(upstream:remotename)%00%(upstream:remoteref) refs/heads/master refs/remotes/master [0ms]
2023-01-24 04:38:43.509 [info] > git for-each-ref --sort -committerdate --format %(refname) %(objectname) %(*objectname) [13ms]
2023-01-24 04:38:44.180 [info] > git status -z -uall [692ms]
2023-01-24 04:38:49.205 [info] > git config --get commit.template [1ms]
2023-01-24 04:38:49.213 [info] > git for-each-ref --format=%(refname)%00%(upstream:short)%00%(objectname)%00%(upstream:track)%00%(upstream:remotename)%00%(upstream:remoteref) refs/heads/master refs/remotes/master [1ms]
2023-01-24 04:38:49.234 [info] > git for-each-ref --sort -committerdate --format %(refname) %(objectname) %(*objectname) [3ms]
2023-01-24 04:38:49.900 [info] > git status -z -uall [675ms]
2023-01-24 04:38:54.916 [info] > git config --get commit.template [1ms]
2023-01-24 04:38:54.925 [info] > git for-each-ref --format=%(refname)%00%(upstream:short)%00%(objectname)%00%(upstream:track)%00%(upstream:remotename)%00%(upstream:remoteref) refs/heads/master refs/remotes/master [1ms]
2023-01-24 04:38:54.945 [info] > git for-each-ref --sort -committerdate --format %(refname) %(objectname) %(*objectname) [6ms]
2023-01-24 04:38:55.590 [info] > git status -z -uall [659ms]
2023-01-24 04:39:00.608 [info] > git config --get commit.template [1ms]
2023-01-24 04:39:00.617 [info] > git for-each-ref --format=%(refname)%00%(upstream:short)%00%(objectname)%00%(upstream:track)%00%(upstream:remotename)%00%(upstream:remoteref) refs/heads/master refs/remotes/master [0ms]
2023-01-24 04:39:00.634 [info] > git for-each-ref --sort -committerdate --format %(refname) %(objectname) %(*objectname) [0ms]
2023-01-24 04:39:01.295 [info] > git status -z -uall [671ms]
2023-01-24 04:39:06.328 [info] > git config --get commit.template [1ms]
2023-01-24 04:39:06.337 [info] > git for-each-ref --format=%(refname)%00%(upstream:short)%00%(objectname)%00%(upstream:track)%00%(upstream:remotename)%00%(upstream:remoteref) refs/heads/master refs/remotes/master [1ms]
2023-01-24 04:39:06.353 [info] > git for-each-ref --sort -committerdate --format %(refname) %(objectname) %(*objectname) [1ms]
2023-01-24 04:39:07.233 [info] > git status -z -uall [889ms]
2023-01-24 04:39:12.257 [info] > git for-each-ref --format=%(refname)%00%(upstream:short)%00%(objectname)%00%(upstream:track)%00%(upstream:remotename)%00%(upstream:remoteref) refs/heads/master refs/remotes/master [0ms]
2023-01-24 04:39:12.257 [info] > git config --get commit.template [10ms]
2023-01-24 04:39:12.278 [info] > git for-each-ref --sort -committerdate --format %(refname) %(objectname) %(*objectname) [3ms]
2023-01-24 04:39:12.963 [info] > git status -z -uall [695ms]
2023-01-24 04:39:17.981 [info] > git config --get commit.template [1ms]
2023-01-24 04:39:17.989 [info] > git for-each-ref --format=%(refname)%00%(upstream:short)%00%(objectname)%00%(upstream:track)%00%(upstream:remotename)%00%(upstream:remoteref) refs/heads/master refs/remotes/master [1ms]
2023-01-24 04:39:18.007 [info] > git for-each-ref --sort -committerdate --format %(refname) %(objectname) %(*objectname) [4ms]
2023-01-24 04:39:18.662 [info] > git status -z -uall [666ms]
2023-01-24 04:39:27.156 [info] > git config --get commit.template [2ms]
2023-01-24 04:39:27.164 [info] > git for-each-ref --format=%(refname)%00%(upstream:short)%00%(objectname)%00%(upstream:track)%00%(upstream:remotename)%00%(upstream:remoteref) refs/heads/master refs/remotes/master [1ms]
2023-01-24 04:39:27.188 [info] > git for-each-ref --sort -committerdate --format %(refname) %(objectname) %(*objectname) [3ms]
2023-01-24 04:39:27.854 [info] > git status -z -uall [678ms]
2023-01-24 04:40:37.957 [info] > git config --get commit.template [2ms]
2023-01-24 04:40:37.966 [info] > git for-each-ref --format=%(refname)%00%(upstream:short)%00%(objectname)%00%(upstream:track)%00%(upstream:remotename)%00%(upstream:remoteref) refs/heads/master refs/remotes/master [2ms]
2023-01-24 04:40:37.987 [info] > git for-each-ref --sort -committerdate --format %(refname) %(objectname) %(*objectname) [3ms]
2023-01-24 04:40:38.662 [info] > git status -z -uall [686ms]
2023-01-24 04:40:43.680 [info] > git config --get commit.template [1ms]
2023-01-24 04:40:43.688 [info] > git for-each-ref --format=%(refname)%00%(upstream:short)%00%(objectname)%00%(upstream:track)%00%(upstream:remotename)%00%(upstream:remoteref) refs/heads/master refs/remotes/master [1ms]
2023-01-24 04:40:43.707 [info] > git for-each-ref --sort -committerdate --format %(refname) %(objectname) %(*objectname) [3ms]
2023-01-24 04:40:44.360 [info] > git status -z -uall [662ms]
2023-01-24 04:40:49.405 [info] > git config --get commit.template [1ms]
2023-01-24 04:40:49.414 [info] > git for-each-ref --format=%(refname)%00%(upstream:short)%00%(objectname)%00%(upstream:track)%00%(upstream:remotename)%00%(upstream:remoteref) refs/heads/master refs/remotes/master [2ms]
2023-01-24 04:40:49.431 [info] > git for-each-ref --sort -committerdate --format %(refname) %(objectname) %(*objectname) [4ms]
2023-01-24 04:40:50.094 [info] > git status -z -uall [674ms]
2023-01-24 04:40:55.152 [info] > git for-each-ref --format=%(refname)%00%(upstream:short)%00%(objectname)%00%(upstream:track)%00%(upstream:remotename)%00%(upstream:remoteref) refs/heads/master refs/remotes/master [0ms]
2023-01-24 04:40:55.152 [info] > git config --get commit.template [12ms]
2023-01-24 04:40:55.169 [info] > git for-each-ref --sort -committerdate --format %(refname) %(objectname) %(*objectname) [1ms]
2023-01-24 04:40:55.833 [info] > git status -z -uall [673ms]
2023-01-24 04:41:00.872 [info] > git config --get commit.template [1ms]
2023-01-24 04:41:00.881 [info] > git for-each-ref --format=%(refname)%00%(upstream:short)%00%(objectname)%00%(upstream:track)%00%(upstream:remotename)%00%(upstream:remoteref) refs/heads/master refs/remotes/master [1ms]
2023-01-24 04:41:00.900 [info] > git for-each-ref --sort -committerdate --format %(refname) %(objectname) %(*objectname) [5ms]
2023-01-24 04:41:01.547 [info] > git status -z -uall [659ms]
2023-01-24 04:41:06.576 [info] > git config --get commit.template [1ms]
2023-01-24 04:41:06.586 [info] > git for-each-ref --format=%(refname)%00%(upstream:short)%00%(objectname)%00%(upstream:track)%00%(upstream:remotename)%00%(upstream:remoteref) refs/heads/master refs/remotes/master [2ms]
2023-01-24 04:41:06.611 [info] > git for-each-ref --sort -committerdate --format %(refname) %(objectname) %(*objectname) [5ms]
2023-01-24 04:41:07.264 [info] > git status -z -uall [666ms]
2023-01-24 04:41:12.299 [info] > git config --get commit.template [1ms]
2023-01-24 04:41:12.309 [info] > git for-each-ref --format=%(refname)%00%(upstream:short)%00%(objectname)%00%(upstream:track)%00%(upstream:remotename)%00%(upstream:remoteref) refs/heads/master refs/remotes/master [1ms]
2023-01-24 04:41:12.335 [info] > git for-each-ref --sort -committerdate --format %(refname) %(objectname) %(*objectname) [4ms]
2023-01-24 04:41:12.992 [info] > git status -z -uall [672ms]
2023-01-24 04:41:18.024 [info] > git config --get commit.template [1ms]
2023-01-24 04:41:18.034 [info] > git for-each-ref --format=%(refname)%00%(upstream:short)%00%(objectname)%00%(upstream:track)%00%(upstream:remotename)%00%(upstream:remoteref) refs/heads/master refs/remotes/master [2ms]
2023-01-24 04:41:18.054 [info] > git for-each-ref --sort -committerdate --format %(refname) %(objectname) %(*objectname) [4ms]
2023-01-24 04:41:18.709 [info] > git status -z -uall [668ms]
2023-01-24 04:41:23.749 [info] > git config --get commit.template [1ms]
2023-01-24 04:41:23.758 [info] > git for-each-ref --format=%(refname)%00%(upstream:short)%00%(objectname)%00%(upstream:track)%00%(upstream:remotename)%00%(upstream:remoteref) refs/heads/master refs/remotes/master [2ms]
2023-01-24 04:41:23.780 [info] > git for-each-ref --sort -committerdate --format %(refname) %(objectname) %(*objectname) [4ms]
2023-01-24 04:41:24.437 [info] > git status -z -uall [671ms]
2023-01-24 04:41:30.834 [info] > git config --get commit.template [1ms]
2023-01-24 04:41:30.843 [info] > git for-each-ref --format=%(refname)%00%(upstream:short)%00%(objectname)%00%(upstream:track)%00%(upstream:remotename)%00%(upstream:remoteref) refs/heads/master refs/remotes/master [1ms]
2023-01-24 04:41:30.862 [info] > git for-each-ref --sort -committerdate --format %(refname) %(objectname) %(*objectname) [3ms]
2023-01-24 04:41:31.518 [info] > git status -z -uall [667ms]
2023-01-24 04:41:36.601 [info] > git config --get commit.template [25ms]
2023-01-24 04:41:36.615 [info] > git for-each-ref --format=%(refname)%00%(upstream:short)%00%(objectname)%00%(upstream:track)%00%(upstream:remotename)%00%(upstream:remoteref) refs/heads/master refs/remotes/master [16ms]
2023-01-24 04:41:36.681 [info] > git for-each-ref --sort -committerdate --format %(refname) %(objectname) %(*objectname) [20ms]
2023-01-24 04:41:38.129 [info] > git status -z -uall [1489ms]
2023-01-24 04:41:43.203 [info] > git config --get commit.template [16ms]
2023-01-24 04:41:43.204 [info] > git for-each-ref --format=%(refname)%00%(upstream:short)%00%(objectname)%00%(upstream:track)%00%(upstream:remotename)%00%(upstream:remoteref) refs/heads/master refs/remotes/master [5ms]
2023-01-24 04:41:43.223 [info] > git for-each-ref --sort -committerdate --format %(refname) %(objectname) %(*objectname) [2ms]
2023-01-24 04:41:43.370 [info] > git show --textconv :go/src/around/handler/router.go [43ms]
2023-01-24 04:41:43.372 [info] > git ls-files --stage -- /home/thomasxucpa/go/src/around/handler/router.go [24ms]
2023-01-24 04:41:43.387 [info] > git cat-file -s 3cb8610e00fb99d7d90e11dc4a728cfbff0f3683 [5ms]
2023-01-24 04:41:44.002 [info] > git status -z -uall [790ms]
2023-01-24 04:41:49.042 [info] > git config --get commit.template [1ms]
2023-01-24 04:41:49.053 [info] > git for-each-ref --format=%(refname)%00%(upstream:short)%00%(objectname)%00%(upstream:track)%00%(upstream:remotename)%00%(upstream:remoteref) refs/heads/master refs/remotes/master [1ms]
2023-01-24 04:41:49.075 [info] > git for-each-ref --sort -committerdate --format %(refname) %(objectname) %(*objectname) [3ms]
2023-01-24 04:41:49.741 [info] > git status -z -uall [679ms]
2023-01-24 04:41:54.773 [info] > git config --get commit.template [1ms]
2023-01-24 04:41:54.783 [info] > git for-each-ref --format=%(refname)%00%(upstream:short)%00%(objectname)%00%(upstream:track)%00%(upstream:remotename)%00%(upstream:remoteref) refs/heads/master refs/remotes/master [1ms]
2023-01-24 04:41:54.810 [info] > git for-each-ref --sort -committerdate --format %(refname) %(objectname) %(*objectname) [4ms]
2023-01-24 04:41:55.455 [info] > git status -z -uall [659ms]
2023-01-24 04:42:06.188 [info] > git config --get commit.template [1ms]
2023-01-24 04:42:06.198 [info] > git for-each-ref --format=%(refname)%00%(upstream:short)%00%(objectname)%00%(upstream:track)%00%(upstream:remotename)%00%(upstream:remoteref) refs/heads/master refs/remotes/master [1ms]
2023-01-24 04:42:06.273 [info] > git for-each-ref --sort -committerdate --format %(refname) %(objectname) %(*objectname) [52ms]
2023-01-24 04:42:06.890 [info] > git status -z -uall [682ms]
2023-01-24 04:42:11.932 [info] > git config --get commit.template [10ms]
2023-01-24 04:42:11.933 [info] > git for-each-ref --format=%(refname)%00%(upstream:short)%00%(objectname)%00%(upstream:track)%00%(upstream:remotename)%00%(upstream:remoteref) refs/heads/master refs/remotes/master [1ms]
2023-01-24 04:42:11.952 [info] > git for-each-ref --sort -committerdate --format %(refname) %(objectname) %(*objectname) [3ms]
2023-01-24 04:42:12.604 [info] > git status -z -uall [664ms]
2023-01-24 04:42:17.640 [info] > git config --get commit.template [1ms]
2023-01-24 04:42:17.650 [info] > git for-each-ref --format=%(refname)%00%(upstream:short)%00%(objectname)%00%(upstream:track)%00%(upstream:remotename)%00%(upstream:remoteref) refs/heads/master refs/remotes/master [1ms]
2023-01-24 04:42:17.671 [info] > git for-each-ref --sort -committerdate --format %(refname) %(objectname) %(*objectname) [3ms]
2023-01-24 04:42:18.330 [info] > git status -z -uall [670ms]
2023-01-24 04:42:23.374 [info] > git config --get commit.template [1ms]
2023-01-24 04:42:23.383 [info] > git for-each-ref --format=%(refname)%00%(upstream:short)%00%(objectname)%00%(upstream:track)%00%(upstream:remotename)%00%(upstream:remoteref) refs/heads/master refs/remotes/master [1ms]
2023-01-24 04:42:23.403 [info] > git for-each-ref --sort -committerdate --format %(refname) %(objectname) %(*objectname) [3ms]
2023-01-24 04:42:24.066 [info] > git status -z -uall [674ms]
2023-01-24 04:42:29.103 [info] > git config --get commit.template [1ms]
2023-01-24 04:42:29.113 [info] > git for-each-ref --format=%(refname)%00%(upstream:short)%00%(objectname)%00%(upstream:track)%00%(upstream:remotename)%00%(upstream:remoteref) refs/heads/master refs/remotes/master [1ms]
2023-01-24 04:42:29.138 [info] > git for-each-ref --sort -committerdate --format %(refname) %(objectname) %(*objectname) [4ms]
2023-01-24 04:42:29.799 [info] > git status -z -uall [675ms]
2023-01-24 04:42:34.834 [info] > git config --get commit.template [1ms]
2023-01-24 04:42:34.843 [info] > git for-each-ref --format=%(refname)%00%(upstream:short)%00%(objectname)%00%(upstream:track)%00%(upstream:remotename)%00%(upstream:remoteref) refs/heads/master refs/remotes/master [1ms]
2023-01-24 04:42:34.868 [info] > git for-each-ref --sort -committerdate --format %(refname) %(objectname) %(*objectname) [4ms]
2023-01-24 04:42:35.517 [info] > git status -z -uall [661ms]
2023-01-24 04:42:40.580 [info] > git config --get commit.template [22ms]
2023-01-24 04:42:40.605 [info] > git for-each-ref --format=%(refname)%00%(upstream:short)%00%(objectname)%00%(upstream:track)%00%(upstream:remotename)%00%(upstream:remoteref) refs/heads/master refs/remotes/master [2ms]
2023-01-24 04:42:40.717 [info] > git for-each-ref --sort -committerdate --format %(refname) %(objectname) %(*objectname) [65ms]
2023-01-24 04:42:41.329 [info] > git status -z -uall [696ms]
2023-01-24 04:42:46.359 [info] > git config --get commit.template [1ms]
2023-01-24 04:42:46.368 [info] > git for-each-ref --format=%(refname)%00%(upstream:short)%00%(objectname)%00%(upstream:track)%00%(upstream:remotename)%00%(upstream:remoteref) refs/heads/master refs/remotes/master [1ms]
2023-01-24 04:42:46.391 [info] > git for-each-ref --sort -committerdate --format %(refname) %(objectname) %(*objectname) [4ms]
2023-01-24 04:42:47.042 [info] > git status -z -uall [662ms]
2023-01-24 04:42:52.088 [info] > git config --get commit.template [1ms]
2023-01-24 04:42:52.097 [info] > git for-each-ref --format=%(refname)%00%(upstream:short)%00%(objectname)%00%(upstream:track)%00%(upstream:remotename)%00%(upstream:remoteref) refs/heads/master refs/remotes/master [1ms]
2023-01-24 04:42:52.118 [info] > git for-each-ref --sort -committerdate --format %(refname) %(objectname) %(*objectname) [5ms]
2023-01-24 04:42:52.776 [info] > git status -z -uall [672ms]
2023-01-24 04:42:57.870 [info] > git config --get commit.template [1ms]
2023-01-24 04:42:57.879 [info] > git for-each-ref --format=%(refname)%00%(upstream:short)%00%(objectname)%00%(upstream:track)%00%(upstream:remotename)%00%(upstream:remoteref) refs/heads/master refs/remotes/master [0ms]
2023-01-24 04:42:57.898 [info] > git for-each-ref --sort -committerdate --format %(refname) %(objectname) %(*objectname) [2ms]
2023-01-24 04:42:58.565 [info] > git status -z -uall [677ms]
2023-01-24 04:43:03.598 [info] > git config --get commit.template [1ms]
2023-01-24 04:43:03.608 [info] > git for-each-ref --format=%(refname)%00%(upstream:short)%00%(objectname)%00%(upstream:track)%00%(upstream:remotename)%00%(upstream:remoteref) refs/heads/master refs/remotes/master [1ms]
2023-01-24 04:43:03.631 [info] > git for-each-ref --sort -committerdate --format %(refname) %(objectname) %(*objectname) [1ms]
2023-01-24 04:43:04.297 [info] > git status -z -uall [676ms]
2023-01-24 04:43:09.334 [info] > git config --get commit.template [1ms]
2023-01-24 04:43:09.344 [info] > git for-each-ref --format=%(refname)%00%(upstream:short)%00%(objectname)%00%(upstream:track)%00%(upstream:remotename)%00%(upstream:remoteref) refs/heads/master refs/remotes/master [1ms]
2023-01-24 04:43:09.399 [info] > git for-each-ref --sort -committerdate --format %(refname) %(objectname) %(*objectname) [37ms]
2023-01-24 04:43:10.039 [info] > git status -z -uall [687ms]
2023-01-24 04:43:15.070 [info] > git config --get commit.template [2ms]
2023-01-24 04:43:15.081 [info] > git for-each-ref --format=%(refname)%00%(upstream:short)%00%(objectname)%00%(upstream:track)%00%(upstream:remotename)%00%(upstream:remoteref) refs/heads/master refs/remotes/master [0ms]
2023-01-24 04:43:15.105 [info] > git for-each-ref --sort -committerdate --format %(refname) %(objectname) %(*objectname) [3ms]
2023-01-24 04:43:15.757 [info] > git status -z -uall [665ms]
2023-01-24 04:43:20.787 [info] > git config --get commit.template [1ms]
2023-01-24 04:43:20.798 [info] > git for-each-ref --format=%(refname)%00%(upstream:short)%00%(objectname)%00%(upstream:track)%00%(upstream:remotename)%00%(upstream:remoteref) refs/heads/master refs/remotes/master [2ms]
2023-01-24 04:43:20.824 [info] > git for-each-ref --sort -committerdate --format %(refname) %(objectname) %(*objectname) [4ms]
2023-01-24 04:43:21.464 [info] > git status -z -uall [652ms]
2023-01-24 04:43:26.499 [info] > git config --get commit.template [1ms]
2023-01-24 04:43:26.509 [info] > git for-each-ref --format=%(refname)%00%(upstream:short)%00%(objectname)%00%(upstream:track)%00%(upstream:remotename)%00%(upstream:remoteref) refs/heads/master refs/remotes/master [1ms]
2023-01-24 04:43:26.531 [info] > git for-each-ref --sort -committerdate --format %(refname) %(objectname) %(*objectname) [5ms]
2023-01-24 04:43:27.187 [info] > git status -z -uall [671ms]
2023-01-24 04:43:28.208 [info] > git ls-files --stage -- /home/thomasxucpa/go/src/around/go.mod [18ms]
2023-01-24 04:43:28.221 [info] > git show --textconv :go/src/around/go.mod [41ms]
2023-01-24 04:43:28.226 [info] > git cat-file -s 671bd257d4c1c9e253f6eeeb3ed12acd93f29abc [6ms]
2023-01-24 04:43:32.216 [info] > git config --get commit.template [1ms]
2023-01-24 04:43:32.226 [info] > git for-each-ref --format=%(refname)%00%(upstream:short)%00%(objectname)%00%(upstream:track)%00%(upstream:remotename)%00%(upstream:remoteref) refs/heads/master refs/remotes/master [2ms]
2023-01-24 04:43:32.259 [info] > git for-each-ref --sort -committerdate --format %(refname) %(objectname) %(*objectname) [13ms]
2023-01-24 04:43:32.913 [info] > git status -z -uall [677ms]
2023-01-24 04:43:37.942 [info] > git config --get commit.template [1ms]
2023-01-24 04:43:37.952 [info] > git for-each-ref --format=%(refname)%00%(upstream:short)%00%(objectname)%00%(upstream:track)%00%(upstream:remotename)%00%(upstream:remoteref) refs/heads/master refs/remotes/master [1ms]
2023-01-24 04:43:37.974 [info] > git for-each-ref --sort -committerdate --format %(refname) %(objectname) %(*objectname) [3ms]
2023-01-24 04:43:38.622 [info] > git status -z -uall [662ms]
2023-01-24 04:43:43.656 [info] > git config --get commit.template [1ms]
2023-01-24 04:43:43.667 [info] > git for-each-ref --format=%(refname)%00%(upstream:short)%00%(objectname)%00%(upstream:track)%00%(upstream:remotename)%00%(upstream:remoteref) refs/heads/master refs/remotes/master [1ms]
2023-01-24 04:43:43.734 [info] > git for-each-ref --sort -committerdate --format %(refname) %(objectname) %(*objectname) [41ms]
2023-01-24 04:43:44.346 [info] > git status -z -uall [666ms]
2023-01-24 04:43:49.379 [info] > git config --get commit.template [1ms]
2023-01-24 04:43:49.388 [info] > git for-each-ref --format=%(refname)%00%(upstream:short)%00%(objectname)%00%(upstream:track)%00%(upstream:remotename)%00%(upstream:remoteref) refs/heads/master refs/remotes/master [1ms]
2023-01-24 04:43:49.407 [info] > git for-each-ref --sort -committerdate --format %(refname) %(objectname) %(*objectname) [0ms]
2023-01-24 04:43:50.072 [info] > git status -z -uall [676ms]
2023-01-24 04:43:55.103 [info] > git config --get commit.template [1ms]
2023-01-24 04:43:55.112 [info] > git for-each-ref --format=%(refname)%00%(upstream:short)%00%(objectname)%00%(upstream:track)%00%(upstream:remotename)%00%(upstream:remoteref) refs/heads/master refs/remotes/master [0ms]
2023-01-24 04:43:55.129 [info] > git for-each-ref --sort -committerdate --format %(refname) %(objectname) %(*objectname) [1ms]
2023-01-24 04:43:55.787 [info] > git status -z -uall [667ms]
2023-01-24 04:44:00.831 [info] > git config --get commit.template [1ms]
2023-01-24 04:44:00.841 [info] > git for-each-ref --format=%(refname)%00%(upstream:short)%00%(objectname)%00%(upstream:track)%00%(upstream:remotename)%00%(upstream:remoteref) refs/heads/master refs/remotes/master [0ms]
2023-01-24 04:44:00.863 [info] > git for-each-ref --sort -committerdate --format %(refname) %(objectname) %(*objectname) [4ms]
2023-01-24 04:44:01.514 [info] > git status -z -uall [663ms]
2023-01-24 04:44:06.542 [info] > git config --get commit.template [1ms]
2023-01-24 04:44:06.551 [info] > git for-each-ref --format=%(refname)%00%(upstream:short)%00%(objectname)%00%(upstream:track)%00%(upstream:remotename)%00%(upstream:remoteref) refs/heads/master refs/remotes/master [1ms]
2023-01-24 04:44:06.575 [info] > git for-each-ref --sort -committerdate --format %(refname) %(objectname) %(*objectname) [4ms]
2023-01-24 04:44:07.227 [info] > git status -z -uall [663ms]
2023-01-24 04:44:12.266 [info] > git config --get commit.template [1ms]
2023-01-24 04:44:12.275 [info] > git for-each-ref --format=%(refname)%00%(upstream:short)%00%(objectname)%00%(upstream:track)%00%(upstream:remotename)%00%(upstream:remoteref) refs/heads/master refs/remotes/master [1ms]
2023-01-24 04:44:12.296 [info] > git for-each-ref --sort -committerdate --format %(refname) %(objectname) %(*objectname) [4ms]
2023-01-24 04:44:13.087 [info] > git status -z -uall [803ms]
2023-01-24 04:44:18.145 [info] > git config --get commit.template [11ms]
2023-01-24 04:44:18.146 [info] > git for-each-ref --format=%(refname)%00%(upstream:short)%00%(objectname)%00%(upstream:track)%00%(upstream:remotename)%00%(upstream:remoteref) refs/heads/master refs/remotes/master [2ms]
2023-01-24 04:44:18.169 [info] > git for-each-ref --sort -committerdate --format %(refname) %(objectname) %(*objectname) [4ms]
2023-01-24 04:44:18.830 [info] > git status -z -uall [673ms]
2023-01-24 04:44:23.865 [info] > git config --get commit.template [1ms]
2023-01-24 04:44:23.875 [info] > git for-each-ref --format=%(refname)%00%(upstream:short)%00%(objectname)%00%(upstream:track)%00%(upstream:remotename)%00%(upstream:remoteref) refs/heads/master refs/remotes/master [1ms]
2023-01-24 04:44:23.963 [info] > git for-each-ref --sort -committerdate --format %(refname) %(objectname) %(*objectname) [8ms]
2023-01-24 04:44:24.551 [info] > git status -z -uall [663ms]
2023-01-24 04:44:29.585 [info] > git config --get commit.template [1ms]
2023-01-24 04:44:29.596 [info] > git for-each-ref --format=%(refname)%00%(upstream:short)%00%(objectname)%00%(upstream:track)%00%(upstream:remotename)%00%(upstream:remoteref) refs/heads/master refs/remotes/master [1ms]
2023-01-24 04:44:29.621 [info] > git for-each-ref --sort -committerdate --format %(refname) %(objectname) %(*objectname) [4ms]
2023-01-24 04:44:30.282 [info] > git status -z -uall [674ms]
2023-01-24 04:44:36.165 [info] > git config --get commit.template [2ms]
2023-01-24 04:44:36.176 [info] > git for-each-ref --format=%(refname)%00%(upstream:short)%00%(objectname)%00%(upstream:track)%00%(upstream:remotename)%00%(upstream:remoteref) refs/heads/master refs/remotes/master [1ms]
2023-01-24 04:44:36.197 [info] > git for-each-ref --sort -committerdate --format %(refname) %(objectname) %(*objectname) [5ms]
2023-01-24 04:44:36.878 [info] > git status -z -uall [695ms]
2023-01-24 04:44:41.915 [info] > git config --get commit.template [1ms]
2023-01-24 04:44:41.925 [info] > git for-each-ref --format=%(refname)%00%(upstream:short)%00%(objectname)%00%(upstream:track)%00%(upstream:remotename)%00%(upstream:remoteref) refs/heads/master refs/remotes/master [1ms]
2023-01-24 04:44:42.021 [info] > git for-each-ref --sort -committerdate --format %(refname) %(objectname) %(*objectname) [78ms]
2023-01-24 04:44:42.666 [info] > git status -z -uall [732ms]
2023-01-24 04:44:47.729 [info] > git config --get commit.template [1ms]
2023-01-24 04:44:47.739 [info] > git for-each-ref --format=%(refname)%00%(upstream:short)%00%(objectname)%00%(upstream:track)%00%(upstream:remotename)%00%(upstream:remoteref) refs/heads/master refs/remotes/master [1ms]
2023-01-24 04:44:47.762 [info] > git for-each-ref --sort -committerdate --format %(refname) %(objectname) %(*objectname) [4ms]
2023-01-24 04:44:48.426 [info] > git status -z -uall [678ms]
2023-01-24 04:45:06.709 [info] > git for-each-ref --format=%(refname)%00%(upstream:short)%00%(objectname)%00%(upstream:track)%00%(upstream:remotename)%00%(upstream:remoteref) refs/heads/master refs/remotes/master [1ms]
2023-01-24 04:45:06.709 [info] > git config --get commit.template [13ms]
2023-01-24 04:45:06.736 [info] > git for-each-ref --sort -committerdate --format %(refname) %(objectname) %(*objectname) [4ms]
2023-01-24 04:45:07.435 [info] > git status -z -uall [714ms]
2023-01-24 04:45:12.467 [info] > git config --get commit.template [2ms]
2023-01-24 04:45:12.477 [info] > git for-each-ref --format=%(refname)%00%(upstream:short)%00%(objectname)%00%(upstream:track)%00%(upstream:remotename)%00%(upstream:remoteref) refs/heads/master refs/remotes/master [1ms]
2023-01-24 04:45:12.501 [info] > git for-each-ref --sort -committerdate --format %(refname) %(objectname) %(*objectname) [4ms]
2023-01-24 04:45:13.160 [info] > git status -z -uall [672ms]
2023-01-24 04:45:18.198 [info] > git config --get commit.template [1ms]
2023-01-24 04:45:18.208 [info] > git for-each-ref --format=%(refname)%00%(upstream:short)%00%(objectname)%00%(upstream:track)%00%(upstream:remotename)%00%(upstream:remoteref) refs/heads/master refs/remotes/master [0ms]
2023-01-24 04:45:18.234 [info] > git for-each-ref --sort -committerdate --format %(refname) %(objectname) %(*objectname) [7ms]
2023-01-24 04:45:18.888 [info] > git status -z -uall [672ms]
2023-01-24 04:45:23.925 [info] > git config --get commit.template [1ms]
2023-01-24 04:45:23.935 [info] > git for-each-ref --format=%(refname)%00%(upstream:short)%00%(objectname)%00%(upstream:track)%00%(upstream:remotename)%00%(upstream:remoteref) refs/heads/master refs/remotes/master [1ms]
2023-01-24 04:45:24.012 [info] > git for-each-ref --sort -committerdate --format %(refname) %(objectname) %(*objectname) [52ms]
2023-01-24 04:45:24.621 [info] > git status -z -uall [673ms]
2023-01-24 04:45:29.674 [info] > git config --get commit.template [16ms]
2023-01-24 04:45:29.675 [info] > git for-each-ref --format=%(refname)%00%(upstream:short)%00%(objectname)%00%(upstream:track)%00%(upstream:remotename)%00%(upstream:remoteref) refs/heads/master refs/remotes/master [5ms]
2023-01-24 04:45:29.774 [info] > git for-each-ref --sort -committerdate --format %(refname) %(objectname) %(*objectname) [41ms]
2023-01-24 04:45:30.761 [info] > git status -z -uall [1075ms]
2023-01-24 04:45:35.801 [info] > git config --get commit.template [1ms]
2023-01-24 04:45:35.811 [info] > git for-each-ref --format=%(refname)%00%(upstream:short)%00%(objectname)%00%(upstream:track)%00%(upstream:remotename)%00%(upstream:remoteref) refs/heads/master refs/remotes/master [1ms]
2023-01-24 04:45:35.850 [info] > git for-each-ref --sort -committerdate --format %(refname) %(objectname) %(*objectname) [19ms]
2023-01-24 04:45:36.517 [info] > git status -z -uall [697ms]
2023-01-24 04:46:02.905 [info] > git config --get commit.template [1ms]
2023-01-24 04:46:02.915 [info] > git for-each-ref --format=%(refname)%00%(upstream:short)%00%(objectname)%00%(upstream:track)%00%(upstream:remotename)%00%(upstream:remoteref) refs/heads/master refs/remotes/master [1ms]
2023-01-24 04:46:02.938 [info] > git for-each-ref --sort -committerdate --format %(refname) %(objectname) %(*objectname) [3ms]
2023-01-24 04:46:03.608 [info] > git status -z -uall [684ms]
2023-01-24 04:47:19.082 [info] > git config --get commit.template [2ms]
2023-01-24 04:47:19.091 [info] > git for-each-ref --format=%(refname)%00%(upstream:short)%00%(objectname)%00%(upstream:track)%00%(upstream:remotename)%00%(upstream:remoteref) refs/heads/master refs/remotes/master [1ms]
2023-01-24 04:47:19.111 [info] > git for-each-ref --sort -committerdate --format %(refname) %(objectname) %(*objectname) [0ms]
2023-01-24 04:47:19.786 [info] > git status -z -uall [686ms]
2023-01-24 04:47:24.823 [info] > git config --get commit.template [1ms]
2023-01-24 04:47:24.832 [info] > git for-each-ref --format=%(refname)%00%(upstream:short)%00%(objectname)%00%(upstream:track)%00%(upstream:remotename)%00%(upstream:remoteref) refs/heads/master refs/remotes/master [1ms]
2023-01-24 04:47:24.854 [info] > git for-each-ref --sort -committerdate --format %(refname) %(objectname) %(*objectname) [3ms]
2023-01-24 04:47:25.510 [info] > git status -z -uall [666ms]
2023-01-24 04:47:30.576 [info] > git for-each-ref --format=%(refname)%00%(upstream:short)%00%(objectname)%00%(upstream:track)%00%(upstream:remotename)%00%(upstream:remoteref) refs/heads/master refs/remotes/master [2ms]
2023-01-24 04:47:30.576 [info] > git config --get commit.template [12ms]
2023-01-24 04:47:30.595 [info] > git for-each-ref --sort -committerdate --format %(refname) %(objectname) %(*objectname) [4ms]
2023-01-24 04:47:31.263 [info] > git status -z -uall [679ms]
2023-01-24 04:47:53.324 [info] > git config --get commit.template [1ms]
2023-01-24 04:47:53.334 [info] > git for-each-ref --format=%(refname)%00%(upstream:short)%00%(objectname)%00%(upstream:track)%00%(upstream:remotename)%00%(upstream:remoteref) refs/heads/master refs/remotes/master [2ms]
2023-01-24 04:47:53.401 [info] > git for-each-ref --sort -committerdate --format %(refname) %(objectname) %(*objectname) [44ms]
2023-01-24 04:47:54.032 [info] > git status -z -uall [685ms]
2023-01-24 04:47:59.062 [info] > git config --get commit.template [1ms]
2023-01-24 04:47:59.071 [info] > git for-each-ref --format=%(refname)%00%(upstream:short)%00%(objectname)%00%(upstream:track)%00%(upstream:remotename)%00%(upstream:remoteref) refs/heads/master refs/remotes/master [1ms]
2023-01-24 04:47:59.091 [info] > git for-each-ref --sort -committerdate --format %(refname) %(objectname) %(*objectname) [3ms]
2023-01-24 04:47:59.774 [info] > git status -z -uall [694ms]
2023-01-24 04:48:04.809 [info] > git config --get commit.template [2ms]
2023-01-24 04:48:04.819 [info] > git for-each-ref --format=%(refname)%00%(upstream:short)%00%(objectname)%00%(upstream:track)%00%(upstream:remotename)%00%(upstream:remoteref) refs/heads/master refs/remotes/master [1ms]
2023-01-24 04:48:04.844 [info] > git for-each-ref --sort -committerdate --format %(refname) %(objectname) %(*objectname) [3ms]
2023-01-24 04:48:05.504 [info] > git status -z -uall [671ms]
