2023-01-28 17:08:53.746 [info] Extension host with pid 12596 started
2023-01-28 17:08:53.904 [info] ExtensionService#_doActivateExtension golang.go, startup: false, activationEvent: 'onLanguage:go'
2023-01-28 17:08:53.911 [info] ExtensionService#_doActivateExtension vscode.git-base, startup: true, activationEvent: '*', root cause: vscode.git
2023-01-28 17:08:54.414 [info] Lock '/home/thomasxucpa/.vscode-server/data/User/workspaceStorage/c8a2f7af4ed4849c864bf32c5ebe341b/vscode.lock': Lock acquired.
2023-01-28 17:08:54.790 [info] ExtensionService#_doActivateExtension vscode.git, startup: true, activationEvent: '*'
2023-01-28 17:08:54.791 [info] ExtensionService#_doActivateExtension vscode.github, startup: true, activationEvent: '*'
2023-01-28 17:08:55.470 [info] ExtensionService#_doActivateExtension vscode.debug-auto-launch, startup: false, activationEvent: 'onStartupFinished'
2023-01-28 17:08:55.471 [info] ExtensionService#_doActivateExtension vscode.emmet, startup: false, activationEvent: 'onStartupFinished'
2023-01-28 17:08:55.475 [info] ExtensionService#_doActivateExtension vscode.merge-conflict, startup: false, activationEvent: 'onStartupFinished'
2023-01-28 17:08:55.476 [info] Eager extensions activated
2023-01-28 17:08:56.610 [info] ExtensionService#_doActivateExtension GitHub.vscode-pull-request-github, startup: false, activationEvent: 'onStartupFinished'
2023-01-28 17:08:58.871 [warning] [Decorations] CAPPING events from decorations provider vscode.git 1452
2023-01-28 17:09:01.386 [warning] [Decorations] CAPPING events from decorations provider vscode.git 1452
2023-01-28 17:09:06.783 [warning] [Decorations] CAPPING events from decorations provider vscode.git 1464
2023-01-28 17:09:12.531 [warning] [Decorations] CAPPING events from decorations provider vscode.git 1464
2023-01-28 17:09:18.261 [warning] [Decorations] CAPPING events from decorations provider vscode.git 1464
2023-01-28 17:09:24.886 [warning] [Decorations] CAPPING events from decorations provider vscode.git 1464
2023-01-28 17:09:41.842 [warning] [Decorations] CAPPING events from decorations provider vscode.git 1464
2023-01-28 17:09:50.051 [warning] [Decorations] CAPPING events from decorations provider vscode.git 1464
2023-01-28 18:14:46.335 [warning] [Decorations] CAPPING events from decorations provider vscode.git 1464
2023-01-28 18:17:19.954 [warning] [Decorations] CAPPING events from decorations provider vscode.git 1464
2023-01-28 18:24:51.404 [warning] [Decorations] CAPPING events from decorations provider vscode.git 1464
2023-01-28 18:24:57.138 [warning] [Decorations] CAPPING events from decorations provider vscode.git 1464
2023-01-28 18:25:02.855 [warning] [Decorations] CAPPING events from decorations provider vscode.git 1464
2023-01-28 18:48:18.991 [warning] [Decorations] CAPPING events from decorations provider vscode.git 1464
2023-01-28 18:48:24.735 [warning] [Decorations] CAPPING events from decorations provider vscode.git 1464
2023-01-28 18:48:30.448 [warning] [Decorations] CAPPING events from decorations provider vscode.git 1464
2023-01-28 18:48:36.173 [warning] [Decorations] CAPPING events from decorations provider vscode.git 1464
2023-01-28 18:48:41.891 [warning] [Decorations] CAPPING events from decorations provider vscode.git 1464
2023-01-28 18:48:47.619 [warning] [Decorations] CAPPING events from decorations provider vscode.git 1464
2023-01-28 18:48:53.405 [warning] [Decorations] CAPPING events from decorations provider vscode.git 1464
2023-01-28 18:48:59.131 [warning] [Decorations] CAPPING events from decorations provider vscode.git 1464
2023-01-28 18:49:04.853 [warning] [Decorations] CAPPING events from decorations provider vscode.git 1464
2023-01-28 18:49:10.571 [warning] [Decorations] CAPPING events from decorations provider vscode.git 1464
2023-01-28 18:49:16.279 [warning] [Decorations] CAPPING events from decorations provider vscode.git 1464
2023-01-28 18:49:21.998 [warning] [Decorations] CAPPING events from decorations provider vscode.git 1464
2023-01-28 18:49:27.711 [warning] [Decorations] CAPPING events from decorations provider vscode.git 1464
2023-01-28 18:49:33.426 [warning] [Decorations] CAPPING events from decorations provider vscode.git 1464
2023-01-28 18:49:39.143 [warning] [Decorations] CAPPING events from decorations provider vscode.git 1464
2023-01-28 18:49:44.859 [warning] [Decorations] CAPPING events from decorations provider vscode.git 1464
2023-01-28 18:49:50.569 [warning] [Decorations] CAPPING events from decorations provider vscode.git 1464
2023-01-28 18:49:56.286 [warning] [Decorations] CAPPING events from decorations provider vscode.git 1464
2023-01-28 18:50:02.007 [warning] [Decorations] CAPPING events from decorations provider vscode.git 1464
2023-01-28 18:50:07.729 [warning] [Decorations] CAPPING events from decorations provider vscode.git 1464
2023-01-28 18:50:13.448 [warning] [Decorations] CAPPING events from decorations provider vscode.git 1464
2023-01-28 18:50:19.178 [warning] [Decorations] CAPPING events from decorations provider vscode.git 1464
2023-01-28 18:50:25.129 [warning] [Decorations] CAPPING events from decorations provider vscode.git 1464
2023-01-28 18:50:30.851 [warning] [Decorations] CAPPING events from decorations provider vscode.git 1464
2023-01-28 18:50:36.561 [warning] [Decorations] CAPPING events from decorations provider vscode.git 1464
2023-01-28 18:50:42.295 [warning] [Decorations] CAPPING events from decorations provider vscode.git 1464
2023-01-28 18:50:48.014 [warning] [Decorations] CAPPING events from decorations provider vscode.git 1464
2023-01-28 18:50:53.736 [warning] [Decorations] CAPPING events from decorations provider vscode.git 1464
2023-01-28 18:50:59.447 [warning] [Decorations] CAPPING events from decorations provider vscode.git 1464
2023-01-28 18:51:05.166 [warning] [Decorations] CAPPING events from decorations provider vscode.git 1464
2023-01-28 18:51:10.932 [warning] [Decorations] CAPPING events from decorations provider vscode.git 1464
2023-01-28 18:51:16.641 [warning] [Decorations] CAPPING events from decorations provider vscode.git 1464
2023-01-28 18:51:22.352 [warning] [Decorations] CAPPING events from decorations provider vscode.git 1464
2023-01-28 18:51:28.070 [warning] [Decorations] CAPPING events from decorations provider vscode.git 1464
2023-01-28 18:51:33.780 [warning] [Decorations] CAPPING events from decorations provider vscode.git 1464
2023-01-28 18:51:39.493 [warning] [Decorations] CAPPING events from decorations provider vscode.git 1464
2023-01-28 18:51:45.201 [warning] [Decorations] CAPPING events from decorations provider vscode.git 1464
2023-01-28 18:51:50.920 [warning] [Decorations] CAPPING events from decorations provider vscode.git 1464
2023-01-28 18:51:56.621 [warning] [Decorations] CAPPING events from decorations provider vscode.git 1464
2023-01-28 18:52:02.339 [warning] [Decorations] CAPPING events from decorations provider vscode.git 1464
2023-01-28 18:52:08.051 [warning] [Decorations] CAPPING events from decorations provider vscode.git 1464
2023-01-28 18:52:13.835 [warning] [Decorations] CAPPING events from decorations provider vscode.git 1464
2023-01-28 18:52:19.620 [warning] [Decorations] CAPPING events from decorations provider vscode.git 1464
2023-01-28 18:52:25.334 [warning] [Decorations] CAPPING events from decorations provider vscode.git 1464
2023-01-28 18:52:31.123 [warning] [Decorations] CAPPING events from decorations provider vscode.git 1464
2023-01-28 18:52:36.836 [warning] [Decorations] CAPPING events from decorations provider vscode.git 1464
2023-01-28 18:52:42.546 [warning] [Decorations] CAPPING events from decorations provider vscode.git 1464
2023-01-28 18:52:48.267 [warning] [Decorations] CAPPING events from decorations provider vscode.git 1464
2023-01-28 18:52:54.032 [warning] [Decorations] CAPPING events from decorations provider vscode.git 1464
2023-01-28 18:52:59.747 [warning] [Decorations] CAPPING events from decorations provider vscode.git 1464
2023-01-28 18:53:05.453 [warning] [Decorations] CAPPING events from decorations provider vscode.git 1464
2023-01-28 18:53:11.161 [warning] [Decorations] CAPPING events from decorations provider vscode.git 1464
2023-01-28 18:53:16.942 [warning] [Decorations] CAPPING events from decorations provider vscode.git 1464
2023-01-28 18:53:22.657 [warning] [Decorations] CAPPING events from decorations provider vscode.git 1464
2023-01-28 18:53:28.390 [warning] [Decorations] CAPPING events from decorations provider vscode.git 1464
2023-01-28 18:53:34.110 [warning] [Decorations] CAPPING events from decorations provider vscode.git 1464
2023-01-28 18:53:39.831 [warning] [Decorations] CAPPING events from decorations provider vscode.git 1464
2023-01-28 18:53:45.545 [warning] [Decorations] CAPPING events from decorations provider vscode.git 1464
2023-01-28 18:53:51.269 [warning] [Decorations] CAPPING events from decorations provider vscode.git 1464
2023-01-28 18:53:57.028 [warning] [Decorations] CAPPING events from decorations provider vscode.git 1464
2023-01-28 18:54:02.741 [warning] [Decorations] CAPPING events from decorations provider vscode.git 1464
2023-01-28 18:54:08.448 [warning] [Decorations] CAPPING events from decorations provider vscode.git 1464
2023-01-28 18:54:14.165 [warning] [Decorations] CAPPING events from decorations provider vscode.git 1464
2023-01-28 18:54:19.876 [warning] [Decorations] CAPPING events from decorations provider vscode.git 1464
2023-01-28 18:54:25.596 [warning] [Decorations] CAPPING events from decorations provider vscode.git 1464
2023-01-28 18:54:31.307 [warning] [Decorations] CAPPING events from decorations provider vscode.git 1464
2023-01-28 18:54:37.039 [warning] [Decorations] CAPPING events from decorations provider vscode.git 1464
2023-01-28 18:54:42.757 [warning] [Decorations] CAPPING events from decorations provider vscode.git 1464
2023-01-28 18:54:48.494 [warning] [Decorations] CAPPING events from decorations provider vscode.git 1464
2023-01-28 18:54:54.211 [warning] [Decorations] CAPPING events from decorations provider vscode.git 1464
2023-01-28 18:54:59.923 [warning] [Decorations] CAPPING events from decorations provider vscode.git 1464
2023-01-28 18:55:05.630 [warning] [Decorations] CAPPING events from decorations provider vscode.git 1464
2023-01-28 18:55:11.393 [warning] [Decorations] CAPPING events from decorations provider vscode.git 1464
2023-01-28 18:55:17.102 [warning] [Decorations] CAPPING events from decorations provider vscode.git 1464
2023-01-28 18:55:22.833 [warning] [Decorations] CAPPING events from decorations provider vscode.git 1464
2023-01-28 18:55:28.549 [warning] [Decorations] CAPPING events from decorations provider vscode.git 1464
2023-01-28 18:55:34.274 [warning] [Decorations] CAPPING events from decorations provider vscode.git 1464
2023-01-28 18:55:39.989 [warning] [Decorations] CAPPING events from decorations provider vscode.git 1464
2023-01-28 18:55:45.705 [warning] [Decorations] CAPPING events from decorations provider vscode.git 1464
2023-01-28 18:55:51.418 [warning] [Decorations] CAPPING events from decorations provider vscode.git 1464
2023-01-28 18:55:57.132 [warning] [Decorations] CAPPING events from decorations provider vscode.git 1464
2023-01-28 18:56:02.846 [warning] [Decorations] CAPPING events from decorations provider vscode.git 1464
2023-01-28 18:56:08.568 [warning] [Decorations] CAPPING events from decorations provider vscode.git 1464
2023-01-28 18:56:14.287 [warning] [Decorations] CAPPING events from decorations provider vscode.git 1464
2023-01-28 18:56:20.009 [warning] [Decorations] CAPPING events from decorations provider vscode.git 1464
2023-01-28 18:56:25.728 [warning] [Decorations] CAPPING events from decorations provider vscode.git 1464
2023-01-28 18:56:31.449 [warning] [Decorations] CAPPING events from decorations provider vscode.git 1464
2023-01-28 18:56:37.163 [warning] [Decorations] CAPPING events from decorations provider vscode.git 1464
2023-01-28 18:56:42.895 [warning] [Decorations] CAPPING events from decorations provider vscode.git 1464
2023-01-28 18:56:48.612 [warning] [Decorations] CAPPING events from decorations provider vscode.git 1464
2023-01-28 18:56:54.345 [warning] [Decorations] CAPPING events from decorations provider vscode.git 1464
2023-01-28 18:57:00.056 [warning] [Decorations] CAPPING events from decorations provider vscode.git 1464
2023-01-28 18:57:05.777 [warning] [Decorations] CAPPING events from decorations provider vscode.git 1464
2023-01-28 18:57:11.483 [warning] [Decorations] CAPPING events from decorations provider vscode.git 1464
2023-01-28 18:57:17.204 [warning] [Decorations] CAPPING events from decorations provider vscode.git 1464
2023-01-28 18:57:22.912 [warning] [Decorations] CAPPING events from decorations provider vscode.git 1464
2023-01-28 18:57:28.624 [warning] [Decorations] CAPPING events from decorations provider vscode.git 1464
2023-01-28 18:57:34.338 [warning] [Decorations] CAPPING events from decorations provider vscode.git 1464
2023-01-28 18:57:40.046 [warning] [Decorations] CAPPING events from decorations provider vscode.git 1464
2023-01-28 18:57:45.764 [warning] [Decorations] CAPPING events from decorations provider vscode.git 1464
2023-01-28 18:57:51.476 [warning] [Decorations] CAPPING events from decorations provider vscode.git 1464
2023-01-28 18:57:57.198 [warning] [Decorations] CAPPING events from decorations provider vscode.git 1464
2023-01-28 18:58:02.918 [warning] [Decorations] CAPPING events from decorations provider vscode.git 1464
2023-01-28 18:58:08.633 [warning] [Decorations] CAPPING events from decorations provider vscode.git 1464
2023-01-28 18:58:14.340 [warning] [Decorations] CAPPING events from decorations provider vscode.git 1464
2023-01-28 18:58:20.053 [warning] [Decorations] CAPPING events from decorations provider vscode.git 1464
2023-01-28 18:58:25.776 [warning] [Decorations] CAPPING events from decorations provider vscode.git 1464
2023-01-28 18:58:31.551 [warning] [Decorations] CAPPING events from decorations provider vscode.git 1464
2023-01-28 18:58:37.275 [warning] [Decorations] CAPPING events from decorations provider vscode.git 1464
2023-01-28 18:58:42.995 [warning] [Decorations] CAPPING events from decorations provider vscode.git 1464
2023-01-28 18:58:48.722 [warning] [Decorations] CAPPING events from decorations provider vscode.git 1464
2023-01-28 18:58:54.436 [warning] [Decorations] CAPPING events from decorations provider vscode.git 1464
2023-01-28 18:59:00.171 [warning] [Decorations] CAPPING events from decorations provider vscode.git 1464
2023-01-28 18:59:05.877 [warning] [Decorations] CAPPING events from decorations provider vscode.git 1464
2023-01-28 18:59:11.677 [warning] [Decorations] CAPPING events from decorations provider vscode.git 1464
2023-01-28 18:59:17.388 [warning] [Decorations] CAPPING events from decorations provider vscode.git 1464
2023-01-28 18:59:23.107 [warning] [Decorations] CAPPING events from decorations provider vscode.git 1464
2023-01-28 18:59:28.831 [warning] [Decorations] CAPPING events from decorations provider vscode.git 1464
2023-01-28 18:59:34.541 [warning] [Decorations] CAPPING events from decorations provider vscode.git 1464
2023-01-28 18:59:40.271 [warning] [Decorations] CAPPING events from decorations provider vscode.git 1464
2023-01-28 18:59:45.985 [warning] [Decorations] CAPPING events from decorations provider vscode.git 1464
2023-01-28 18:59:51.702 [warning] [Decorations] CAPPING events from decorations provider vscode.git 1464
2023-01-28 18:59:57.419 [warning] [Decorations] CAPPING events from decorations provider vscode.git 1464
2023-01-28 19:00:03.141 [warning] [Decorations] CAPPING events from decorations provider vscode.git 1464
2023-01-28 19:00:08.853 [warning] [Decorations] CAPPING events from decorations provider vscode.git 1464
2023-01-28 19:00:14.583 [warning] [Decorations] CAPPING events from decorations provider vscode.git 1464
2023-01-28 19:00:20.303 [warning] [Decorations] CAPPING events from decorations provider vscode.git 1464
2023-01-28 19:00:26.031 [warning] [Decorations] CAPPING events from decorations provider vscode.git 1464
2023-01-28 19:00:31.817 [warning] [Decorations] CAPPING events from decorations provider vscode.git 1464
2023-01-28 19:00:37.546 [warning] [Decorations] CAPPING events from decorations provider vscode.git 1464
2023-01-28 19:00:43.273 [warning] [Decorations] CAPPING events from decorations provider vscode.git 1464
2023-01-28 19:00:48.995 [warning] [Decorations] CAPPING events from decorations provider vscode.git 1464
2023-01-28 19:00:54.727 [warning] [Decorations] CAPPING events from decorations provider vscode.git 1464
2023-01-28 19:01:00.468 [warning] [Decorations] CAPPING events from decorations provider vscode.git 1464
2023-01-28 19:01:06.193 [warning] [Decorations] CAPPING events from decorations provider vscode.git 1464
2023-01-28 19:01:11.910 [warning] [Decorations] CAPPING events from decorations provider vscode.git 1464
2023-01-28 19:01:17.630 [warning] [Decorations] CAPPING events from decorations provider vscode.git 1464
2023-01-28 19:01:23.360 [warning] [Decorations] CAPPING events from decorations provider vscode.git 1464
2023-01-28 19:01:29.142 [warning] [Decorations] CAPPING events from decorations provider vscode.git 1464
2023-01-28 19:01:34.876 [warning] [Decorations] CAPPING events from decorations provider vscode.git 1464
2023-01-28 19:01:40.586 [warning] [Decorations] CAPPING events from decorations provider vscode.git 1464
2023-01-28 19:01:46.303 [warning] [Decorations] CAPPING events from decorations provider vscode.git 1464
2023-01-28 19:01:52.060 [warning] [Decorations] CAPPING events from decorations provider vscode.git 1464
2023-01-28 19:01:57.789 [warning] [Decorations] CAPPING events from decorations provider vscode.git 1464
2023-01-28 19:02:03.519 [warning] [Decorations] CAPPING events from decorations provider vscode.git 1464
2023-01-28 19:02:09.238 [warning] [Decorations] CAPPING events from decorations provider vscode.git 1464
2023-01-28 19:02:14.960 [warning] [Decorations] CAPPING events from decorations provider vscode.git 1464
2023-01-28 19:02:20.687 [warning] [Decorations] CAPPING events from decorations provider vscode.git 1464
2023-01-28 19:02:26.405 [warning] [Decorations] CAPPING events from decorations provider vscode.git 1464
2023-01-28 19:02:32.129 [warning] [Decorations] CAPPING events from decorations provider vscode.git 1464
2023-01-28 19:02:37.851 [warning] [Decorations] CAPPING events from decorations provider vscode.git 1464
2023-01-28 19:02:43.575 [warning] [Decorations] CAPPING events from decorations provider vscode.git 1464
2023-01-28 19:02:49.286 [warning] [Decorations] CAPPING events from decorations provider vscode.git 1464
2023-01-28 19:02:55.010 [warning] [Decorations] CAPPING events from decorations provider vscode.git 1464
2023-01-28 19:03:00.736 [warning] [Decorations] CAPPING events from decorations provider vscode.git 1464
2023-01-28 19:03:06.453 [warning] [Decorations] CAPPING events from decorations provider vscode.git 1464
2023-01-28 19:03:12.168 [warning] [Decorations] CAPPING events from decorations provider vscode.git 1464
2023-01-28 19:03:17.905 [warning] [Decorations] CAPPING events from decorations provider vscode.git 1464
2023-01-28 19:03:23.628 [warning] [Decorations] CAPPING events from decorations provider vscode.git 1464
2023-01-28 19:03:29.348 [warning] [Decorations] CAPPING events from decorations provider vscode.git 1464
2023-01-28 19:03:35.068 [warning] [Decorations] CAPPING events from decorations provider vscode.git 1464
2023-01-28 19:03:40.782 [warning] [Decorations] CAPPING events from decorations provider vscode.git 1464
2023-01-28 19:03:46.492 [warning] [Decorations] CAPPING events from decorations provider vscode.git 1464
2023-01-28 19:03:52.205 [warning] [Decorations] CAPPING events from decorations provider vscode.git 1464
2023-01-28 19:03:57.934 [warning] [Decorations] CAPPING events from decorations provider vscode.git 1464
2023-01-28 19:04:03.644 [warning] [Decorations] CAPPING events from decorations provider vscode.git 1464
2023-01-28 19:04:09.357 [warning] [Decorations] CAPPING events from decorations provider vscode.git 1464
2023-01-28 19:04:15.079 [warning] [Decorations] CAPPING events from decorations provider vscode.git 1464
2023-01-28 19:04:20.850 [warning] [Decorations] CAPPING events from decorations provider vscode.git 1464
2023-01-28 19:04:26.593 [warning] [Decorations] CAPPING events from decorations provider vscode.git 1464
2023-01-28 19:04:32.536 [warning] [Decorations] CAPPING events from decorations provider vscode.git 1464
2023-01-28 19:04:38.261 [warning] [Decorations] CAPPING events from decorations provider vscode.git 1464
2023-01-28 19:04:43.972 [warning] [Decorations] CAPPING events from decorations provider vscode.git 1464
2023-01-28 19:04:49.702 [warning] [Decorations] CAPPING events from decorations provider vscode.git 1464
2023-01-28 19:04:55.411 [warning] [Decorations] CAPPING events from decorations provider vscode.git 1464
2023-01-28 19:05:01.135 [warning] [Decorations] CAPPING events from decorations provider vscode.git 1464
2023-01-28 19:05:06.848 [warning] [Decorations] CAPPING events from decorations provider vscode.git 1464
2023-01-28 19:05:12.562 [warning] [Decorations] CAPPING events from decorations provider vscode.git 1464
2023-01-28 19:05:18.272 [warning] [Decorations] CAPPING events from decorations provider vscode.git 1464
2023-01-28 19:05:23.997 [warning] [Decorations] CAPPING events from decorations provider vscode.git 1464
2023-01-28 19:05:29.708 [warning] [Decorations] CAPPING events from decorations provider vscode.git 1464
2023-01-28 19:05:35.421 [warning] [Decorations] CAPPING events from decorations provider vscode.git 1464
2023-01-28 19:05:41.144 [warning] [Decorations] CAPPING events from decorations provider vscode.git 1464
2023-01-28 19:05:46.849 [warning] [Decorations] CAPPING events from decorations provider vscode.git 1464
2023-01-28 19:05:52.558 [warning] [Decorations] CAPPING events from decorations provider vscode.git 1464
2023-01-28 19:05:58.281 [warning] [Decorations] CAPPING events from decorations provider vscode.git 1464
2023-01-28 19:06:03.990 [warning] [Decorations] CAPPING events from decorations provider vscode.git 1464
2023-01-28 19:06:09.716 [warning] [Decorations] CAPPING events from decorations provider vscode.git 1464
2023-01-28 19:06:15.432 [warning] [Decorations] CAPPING events from decorations provider vscode.git 1464
2023-01-28 19:06:21.158 [warning] [Decorations] CAPPING events from decorations provider vscode.git 1464
2023-01-28 19:06:26.878 [warning] [Decorations] CAPPING events from decorations provider vscode.git 1464
2023-01-28 19:06:32.621 [warning] [Decorations] CAPPING events from decorations provider vscode.git 1464
2023-01-28 19:06:38.336 [warning] [Decorations] CAPPING events from decorations provider vscode.git 1464
2023-01-28 19:06:44.059 [warning] [Decorations] CAPPING events from decorations provider vscode.git 1464
2023-01-28 19:06:49.770 [warning] [Decorations] CAPPING events from decorations provider vscode.git 1464
2023-01-28 19:06:55.487 [warning] [Decorations] CAPPING events from decorations provider vscode.git 1464
2023-01-28 19:07:01.269 [warning] [Decorations] CAPPING events from decorations provider vscode.git 1464
2023-01-28 19:07:06.987 [warning] [Decorations] CAPPING events from decorations provider vscode.git 1464
2023-01-28 19:07:12.701 [warning] [Decorations] CAPPING events from decorations provider vscode.git 1464
2023-01-28 19:07:18.422 [warning] [Decorations] CAPPING events from decorations provider vscode.git 1464
2023-01-28 19:07:24.137 [warning] [Decorations] CAPPING events from decorations provider vscode.git 1464
2023-01-28 19:07:29.869 [warning] [Decorations] CAPPING events from decorations provider vscode.git 1464
2023-01-28 19:07:35.586 [warning] [Decorations] CAPPING events from decorations provider vscode.git 1464
2023-01-28 19:07:41.303 [warning] [Decorations] CAPPING events from decorations provider vscode.git 1464
2023-01-28 19:07:47.025 [warning] [Decorations] CAPPING events from decorations provider vscode.git 1464
2023-01-28 19:07:52.752 [warning] [Decorations] CAPPING events from decorations provider vscode.git 1464
2023-01-28 19:07:58.470 [warning] [Decorations] CAPPING events from decorations provider vscode.git 1464
2023-01-28 19:08:04.187 [warning] [Decorations] CAPPING events from decorations provider vscode.git 1464
2023-01-28 19:08:09.909 [warning] [Decorations] CAPPING events from decorations provider vscode.git 1464
2023-01-28 19:08:15.633 [warning] [Decorations] CAPPING events from decorations provider vscode.git 1464
2023-01-28 19:08:21.348 [warning] [Decorations] CAPPING events from decorations provider vscode.git 1464
2023-01-28 19:08:27.078 [warning] [Decorations] CAPPING events from decorations provider vscode.git 1464
2023-01-28 19:08:32.800 [warning] [Decorations] CAPPING events from decorations provider vscode.git 1464
2023-01-28 19:08:38.545 [warning] [Decorations] CAPPING events from decorations provider vscode.git 1464
2023-01-28 19:08:44.263 [warning] [Decorations] CAPPING events from decorations provider vscode.git 1464
2023-01-28 19:08:49.996 [warning] [Decorations] CAPPING events from decorations provider vscode.git 1464
2023-01-28 19:08:55.698 [warning] [Decorations] CAPPING events from decorations provider vscode.git 1464
2023-01-28 19:09:01.412 [warning] [Decorations] CAPPING events from decorations provider vscode.git 1464
2023-01-28 19:09:07.129 [warning] [Decorations] CAPPING events from decorations provider vscode.git 1464
2023-01-28 19:09:12.962 [warning] [Decorations] CAPPING events from decorations provider vscode.git 1464
2023-01-28 19:09:18.675 [warning] [Decorations] CAPPING events from decorations provider vscode.git 1464
2023-01-28 19:12:13.280 [warning] [Decorations] CAPPING events from decorations provider vscode.git 1464
2023-01-28 19:12:19.013 [warning] [Decorations] CAPPING events from decorations provider vscode.git 1464
2023-01-28 19:12:24.741 [warning] [Decorations] CAPPING events from decorations provider vscode.git 1464
2023-01-28 19:12:30.457 [warning] [Decorations] CAPPING events from decorations provider vscode.git 1464
2023-01-28 19:12:36.439 [warning] [Decorations] CAPPING events from decorations provider vscode.git 1464
2023-01-28 19:12:42.163 [warning] [Decorations] CAPPING events from decorations provider vscode.git 1464
2023-01-28 19:12:47.886 [warning] [Decorations] CAPPING events from decorations provider vscode.git 1464
2023-01-28 19:12:53.600 [warning] [Decorations] CAPPING events from decorations provider vscode.git 1464
2023-01-28 19:12:59.323 [warning] [Decorations] CAPPING events from decorations provider vscode.git 1464
2023-01-28 19:13:05.040 [warning] [Decorations] CAPPING events from decorations provider vscode.git 1464
2023-01-28 19:13:10.821 [warning] [Decorations] CAPPING events from decorations provider vscode.git 1464
2023-01-28 19:13:16.542 [warning] [Decorations] CAPPING events from decorations provider vscode.git 1464
2023-01-28 19:13:22.251 [warning] [Decorations] CAPPING events from decorations provider vscode.git 1464
2023-01-28 20:47:38.319 [warning] [Decorations] CAPPING events from decorations provider vscode.git 1464
2023-01-28 20:47:44.037 [warning] [Decorations] CAPPING events from decorations provider vscode.git 1464
2023-01-28 21:09:23.802 [warning] [Decorations] CAPPING events from decorations provider vscode.git 1465
2023-01-28 21:09:29.535 [warning] [Decorations] CAPPING events from decorations provider vscode.git 1465
2023-01-28 21:09:35.249 [warning] [Decorations] CAPPING events from decorations provider vscode.git 1465
2023-01-28 21:09:40.970 [warning] [Decorations] CAPPING events from decorations provider vscode.git 1465
2023-01-28 21:09:46.763 [warning] [Decorations] CAPPING events from decorations provider vscode.git 1465
2023-01-28 21:09:52.475 [warning] [Decorations] CAPPING events from decorations provider vscode.git 1465
2023-01-28 21:09:58.297 [warning] [Decorations] CAPPING events from decorations provider vscode.git 1465
2023-01-28 21:10:02.030 [info] Extension host terminating: received terminate message from renderer
2023-01-28 21:10:02.031 [info] Lock '/home/thomasxucpa/.vscode-server/data/User/workspaceStorage/c8a2f7af4ed4849c864bf32c5ebe341b/vscode.lock': Marking the lockfile as scheduled to be released in 6000 ms.
2023-01-28 21:10:02.083 [info] Extension host with pid 12596 exiting with code 0
