2023-01-12 05:09:22.575 [info] Log level: Info
2023-01-12 05:09:22.575 [info] Validating found git in: "git"
2023-01-12 05:09:22.575 [info] Using git "2.17.1" from "git"
2023-01-12 05:09:22.575 [info] > git rev-parse --show-toplevel [6ms]
2023-01-12 05:09:22.575 [info] > git rev-parse --git-dir --git-common-dir [1ms]
2023-01-12 05:09:22.575 [info] Open repository: /home/thomasxucpa
2023-01-12 05:09:22.576 [info] > git rev-parse --show-toplevel [15ms]
2023-01-12 05:09:22.576 [info] > git rev-parse --show-toplevel [18ms]
2023-01-12 05:09:22.576 [info] > git config --get commit.template [40ms]
2023-01-12 05:09:22.576 [info] > git for-each-ref --format=%(refname)%00%(upstream:short)%00%(objectname)%00%(upstream:track)%00%(upstream:remotename)%00%(upstream:remoteref) refs/heads/master refs/remotes/master [17ms]
2023-01-12 05:09:22.576 [info] > git rev-parse --show-toplevel [50ms]
2023-01-12 05:09:22.576 [info] > git for-each-ref --sort -committerdate --format %(refname) %(objectname) %(*objectname) [71ms]
2023-01-12 05:09:22.576 [info] > git rev-parse --show-toplevel [33ms]
2023-01-12 05:09:22.576 [info] > git rev-parse --show-toplevel [4ms]
2023-01-12 05:09:22.576 [info] > git show --textconv HEAD:.viminfo [11ms]
2023-01-12 05:09:22.576 [info] > git status -z -uall [311ms]
2023-01-12 05:09:22.576 [info] > git ls-tree -l HEAD -- /home/thomasxucpa/.viminfo [111ms]
2023-01-12 05:09:22.576 [info] > git config --get commit.template [17ms]
2023-01-12 05:09:22.576 [info] > git check-ignore -v -z --stdin [21ms]
2023-01-12 05:09:22.576 [info] > git for-each-ref --format=%(refname)%00%(upstream:short)%00%(objectname)%00%(upstream:track)%00%(upstream:remotename)%00%(upstream:remoteref) refs/heads/master refs/remotes/master [34ms]
2023-01-12 05:09:22.576 [info] > git status -z -uall [322ms]
2023-01-12 05:09:22.576 [info] > git for-each-ref --sort -committerdate --format %(refname) %(objectname) %(*objectname) [316ms]
2023-01-12 05:09:22.577 [info] > git check-ignore -v -z --stdin [28ms]
2023-01-12 05:09:22.577 [info] > git ls-tree -l HEAD -- /home/thomasxucpa/.viminfo [4ms]
2023-01-12 05:09:22.951 [info] > git check-ignore -v -z --stdin [14ms]
2023-01-12 05:09:23.080 [info] > git config --local branch.master.github-pr-owner-number [2ms]
2023-01-12 05:09:24.647 [info] > git config --get commit.template [1ms]
2023-01-12 05:09:24.657 [info] > git for-each-ref --format=%(refname)%00%(upstream:short)%00%(objectname)%00%(upstream:track)%00%(upstream:remotename)%00%(upstream:remoteref) refs/heads/master refs/remotes/master [1ms]
2023-01-12 05:09:24.701 [info] > git for-each-ref --sort -committerdate --format %(refname) %(objectname) %(*objectname) [11ms]
2023-01-12 05:09:24.836 [info] > git status -z -uall [170ms]
2023-01-12 05:09:28.144 [info] > git add -A -- . [197ms]
2023-01-12 05:09:28.144 [info] error: open(".viminfo"): Permission denied
error: unable to index file .viminfo
fatal: adding files failed
2023-01-12 05:09:29.930 [info] > git config --get commit.template [1ms]
2023-01-12 05:09:29.941 [info] > git for-each-ref --format=%(refname)%00%(upstream:short)%00%(objectname)%00%(upstream:track)%00%(upstream:remotename)%00%(upstream:remoteref) refs/heads/master refs/remotes/master [1ms]
2023-01-12 05:09:29.993 [info] > git for-each-ref --sort -committerdate --format %(refname) %(objectname) %(*objectname) [7ms]
2023-01-12 05:09:30.121 [info] > git status -z -uall [168ms]
2023-01-12 05:09:35.209 [info] > git config --get commit.template [1ms]
2023-01-12 05:09:35.220 [info] > git for-each-ref --format=%(refname)%00%(upstream:short)%00%(objectname)%00%(upstream:track)%00%(upstream:remotename)%00%(upstream:remoteref) refs/heads/master refs/remotes/master [3ms]
2023-01-12 05:09:35.246 [info] > git for-each-ref --sort -committerdate --format %(refname) %(objectname) %(*objectname) [9ms]
2023-01-12 05:09:35.398 [info] > git status -z -uall [168ms]
2023-01-12 05:09:41.190 [info] > git config --get commit.template [1ms]
2023-01-12 05:09:41.200 [info] > git for-each-ref --format=%(refname)%00%(upstream:short)%00%(objectname)%00%(upstream:track)%00%(upstream:remotename)%00%(upstream:remoteref) refs/heads/master refs/remotes/master [1ms]
2023-01-12 05:09:41.220 [info] > git for-each-ref --sort -committerdate --format %(refname) %(objectname) %(*objectname) [1ms]
2023-01-12 05:09:41.428 [info] > git status -z -uall [219ms]
2023-01-12 05:09:41.517 [info] > git add -A -- . [260ms]
2023-01-12 05:09:41.517 [info] error: open(".viminfo"): Permission denied
error: unable to index file .viminfo
fatal: adding files failed
2023-01-12 05:09:46.514 [info] > git config --get commit.template [1ms]
2023-01-12 05:09:46.525 [info] > git for-each-ref --format=%(refname)%00%(upstream:short)%00%(objectname)%00%(upstream:track)%00%(upstream:remotename)%00%(upstream:remoteref) refs/heads/master refs/remotes/master [1ms]
2023-01-12 05:09:46.577 [info] > git for-each-ref --sort -committerdate --format %(refname) %(objectname) %(*objectname) [31ms]
2023-01-12 05:09:46.702 [info] > git status -z -uall [165ms]
2023-01-12 05:09:47.329 [info] > git ls-tree -l HEAD -- /home/thomasxucpa/.viminfo [27ms]
2023-01-12 05:09:49.899 [info] > git show --textconv :.gitignore [11ms]
2023-01-12 05:09:49.908 [info] > git ls-files --stage -- /home/thomasxucpa/.gitignore [9ms]
2023-01-12 05:09:49.985 [info] > git config --get commit.template [11ms]
2023-01-12 05:09:49.986 [info] > git for-each-ref --format=%(refname)%00%(upstream:short)%00%(objectname)%00%(upstream:track)%00%(upstream:remotename)%00%(upstream:remoteref) refs/heads/master refs/remotes/master [2ms]
2023-01-12 05:09:50.036 [info] > git for-each-ref --sort -committerdate --format %(refname) %(objectname) %(*objectname) [30ms]
2023-01-12 05:09:50.173 [info] > git status -z -uall [176ms]
2023-01-12 05:09:50.790 [info] > git check-ignore -v -z --stdin [33ms]
2023-01-12 05:09:51.579 [info] > git check-ignore -v -z --stdin [7ms]
2023-01-12 05:09:51.774 [info] > git config --get commit.template [1ms]
2023-01-12 05:09:51.783 [info] > git for-each-ref --format=%(refname)%00%(upstream:short)%00%(objectname)%00%(upstream:track)%00%(upstream:remotename)%00%(upstream:remoteref) refs/heads/master refs/remotes/master [2ms]
2023-01-12 05:09:51.844 [info] > git for-each-ref --sort -committerdate --format %(refname) %(objectname) %(*objectname) [5ms]
2023-01-12 05:09:51.971 [info] > git status -z -uall [178ms]
