2023-01-17 03:37:11.202 [info] Log level: Info
2023-01-17 03:37:11.202 [info] Validating found git in: "git"
2023-01-17 03:37:11.202 [info] Using git "2.17.1" from "git"
2023-01-17 03:37:11.202 [info] > git rev-parse --show-toplevel [80ms]
2023-01-17 03:37:11.202 [info] > git rev-parse --git-dir --git-common-dir [18ms]
2023-01-17 03:37:11.202 [info] Open repository: /home/thomasxucpa
2023-01-17 03:37:11.203 [info] > git rev-parse --show-toplevel [25ms]
2023-01-17 03:37:11.203 [info] > git config --get commit.template [26ms]
2023-01-17 03:37:11.203 [info] > git rev-parse --show-toplevel [24ms]
2023-01-17 03:37:11.203 [info] > git rev-parse --show-toplevel [14ms]
2023-01-17 03:37:11.203 [info] > git for-each-ref --format=%(refname)%00%(upstream:short)%00%(objectname)%00%(upstream:track)%00%(upstream:remotename)%00%(upstream:remoteref) refs/heads/master refs/remotes/master [53ms]
2023-01-17 03:37:11.203 [info] > git rev-parse --show-toplevel [40ms]
2023-01-17 03:37:11.203 [info] > git for-each-ref --sort -committerdate --format %(refname) %(objectname) %(*objectname) [85ms]
2023-01-17 03:37:11.203 [info] > git rev-parse --show-toplevel [58ms]
2023-01-17 03:37:11.203 [info] > git rev-parse --show-toplevel [32ms]
2023-01-17 03:37:11.203 [info] > git status -z -uall [635ms]
2023-01-17 03:37:11.203 [info] > git config --get commit.template [11ms]
2023-01-17 03:37:11.203 [info] > git for-each-ref --format=%(refname)%00%(upstream:short)%00%(objectname)%00%(upstream:track)%00%(upstream:remotename)%00%(upstream:remoteref) refs/heads/master refs/remotes/master [9ms]
2023-01-17 03:37:11.203 [info] > git for-each-ref --sort -committerdate --format %(refname) %(objectname) %(*objectname) [120ms]
2023-01-17 03:37:11.203 [info] > git check-ignore -v -z --stdin [205ms]
2023-01-17 03:37:11.203 [info] > git status -z -uall [511ms]
2023-01-17 03:37:11.411 [info] > git show --textconv :go/src/around/handler/user.go [245ms]
2023-01-17 03:37:11.411 [info] > git ls-files --stage -- /home/thomasxucpa/go/src/around/handler/user.go [219ms]
2023-01-17 03:37:11.431 [info] > git cat-file -s 96793d936c2b72d3026999d251f0df591679b921 [10ms]
2023-01-17 03:37:11.739 [info] > git config --local branch.master.github-pr-owner-number [9ms]
2023-01-17 03:37:15.241 [info] > git config --get commit.template [32ms]
2023-01-17 03:37:15.256 [info] > git for-each-ref --format=%(refname)%00%(upstream:short)%00%(objectname)%00%(upstream:track)%00%(upstream:remotename)%00%(upstream:remoteref) refs/heads/master refs/remotes/master [16ms]
2023-01-17 03:37:15.307 [info] > git for-each-ref --sort -committerdate --format %(refname) %(objectname) %(*objectname) [6ms]
2023-01-17 03:37:18.505 [info] > git status -z -uall [3225ms]
2023-01-17 03:37:56.988 [info] > git config --get commit.template [23ms]
2023-01-17 03:37:57.003 [info] > git for-each-ref --format=%(refname)%00%(upstream:short)%00%(objectname)%00%(upstream:track)%00%(upstream:remotename)%00%(upstream:remoteref) refs/heads/master refs/remotes/master [26ms]
2023-01-17 03:37:57.018 [info] > git for-each-ref --sort -committerdate --format %(refname) %(objectname) %(*objectname) [1ms]
2023-01-17 03:37:58.678 [info] > git status -z -uall [1669ms]
2023-01-17 03:38:01.457 [info] > git check-ignore -v -z --stdin [19ms]
2023-01-17 03:38:03.696 [info] > git config --get commit.template [2ms]
2023-01-17 03:38:03.704 [info] > git for-each-ref --format=%(refname)%00%(upstream:short)%00%(objectname)%00%(upstream:track)%00%(upstream:remotename)%00%(upstream:remoteref) refs/heads/master refs/remotes/master [2ms]
2023-01-17 03:38:03.740 [info] > git for-each-ref --sort -committerdate --format %(refname) %(objectname) %(*objectname) [4ms]
2023-01-17 03:38:04.409 [info] > git status -z -uall [698ms]
2023-01-17 03:49:51.461 [info] > git config --get commit.template [1ms]
2023-01-17 03:49:51.469 [info] > git for-each-ref --format=%(refname)%00%(upstream:short)%00%(objectname)%00%(upstream:track)%00%(upstream:remotename)%00%(upstream:remoteref) refs/heads/master refs/remotes/master [1ms]
2023-01-17 03:49:51.489 [info] > git for-each-ref --sort -committerdate --format %(refname) %(objectname) %(*objectname) [4ms]
2023-01-17 03:49:52.151 [info] > git status -z -uall [671ms]
2023-01-17 03:50:09.270 [info] > git config --get commit.template [1ms]
2023-01-17 03:50:09.277 [info] > git for-each-ref --format=%(refname)%00%(upstream:short)%00%(objectname)%00%(upstream:track)%00%(upstream:remotename)%00%(upstream:remoteref) refs/heads/master refs/remotes/master [1ms]
2023-01-17 03:50:09.292 [info] > git for-each-ref --sort -committerdate --format %(refname) %(objectname) %(*objectname) [3ms]
2023-01-17 03:50:09.957 [info] > git status -z -uall [674ms]
2023-01-17 04:14:58.301 [info] > git config --get commit.template [1ms]
2023-01-17 04:14:58.309 [info] > git for-each-ref --format=%(refname)%00%(upstream:short)%00%(objectname)%00%(upstream:track)%00%(upstream:remotename)%00%(upstream:remoteref) refs/heads/master refs/remotes/master [1ms]
2023-01-17 04:14:58.324 [info] > git for-each-ref --sort -committerdate --format %(refname) %(objectname) %(*objectname) [1ms]
2023-01-17 04:14:59.003 [info] > git status -z -uall [687ms]
2023-01-17 04:18:26.576 [info] > git config --get commit.template [1ms]
2023-01-17 04:18:26.584 [info] > git for-each-ref --format=%(refname)%00%(upstream:short)%00%(objectname)%00%(upstream:track)%00%(upstream:remotename)%00%(upstream:remoteref) refs/heads/master refs/remotes/master [0ms]
2023-01-17 04:18:26.602 [info] > git for-each-ref --sort -committerdate --format %(refname) %(objectname) %(*objectname) [2ms]
2023-01-17 04:18:27.265 [info] > git status -z -uall [672ms]
2023-01-17 04:18:47.294 [info] > git config --get commit.template [1ms]
2023-01-17 04:18:47.303 [info] > git for-each-ref --format=%(refname)%00%(upstream:short)%00%(objectname)%00%(upstream:track)%00%(upstream:remotename)%00%(upstream:remoteref) refs/heads/master refs/remotes/master [3ms]
2023-01-17 04:18:47.316 [info] > git for-each-ref --sort -committerdate --format %(refname) %(objectname) %(*objectname) [1ms]
2023-01-17 04:18:47.987 [info] > git status -z -uall [678ms]
