2023-01-12 21:34:05.287 [info] Extension host with pid 28886 started
2023-01-12 21:34:05.367 [info] Lock '/home/thomasxucpa/.vscode-server/data/User/workspaceStorage/9a8057275842c33f88a86d02417a56c7/vscode.lock': Lock acquired.
2023-01-12 21:34:05.663 [info] ExtensionService#_doActivateExtension golang.go, startup: false, activationEvent: 'onLanguage:go'
2023-01-12 21:34:05.666 [info] ExtensionService#_doActivateExtension vscode.git-base, startup: true, activationEvent: '*', root cause: vscode.git
2023-01-12 21:34:06.166 [info] ExtensionService#_doActivateExtension vscode.git, startup: true, activationEvent: '*'
2023-01-12 21:34:06.167 [info] ExtensionService#_doActivateExtension vscode.github, startup: true, activationEvent: '*'
2023-01-12 21:34:07.518 [info] ExtensionService#_doActivateExtension vscode.debug-auto-launch, startup: false, activationEvent: 'onStartupFinished'
2023-01-12 21:34:07.521 [info] ExtensionService#_doActivateExtension vscode.emmet, startup: false, activationEvent: 'onStartupFinished'
2023-01-12 21:34:07.522 [info] ExtensionService#_doActivateExtension vscode.merge-conflict, startup: false, activationEvent: 'onStartupFinished'
2023-01-12 21:34:07.523 [info] Eager extensions activated
2023-01-12 21:34:07.980 [info] ExtensionService#_doActivateExtension vscode.configuration-editing, startup: false, activationEvent: 'onLanguage:jsonc'
2023-01-12 21:34:07.981 [info] ExtensionService#_doActivateExtension vscode.json-language-features, startup: false, activationEvent: 'onLanguage:jsonc'
2023-01-12 21:34:07.982 [info] ExtensionService#_doActivateExtension vscode.typescript-language-features, startup: false, activationEvent: 'onLanguage:jsonc'
2023-01-12 21:34:09.234 [info] ExtensionService#_doActivateExtension GitHub.vscode-pull-request-github, startup: false, activationEvent: 'onStartupFinished'
2023-01-12 21:34:10.311 [error] [golang.go] provider FAILED
2023-01-12 21:34:10.323 [error] Error: context canceled
	at handleResponse (/home/thomasxucpa/.vscode-server/extensions/golang.go-0.37.0/dist/goMain.js:4470:40)
	at processMessageQueue (/home/thomasxucpa/.vscode-server/extensions/golang.go-0.37.0/dist/goMain.js:4293:13)
	at Immediate.<anonymous> (/home/thomasxucpa/.vscode-server/extensions/golang.go-0.37.0/dist/goMain.js:4279:11)
	at processImmediate (node:internal/timers:466:21)
2023-01-12 21:34:34.119 [info] Extension host terminating: received terminate message from renderer
2023-01-12 21:34:34.120 [info] Lock '/home/thomasxucpa/.vscode-server/data/User/workspaceStorage/9a8057275842c33f88a86d02417a56c7/vscode.lock': Marking the lockfile as scheduled to be released in 6000 ms.
2023-01-12 21:34:34.195 [info] Extension host with pid 28886 exiting with code 0
