2023-01-12 21:34:09.721 [info] Log level: Info
2023-01-12 21:34:09.722 [info] Validating found git in: "git"
2023-01-12 21:34:09.722 [info] Using git "2.17.1" from "git"
2023-01-12 21:34:09.722 [info] > git rev-parse --show-toplevel [32ms]
2023-01-12 21:34:09.722 [info] > git rev-parse --git-dir --git-common-dir [38ms]
2023-01-12 21:34:09.722 [info] Open repository: /home/thomasxucpa
2023-01-12 21:34:09.722 [info] > git rev-parse --show-toplevel [16ms]
2023-01-12 21:34:09.722 [info] > git config --get commit.template [48ms]
2023-01-12 21:34:09.722 [info] > git rev-parse --show-toplevel [46ms]
2023-01-12 21:34:09.722 [info] > git for-each-ref --format=%(refname)%00%(upstream:short)%00%(objectname)%00%(upstream:track)%00%(upstream:remotename)%00%(upstream:remoteref) refs/heads/master refs/remotes/master [34ms]
2023-01-12 21:34:09.722 [info] > git rev-parse --show-toplevel [55ms]
2023-01-12 21:34:09.722 [info] > git for-each-ref --sort -committerdate --format %(refname) %(objectname) %(*objectname) [45ms]
2023-01-12 21:34:09.722 [info] > git rev-parse --show-toplevel [74ms]
2023-01-12 21:34:09.722 [info] > git rev-parse --show-toplevel [154ms]
2023-01-12 21:34:09.722 [info] > git status -z -uall [455ms]
2023-01-12 21:34:09.722 [info] > git rev-parse --show-toplevel [144ms]
2023-01-12 21:34:09.722 [info] > git config --get commit.template [22ms]
2023-01-12 21:34:09.722 [info] > git for-each-ref --format=%(refname)%00%(upstream:short)%00%(objectname)%00%(upstream:track)%00%(upstream:remotename)%00%(upstream:remoteref) refs/heads/master refs/remotes/master [9ms]
2023-01-12 21:34:09.722 [info] > git for-each-ref --sort -committerdate --format %(refname) %(objectname) %(*objectname) [26ms]
2023-01-12 21:34:09.722 [info] > git status -z -uall [589ms]
2023-01-12 21:34:09.722 [info] > git check-ignore -v -z --stdin [176ms]
2023-01-12 21:34:09.722 [info] > git show --textconv :go/src/around/backend/elasticsearch.go [446ms]
2023-01-12 21:34:09.722 [info] > git ls-files --stage -- /home/thomasxucpa/go/src/around/backend/elasticsearch.go [456ms]
2023-01-12 21:34:09.724 [info] > git cat-file -s 5da0f2ed383f20dcff3dbfdc28cb7f806ba2d6a2 [13ms]
2023-01-12 21:34:10.133 [info] > git config --local branch.master.github-pr-owner-number [11ms]
2023-01-12 21:34:12.734 [info] > git config --get commit.template [1ms]
2023-01-12 21:34:12.745 [info] > git for-each-ref --format=%(refname)%00%(upstream:short)%00%(objectname)%00%(upstream:track)%00%(upstream:remotename)%00%(upstream:remoteref) refs/heads/master refs/remotes/master [1ms]
2023-01-12 21:34:12.766 [info] > git for-each-ref --sort -committerdate --format %(refname) %(objectname) %(*objectname) [5ms]
2023-01-12 21:34:12.919 [info] > git status -z -uall [165ms]
2023-01-12 21:34:17.937 [info] > git config --get commit.template [1ms]
2023-01-12 21:34:17.947 [info] > git for-each-ref --format=%(refname)%00%(upstream:short)%00%(objectname)%00%(upstream:track)%00%(upstream:remotename)%00%(upstream:remoteref) refs/heads/master refs/remotes/master [2ms]
2023-01-12 21:34:17.968 [info] > git for-each-ref --sort -committerdate --format %(refname) %(objectname) %(*objectname) [3ms]
2023-01-12 21:34:18.121 [info] > git status -z -uall [164ms]
2023-01-12 21:34:33.986 [info] > git config --get commit.template [1ms]
2023-01-12 21:34:33.994 [info] > git for-each-ref --format=%(refname)%00%(upstream:short)%00%(objectname)%00%(upstream:track)%00%(upstream:remotename)%00%(upstream:remoteref) refs/heads/master refs/remotes/master [1ms]
2023-01-12 21:34:34.015 [info] > git for-each-ref --sort -committerdate --format %(refname) %(objectname) %(*objectname) [4ms]
