2023-01-10 04:47:26.835 [info] Log level: Info
2023-01-10 04:47:26.835 [info] Validating found git in: "git"
2023-01-10 04:47:26.835 [info] Using git "2.17.1" from "git"
2023-01-10 04:47:26.835 [info] > git rev-parse --show-toplevel [9ms]
2023-01-10 04:47:26.835 [info] fatal: not a git repository (or any of the parent directories): .git
2023-01-10 04:47:26.835 [info] > git rev-parse --show-toplevel [12ms]
2023-01-10 04:47:26.835 [info] fatal: not a git repository (or any of the parent directories): .git
2023-01-10 04:47:26.835 [info] > git rev-parse --show-toplevel [43ms]
2023-01-10 04:47:26.835 [info] fatal: not a git repository (or any of the parent directories): .git
2023-01-10 04:47:26.835 [info] > git rev-parse --show-toplevel [14ms]
2023-01-10 04:47:26.835 [info] fatal: not a git repository (or any of the parent directories): .git
2023-01-10 04:47:26.835 [info] > git rev-parse --show-toplevel [4ms]
2023-01-10 04:47:26.835 [info] fatal: not a git repository (or any of the parent directories): .git
2023-01-10 04:47:26.835 [info] > git rev-parse --show-toplevel [4ms]
2023-01-10 04:47:26.835 [info] fatal: not a git repository (or any of the parent directories): .git
2023-01-10 04:47:26.835 [info] > git rev-parse --show-toplevel [2ms]
2023-01-10 04:47:26.835 [info] fatal: not a git repository (or any of the parent directories): .git
2023-01-10 04:47:26.835 [info] > git rev-parse --show-toplevel [10ms]
2023-01-10 04:47:26.835 [info] fatal: not a git repository (or any of the parent directories): .git
2023-01-10 04:47:26.835 [info] > git rev-parse --show-toplevel [5ms]
2023-01-10 04:47:26.835 [info] fatal: not a git repository (or any of the parent directories): .git
2023-01-10 04:48:19.349 [info] > git rev-parse --show-toplevel [19ms]
2023-01-10 04:48:19.349 [info] fatal: not a git repository (or any of the parent directories): .git
2023-01-10 04:50:40.543 [info] > git rev-parse --show-toplevel [13ms]
2023-01-10 04:50:40.544 [info] fatal: not a git repository (or any of the parent directories): .git
2023-01-10 04:51:00.309 [info] > git rev-parse --show-toplevel [10ms]
2023-01-10 04:51:00.310 [info] fatal: not a git repository (or any of the parent directories): .git
2023-01-10 04:51:00.755 [info] > git rev-parse --show-toplevel [13ms]
2023-01-10 04:51:00.755 [info] fatal: not a git repository (or any of the parent directories): .git
2023-01-10 04:51:10.857 [info] > git rev-parse --show-toplevel [11ms]
2023-01-10 04:51:10.857 [info] fatal: not a git repository (or any of the parent directories): .git
2023-01-10 04:52:39.422 [info] > git rev-parse --show-toplevel [13ms]
2023-01-10 04:52:39.422 [info] fatal: not a git repository (or any of the parent directories): .git
2023-01-10 04:52:48.703 [info] > git rev-parse --show-toplevel [11ms]
2023-01-10 04:52:48.703 [info] fatal: not a git repository (or any of the parent directories): .git
2023-01-10 05:12:30.471 [info] > git init [28ms]
2023-01-10 05:12:31.102 [info] > git rev-parse --show-toplevel [0ms]
2023-01-10 05:12:31.109 [info] > git rev-parse --git-dir --git-common-dir [0ms]
2023-01-10 05:12:31.123 [info] Open repository: /home/thomasxucpa
2023-01-10 05:12:31.148 [warning] No remotes found in the git config file.
2023-01-10 05:12:31.149 [info] > git for-each-ref --format=%(refname)%00%(upstream:short)%00%(objectname)%00%(upstream:track)%00%(upstream:remotename)%00%(upstream:remoteref) refs/heads/master refs/remotes/master [8ms]
2023-01-10 05:12:31.150 [info] > git config --get commit.template [17ms]
2023-01-10 05:12:31.150 [info] > git remote --verbose [2ms]
2023-01-10 05:12:31.168 [info] > git for-each-ref --sort -committerdate --format %(refname) %(objectname) %(*objectname) [4ms]
2023-01-10 05:12:31.344 [info] > git status -z -uall [187ms] (cancelled)
2023-01-10 05:12:31.663 [info] > git show --textconv :go/src/around/handler/router.go [33ms]
2023-01-10 05:12:31.663 [info] > git show --textconv :go/src/around/main.go [27ms]
2023-01-10 05:12:31.663 [info] > git show --textconv :go/src/around/handler/post.go [20ms]
2023-01-10 05:12:31.663 [info] > git ls-files --stage -- /home/thomasxucpa/go/src/around/handler/post.go [2ms]
2023-01-10 05:12:31.664 [info] > git ls-files --stage -- /home/thomasxucpa/go/src/around/main.go [9ms]
2023-01-10 05:12:31.665 [info] > git ls-files --stage -- /home/thomasxucpa/go/src/around/handler/router.go [16ms]
2023-01-10 05:12:31.859 [info] > git check-ignore -v -z --stdin [2ms]
2023-01-10 05:12:43.874 [info] > git config --get commit.template [45ms]
2023-01-10 05:12:43.929 [warning] No remotes found in the git config file.
2023-01-10 05:12:43.965 [info] > git remote --verbose [36ms]
2023-01-10 05:12:43.966 [info] > git for-each-ref --format=%(refname)%00%(upstream:short)%00%(objectname)%00%(upstream:track)%00%(upstream:remotename)%00%(upstream:remoteref) refs/heads/master refs/remotes/master [46ms]
2023-01-10 05:12:43.994 [info] > git for-each-ref --sort -committerdate --format %(refname) %(objectname) %(*objectname) [10ms]
2023-01-10 05:12:45.729 [info] > git status -z -uall [1753ms] (cancelled)
2023-01-10 05:12:46.297 [info] > git check-ignore -v -z --stdin [2ms]
2023-01-10 05:12:47.269 [info] > git check-ignore -v -z --stdin [1ms]
2023-01-10 05:12:48.211 [info] > git check-ignore -v -z --stdin [1ms]
2023-01-10 05:13:38.218 [info] > git add -A -- . [21681ms]
2023-01-10 05:13:38.868 [info] > git -c user.useConfigOnly=true commit --quiet --allow-empty-message --file - [637ms]
2023-01-10 05:13:38.869 [info] 
*** Please tell me who you are.

Run

  git config --global user.email "you@example.com"
  git config --global user.name "Your Name"

to set your account's default identity.
Omit --global to set the identity only in this repository.

fatal: no email was given and auto-detection is disabled
2023-01-10 05:13:38.893 [info] > git config --get-all user.name [5ms]
2023-01-10 05:13:45.938 [info] > git ls-files --stage -- /home/thomasxucpa/go/src/around/main.go [54ms]
2023-01-10 05:13:45.964 [info] > git ls-files --stage -- /home/thomasxucpa/go/src/around/handler/router.go [101ms]
2023-01-10 05:13:46.003 [info] > git cat-file -s a8140b98026ebae1c84e30a389ee12927c717fef [42ms]
2023-01-10 05:13:46.016 [info] > git cat-file -s 297b9b564ca5e0e40044c5d5c9e84654f2661c32 [17ms]
2023-01-10 05:13:46.017 [info] > git ls-files --stage -- /home/thomasxucpa/go/src/around/handler/post.go [107ms]
2023-01-10 05:13:46.046 [info] > git cat-file -s c3a1b08780804681d8d323ce18720a5044273a75 [11ms]
2023-01-10 05:13:46.129 [info] > git show --textconv :go/src/around/main.go [45ms]
2023-01-10 05:13:46.190 [info] > git show --textconv :go/src/around/handler/router.go [64ms]
2023-01-10 05:13:46.237 [info] > git show --textconv :go/src/around/handler/post.go [51ms]
2023-01-10 05:14:01.415 [info] > git add -A -- . [175ms]
2023-01-10 05:14:01.520 [info] > git -c user.useConfigOnly=true commit --quiet --allow-empty-message --file - [94ms]
2023-01-10 05:14:01.520 [info] 
*** Please tell me who you are.

Run

  git config --global user.email "you@example.com"
  git config --global user.name "Your Name"

to set your account's default identity.
Omit --global to set the identity only in this repository.

fatal: no email was given and auto-detection is disabled
2023-01-10 05:14:01.547 [info] > git config --get-all user.name [19ms]
2023-01-10 05:14:03.975 [info] > git add -A -- . [152ms]
2023-01-10 05:14:04.058 [info] > git -c user.useConfigOnly=true commit --quiet --allow-empty-message --file - [69ms]
2023-01-10 05:14:04.058 [info] 
*** Please tell me who you are.

Run

  git config --global user.email "you@example.com"
  git config --global user.name "Your Name"

to set your account's default identity.
Omit --global to set the identity only in this repository.

fatal: no email was given and auto-detection is disabled
2023-01-10 05:14:04.069 [info] > git config --get-all user.name [1ms]
2023-01-10 05:14:04.175 [info] > git ls-files --stage -- /home/thomasxucpa/go/src/around/main.go [14ms]
2023-01-10 05:14:04.182 [info] > git ls-files --stage -- /home/thomasxucpa/go/src/around/handler/router.go [29ms]
2023-01-10 05:14:04.190 [info] > git cat-file -s 297b9b564ca5e0e40044c5d5c9e84654f2661c32 [1ms]
2023-01-10 05:14:04.190 [info] > git cat-file -s a8140b98026ebae1c84e30a389ee12927c717fef [9ms]
2023-01-10 05:14:04.191 [info] > git ls-files --stage -- /home/thomasxucpa/go/src/around/handler/post.go [20ms]
2023-01-10 05:14:04.200 [info] > git cat-file -s c3a1b08780804681d8d323ce18720a5044273a75 [3ms]
2023-01-10 05:14:04.680 [info] > git show --textconv :go/src/around/handler/router.go [11ms]
2023-01-10 05:14:04.698 [info] > git show --textconv :go/src/around/main.go [18ms]
2023-01-10 05:14:04.698 [info] > git show --textconv :go/src/around/handler/post.go [2ms]
2023-01-10 05:14:09.161 [info] > git ls-files --stage -- /home/thomasxucpa/go/src/around/handler/router.go [17ms]
2023-01-10 05:14:09.171 [info] > git cat-file -s 297b9b564ca5e0e40044c5d5c9e84654f2661c32 [1ms]
2023-01-10 05:14:09.172 [info] > git ls-files --stage -- /home/thomasxucpa/go/src/around/main.go [19ms]
2023-01-10 05:14:09.180 [info] > git cat-file -s a8140b98026ebae1c84e30a389ee12927c717fef [1ms]
2023-01-10 05:14:09.180 [info] > git ls-files --stage -- /home/thomasxucpa/go/src/around/handler/post.go [21ms]
2023-01-10 05:14:09.187 [info] > git cat-file -s c3a1b08780804681d8d323ce18720a5044273a75 [1ms]
2023-01-10 05:14:12.402 [info] > git show --textconv :go/src/around/handler/router.go [17ms]
2023-01-10 05:14:12.407 [info] > git show --textconv :go/src/around/main.go [13ms]
2023-01-10 05:14:12.412 [info] > git show --textconv :go/src/around/handler/post.go [11ms]
2023-01-10 05:17:11.476 [info] > git add -A -- . [168ms]
2023-01-10 05:17:11.587 [info] > git -c user.useConfigOnly=true commit --quiet --allow-empty-message --file - [102ms]
2023-01-10 05:17:11.587 [info] Auto packing the repository in background for optimum performance.
See "git help gc" for manual housekeeping.
2023-01-10 05:17:11.601 [info] > git config --get commit.template [2ms]
2023-01-10 05:17:11.638 [warning] No remotes found in the git config file.
2023-01-10 05:17:11.640 [info] > git for-each-ref --format=%(refname)%00%(upstream:short)%00%(objectname)%00%(upstream:track)%00%(upstream:remotename)%00%(upstream:remoteref) refs/heads/master refs/remotes/master [11ms]
2023-01-10 05:17:11.640 [info] > git config --get commit.template [23ms]
2023-01-10 05:17:11.647 [info] > git remote --verbose [9ms]
2023-01-10 05:17:11.687 [info] > git for-each-ref --sort -committerdate --format %(refname) %(objectname) %(*objectname) [10ms]
2023-01-10 05:17:11.846 [info] > git status -z -uall [188ms]
2023-01-10 05:17:13.030 [warning] No remotes found in the git config file.
2023-01-10 05:17:13.034 [info] > git for-each-ref --format=%(refname)%00%(upstream:short)%00%(objectname)%00%(upstream:track)%00%(upstream:remotename)%00%(upstream:remoteref) refs/heads/master refs/remotes/master [17ms]
2023-01-10 05:17:13.035 [info] > git config --get commit.template [41ms]
2023-01-10 05:17:13.035 [info] > git remote --verbose [6ms]
2023-01-10 05:17:13.100 [info] > git for-each-ref --sort -committerdate --format %(refname) %(objectname) %(*objectname) [11ms]
2023-01-10 05:17:13.178 [info] > git ls-files --stage -- /home/thomasxucpa/go/src/around/main.go [28ms]
2023-01-10 05:17:13.194 [info] > git ls-files --stage -- /home/thomasxucpa/go/src/around/handler/router.go [57ms]
2023-01-10 05:17:13.205 [info] > git ls-files --stage -- /home/thomasxucpa/go/src/around/handler/post.go [31ms]
2023-01-10 05:17:13.215 [info] > git cat-file -s 297b9b564ca5e0e40044c5d5c9e84654f2661c32 [11ms]
2023-01-10 05:17:13.217 [info] > git cat-file -s a8140b98026ebae1c84e30a389ee12927c717fef [24ms]
2023-01-10 05:17:13.220 [info] > git cat-file -s c3a1b08780804681d8d323ce18720a5044273a75 [6ms]
2023-01-10 05:17:13.281 [info] > git status -z -uall [236ms]
2023-01-10 05:17:13.281 [info] > git show --textconv :go/src/around/handler/router.go [21ms]
2023-01-10 05:17:13.281 [info] > git show --textconv :go/src/around/main.go [1ms]
2023-01-10 05:17:13.306 [info] > git show --textconv :go/src/around/handler/post.go [12ms]
2023-01-10 05:17:13.969 [info] > git check-ignore -v -z --stdin [30ms]
2023-01-10 05:17:16.077 [warning] No remotes found in the git config file.
2023-01-10 05:17:16.078 [info] > git for-each-ref --format=%(refname)%00%(upstream:short)%00%(objectname)%00%(upstream:track)%00%(upstream:remotename)%00%(upstream:remoteref) refs/heads/master refs/remotes/master [20ms]
2023-01-10 05:17:16.078 [info] > git config --get commit.template [36ms]
2023-01-10 05:17:16.078 [info] > git remote --verbose [2ms]
2023-01-10 05:17:16.131 [info] > git for-each-ref --sort -committerdate --format %(refname) %(objectname) %(*objectname) [14ms]
2023-01-10 05:17:16.339 [info] > git status -z -uall [245ms]
2023-01-10 05:17:27.598 [warning] No remotes found in the git config file.
2023-01-10 05:17:27.599 [info] > git for-each-ref --format=%(refname)%00%(upstream:short)%00%(objectname)%00%(upstream:track)%00%(upstream:remotename)%00%(upstream:remoteref) refs/heads/master refs/remotes/master [11ms]
2023-01-10 05:17:27.599 [info] > git config --get commit.template [21ms]
2023-01-10 05:17:27.601 [info] > git remote --verbose [3ms]
2023-01-10 05:17:27.629 [info] > git for-each-ref --sort -committerdate --format %(refname) %(objectname) %(*objectname) [6ms]
2023-01-10 05:17:27.774 [info] > git status -z -uall [166ms]
2023-01-10 05:17:32.799 [warning] No remotes found in the git config file.
2023-01-10 05:17:32.808 [info] > git remote --verbose [10ms]
2023-01-10 05:17:32.809 [info] > git config --get commit.template [20ms]
2023-01-10 05:17:32.812 [info] > git for-each-ref --format=%(refname)%00%(upstream:short)%00%(objectname)%00%(upstream:track)%00%(upstream:remotename)%00%(upstream:remoteref) refs/heads/master refs/remotes/master [4ms]
2023-01-10 05:17:32.866 [info] > git for-each-ref --sort -committerdate --format %(refname) %(objectname) %(*objectname) [30ms]
2023-01-10 05:17:32.969 [info] > git status -z -uall [150ms]
2023-01-10 05:17:38.001 [warning] No remotes found in the git config file.
2023-01-10 05:17:38.001 [info] > git for-each-ref --format=%(refname)%00%(upstream:short)%00%(objectname)%00%(upstream:track)%00%(upstream:remotename)%00%(upstream:remoteref) refs/heads/master refs/remotes/master [9ms]
2023-01-10 05:17:38.002 [info] > git config --get commit.template [20ms]
2023-01-10 05:17:38.004 [info] > git remote --verbose [4ms]
2023-01-10 05:17:38.058 [info] > git for-each-ref --sort -committerdate --format %(refname) %(objectname) %(*objectname) [31ms]
2023-01-10 05:17:38.167 [info] > git status -z -uall [156ms]
2023-01-10 05:17:43.183 [info] > git config --get commit.template [1ms]
2023-01-10 05:17:43.197 [warning] No remotes found in the git config file.
2023-01-10 05:17:43.199 [info] > git remote --verbose [2ms]
2023-01-10 05:17:43.199 [info] > git for-each-ref --format=%(refname)%00%(upstream:short)%00%(objectname)%00%(upstream:track)%00%(upstream:remotename)%00%(upstream:remoteref) refs/heads/master refs/remotes/master [8ms]
2023-01-10 05:17:43.220 [info] > git for-each-ref --sort -committerdate --format %(refname) %(objectname) %(*objectname) [4ms]
2023-01-10 05:17:43.377 [info] > git status -z -uall [168ms]
2023-01-10 05:17:44.867 [info] > git ls-files --stage -- /home/thomasxucpa/go/src/around/main.go [13ms]
2023-01-10 05:17:44.875 [info] > git ls-files --stage -- /home/thomasxucpa/go/src/around/handler/router.go [30ms]
2023-01-10 05:17:44.882 [info] > git cat-file -s a8140b98026ebae1c84e30a389ee12927c717fef [7ms]
2023-01-10 05:17:44.883 [info] > git ls-files --stage -- /home/thomasxucpa/go/src/around/handler/post.go [18ms]
2023-01-10 05:17:44.890 [info] > git cat-file -s 297b9b564ca5e0e40044c5d5c9e84654f2661c32 [9ms]
2023-01-10 05:17:44.891 [info] > git cat-file -s c3a1b08780804681d8d323ce18720a5044273a75 [2ms]
2023-01-10 05:17:44.943 [info] > git show --textconv :go/src/around/main.go [22ms]
2023-01-10 05:17:44.943 [info] > git show --textconv :go/src/around/handler/router.go [10ms]
2023-01-10 05:17:44.947 [info] > git show --textconv :go/src/around/handler/post.go [6ms]
2023-01-10 05:17:48.394 [info] > git config --get commit.template [1ms]
2023-01-10 05:17:48.421 [warning] No remotes found in the git config file.
2023-01-10 05:17:48.424 [info] > git remote --verbose [2ms]
2023-01-10 05:17:48.424 [info] > git for-each-ref --format=%(refname)%00%(upstream:short)%00%(objectname)%00%(upstream:track)%00%(upstream:remotename)%00%(upstream:remoteref) refs/heads/master refs/remotes/master [10ms]
2023-01-10 05:17:48.477 [info] > git for-each-ref --sort -committerdate --format %(refname) %(objectname) %(*objectname) [30ms]
2023-01-10 05:17:48.560 [info] > git status -z -uall [128ms]
2023-01-10 05:17:53.574 [info] > git config --get commit.template [1ms]
2023-01-10 05:17:53.590 [warning] No remotes found in the git config file.
2023-01-10 05:17:53.591 [info] > git remote --verbose [1ms]
2023-01-10 05:17:53.591 [info] > git for-each-ref --format=%(refname)%00%(upstream:short)%00%(objectname)%00%(upstream:track)%00%(upstream:remotename)%00%(upstream:remoteref) refs/heads/master refs/remotes/master [8ms]
2023-01-10 05:17:53.611 [info] > git for-each-ref --sort -committerdate --format %(refname) %(objectname) %(*objectname) [2ms]
2023-01-10 05:17:53.719 [info] > git status -z -uall [118ms]
2023-01-10 05:17:58.736 [info] > git config --get commit.template [1ms]
2023-01-10 05:17:58.755 [warning] No remotes found in the git config file.
2023-01-10 05:17:58.756 [info] > git remote --verbose [1ms]
2023-01-10 05:17:58.756 [info] > git for-each-ref --format=%(refname)%00%(upstream:short)%00%(objectname)%00%(upstream:track)%00%(upstream:remotename)%00%(upstream:remoteref) refs/heads/master refs/remotes/master [9ms]
2023-01-10 05:17:58.811 [info] > git for-each-ref --sort -committerdate --format %(refname) %(objectname) %(*objectname) [6ms]
2023-01-10 05:17:58.890 [info] > git status -z -uall [121ms]
2023-01-10 05:18:03.904 [info] > git config --get commit.template [1ms]
2023-01-10 05:18:03.919 [warning] No remotes found in the git config file.
2023-01-10 05:18:03.921 [info] > git remote --verbose [2ms]
2023-01-10 05:18:03.922 [info] > git for-each-ref --format=%(refname)%00%(upstream:short)%00%(objectname)%00%(upstream:track)%00%(upstream:remotename)%00%(upstream:remoteref) refs/heads/master refs/remotes/master [10ms]
2023-01-10 05:18:03.947 [info] > git for-each-ref --sort -committerdate --format %(refname) %(objectname) %(*objectname) [8ms]
2023-01-10 05:18:04.048 [info] > git status -z -uall [116ms]
2023-01-10 05:18:09.062 [info] > git config --get commit.template [2ms]
2023-01-10 05:18:09.076 [warning] No remotes found in the git config file.
2023-01-10 05:18:09.077 [info] > git remote --verbose [1ms]
2023-01-10 05:18:09.077 [info] > git for-each-ref --format=%(refname)%00%(upstream:short)%00%(objectname)%00%(upstream:track)%00%(upstream:remotename)%00%(upstream:remoteref) refs/heads/master refs/remotes/master [8ms]
2023-01-10 05:18:09.094 [info] > git for-each-ref --sort -committerdate --format %(refname) %(objectname) %(*objectname) [1ms]
2023-01-10 05:18:09.201 [info] > git status -z -uall [116ms]
2023-01-10 05:19:32.429 [info] > git config --get commit.template [0ms]
2023-01-10 05:19:32.444 [warning] No remotes found in the git config file.
2023-01-10 05:19:32.445 [info] > git remote --verbose [0ms]
2023-01-10 05:19:32.445 [info] > git for-each-ref --format=%(refname)%00%(upstream:short)%00%(objectname)%00%(upstream:track)%00%(upstream:remotename)%00%(upstream:remoteref) refs/heads/master refs/remotes/master [8ms]
2023-01-10 05:19:32.490 [info] > git for-each-ref --sort -committerdate --format %(refname) %(objectname) %(*objectname) [12ms]
2023-01-10 05:19:32.573 [info] > git status -z -uall [115ms]
2023-01-10 05:19:37.588 [info] > git config --get commit.template [1ms]
2023-01-10 05:19:37.604 [warning] No remotes found in the git config file.
2023-01-10 05:19:37.605 [info] > git remote --verbose [0ms]
2023-01-10 05:19:37.605 [info] > git for-each-ref --format=%(refname)%00%(upstream:short)%00%(objectname)%00%(upstream:track)%00%(upstream:remotename)%00%(upstream:remoteref) refs/heads/master refs/remotes/master [8ms]
2023-01-10 05:19:37.652 [info] > git for-each-ref --sort -committerdate --format %(refname) %(objectname) %(*objectname) [32ms]
2023-01-10 05:19:37.732 [info] > git status -z -uall [118ms]
2023-01-10 05:19:42.761 [warning] No remotes found in the git config file.
2023-01-10 05:19:42.762 [info] > git config --get commit.template [17ms]
2023-01-10 05:19:42.762 [info] > git remote --verbose [1ms]
2023-01-10 05:19:42.763 [info] > git for-each-ref --format=%(refname)%00%(upstream:short)%00%(objectname)%00%(upstream:track)%00%(upstream:remotename)%00%(upstream:remoteref) refs/heads/master refs/remotes/master [10ms]
2023-01-10 05:19:42.784 [info] > git for-each-ref --sort -committerdate --format %(refname) %(objectname) %(*objectname) [4ms]
2023-01-10 05:19:42.893 [info] > git status -z -uall [120ms]
2023-01-10 05:19:47.907 [info] > git config --get commit.template [2ms]
2023-01-10 05:19:47.924 [warning] No remotes found in the git config file.
2023-01-10 05:19:47.924 [info] > git remote --verbose [1ms]
2023-01-10 05:19:47.925 [info] > git for-each-ref --format=%(refname)%00%(upstream:short)%00%(objectname)%00%(upstream:track)%00%(upstream:remotename)%00%(upstream:remoteref) refs/heads/master refs/remotes/master [9ms]
2023-01-10 05:19:47.969 [info] > git for-each-ref --sort -committerdate --format %(refname) %(objectname) %(*objectname) [29ms]
2023-01-10 05:19:48.049 [info] > git status -z -uall [116ms]
2023-01-10 05:19:53.062 [info] > git config --get commit.template [1ms]
2023-01-10 05:19:53.078 [warning] No remotes found in the git config file.
2023-01-10 05:19:53.079 [info] > git remote --verbose [1ms]
2023-01-10 05:19:53.079 [info] > git for-each-ref --format=%(refname)%00%(upstream:short)%00%(objectname)%00%(upstream:track)%00%(upstream:remotename)%00%(upstream:remoteref) refs/heads/master refs/remotes/master [8ms]
2023-01-10 05:19:53.099 [info] > git for-each-ref --sort -committerdate --format %(refname) %(objectname) %(*objectname) [2ms]
2023-01-10 05:19:53.206 [info] > git status -z -uall [117ms]
2023-01-10 05:19:58.220 [info] > git config --get commit.template [1ms]
2023-01-10 05:19:58.237 [warning] No remotes found in the git config file.
2023-01-10 05:19:58.240 [info] > git remote --verbose [2ms]
2023-01-10 05:19:58.240 [info] > git for-each-ref --format=%(refname)%00%(upstream:short)%00%(objectname)%00%(upstream:track)%00%(upstream:remotename)%00%(upstream:remoteref) refs/heads/master refs/remotes/master [11ms]
2023-01-10 05:19:58.296 [info] > git for-each-ref --sort -committerdate --format %(refname) %(objectname) %(*objectname) [42ms]
2023-01-10 05:19:58.300 [info] > git remote add PostNet https://github.com/thomasxuprojectgit/PostNet.git [5ms]
2023-01-10 05:19:58.312 [info] > git status -z -uall [65ms] (cancelled)
2023-01-10 05:19:58.313 [info] > git config --get commit.template [2ms]
2023-01-10 05:19:58.322 [info] > git for-each-ref --format=%(refname)%00%(upstream:short)%00%(objectname)%00%(upstream:track)%00%(upstream:remotename)%00%(upstream:remoteref) refs/heads/master refs/remotes/master [1ms]
2023-01-10 05:19:58.345 [info] > git for-each-ref --sort -committerdate --format %(refname) %(objectname) %(*objectname) [8ms]
2023-01-10 05:19:58.448 [info] > git status -z -uall [119ms]
2023-01-10 05:19:58.890 [info] > git fetch PostNet [428ms]
2023-01-10 05:19:58.890 [info] warning: no common commits
From https://github.com/thomasxuprojectgit/PostNet
 * [new branch]      main       -> PostNet/main
2023-01-10 05:19:58.901 [info] > git config --get commit.template [1ms]
2023-01-10 05:19:58.911 [info] > git for-each-ref --format=%(refname)%00%(upstream:short)%00%(objectname)%00%(upstream:track)%00%(upstream:remotename)%00%(upstream:remoteref) refs/heads/master refs/remotes/master [1ms]
2023-01-10 05:19:58.932 [info] > git for-each-ref --sort -committerdate --format %(refname) %(objectname) %(*objectname) [1ms]
2023-01-10 05:19:59.042 [info] > git status -z -uall [121ms]
2023-01-10 05:20:00.166 [info] > git ls-files --stage -- /home/thomasxucpa/go/src/around/handler/router.go [17ms]
2023-01-10 05:20:00.175 [info] > git ls-files --stage -- /home/thomasxucpa/go/src/around/main.go [18ms]
2023-01-10 05:20:00.185 [info] > git cat-file -s a8140b98026ebae1c84e30a389ee12927c717fef [1ms]
2023-01-10 05:20:00.186 [info] > git cat-file -s 297b9b564ca5e0e40044c5d5c9e84654f2661c32 [13ms]
2023-01-10 05:20:00.186 [info] > git ls-files --stage -- /home/thomasxucpa/go/src/around/handler/post.go [21ms]
2023-01-10 05:20:00.194 [info] > git cat-file -s c3a1b08780804681d8d323ce18720a5044273a75 [1ms]
2023-01-10 05:20:00.259 [info] > git show --textconv :go/src/around/main.go [18ms]
2023-01-10 05:20:00.262 [info] > git show --textconv :go/src/around/handler/router.go [12ms]
2023-01-10 05:20:00.268 [info] > git show --textconv :go/src/around/handler/post.go [10ms]
2023-01-10 05:20:12.234 [info] > git config --get commit.template [1ms]
2023-01-10 05:20:12.243 [info] > git for-each-ref --format=%(refname)%00%(upstream:short)%00%(objectname)%00%(upstream:track)%00%(upstream:remotename)%00%(upstream:remoteref) refs/heads/master refs/remotes/master [2ms]
2023-01-10 05:20:12.262 [info] > git for-each-ref --sort -committerdate --format %(refname) %(objectname) %(*objectname) [4ms]
2023-01-10 05:20:12.370 [info] > git status -z -uall [120ms]
2023-01-10 05:20:17.383 [info] > git config --get commit.template [1ms]
2023-01-10 05:20:17.394 [info] > git for-each-ref --format=%(refname)%00%(upstream:short)%00%(objectname)%00%(upstream:track)%00%(upstream:remotename)%00%(upstream:remoteref) refs/heads/master refs/remotes/master [1ms]
2023-01-10 05:20:17.412 [info] > git for-each-ref --sort -committerdate --format %(refname) %(objectname) %(*objectname) [4ms]
2023-01-10 05:20:17.518 [info] > git status -z -uall [117ms]
2023-01-10 05:20:22.534 [info] > git config --get commit.template [2ms]
2023-01-10 05:20:22.546 [info] > git for-each-ref --format=%(refname)%00%(upstream:short)%00%(objectname)%00%(upstream:track)%00%(upstream:remotename)%00%(upstream:remoteref) refs/heads/master refs/remotes/master [2ms]
2023-01-10 05:20:22.600 [info] > git for-each-ref --sort -committerdate --format %(refname) %(objectname) %(*objectname) [8ms]
2023-01-10 05:20:22.674 [info] > git status -z -uall [117ms]
2023-01-10 05:20:27.689 [info] > git config --get commit.template [1ms]
2023-01-10 05:20:27.700 [info] > git for-each-ref --format=%(refname)%00%(upstream:short)%00%(objectname)%00%(upstream:track)%00%(upstream:remotename)%00%(upstream:remoteref) refs/heads/master refs/remotes/master [1ms]
2023-01-10 05:20:27.729 [info] > git for-each-ref --sort -committerdate --format %(refname) %(objectname) %(*objectname) [5ms]
2023-01-10 05:20:27.837 [info] > git status -z -uall [128ms]
2023-01-10 05:20:32.852 [info] > git config --get commit.template [1ms]
2023-01-10 05:20:32.862 [info] > git for-each-ref --format=%(refname)%00%(upstream:short)%00%(objectname)%00%(upstream:track)%00%(upstream:remotename)%00%(upstream:remoteref) refs/heads/master refs/remotes/master [0ms]
2023-01-10 05:20:32.881 [info] > git for-each-ref --sort -committerdate --format %(refname) %(objectname) %(*objectname) [4ms]
2023-01-10 05:20:32.995 [info] > git status -z -uall [126ms]
2023-01-10 05:20:38.013 [info] > git config --get commit.template [1ms]
2023-01-10 05:20:38.022 [info] > git for-each-ref --format=%(refname)%00%(upstream:short)%00%(objectname)%00%(upstream:track)%00%(upstream:remotename)%00%(upstream:remoteref) refs/heads/master refs/remotes/master [1ms]
2023-01-10 05:20:38.044 [info] > git for-each-ref --sort -committerdate --format %(refname) %(objectname) %(*objectname) [2ms]
2023-01-10 05:20:38.150 [info] > git status -z -uall [117ms]
2023-01-10 05:20:43.165 [info] > git config --get commit.template [1ms]
2023-01-10 05:20:43.174 [info] > git for-each-ref --format=%(refname)%00%(upstream:short)%00%(objectname)%00%(upstream:track)%00%(upstream:remotename)%00%(upstream:remoteref) refs/heads/master refs/remotes/master [1ms]
2023-01-10 05:20:43.218 [info] > git for-each-ref --sort -committerdate --format %(refname) %(objectname) %(*objectname) [25ms]
2023-01-10 05:20:43.314 [info] > git status -z -uall [129ms]
2023-01-10 05:20:45.412 [info] > git push [2ms]
2023-01-10 05:20:45.412 [info] fatal: No configured push destination.
Either specify the URL from the command-line or configure a remote repository using

    git remote add <name> <url>

and then push using the remote name

    git push <name>
2023-01-10 05:21:35.674 [info] > git config --get commit.template [1ms]
2023-01-10 05:21:35.684 [info] > git for-each-ref --format=%(refname)%00%(upstream:short)%00%(objectname)%00%(upstream:track)%00%(upstream:remotename)%00%(upstream:remoteref) refs/heads/master refs/remotes/master [1ms]
2023-01-10 05:21:35.735 [info] > git for-each-ref --sort -committerdate --format %(refname) %(objectname) %(*objectname) [5ms]
2023-01-10 05:21:35.813 [info] > git status -z -uall [116ms]
2023-01-10 05:21:40.827 [info] > git config --get commit.template [2ms]
2023-01-10 05:21:40.836 [info] > git for-each-ref --format=%(refname)%00%(upstream:short)%00%(objectname)%00%(upstream:track)%00%(upstream:remotename)%00%(upstream:remoteref) refs/heads/master refs/remotes/master [1ms]
2023-01-10 05:21:40.891 [info] > git for-each-ref --sort -committerdate --format %(refname) %(objectname) %(*objectname) [6ms]
2023-01-10 05:21:40.961 [info] > git status -z -uall [116ms]
2023-01-10 05:21:45.974 [info] > git config --get commit.template [1ms]
2023-01-10 05:21:45.984 [info] > git for-each-ref --format=%(refname)%00%(upstream:short)%00%(objectname)%00%(upstream:track)%00%(upstream:remotename)%00%(upstream:remoteref) refs/heads/master refs/remotes/master [3ms]
2023-01-10 05:21:46.037 [info] > git for-each-ref --sort -committerdate --format %(refname) %(objectname) %(*objectname) [4ms]
2023-01-10 05:21:46.108 [info] > git status -z -uall [111ms]
2023-01-10 05:21:51.121 [info] > git config --get commit.template [1ms]
2023-01-10 05:21:51.131 [info] > git for-each-ref --format=%(refname)%00%(upstream:short)%00%(objectname)%00%(upstream:track)%00%(upstream:remotename)%00%(upstream:remoteref) refs/heads/master refs/remotes/master [1ms]
2023-01-10 05:21:51.152 [info] > git for-each-ref --sort -committerdate --format %(refname) %(objectname) %(*objectname) [4ms]
2023-01-10 05:21:51.258 [info] > git status -z -uall [117ms]
2023-01-10 05:21:57.338 [info] > git push PostNet master [1087ms]
2023-01-10 05:21:57.338 [info] remote: Permission to thomasxuprojectgit/PostNet.git denied to xunanliuliu429.
fatal: unable to access 'https://github.com/thomasxuprojectgit/PostNet.git/': The requested URL returned error: 403
2023-01-10 05:22:29.125 [info] > git config --get commit.template [1ms]
2023-01-10 05:22:29.134 [info] > git for-each-ref --format=%(refname)%00%(upstream:short)%00%(objectname)%00%(upstream:track)%00%(upstream:remotename)%00%(upstream:remoteref) refs/heads/master refs/remotes/master [1ms]
2023-01-10 05:22:29.153 [info] > git for-each-ref --sort -committerdate --format %(refname) %(objectname) %(*objectname) [3ms]
2023-01-10 05:22:29.262 [info] > git status -z -uall [121ms]
2023-01-10 05:22:29.276 [info] > git config --get commit.template [0ms]
2023-01-10 05:22:29.284 [info] > git for-each-ref --format=%(refname)%00%(upstream:short)%00%(objectname)%00%(upstream:track)%00%(upstream:remotename)%00%(upstream:remoteref) refs/heads/master refs/remotes/master [0ms]
2023-01-10 05:22:29.316 [info] > git for-each-ref --sort -committerdate --format %(refname) %(objectname) %(*objectname) [15ms]
2023-01-10 05:22:29.412 [info] > git status -z -uall [119ms]
2023-01-10 05:22:34.426 [info] > git config --get commit.template [1ms]
2023-01-10 05:22:34.435 [info] > git for-each-ref --format=%(refname)%00%(upstream:short)%00%(objectname)%00%(upstream:track)%00%(upstream:remotename)%00%(upstream:remoteref) refs/heads/master refs/remotes/master [2ms]
2023-01-10 05:22:34.457 [info] > git for-each-ref --sort -committerdate --format %(refname) %(objectname) %(*objectname) [6ms]
2023-01-10 05:22:34.561 [info] > git status -z -uall [116ms]
2023-01-10 05:22:39.574 [info] > git config --get commit.template [1ms]
2023-01-10 05:22:39.583 [info] > git for-each-ref --format=%(refname)%00%(upstream:short)%00%(objectname)%00%(upstream:track)%00%(upstream:remotename)%00%(upstream:remoteref) refs/heads/master refs/remotes/master [1ms]
2023-01-10 05:22:39.599 [info] > git for-each-ref --sort -committerdate --format %(refname) %(objectname) %(*objectname) [3ms]
2023-01-10 05:22:39.707 [info] > git status -z -uall [118ms]
2023-01-10 05:22:44.723 [info] > git config --get commit.template [2ms]
2023-01-10 05:22:44.734 [info] > git for-each-ref --format=%(refname)%00%(upstream:short)%00%(objectname)%00%(upstream:track)%00%(upstream:remotename)%00%(upstream:remoteref) refs/heads/master refs/remotes/master [1ms]
2023-01-10 05:22:44.755 [info] > git for-each-ref --sort -committerdate --format %(refname) %(objectname) %(*objectname) [4ms]
2023-01-10 05:22:44.863 [info] > git status -z -uall [119ms]
2023-01-10 05:22:49.880 [info] > git config --get commit.template [1ms]
2023-01-10 05:22:49.891 [info] > git for-each-ref --format=%(refname)%00%(upstream:short)%00%(objectname)%00%(upstream:track)%00%(upstream:remotename)%00%(upstream:remoteref) refs/heads/master refs/remotes/master [1ms]
2023-01-10 05:22:49.912 [info] > git for-each-ref --sort -committerdate --format %(refname) %(objectname) %(*objectname) [4ms]
2023-01-10 05:22:50.017 [info] > git status -z -uall [116ms]
2023-01-10 05:22:55.032 [info] > git config --get commit.template [0ms]
2023-01-10 05:22:55.041 [info] > git for-each-ref --format=%(refname)%00%(upstream:short)%00%(objectname)%00%(upstream:track)%00%(upstream:remotename)%00%(upstream:remoteref) refs/heads/master refs/remotes/master [0ms]
2023-01-10 05:22:55.062 [info] > git for-each-ref --sort -committerdate --format %(refname) %(objectname) %(*objectname) [2ms]
2023-01-10 05:22:55.170 [info] > git status -z -uall [117ms]
2023-01-10 05:23:00.183 [info] > git config --get commit.template [1ms]
2023-01-10 05:23:00.192 [info] > git for-each-ref --format=%(refname)%00%(upstream:short)%00%(objectname)%00%(upstream:track)%00%(upstream:remotename)%00%(upstream:remoteref) refs/heads/master refs/remotes/master [2ms]
2023-01-10 05:23:00.243 [info] > git for-each-ref --sort -committerdate --format %(refname) %(objectname) %(*objectname) [16ms]
2023-01-10 05:23:00.318 [info] > git status -z -uall [112ms]
2023-01-10 05:23:05.331 [info] > git config --get commit.template [1ms]
2023-01-10 05:23:05.341 [info] > git for-each-ref --format=%(refname)%00%(upstream:short)%00%(objectname)%00%(upstream:track)%00%(upstream:remotename)%00%(upstream:remoteref) refs/heads/master refs/remotes/master [0ms]
2023-01-10 05:23:05.384 [info] > git for-each-ref --sort -committerdate --format %(refname) %(objectname) %(*objectname) [24ms]
2023-01-10 05:23:05.470 [info] > git status -z -uall [117ms]
2023-01-10 05:23:20.156 [info] > git config --get commit.template [1ms]
2023-01-10 05:23:20.165 [info] > git for-each-ref --format=%(refname)%00%(upstream:short)%00%(objectname)%00%(upstream:track)%00%(upstream:remotename)%00%(upstream:remoteref) refs/heads/master refs/remotes/master [1ms]
2023-01-10 05:23:20.215 [info] > git for-each-ref --sort -committerdate --format %(refname) %(objectname) %(*objectname) [19ms]
2023-01-10 05:23:20.291 [info] > git status -z -uall [114ms]
2023-01-10 05:23:25.307 [info] > git config --get commit.template [3ms]
2023-01-10 05:23:25.317 [info] > git for-each-ref --format=%(refname)%00%(upstream:short)%00%(objectname)%00%(upstream:track)%00%(upstream:remotename)%00%(upstream:remoteref) refs/heads/master refs/remotes/master [0ms]
2023-01-10 05:23:25.366 [info] > git for-each-ref --sort -committerdate --format %(refname) %(objectname) %(*objectname) [29ms]
2023-01-10 05:23:25.448 [info] > git status -z -uall [119ms]
2023-01-10 05:23:30.461 [info] > git config --get commit.template [1ms]
2023-01-10 05:23:30.470 [info] > git for-each-ref --format=%(refname)%00%(upstream:short)%00%(objectname)%00%(upstream:track)%00%(upstream:remotename)%00%(upstream:remoteref) refs/heads/master refs/remotes/master [0ms]
2023-01-10 05:23:30.489 [info] > git for-each-ref --sort -committerdate --format %(refname) %(objectname) %(*objectname) [3ms]
2023-01-10 05:23:30.598 [info] > git status -z -uall [121ms]
2023-01-10 05:23:35.612 [info] > git config --get commit.template [1ms]
2023-01-10 05:23:35.621 [info] > git for-each-ref --format=%(refname)%00%(upstream:short)%00%(objectname)%00%(upstream:track)%00%(upstream:remotename)%00%(upstream:remoteref) refs/heads/master refs/remotes/master [1ms]
2023-01-10 05:23:35.675 [info] > git for-each-ref --sort -committerdate --format %(refname) %(objectname) %(*objectname) [7ms]
2023-01-10 05:23:35.748 [info] > git status -z -uall [115ms]
2023-01-10 05:23:40.763 [info] > git config --get commit.template [2ms]
2023-01-10 05:23:40.773 [info] > git for-each-ref --format=%(refname)%00%(upstream:short)%00%(objectname)%00%(upstream:track)%00%(upstream:remotename)%00%(upstream:remoteref) refs/heads/master refs/remotes/master [1ms]
2023-01-10 05:23:40.792 [info] > git for-each-ref --sort -committerdate --format %(refname) %(objectname) %(*objectname) [1ms]
2023-01-10 05:23:40.898 [info] > git status -z -uall [117ms]
2023-01-10 05:23:41.382 [info] > git remote add https-//github.com/thomasxuprojectgit/PostNet.git https://github.com/thomasxuprojectgit/PostNet.git [2ms]
2023-01-10 05:23:41.383 [info] fatal: 'https-//github.com/thomasxuprojectgit/PostNet.git' is not a valid remote name
2023-01-10 05:23:58.458 [info] > git config --get commit.template [1ms]
2023-01-10 05:23:58.468 [info] > git for-each-ref --format=%(refname)%00%(upstream:short)%00%(objectname)%00%(upstream:track)%00%(upstream:remotename)%00%(upstream:remoteref) refs/heads/master refs/remotes/master [1ms]
2023-01-10 05:23:58.488 [info] > git for-each-ref --sort -committerdate --format %(refname) %(objectname) %(*objectname) [3ms]
2023-01-10 05:23:58.605 [info] > git status -z -uall [128ms]
2023-01-10 05:24:03.620 [info] > git config --get commit.template [1ms]
2023-01-10 05:24:03.629 [info] > git for-each-ref --format=%(refname)%00%(upstream:short)%00%(objectname)%00%(upstream:track)%00%(upstream:remotename)%00%(upstream:remoteref) refs/heads/master refs/remotes/master [1ms]
2023-01-10 05:24:03.648 [info] > git for-each-ref --sort -committerdate --format %(refname) %(objectname) %(*objectname) [1ms]
2023-01-10 05:24:03.756 [info] > git status -z -uall [119ms]
2023-01-10 05:24:08.772 [info] > git config --get commit.template [1ms]
2023-01-10 05:24:08.785 [info] > git for-each-ref --format=%(refname)%00%(upstream:short)%00%(objectname)%00%(upstream:track)%00%(upstream:remotename)%00%(upstream:remoteref) refs/heads/master refs/remotes/master [4ms]
2023-01-10 05:24:08.806 [info] > git for-each-ref --sort -committerdate --format %(refname) %(objectname) %(*objectname) [5ms]
2023-01-10 05:24:08.919 [info] > git status -z -uall [125ms]
2023-01-10 05:24:13.933 [info] > git config --get commit.template [1ms]
2023-01-10 05:24:13.942 [info] > git for-each-ref --format=%(refname)%00%(upstream:short)%00%(objectname)%00%(upstream:track)%00%(upstream:remotename)%00%(upstream:remoteref) refs/heads/master refs/remotes/master [1ms]
2023-01-10 05:24:13.960 [info] > git for-each-ref --sort -committerdate --format %(refname) %(objectname) %(*objectname) [3ms]
2023-01-10 05:24:14.067 [info] > git status -z -uall [118ms]
2023-01-10 05:24:19.081 [info] > git config --get commit.template [1ms]
2023-01-10 05:24:19.090 [info] > git for-each-ref --format=%(refname)%00%(upstream:short)%00%(objectname)%00%(upstream:track)%00%(upstream:remotename)%00%(upstream:remoteref) refs/heads/master refs/remotes/master [1ms]
2023-01-10 05:24:19.119 [info] > git for-each-ref --sort -committerdate --format %(refname) %(objectname) %(*objectname) [12ms]
2023-01-10 05:24:19.216 [info] > git status -z -uall [115ms]
2023-01-10 05:24:24.229 [info] > git config --get commit.template [1ms]
2023-01-10 05:24:24.238 [info] > git for-each-ref --format=%(refname)%00%(upstream:short)%00%(objectname)%00%(upstream:track)%00%(upstream:remotename)%00%(upstream:remoteref) refs/heads/master refs/remotes/master [1ms]
2023-01-10 05:24:24.260 [info] > git for-each-ref --sort -committerdate --format %(refname) %(objectname) %(*objectname) [4ms]
2023-01-10 05:24:24.367 [info] > git status -z -uall [118ms]
2023-01-10 05:24:29.380 [info] > git config --get commit.template [1ms]
2023-01-10 05:24:29.389 [info] > git for-each-ref --format=%(refname)%00%(upstream:short)%00%(objectname)%00%(upstream:track)%00%(upstream:remotename)%00%(upstream:remoteref) refs/heads/master refs/remotes/master [1ms]
2023-01-10 05:24:29.412 [info] > git for-each-ref --sort -committerdate --format %(refname) %(objectname) %(*objectname) [6ms]
2023-01-10 05:24:29.515 [info] > git status -z -uall [118ms]
2023-01-10 05:25:10.983 [info] > git config --get commit.template [1ms]
2023-01-10 05:25:10.993 [info] > git for-each-ref --format=%(refname)%00%(upstream:short)%00%(objectname)%00%(upstream:track)%00%(upstream:remotename)%00%(upstream:remoteref) refs/heads/master refs/remotes/master [1ms]
2023-01-10 05:25:11.035 [info] > git for-each-ref --sort -committerdate --format %(refname) %(objectname) %(*objectname) [7ms]
2023-01-10 05:25:11.119 [info] > git status -z -uall [118ms]
2023-01-10 05:25:11.769 [info] > git check-ignore -v -z --stdin [2ms]
2023-01-10 05:25:16.134 [info] > git config --get commit.template [1ms]
2023-01-10 05:25:16.143 [info] > git for-each-ref --format=%(refname)%00%(upstream:short)%00%(objectname)%00%(upstream:track)%00%(upstream:remotename)%00%(upstream:remoteref) refs/heads/master refs/remotes/master [2ms]
2023-01-10 05:25:16.193 [info] > git for-each-ref --sort -committerdate --format %(refname) %(objectname) %(*objectname) [33ms]
2023-01-10 05:25:16.270 [info] > git status -z -uall [117ms]
2023-01-10 05:25:22.342 [info] > git config --get commit.template [0ms]
2023-01-10 05:25:22.351 [info] > git for-each-ref --format=%(refname)%00%(upstream:short)%00%(objectname)%00%(upstream:track)%00%(upstream:remotename)%00%(upstream:remoteref) refs/heads/master refs/remotes/master [2ms]
2023-01-10 05:25:22.421 [info] > git for-each-ref --sort -committerdate --format %(refname) %(objectname) %(*objectname) [53ms]
2023-01-10 05:25:22.509 [info] > git status -z -uall [148ms]
