*
* Visual Studio Code Server
*
* By using the software, you agree to
* the Visual Studio Code Server License Terms (https://aka.ms/vscode-server-license) and
* the Microsoft Privacy Statement (https://privacy.microsoft.com/en-US/privacystatement).
*
Server bound to 127.0.0.1:34817 (IPv4)
Extension host agent listening on 34817

[23:23:02] Extension host agent started.
[23:23:02] [127.0.0.1][04e5562d][ManagementConnection] New connection established.
[23:23:02] [127.0.0.1][10da47aa][ExtensionHostConnection] New connection established.
[23:23:02] [127.0.0.1][10da47aa][ExtensionHostConnection] <2394> Launched Extension Host Process.
[IPC Library: Pty Host]  WARN Shell integration cannot be enabled for executable "/bin/sh" and args [
  '-c',
  'wget --version > /dev/null\n' +
    'if [ $? -eq 0 ]\n' +
    'then\n' +
    "\twget --connect-timeout=7 --tries=1 --dns-timeout=7 -q --header='Metadata:true' -O - http://169.254.169.254/metadata/instance?api-version=2019-03-11\n" +
    'else\n' +
    '\tcurl --version > /dev/null\n' +
    '\tif [ $? -eq 0 ]\n' +
    '\tthen\n' +
    "\t\tcurl --connect-timeout 7 -s --header='Metadata:true' http://169.254.169.254/metadata/instance?api-version=2019-03-11\n" +
    '\tfi\n' +
    'fi\n' +
    'exit 0'
]
[IPC Library: Pty Host]  WARN Shell integration cannot be enabled for executable "/bin/sh" and args [
  '-c',
  'wget --version > /dev/null\n' +
    'if [ $? -eq 0 ]\n' +
    'then\n' +
    '\twget --connect-timeout=7 --tries=1 --dns-timeout=7 -q  -O - http://169.254.169.254/latest/meta-data/instance-id\n' +
    'else\n' +
    '\tcurl --version > /dev/null\n' +
    '\tif [ $? -eq 0 ]\n' +
    '\tthen\n' +
    '\t\tcurl --connect-timeout 7 -s  http://169.254.169.254/latest/meta-data/instance-id\n' +
    '\tfi\n' +
    'fi\n' +
    'exit 0'
]
[IPC Library: Pty Host]  WARN Shell integration cannot be enabled for executable "/bin/sh" and args [
  '-c',
  'wget --version > /dev/null\n' +
    'if [ $? -eq 0 ]\n' +
    'then\n' +
    '\twget --connect-timeout=7 --tries=1 --dns-timeout=7 -q  -O - http://169.254.169.254/metadata/v1/id\n' +
    'else\n' +
    '\tcurl --version > /dev/null\n' +
    '\tif [ $? -eq 0 ]\n' +
    '\tthen\n' +
    '\t\tcurl --connect-timeout 7 -s  http://169.254.169.254/metadata/v1/id\n' +
    '\tfi\n' +
    'fi\n' +
    'exit 0'
]
[IPC Library: Pty Host]  WARN Shell integration cannot be enabled for executable "/bin/sh" and args [
  '-c',
  'wget --version > /dev/null\n' +
    'if [ $? -eq 0 ]\n' +
    'then\n' +
    "\twget --connect-timeout=7 --tries=1 --dns-timeout=7 -q --header='Metadata-Flavor:Google' -O - http://metadata.google.internal/computeMetadata/v1/instance/id\n" +
    'else\n' +
    '\tcurl --version > /dev/null\n' +
    '\tif [ $? -eq 0 ]\n' +
    '\tthen\n' +
    "\t\tcurl --connect-timeout 7 -s --header='Metadata-Flavor:Google' http://metadata.google.internal/computeMetadata/v1/instance/id\n" +
    '\tfi\n' +
    'fi\n' +
    'exit 0'
]
[23:23:21] [127.0.0.1][04e5562d][ManagementConnection] The client has disconnected gracefully, so the connection will be disposed.
[23:23:21] [127.0.0.1][10da47aa][ExtensionHostConnection] <2394> Extension Host Process exited with code: 0, signal: null.
Last EH closed, waiting before shutting down
[23:23:21] Last EH closed, waiting before shutting down
Got delay-shutdown request while in shutdown timeout, delaying
[23:23:23] Got delay-shutdown request while in shutdown timeout, delaying
Cancelling previous shutdown timeout
[23:23:23] Cancelling previous shutdown timeout
[23:23:23] [127.0.0.1][8a45acd6][ManagementConnection] New connection established.
[23:23:24] [127.0.0.1][39c9eaec][ExtensionHostConnection] New connection established.
[23:23:24] [127.0.0.1][39c9eaec][ExtensionHostConnection] <2549> Launched Extension Host Process.
[IPC Library: Pty Host]  WARN Shell integration cannot be enabled for executable "/bin/sh" and args [
  '-c',
  'wget --version > /dev/null\n' +
    'if [ $? -eq 0 ]\n' +
    'then\n' +
    "\twget --connect-timeout=7 --tries=1 --dns-timeout=7 -q --header='Metadata:true' -O - http://169.254.169.254/metadata/instance?api-version=2019-03-11\n" +
    'else\n' +
    '\tcurl --version > /dev/null\n' +
    '\tif [ $? -eq 0 ]\n' +
    '\tthen\n' +
    "\t\tcurl --connect-timeout 7 -s --header='Metadata:true' http://169.254.169.254/metadata/instance?api-version=2019-03-11\n" +
    '\tfi\n' +
    'fi\n' +
    'exit 0'
]
[IPC Library: Pty Host]  WARN Shell integration cannot be enabled for executable "/bin/sh" and args [
  '-c',
  'wget --version > /dev/null\n' +
    'if [ $? -eq 0 ]\n' +
    'then\n' +
    '\twget --connect-timeout=7 --tries=1 --dns-timeout=7 -q  -O - http://169.254.169.254/latest/meta-data/instance-id\n' +
    'else\n' +
    '\tcurl --version > /dev/null\n' +
    '\tif [ $? -eq 0 ]\n' +
    '\tthen\n' +
    '\t\tcurl --connect-timeout 7 -s  http://169.254.169.254/latest/meta-data/instance-id\n' +
    '\tfi\n' +
    'fi\n' +
    'exit 0'
]
[IPC Library: Pty Host]  WARN Shell integration cannot be enabled for executable "/bin/sh" and args [
  '-c',
  'wget --version > /dev/null\n' +
    'if [ $? -eq 0 ]\n' +
    'then\n' +
    '\twget --connect-timeout=7 --tries=1 --dns-timeout=7 -q  -O - http://169.254.169.254/metadata/v1/id\n' +
    'else\n' +
    '\tcurl --version > /dev/null\n' +
    '\tif [ $? -eq 0 ]\n' +
    '\tthen\n' +
    '\t\tcurl --connect-timeout 7 -s  http://169.254.169.254/metadata/v1/id\n' +
    '\tfi\n' +
    'fi\n' +
    'exit 0'
]
[IPC Library: Pty Host]  WARN Shell integration cannot be enabled for executable "/bin/sh" and args [
  '-c',
  'wget --version > /dev/null\n' +
    'if [ $? -eq 0 ]\n' +
    'then\n' +
    "\twget --connect-timeout=7 --tries=1 --dns-timeout=7 -q --header='Metadata-Flavor:Google' -O - http://metadata.google.internal/computeMetadata/v1/instance/id\n" +
    'else\n' +
    '\tcurl --version > /dev/null\n' +
    '\tif [ $? -eq 0 ]\n' +
    '\tthen\n' +
    "\t\tcurl --connect-timeout 7 -s --header='Metadata-Flavor:Google' http://metadata.google.internal/computeMetadata/v1/instance/id\n" +
    '\tfi\n' +
    'fi\n' +
    'exit 0'
]
[23:23:45] [127.0.0.1][8a45acd6][ManagementConnection] The client has disconnected gracefully, so the connection will be disposed.
[23:23:45] [127.0.0.1][39c9eaec][ExtensionHostConnection] <2549> Extension Host Process exited with code: 0, signal: null.
Cancelling previous shutdown timeout
[23:23:45] Cancelling previous shutdown timeout
Last EH closed, waiting before shutting down
[23:23:45] Last EH closed, waiting before shutting down
Got delay-shutdown request while in shutdown timeout, delaying
[23:23:47] Got delay-shutdown request while in shutdown timeout, delaying
Cancelling previous shutdown timeout
[23:23:47] Cancelling previous shutdown timeout
[23:23:48] [127.0.0.1][31c85dc9][ManagementConnection] New connection established.
[23:23:48] [127.0.0.1][ca1f5d58][ExtensionHostConnection] New connection established.
[23:23:48] [127.0.0.1][ca1f5d58][ExtensionHostConnection] <2697> Launched Extension Host Process.
[IPC Library: Pty Host]  WARN Shell integration cannot be enabled for executable "/bin/sh" and args [
  '-c',
  'wget --version > /dev/null\n' +
    'if [ $? -eq 0 ]\n' +
    'then\n' +
    "\twget --connect-timeout=7 --tries=1 --dns-timeout=7 -q --header='Metadata:true' -O - http://169.254.169.254/metadata/instance?api-version=2019-03-11\n" +
    'else\n' +
    '\tcurl --version > /dev/null\n' +
    '\tif [ $? -eq 0 ]\n' +
    '\tthen\n' +
    "\t\tcurl --connect-timeout 7 -s --header='Metadata:true' http://169.254.169.254/metadata/instance?api-version=2019-03-11\n" +
    '\tfi\n' +
    'fi\n' +
    'exit 0'
]
[IPC Library: Pty Host]  WARN Shell integration cannot be enabled for executable "/bin/sh" and args [
  '-c',
  'wget --version > /dev/null\n' +
    'if [ $? -eq 0 ]\n' +
    'then\n' +
    '\twget --connect-timeout=7 --tries=1 --dns-timeout=7 -q  -O - http://169.254.169.254/latest/meta-data/instance-id\n' +
    'else\n' +
    '\tcurl --version > /dev/null\n' +
    '\tif [ $? -eq 0 ]\n' +
    '\tthen\n' +
    '\t\tcurl --connect-timeout 7 -s  http://169.254.169.254/latest/meta-data/instance-id\n' +
    '\tfi\n' +
    'fi\n' +
    'exit 0'
]
[IPC Library: Pty Host]  WARN Shell integration cannot be enabled for executable "/bin/sh" and args [
  '-c',
  'wget --version > /dev/null\n' +
    'if [ $? -eq 0 ]\n' +
    'then\n' +
    '\twget --connect-timeout=7 --tries=1 --dns-timeout=7 -q  -O - http://169.254.169.254/metadata/v1/id\n' +
    'else\n' +
    '\tcurl --version > /dev/null\n' +
    '\tif [ $? -eq 0 ]\n' +
    '\tthen\n' +
    '\t\tcurl --connect-timeout 7 -s  http://169.254.169.254/metadata/v1/id\n' +
    '\tfi\n' +
    'fi\n' +
    'exit 0'
]
[IPC Library: Pty Host]  WARN Shell integration cannot be enabled for executable "/bin/sh" and args [
  '-c',
  'wget --version > /dev/null\n' +
    'if [ $? -eq 0 ]\n' +
    'then\n' +
    "\twget --connect-timeout=7 --tries=1 --dns-timeout=7 -q --header='Metadata-Flavor:Google' -O - http://metadata.google.internal/computeMetadata/v1/instance/id\n" +
    'else\n' +
    '\tcurl --version > /dev/null\n' +
    '\tif [ $? -eq 0 ]\n' +
    '\tthen\n' +
    "\t\tcurl --connect-timeout 7 -s --header='Metadata-Flavor:Google' http://metadata.google.internal/computeMetadata/v1/instance/id\n" +
    '\tfi\n' +
    'fi\n' +
    'exit 0'
]
New EH opened, aborting shutdown
[23:28:47] New EH opened, aborting shutdown
[02:44:36] [127.0.0.1][31c85dc9][ManagementConnection] The client has reconnected.
[02:44:37] [127.0.0.1][ca1f5d58][ExtensionHostConnection] The client has reconnected.
rejected promise not handled within 1 second: CodeExpectedError: Could not find pty on pty host
stack trace: CodeExpectedError: Could not find pty on pty host
    at h.J (/home/thomasxucpa/.vscode-server/bin/97dec172d3256f8ca4bfb2143f3f76b503ca0534/out/vs/platform/terminal/node/ptyHostMain.js:27:6395)
    at h.updateIcon (/home/thomasxucpa/.vscode-server/bin/97dec172d3256f8ca4bfb2143f3f76b503ca0534/out/vs/platform/terminal/node/ptyHostMain.js:27:2715)
    at Object.call (/home/thomasxucpa/.vscode-server/bin/97dec172d3256f8ca4bfb2143f3f76b503ca0534/out/vs/platform/terminal/node/ptyHostMain.js:17:5110)
    at r.q (/home/thomasxucpa/.vscode-server/bin/97dec172d3256f8ca4bfb2143f3f76b503ca0534/out/vs/platform/terminal/node/ptyHostMain.js:15:5390)
    at r.p (/home/thomasxucpa/.vscode-server/bin/97dec172d3256f8ca4bfb2143f3f76b503ca0534/out/vs/platform/terminal/node/ptyHostMain.js:15:4881)
    at /home/thomasxucpa/.vscode-server/bin/97dec172d3256f8ca4bfb2143f3f76b503ca0534/out/vs/platform/terminal/node/ptyHostMain.js:15:4286
    at n.invoke (/home/thomasxucpa/.vscode-server/bin/97dec172d3256f8ca4bfb2143f3f76b503ca0534/out/vs/platform/terminal/node/ptyHostMain.js:11:145)
    at C.deliver (/home/thomasxucpa/.vscode-server/bin/97dec172d3256f8ca4bfb2143f3f76b503ca0534/out/vs/platform/terminal/node/ptyHostMain.js:11:2038)
    at v.fire (/home/thomasxucpa/.vscode-server/bin/97dec172d3256f8ca4bfb2143f3f76b503ca0534/out/vs/platform/terminal/node/ptyHostMain.js:11:1676)
    at process.O (/home/thomasxucpa/.vscode-server/bin/97dec172d3256f8ca4bfb2143f3f76b503ca0534/out/vs/platform/terminal/node/ptyHostMain.js:9:20886)
    at process.emit (node:events:526:28)
    at emit (node:internal/child_process:938:14)
    at processTicksAndRejections (node:internal/process/task_queues:84:21)
[02:44:37] Error [CodeExpectedError]: Could not find pty on pty host
    at h.J (/home/thomasxucpa/.vscode-server/bin/97dec172d3256f8ca4bfb2143f3f76b503ca0534/out/vs/platform/terminal/node/ptyHostMain.js:27:6395)
    at h.updateIcon (/home/thomasxucpa/.vscode-server/bin/97dec172d3256f8ca4bfb2143f3f76b503ca0534/out/vs/platform/terminal/node/ptyHostMain.js:27:2715)
    at Object.call (/home/thomasxucpa/.vscode-server/bin/97dec172d3256f8ca4bfb2143f3f76b503ca0534/out/vs/platform/terminal/node/ptyHostMain.js:17:5110)
    at r.q (/home/thomasxucpa/.vscode-server/bin/97dec172d3256f8ca4bfb2143f3f76b503ca0534/out/vs/platform/terminal/node/ptyHostMain.js:15:5390)
    at r.p (/home/thomasxucpa/.vscode-server/bin/97dec172d3256f8ca4bfb2143f3f76b503ca0534/out/vs/platform/terminal/node/ptyHostMain.js:15:4881)
    at /home/thomasxucpa/.vscode-server/bin/97dec172d3256f8ca4bfb2143f3f76b503ca0534/out/vs/platform/terminal/node/ptyHostMain.js:15:4286
    at n.invoke (/home/thomasxucpa/.vscode-server/bin/97dec172d3256f8ca4bfb2143f3f76b503ca0534/out/vs/platform/terminal/node/ptyHostMain.js:11:145)
    at C.deliver (/home/thomasxucpa/.vscode-server/bin/97dec172d3256f8ca4bfb2143f3f76b503ca0534/out/vs/platform/terminal/node/ptyHostMain.js:11:2038)
    at v.fire (/home/thomasxucpa/.vscode-server/bin/97dec172d3256f8ca4bfb2143f3f76b503ca0534/out/vs/platform/terminal/node/ptyHostMain.js:11:1676)
    at process.O (/home/thomasxucpa/.vscode-server/bin/97dec172d3256f8ca4bfb2143f3f76b503ca0534/out/vs/platform/terminal/node/ptyHostMain.js:9:20886)
    at process.emit (node:events:526:28)
    at emit (node:internal/child_process:938:14)
    at processTicksAndRejections (node:internal/process/task_queues:84:21)
rejected promise not handled within 1 second: CodeExpectedError: Could not find pty on pty host
stack trace: CodeExpectedError: Could not find pty on pty host
    at h.J (/home/thomasxucpa/.vscode-server/bin/97dec172d3256f8ca4bfb2143f3f76b503ca0534/out/vs/platform/terminal/node/ptyHostMain.js:27:6395)
    at h.updateTitle (/home/thomasxucpa/.vscode-server/bin/97dec172d3256f8ca4bfb2143f3f76b503ca0534/out/vs/platform/terminal/node/ptyHostMain.js:27:2665)
    at Object.call (/home/thomasxucpa/.vscode-server/bin/97dec172d3256f8ca4bfb2143f3f76b503ca0534/out/vs/platform/terminal/node/ptyHostMain.js:17:5110)
    at r.q (/home/thomasxucpa/.vscode-server/bin/97dec172d3256f8ca4bfb2143f3f76b503ca0534/out/vs/platform/terminal/node/ptyHostMain.js:15:5390)
    at r.p (/home/thomasxucpa/.vscode-server/bin/97dec172d3256f8ca4bfb2143f3f76b503ca0534/out/vs/platform/terminal/node/ptyHostMain.js:15:4881)
    at /home/thomasxucpa/.vscode-server/bin/97dec172d3256f8ca4bfb2143f3f76b503ca0534/out/vs/platform/terminal/node/ptyHostMain.js:15:4286
    at n.invoke (/home/thomasxucpa/.vscode-server/bin/97dec172d3256f8ca4bfb2143f3f76b503ca0534/out/vs/platform/terminal/node/ptyHostMain.js:11:145)
    at C.deliver (/home/thomasxucpa/.vscode-server/bin/97dec172d3256f8ca4bfb2143f3f76b503ca0534/out/vs/platform/terminal/node/ptyHostMain.js:11:2038)
    at v.fire (/home/thomasxucpa/.vscode-server/bin/97dec172d3256f8ca4bfb2143f3f76b503ca0534/out/vs/platform/terminal/node/ptyHostMain.js:11:1676)
    at process.O (/home/thomasxucpa/.vscode-server/bin/97dec172d3256f8ca4bfb2143f3f76b503ca0534/out/vs/platform/terminal/node/ptyHostMain.js:9:20886)
    at process.emit (node:events:526:28)
    at emit (node:internal/child_process:938:14)
    at processTicksAndRejections (node:internal/process/task_queues:84:21)
[02:44:37] Error [CodeExpectedError]: Could not find pty on pty host
    at h.J (/home/thomasxucpa/.vscode-server/bin/97dec172d3256f8ca4bfb2143f3f76b503ca0534/out/vs/platform/terminal/node/ptyHostMain.js:27:6395)
    at h.updateTitle (/home/thomasxucpa/.vscode-server/bin/97dec172d3256f8ca4bfb2143f3f76b503ca0534/out/vs/platform/terminal/node/ptyHostMain.js:27:2665)
    at Object.call (/home/thomasxucpa/.vscode-server/bin/97dec172d3256f8ca4bfb2143f3f76b503ca0534/out/vs/platform/terminal/node/ptyHostMain.js:17:5110)
    at r.q (/home/thomasxucpa/.vscode-server/bin/97dec172d3256f8ca4bfb2143f3f76b503ca0534/out/vs/platform/terminal/node/ptyHostMain.js:15:5390)
    at r.p (/home/thomasxucpa/.vscode-server/bin/97dec172d3256f8ca4bfb2143f3f76b503ca0534/out/vs/platform/terminal/node/ptyHostMain.js:15:4881)
    at /home/thomasxucpa/.vscode-server/bin/97dec172d3256f8ca4bfb2143f3f76b503ca0534/out/vs/platform/terminal/node/ptyHostMain.js:15:4286
    at n.invoke (/home/thomasxucpa/.vscode-server/bin/97dec172d3256f8ca4bfb2143f3f76b503ca0534/out/vs/platform/terminal/node/ptyHostMain.js:11:145)
    at C.deliver (/home/thomasxucpa/.vscode-server/bin/97dec172d3256f8ca4bfb2143f3f76b503ca0534/out/vs/platform/terminal/node/ptyHostMain.js:11:2038)
    at v.fire (/home/thomasxucpa/.vscode-server/bin/97dec172d3256f8ca4bfb2143f3f76b503ca0534/out/vs/platform/terminal/node/ptyHostMain.js:11:1676)
    at process.O (/home/thomasxucpa/.vscode-server/bin/97dec172d3256f8ca4bfb2143f3f76b503ca0534/out/vs/platform/terminal/node/ptyHostMain.js:9:20886)
    at process.emit (node:events:526:28)
    at emit (node:internal/child_process:938:14)
    at processTicksAndRejections (node:internal/process/task_queues:84:21)
rejected promise not handled within 1 second: CodeExpectedError: Could not find pty on pty host
stack trace: CodeExpectedError: Could not find pty on pty host
    at h.J (/home/thomasxucpa/.vscode-server/bin/97dec172d3256f8ca4bfb2143f3f76b503ca0534/out/vs/platform/terminal/node/ptyHostMain.js:27:6395)
    at h.updateIcon (/home/thomasxucpa/.vscode-server/bin/97dec172d3256f8ca4bfb2143f3f76b503ca0534/out/vs/platform/terminal/node/ptyHostMain.js:27:2715)
    at Object.call (/home/thomasxucpa/.vscode-server/bin/97dec172d3256f8ca4bfb2143f3f76b503ca0534/out/vs/platform/terminal/node/ptyHostMain.js:17:5110)
    at r.q (/home/thomasxucpa/.vscode-server/bin/97dec172d3256f8ca4bfb2143f3f76b503ca0534/out/vs/platform/terminal/node/ptyHostMain.js:15:5390)
    at r.p (/home/thomasxucpa/.vscode-server/bin/97dec172d3256f8ca4bfb2143f3f76b503ca0534/out/vs/platform/terminal/node/ptyHostMain.js:15:4881)
    at /home/thomasxucpa/.vscode-server/bin/97dec172d3256f8ca4bfb2143f3f76b503ca0534/out/vs/platform/terminal/node/ptyHostMain.js:15:4286
    at n.invoke (/home/thomasxucpa/.vscode-server/bin/97dec172d3256f8ca4bfb2143f3f76b503ca0534/out/vs/platform/terminal/node/ptyHostMain.js:11:145)
    at C.deliver (/home/thomasxucpa/.vscode-server/bin/97dec172d3256f8ca4bfb2143f3f76b503ca0534/out/vs/platform/terminal/node/ptyHostMain.js:11:2038)
    at v.fire (/home/thomasxucpa/.vscode-server/bin/97dec172d3256f8ca4bfb2143f3f76b503ca0534/out/vs/platform/terminal/node/ptyHostMain.js:11:1676)
    at process.O (/home/thomasxucpa/.vscode-server/bin/97dec172d3256f8ca4bfb2143f3f76b503ca0534/out/vs/platform/terminal/node/ptyHostMain.js:9:20886)
    at process.emit (node:events:526:28)
    at emit (node:internal/child_process:938:14)
    at processTicksAndRejections (node:internal/process/task_queues:84:21)
[02:44:37] Error [CodeExpectedError]: Could not find pty on pty host
    at h.J (/home/thomasxucpa/.vscode-server/bin/97dec172d3256f8ca4bfb2143f3f76b503ca0534/out/vs/platform/terminal/node/ptyHostMain.js:27:6395)
    at h.updateIcon (/home/thomasxucpa/.vscode-server/bin/97dec172d3256f8ca4bfb2143f3f76b503ca0534/out/vs/platform/terminal/node/ptyHostMain.js:27:2715)
    at Object.call (/home/thomasxucpa/.vscode-server/bin/97dec172d3256f8ca4bfb2143f3f76b503ca0534/out/vs/platform/terminal/node/ptyHostMain.js:17:5110)
    at r.q (/home/thomasxucpa/.vscode-server/bin/97dec172d3256f8ca4bfb2143f3f76b503ca0534/out/vs/platform/terminal/node/ptyHostMain.js:15:5390)
    at r.p (/home/thomasxucpa/.vscode-server/bin/97dec172d3256f8ca4bfb2143f3f76b503ca0534/out/vs/platform/terminal/node/ptyHostMain.js:15:4881)
    at /home/thomasxucpa/.vscode-server/bin/97dec172d3256f8ca4bfb2143f3f76b503ca0534/out/vs/platform/terminal/node/ptyHostMain.js:15:4286
    at n.invoke (/home/thomasxucpa/.vscode-server/bin/97dec172d3256f8ca4bfb2143f3f76b503ca0534/out/vs/platform/terminal/node/ptyHostMain.js:11:145)
    at C.deliver (/home/thomasxucpa/.vscode-server/bin/97dec172d3256f8ca4bfb2143f3f76b503ca0534/out/vs/platform/terminal/node/ptyHostMain.js:11:2038)
    at v.fire (/home/thomasxucpa/.vscode-server/bin/97dec172d3256f8ca4bfb2143f3f76b503ca0534/out/vs/platform/terminal/node/ptyHostMain.js:11:1676)
    at process.O (/home/thomasxucpa/.vscode-server/bin/97dec172d3256f8ca4bfb2143f3f76b503ca0534/out/vs/platform/terminal/node/ptyHostMain.js:9:20886)
    at process.emit (node:events:526:28)
    at emit (node:internal/child_process:938:14)
    at processTicksAndRejections (node:internal/process/task_queues:84:21)
rejected promise not handled within 1 second: CodeExpectedError: Could not find pty on pty host
stack trace: CodeExpectedError: Could not find pty on pty host
    at h.J (/home/thomasxucpa/.vscode-server/bin/97dec172d3256f8ca4bfb2143f3f76b503ca0534/out/vs/platform/terminal/node/ptyHostMain.js:27:6395)
    at h.updateTitle (/home/thomasxucpa/.vscode-server/bin/97dec172d3256f8ca4bfb2143f3f76b503ca0534/out/vs/platform/terminal/node/ptyHostMain.js:27:2665)
    at Object.call (/home/thomasxucpa/.vscode-server/bin/97dec172d3256f8ca4bfb2143f3f76b503ca0534/out/vs/platform/terminal/node/ptyHostMain.js:17:5110)
    at r.q (/home/thomasxucpa/.vscode-server/bin/97dec172d3256f8ca4bfb2143f3f76b503ca0534/out/vs/platform/terminal/node/ptyHostMain.js:15:5390)
    at r.p (/home/thomasxucpa/.vscode-server/bin/97dec172d3256f8ca4bfb2143f3f76b503ca0534/out/vs/platform/terminal/node/ptyHostMain.js:15:4881)
    at /home/thomasxucpa/.vscode-server/bin/97dec172d3256f8ca4bfb2143f3f76b503ca0534/out/vs/platform/terminal/node/ptyHostMain.js:15:4286
    at n.invoke (/home/thomasxucpa/.vscode-server/bin/97dec172d3256f8ca4bfb2143f3f76b503ca0534/out/vs/platform/terminal/node/ptyHostMain.js:11:145)
    at C.deliver (/home/thomasxucpa/.vscode-server/bin/97dec172d3256f8ca4bfb2143f3f76b503ca0534/out/vs/platform/terminal/node/ptyHostMain.js:11:2038)
    at v.fire (/home/thomasxucpa/.vscode-server/bin/97dec172d3256f8ca4bfb2143f3f76b503ca0534/out/vs/platform/terminal/node/ptyHostMain.js:11:1676)
    at process.O (/home/thomasxucpa/.vscode-server/bin/97dec172d3256f8ca4bfb2143f3f76b503ca0534/out/vs/platform/terminal/node/ptyHostMain.js:9:20886)
    at process.emit (node:events:526:28)
    at emit (node:internal/child_process:938:14)
    at processTicksAndRejections (node:internal/process/task_queues:84:21)
[02:44:37] Error [CodeExpectedError]: Could not find pty on pty host
    at h.J (/home/thomasxucpa/.vscode-server/bin/97dec172d3256f8ca4bfb2143f3f76b503ca0534/out/vs/platform/terminal/node/ptyHostMain.js:27:6395)
    at h.updateTitle (/home/thomasxucpa/.vscode-server/bin/97dec172d3256f8ca4bfb2143f3f76b503ca0534/out/vs/platform/terminal/node/ptyHostMain.js:27:2665)
    at Object.call (/home/thomasxucpa/.vscode-server/bin/97dec172d3256f8ca4bfb2143f3f76b503ca0534/out/vs/platform/terminal/node/ptyHostMain.js:17:5110)
    at r.q (/home/thomasxucpa/.vscode-server/bin/97dec172d3256f8ca4bfb2143f3f76b503ca0534/out/vs/platform/terminal/node/ptyHostMain.js:15:5390)
    at r.p (/home/thomasxucpa/.vscode-server/bin/97dec172d3256f8ca4bfb2143f3f76b503ca0534/out/vs/platform/terminal/node/ptyHostMain.js:15:4881)
    at /home/thomasxucpa/.vscode-server/bin/97dec172d3256f8ca4bfb2143f3f76b503ca0534/out/vs/platform/terminal/node/ptyHostMain.js:15:4286
    at n.invoke (/home/thomasxucpa/.vscode-server/bin/97dec172d3256f8ca4bfb2143f3f76b503ca0534/out/vs/platform/terminal/node/ptyHostMain.js:11:145)
    at C.deliver (/home/thomasxucpa/.vscode-server/bin/97dec172d3256f8ca4bfb2143f3f76b503ca0534/out/vs/platform/terminal/node/ptyHostMain.js:11:2038)
    at v.fire (/home/thomasxucpa/.vscode-server/bin/97dec172d3256f8ca4bfb2143f3f76b503ca0534/out/vs/platform/terminal/node/ptyHostMain.js:11:1676)
    at process.O (/home/thomasxucpa/.vscode-server/bin/97dec172d3256f8ca4bfb2143f3f76b503ca0534/out/vs/platform/terminal/node/ptyHostMain.js:9:20886)
    at process.emit (node:events:526:28)
    at emit (node:internal/child_process:938:14)
    at processTicksAndRejections (node:internal/process/task_queues:84:21)
rejected promise not handled within 1 second: CodeExpectedError: Could not find pty on pty host
stack trace: CodeExpectedError: Could not find pty on pty host
    at h.J (/home/thomasxucpa/.vscode-server/bin/97dec172d3256f8ca4bfb2143f3f76b503ca0534/out/vs/platform/terminal/node/ptyHostMain.js:27:6395)
    at h.updateTitle (/home/thomasxucpa/.vscode-server/bin/97dec172d3256f8ca4bfb2143f3f76b503ca0534/out/vs/platform/terminal/node/ptyHostMain.js:27:2665)
    at Object.call (/home/thomasxucpa/.vscode-server/bin/97dec172d3256f8ca4bfb2143f3f76b503ca0534/out/vs/platform/terminal/node/ptyHostMain.js:17:5110)
    at r.q (/home/thomasxucpa/.vscode-server/bin/97dec172d3256f8ca4bfb2143f3f76b503ca0534/out/vs/platform/terminal/node/ptyHostMain.js:15:5390)
    at r.p (/home/thomasxucpa/.vscode-server/bin/97dec172d3256f8ca4bfb2143f3f76b503ca0534/out/vs/platform/terminal/node/ptyHostMain.js:15:4881)
    at /home/thomasxucpa/.vscode-server/bin/97dec172d3256f8ca4bfb2143f3f76b503ca0534/out/vs/platform/terminal/node/ptyHostMain.js:15:4286
    at n.invoke (/home/thomasxucpa/.vscode-server/bin/97dec172d3256f8ca4bfb2143f3f76b503ca0534/out/vs/platform/terminal/node/ptyHostMain.js:11:145)
    at C.deliver (/home/thomasxucpa/.vscode-server/bin/97dec172d3256f8ca4bfb2143f3f76b503ca0534/out/vs/platform/terminal/node/ptyHostMain.js:11:2038)
    at v.fire (/home/thomasxucpa/.vscode-server/bin/97dec172d3256f8ca4bfb2143f3f76b503ca0534/out/vs/platform/terminal/node/ptyHostMain.js:11:1676)
    at process.O (/home/thomasxucpa/.vscode-server/bin/97dec172d3256f8ca4bfb2143f3f76b503ca0534/out/vs/platform/terminal/node/ptyHostMain.js:9:20886)
    at process.emit (node:events:526:28)
    at emit (node:internal/child_process:938:14)
    at processTicksAndRejections (node:internal/process/task_queues:84:21)
[02:44:37] Error [CodeExpectedError]: Could not find pty on pty host
    at h.J (/home/thomasxucpa/.vscode-server/bin/97dec172d3256f8ca4bfb2143f3f76b503ca0534/out/vs/platform/terminal/node/ptyHostMain.js:27:6395)
    at h.updateTitle (/home/thomasxucpa/.vscode-server/bin/97dec172d3256f8ca4bfb2143f3f76b503ca0534/out/vs/platform/terminal/node/ptyHostMain.js:27:2665)
    at Object.call (/home/thomasxucpa/.vscode-server/bin/97dec172d3256f8ca4bfb2143f3f76b503ca0534/out/vs/platform/terminal/node/ptyHostMain.js:17:5110)
    at r.q (/home/thomasxucpa/.vscode-server/bin/97dec172d3256f8ca4bfb2143f3f76b503ca0534/out/vs/platform/terminal/node/ptyHostMain.js:15:5390)
    at r.p (/home/thomasxucpa/.vscode-server/bin/97dec172d3256f8ca4bfb2143f3f76b503ca0534/out/vs/platform/terminal/node/ptyHostMain.js:15:4881)
    at /home/thomasxucpa/.vscode-server/bin/97dec172d3256f8ca4bfb2143f3f76b503ca0534/out/vs/platform/terminal/node/ptyHostMain.js:15:4286
    at n.invoke (/home/thomasxucpa/.vscode-server/bin/97dec172d3256f8ca4bfb2143f3f76b503ca0534/out/vs/platform/terminal/node/ptyHostMain.js:11:145)
    at C.deliver (/home/thomasxucpa/.vscode-server/bin/97dec172d3256f8ca4bfb2143f3f76b503ca0534/out/vs/platform/terminal/node/ptyHostMain.js:11:2038)
    at v.fire (/home/thomasxucpa/.vscode-server/bin/97dec172d3256f8ca4bfb2143f3f76b503ca0534/out/vs/platform/terminal/node/ptyHostMain.js:11:1676)
    at process.O (/home/thomasxucpa/.vscode-server/bin/97dec172d3256f8ca4bfb2143f3f76b503ca0534/out/vs/platform/terminal/node/ptyHostMain.js:9:20886)
    at process.emit (node:events:526:28)
    at emit (node:internal/child_process:938:14)
    at processTicksAndRejections (node:internal/process/task_queues:84:21)
rejected promise not handled within 1 second: CodeExpectedError: Could not find pty on pty host
stack trace: CodeExpectedError: Could not find pty on pty host
    at h.J (/home/thomasxucpa/.vscode-server/bin/97dec172d3256f8ca4bfb2143f3f76b503ca0534/out/vs/platform/terminal/node/ptyHostMain.js:27:6395)
    at h.updateTitle (/home/thomasxucpa/.vscode-server/bin/97dec172d3256f8ca4bfb2143f3f76b503ca0534/out/vs/platform/terminal/node/ptyHostMain.js:27:2665)
    at Object.call (/home/thomasxucpa/.vscode-server/bin/97dec172d3256f8ca4bfb2143f3f76b503ca0534/out/vs/platform/terminal/node/ptyHostMain.js:17:5110)
    at r.q (/home/thomasxucpa/.vscode-server/bin/97dec172d3256f8ca4bfb2143f3f76b503ca0534/out/vs/platform/terminal/node/ptyHostMain.js:15:5390)
    at r.p (/home/thomasxucpa/.vscode-server/bin/97dec172d3256f8ca4bfb2143f3f76b503ca0534/out/vs/platform/terminal/node/ptyHostMain.js:15:4881)
    at /home/thomasxucpa/.vscode-server/bin/97dec172d3256f8ca4bfb2143f3f76b503ca0534/out/vs/platform/terminal/node/ptyHostMain.js:15:4286
    at n.invoke (/home/thomasxucpa/.vscode-server/bin/97dec172d3256f8ca4bfb2143f3f76b503ca0534/out/vs/platform/terminal/node/ptyHostMain.js:11:145)
    at C.deliver (/home/thomasxucpa/.vscode-server/bin/97dec172d3256f8ca4bfb2143f3f76b503ca0534/out/vs/platform/terminal/node/ptyHostMain.js:11:2038)
    at v.fire (/home/thomasxucpa/.vscode-server/bin/97dec172d3256f8ca4bfb2143f3f76b503ca0534/out/vs/platform/terminal/node/ptyHostMain.js:11:1676)
    at process.O (/home/thomasxucpa/.vscode-server/bin/97dec172d3256f8ca4bfb2143f3f76b503ca0534/out/vs/platform/terminal/node/ptyHostMain.js:9:20886)
    at process.emit (node:events:526:28)
    at emit (node:internal/child_process:938:14)
    at processTicksAndRejections (node:internal/process/task_queues:84:21)
[02:44:37] Error [CodeExpectedError]: Could not find pty on pty host
    at h.J (/home/thomasxucpa/.vscode-server/bin/97dec172d3256f8ca4bfb2143f3f76b503ca0534/out/vs/platform/terminal/node/ptyHostMain.js:27:6395)
    at h.updateTitle (/home/thomasxucpa/.vscode-server/bin/97dec172d3256f8ca4bfb2143f3f76b503ca0534/out/vs/platform/terminal/node/ptyHostMain.js:27:2665)
    at Object.call (/home/thomasxucpa/.vscode-server/bin/97dec172d3256f8ca4bfb2143f3f76b503ca0534/out/vs/platform/terminal/node/ptyHostMain.js:17:5110)
    at r.q (/home/thomasxucpa/.vscode-server/bin/97dec172d3256f8ca4bfb2143f3f76b503ca0534/out/vs/platform/terminal/node/ptyHostMain.js:15:5390)
    at r.p (/home/thomasxucpa/.vscode-server/bin/97dec172d3256f8ca4bfb2143f3f76b503ca0534/out/vs/platform/terminal/node/ptyHostMain.js:15:4881)
    at /home/thomasxucpa/.vscode-server/bin/97dec172d3256f8ca4bfb2143f3f76b503ca0534/out/vs/platform/terminal/node/ptyHostMain.js:15:4286
    at n.invoke (/home/thomasxucpa/.vscode-server/bin/97dec172d3256f8ca4bfb2143f3f76b503ca0534/out/vs/platform/terminal/node/ptyHostMain.js:11:145)
    at C.deliver (/home/thomasxucpa/.vscode-server/bin/97dec172d3256f8ca4bfb2143f3f76b503ca0534/out/vs/platform/terminal/node/ptyHostMain.js:11:2038)
    at v.fire (/home/thomasxucpa/.vscode-server/bin/97dec172d3256f8ca4bfb2143f3f76b503ca0534/out/vs/platform/terminal/node/ptyHostMain.js:11:1676)
    at process.O (/home/thomasxucpa/.vscode-server/bin/97dec172d3256f8ca4bfb2143f3f76b503ca0534/out/vs/platform/terminal/node/ptyHostMain.js:9:20886)
    at process.emit (node:events:526:28)
    at emit (node:internal/child_process:938:14)
    at processTicksAndRejections (node:internal/process/task_queues:84:21)
