[Info  - 5:10:04 AM] 2023/01/12 05:10:04 go env for /home/thomasxucpa
(root /home/thomasxucpa/go/src/around)
(go version go version go1.19.4 linux/amd64)
(valid build configuration = true)
(build flags: [])
GOFLAGS=
GOROOT=/usr/lib/go-1.19
GOPROXY=https://proxy.golang.org,direct
GONOSUMDB=
GOCACHE=/home/thomasxucpa/.cache/go-build
GONOPROXY=
GO111MODULE=
GOPATH=/home/thomasxucpa/go
GOSUMDB=sum.golang.org
GOPRIVATE=
GOWORK=
GOMOD=/dev/null
GOINSECURE=
GOMODCACHE=/home/thomasxucpa/go/pkg/mod


[Info  - 5:10:04 AM] 2023/01/12 05:10:04 go/packages.Load #1
	snapshot=0
	directory=file:///home/thomasxucpa
	query=[around/... builtin]
	packages=6

[Info  - 5:10:04 AM] 2023/01/12 05:10:04 go/packages.Load #1: updating metadata for 145 packages

[Error - 5:10:06 AM] 2023/01/12 05:10:06 tidy: diagnosing file:///home/thomasxucpa/go/src/around/go.mod: err: exit status 1: stderr: go: downloading github.com/fortytw2/leaktest v1.3.0
go: downloading github.com/google/go-cmp v0.5.7
around/backend imports
	github.com/olivere/elastic/v7 tested by
	github.com/olivere/elastic/v7.test imports
	github.com/fortytw2/leaktest: module lookup disabled by GOPROXY=off
around/backend imports
	github.com/olivere/elastic/v7 tested by
	github.com/olivere/elastic/v7.test imports
	github.com/google/go-cmp/cmp: module lookup disabled by GOPROXY=off


[Error - 5:10:06 AM] 2023/01/12 05:10:06 tidy: diagnosing file:///home/thomasxucpa/go/src/around/go.mod: err: exit status 1: stderr: go: downloading github.com/fortytw2/leaktest v1.3.0
go: downloading github.com/google/go-cmp v0.5.7
around/backend imports
	github.com/olivere/elastic/v7 tested by
	github.com/olivere/elastic/v7.test imports
	github.com/fortytw2/leaktest: module lookup disabled by GOPROXY=off
around/backend imports
	github.com/olivere/elastic/v7 tested by
	github.com/olivere/elastic/v7.test imports
	github.com/google/go-cmp/cmp: module lookup disabled by GOPROXY=off


[Info  - 5:10:34 AM] 2023/01/12 05:10:34 background imports cache refresh starting

[Info  - 5:10:34 AM] 2023/01/12 05:10:34 background refresh finished after 76.510335ms

[Info  - 5:11:20 AM] 2023/01/12 05:11:20 Shutdown session
	shutdown_session=1

