2023-01-16 00:18:51.238 [info] Log level: Info
2023-01-16 00:18:51.238 [info] Validating found git in: "git"
2023-01-16 00:18:51.238 [info] Using git "2.17.1" from "git"
2023-01-16 00:18:51.238 [info] > git rev-parse --show-toplevel [10ms]
2023-01-16 00:18:51.238 [info] > git rev-parse --git-dir --git-common-dir [2ms]
2023-01-16 00:18:51.238 [info] Open repository: /home/thomasxucpa
2023-01-16 00:18:51.238 [info] > git rev-parse --show-toplevel [20ms]
2023-01-16 00:18:51.238 [info] > git config --get commit.template [10ms]
2023-01-16 00:18:51.238 [info] > git rev-parse --git-dir --git-common-dir [13ms]
2023-01-16 00:18:51.238 [info] fatal: not a git repository (or any of the parent directories): .git
2023-01-16 00:18:51.238 [info] > git rev-parse --show-toplevel [16ms]
2023-01-16 00:18:51.239 [info] > git for-each-ref --format=%(refname)%00%(upstream:short)%00%(objectname)%00%(upstream:track)%00%(upstream:remotename)%00%(upstream:remoteref) refs/heads/master refs/remotes/master [26ms]
2023-01-16 00:18:51.239 [info] > git rev-parse --show-toplevel [36ms]
2023-01-16 00:18:51.239 [info] > git for-each-ref --sort -committerdate --format %(refname) %(objectname) %(*objectname) [19ms]
2023-01-16 00:18:51.240 [info] > git rev-parse --show-toplevel [7ms]
2023-01-16 00:18:51.240 [info] > git rev-parse --show-toplevel [29ms]
2023-01-16 00:18:51.240 [info] > git rev-parse --show-toplevel [162ms]
2023-01-16 00:18:51.241 [info] > git status -z -uall [353ms]
2023-01-16 00:18:51.241 [info] > git for-each-ref --format=%(refname)%00%(upstream:short)%00%(objectname)%00%(upstream:track)%00%(upstream:remotename)%00%(upstream:remoteref) refs/heads/master refs/remotes/master [2ms]
2023-01-16 00:18:51.241 [info] > git config --get commit.template [9ms]
2023-01-16 00:18:51.241 [info] > git for-each-ref --sort -committerdate --format %(refname) %(objectname) %(*objectname) [87ms]
2023-01-16 00:18:51.241 [info] > git check-ignore -v -z --stdin [216ms]
2023-01-16 00:18:51.285 [info] > git show --textconv :.git/COMMIT_EDITMSG [68ms]
2023-01-16 00:18:51.285 [info] > git ls-files --stage -- /home/thomasxucpa/.git/COMMIT_EDITMSG [49ms]
2023-01-16 00:18:51.293 [info] > git status -z -uall [497ms]
2023-01-16 00:18:51.734 [info] > git config --local branch.master.github-pr-owner-number [3ms]
2023-01-16 00:18:53.220 [info] > git check-ignore -v -z --stdin [28ms]
2023-01-16 00:18:54.224 [info] > git config --get commit.template [2ms]
2023-01-16 00:18:54.235 [info] > git for-each-ref --format=%(refname)%00%(upstream:short)%00%(objectname)%00%(upstream:track)%00%(upstream:remotename)%00%(upstream:remoteref) refs/heads/master refs/remotes/master [3ms]
2023-01-16 00:18:54.323 [info] > git for-each-ref --sort -committerdate --format %(refname) %(objectname) %(*objectname) [5ms]
2023-01-16 00:18:54.490 [info] > git status -z -uall [242ms]
2023-01-16 00:18:55.213 [info] > git check-ignore -v -z --stdin [13ms]
2023-01-16 00:18:59.010 [info] > git ls-files --stage -- /home/thomasxucpa/.git/COMMIT_EDITMSG [11ms]
2023-01-16 00:18:59.063 [info] > git show --textconv :.git/COMMIT_EDITMSG [11ms]
2023-01-16 00:19:12.655 [info] > git check-ignore -v -z --stdin [11ms]
2023-01-16 00:19:13.779 [info] > git check-ignore -v -z --stdin [11ms]
2023-01-16 00:19:20.320 [info] > git show --textconv :go/src/around/handler/post.go [91ms]
2023-01-16 00:19:20.361 [info] > git ls-files --stage -- /home/thomasxucpa/go/src/around/handler/post.go [125ms]
2023-01-16 00:19:20.387 [info] > git cat-file -s d0fefc0a7fab563937608689e9cafb7a158e3c4d [12ms]
2023-01-16 00:19:21.301 [info] > git show --textconv :go/src/around/handler/user.go [44ms]
2023-01-16 00:19:21.316 [info] > git ls-files --stage -- /home/thomasxucpa/go/src/around/handler/user.go [51ms]
2023-01-16 00:19:21.327 [info] > git cat-file -s 96793d936c2b72d3026999d251f0df591679b921 [0ms]
2023-01-16 00:21:03.960 [info] > git config --get commit.template [11ms]
2023-01-16 00:21:03.971 [info] > git for-each-ref --format=%(refname)%00%(upstream:short)%00%(objectname)%00%(upstream:track)%00%(upstream:remotename)%00%(upstream:remoteref) refs/heads/master refs/remotes/master [13ms]
2023-01-16 00:21:04.003 [info] > git for-each-ref --sort -committerdate --format %(refname) %(objectname) %(*objectname) [8ms]
2023-01-16 00:21:05.915 [info] > git status -z -uall [1931ms]
